2023-11-16 15:36:36,174 INFO Iteration 1/20: Testing epsilon=0.5895360939687011, min_points=31
2023-11-16 15:36:36,371 INFO Noise count: 19
2023-11-16 15:36:36,372 INFO Epsilon=0.5895360939687011, Min Points=31, SSE=0
2023-11-16 15:36:36,372 INFO New best performance: SSE=0, Epsilon=0.5895360939687011, Min Points=31, Noise count: 19
2023-11-16 15:36:36,373 INFO Iteration 2/20: Testing epsilon=0.4956065963922098, min_points=31
2023-11-16 15:36:36,537 INFO Noise count: 19
2023-11-16 15:36:36,537 INFO Epsilon=0.4956065963922098, Min Points=31, SSE=0
2023-11-16 15:36:36,538 INFO Iteration 3/20: Testing epsilon=0.5953729312988836, min_points=30
2023-11-16 15:36:36,708 INFO Noise count: 19
2023-11-16 15:36:36,710 INFO Epsilon=0.5953729312988836, Min Points=30, SSE=0
2023-11-16 15:36:36,710 INFO Iteration 4/20: Testing epsilon=0.5649037308946135, min_points=30
2023-11-16 15:36:36,932 INFO Noise count: 19
2023-11-16 15:36:36,934 INFO Epsilon=0.5649037308946135, Min Points=30, SSE=0
2023-11-16 15:36:36,934 INFO Iteration 5/20: Testing epsilon=0.5916970288584461, min_points=30
2023-11-16 15:36:37,100 INFO Noise count: 19
2023-11-16 15:36:37,101 INFO Epsilon=0.5916970288584461, Min Points=30, SSE=0
2023-11-16 15:36:37,101 INFO Iteration 6/20: Testing epsilon=0.5298814771038857, min_points=30
2023-11-16 15:36:37,294 INFO Noise count: 19
2023-11-16 15:36:37,295 INFO Epsilon=0.5298814771038857, Min Points=30, SSE=0
2023-11-16 15:36:37,295 INFO Iteration 7/20: Testing epsilon=0.4973863253367308, min_points=30
2023-11-16 15:36:37,571 INFO Noise count: 19
2023-11-16 15:36:37,572 INFO Epsilon=0.4973863253367308, Min Points=30, SSE=0
2023-11-16 15:36:37,572 INFO Iteration 8/20: Testing epsilon=0.5321969931547148, min_points=30
2023-11-16 15:36:37,768 INFO Noise count: 19
2023-11-16 15:36:37,771 INFO Epsilon=0.5321969931547148, Min Points=30, SSE=0
2023-11-16 15:36:37,771 INFO Iteration 9/20: Testing epsilon=0.5940846641384117, min_points=30
2023-11-16 15:36:37,948 INFO Noise count: 19
2023-11-16 15:36:37,951 INFO Epsilon=0.5940846641384117, Min Points=30, SSE=0
2023-11-16 15:36:37,951 INFO Iteration 10/20: Testing epsilon=0.5111204693981898, min_points=30
2023-11-16 15:36:38,126 INFO Noise count: 19
2023-11-16 15:36:38,127 INFO Epsilon=0.5111204693981898, Min Points=30, SSE=0
2023-11-16 15:36:38,127 INFO Iteration 11/20: Testing epsilon=0.5048859470637707, min_points=30
2023-11-16 15:36:38,299 INFO Noise count: 19
2023-11-16 15:36:38,300 INFO Epsilon=0.5048859470637707, Min Points=30, SSE=0
2023-11-16 15:36:38,300 INFO Iteration 12/20: Testing epsilon=0.519593657582844, min_points=30
2023-11-16 15:36:38,462 INFO Noise count: 19
2023-11-16 15:36:38,462 INFO Epsilon=0.519593657582844, Min Points=30, SSE=0
2023-11-16 15:36:38,463 INFO Iteration 13/20: Testing epsilon=0.5162008885812895, min_points=30
2023-11-16 15:36:38,656 INFO Noise count: 19
2023-11-16 15:36:38,657 INFO Epsilon=0.5162008885812895, Min Points=30, SSE=0
2023-11-16 15:36:38,657 INFO Iteration 14/20: Testing epsilon=0.5805166522982762, min_points=30
2023-11-16 15:36:38,830 INFO Noise count: 19
2023-11-16 15:36:38,832 INFO Epsilon=0.5805166522982762, Min Points=30, SSE=0
2023-11-16 15:36:38,832 INFO Iteration 15/20: Testing epsilon=0.5784028847544984, min_points=30
2023-11-16 15:36:38,985 INFO Noise count: 19
2023-11-16 15:36:38,986 INFO Epsilon=0.5784028847544984, Min Points=30, SSE=0
2023-11-16 15:36:38,987 INFO Iteration 16/20: Testing epsilon=0.566198974640498, min_points=30
2023-11-16 15:36:39,154 INFO Noise count: 19
2023-11-16 15:36:39,155 INFO Epsilon=0.566198974640498, Min Points=30, SSE=0
2023-11-16 15:36:39,155 INFO Iteration 17/20: Testing epsilon=0.536496124087834, min_points=30
2023-11-16 15:36:39,330 INFO Noise count: 19
2023-11-16 15:36:39,332 INFO Epsilon=0.536496124087834, Min Points=30, SSE=0
2023-11-16 15:36:39,333 INFO Iteration 18/20: Testing epsilon=0.5520608179561918, min_points=30
2023-11-16 15:36:39,499 INFO Noise count: 19
2023-11-16 15:36:39,500 INFO Epsilon=0.5520608179561918, Min Points=30, SSE=0
2023-11-16 15:36:39,501 INFO Iteration 19/20: Testing epsilon=0.5210533087177917, min_points=30
2023-11-16 15:36:39,642 INFO Noise count: 19
2023-11-16 15:36:39,643 INFO Epsilon=0.5210533087177917, Min Points=30, SSE=0
2023-11-16 15:36:39,643 INFO Iteration 20/20: Testing epsilon=0.5865072647120907, min_points=30
2023-11-16 15:36:39,857 INFO Noise count: 19
2023-11-16 15:36:39,858 INFO Epsilon=0.5865072647120907, Min Points=30, SSE=0
2023-11-16 15:36:39,858 INFO Best DBSCAN Parameters:
2023-11-16 15:36:39,858 INFO Epsilon=0.5895360939687011, Min Points=31
2023-11-16 15:36:39,858 INFO Best Performance: 0
2023-11-16 15:36:40,033 INFO Final Clusters and Noise Points:
2023-11-16 15:36:40,033 INFO Noise: 19 points
2023-11-16 15:36:40,036 INFO Noise Point: 0    1.000000
1    0.777778
2    0.000000
Name: 0, dtype: float64
2023-11-16 15:36:40,037 INFO Noise Point: 0    1.000000
1    0.722222
2    0.000000
Name: 1, dtype: float64
2023-11-16 15:36:40,038 INFO Noise Point: 0    1.000000
1    0.611111
2    0.000000
Name: 2, dtype: float64
2023-11-16 15:36:40,038 INFO Noise Point: 0    1.000000
1    0.555556
2    0.000000
Name: 3, dtype: float64
2023-11-16 15:36:40,039 INFO Noise Point: 0    1.0
1    0.5
2    0.0
Name: 4, dtype: float64
2023-11-16 15:36:40,041 INFO Noise Point: 0    1.000000
1    0.444444
2    0.000000
Name: 5, dtype: float64
2023-11-16 15:36:40,042 INFO Noise Point: 0    1.000000
1    0.444444
2    0.000000
Name: 6, dtype: float64
2023-11-16 15:36:40,043 INFO Noise Point: 0    1.000000
1    0.388889
2    0.000000
Name: 7, dtype: float64
2023-11-16 15:36:40,044 INFO Noise Point: 0    1.000000
1    0.388889
2    0.000000
Name: 8, dtype: float64
2023-11-16 15:36:40,044 INFO Noise Point: 0    1.000000
1    0.333333
2    0.000000
Name: 9, dtype: float64
2023-11-16 15:36:40,045 INFO Noise Point: 0    0.000000
1    1.000000
2    0.333333
Name: 10, dtype: float64
2023-11-16 15:36:40,045 INFO Noise Point: 0    0.0
1    0.0
2    0.0
Name: 11, dtype: float64
2023-11-16 15:36:40,046 INFO Noise Point: 0    0.000000
1    0.055556
2    0.333333
Name: 12, dtype: float64
2023-11-16 15:36:40,046 INFO Noise Point: 0    0.000000
1    0.055556
2    0.333333
Name: 13, dtype: float64
2023-11-16 15:36:40,048 INFO Noise Point: 0    0.000000
1    0.055556
2    0.000000
Name: 14, dtype: float64
2023-11-16 15:36:40,049 INFO Noise Point: 0    0.000000
1    0.166667
2    0.333333
Name: 15, dtype: float64
2023-11-16 15:36:40,050 INFO Noise Point: 0    0.000000
1    0.166667
2    0.000000
Name: 16, dtype: float64
2023-11-16 15:36:40,051 INFO Noise Point: 0    0.000000
1    0.222222
2    0.666667
Name: 17, dtype: float64
2023-11-16 15:36:40,052 INFO Noise Point: 0    0.000000
1    0.222222
2    1.000000
Name: 18, dtype: float64
2023-11-16 15:36:47,490 INFO Iteration 1/20: Testing epsilon=0.7534222883562313, min_points=8
2023-11-16 15:36:47,645 INFO Noise count: 2
2023-11-16 15:36:47,707 INFO Epsilon=0.7534222883562313, Min Points=8, SSE=0.9958994708994708
2023-11-16 15:36:47,708 INFO New best performance: SSE=0.9958994708994708, Epsilon=0.7534222883562313, Min Points=8, Noise count: 2
2023-11-16 15:36:47,708 INFO Iteration 2/20: Testing epsilon=0.6861704639083004, min_points=7
2023-11-16 15:36:47,843 INFO Noise count: 2
2023-11-16 15:36:47,851 INFO Epsilon=0.6861704639083004, Min Points=7, SSE=0.9958994708994708
2023-11-16 15:36:47,851 INFO Iteration 3/20: Testing epsilon=0.6680177356443917, min_points=7
2023-11-16 15:36:48,016 INFO Noise count: 3
2023-11-16 15:36:48,023 INFO Epsilon=0.6680177356443917, Min Points=7, SSE=0.5399176954732511
2023-11-16 15:36:48,023 INFO New best performance: SSE=0.5399176954732511, Epsilon=0.6680177356443917, Min Points=7, Noise count: 3
2023-11-16 15:36:48,023 INFO Iteration 4/20: Testing epsilon=0.658077889532219, min_points=7
2023-11-16 15:36:48,165 INFO Noise count: 3
2023-11-16 15:36:48,176 INFO Epsilon=0.658077889532219, Min Points=7, SSE=0.5399176954732511
2023-11-16 15:36:48,176 INFO Iteration 5/20: Testing epsilon=0.7093032942885852, min_points=7
2023-11-16 15:36:48,329 INFO Noise count: 1
2023-11-16 15:36:48,336 INFO Epsilon=0.7093032942885852, Min Points=7, SSE=1.1388117283950618
2023-11-16 15:36:48,336 INFO Iteration 6/20: Testing epsilon=0.7200462316228169, min_points=7
2023-11-16 15:36:48,476 INFO Noise count: 1
2023-11-16 15:36:48,488 INFO Epsilon=0.7200462316228169, Min Points=7, SSE=1.1388117283950618
2023-11-16 15:36:48,488 INFO Iteration 7/20: Testing epsilon=0.686510379821043, min_points=7
2023-11-16 15:36:48,622 INFO Noise count: 2
2023-11-16 15:36:48,633 INFO Epsilon=0.686510379821043, Min Points=7, SSE=0.9958994708994708
2023-11-16 15:36:48,633 INFO Iteration 8/20: Testing epsilon=0.6619746556430968, min_points=7
2023-11-16 15:36:48,773 INFO Noise count: 3
2023-11-16 15:36:48,783 INFO Epsilon=0.6619746556430968, Min Points=7, SSE=0.5399176954732511
2023-11-16 15:36:48,783 INFO Iteration 9/20: Testing epsilon=0.7116105465086107, min_points=7
2023-11-16 15:36:48,925 INFO Noise count: 1
2023-11-16 15:36:48,933 INFO Epsilon=0.7116105465086107, Min Points=7, SSE=1.1388117283950618
2023-11-16 15:36:48,933 INFO Iteration 10/20: Testing epsilon=0.7514841109626167, min_points=7
2023-11-16 15:36:49,071 INFO Noise count: 1
2023-11-16 15:36:49,079 INFO Epsilon=0.7514841109626167, Min Points=7, SSE=1.1388117283950618
2023-11-16 15:36:49,079 INFO Iteration 11/20: Testing epsilon=0.6756238678917968, min_points=7
2023-11-16 15:36:49,241 INFO Noise count: 2
2023-11-16 15:36:49,252 INFO Epsilon=0.6756238678917968, Min Points=7, SSE=0.9958994708994708
2023-11-16 15:36:49,252 INFO Iteration 12/20: Testing epsilon=0.7349511109496955, min_points=7
2023-11-16 15:36:49,399 INFO Noise count: 1
2023-11-16 15:36:49,407 INFO Epsilon=0.7349511109496955, Min Points=7, SSE=1.1388117283950618
2023-11-16 15:36:49,408 INFO Iteration 13/20: Testing epsilon=0.7093741320662637, min_points=7
2023-11-16 15:36:49,549 INFO Noise count: 1
2023-11-16 15:36:49,558 INFO Epsilon=0.7093741320662637, Min Points=7, SSE=1.1388117283950618
2023-11-16 15:36:49,558 INFO Iteration 14/20: Testing epsilon=0.6938679662751991, min_points=7
2023-11-16 15:36:49,686 INFO Noise count: 2
2023-11-16 15:36:49,693 INFO Epsilon=0.6938679662751991, Min Points=7, SSE=0.9958994708994708
2023-11-16 15:36:49,694 INFO Iteration 15/20: Testing epsilon=0.6713402110760176, min_points=7
2023-11-16 15:36:49,835 INFO Noise count: 2
2023-11-16 15:36:49,843 INFO Epsilon=0.6713402110760176, Min Points=7, SSE=0.9958994708994708
2023-11-16 15:36:49,843 INFO Iteration 16/20: Testing epsilon=0.6599153157689336, min_points=7
2023-11-16 15:36:50,008 INFO Noise count: 3
2023-11-16 15:36:50,017 INFO Epsilon=0.6599153157689336, Min Points=7, SSE=0.5399176954732511
2023-11-16 15:36:50,017 INFO Iteration 17/20: Testing epsilon=0.6840130056341212, min_points=7
2023-11-16 15:36:50,146 INFO Noise count: 2
2023-11-16 15:36:50,154 INFO Epsilon=0.6840130056341212, Min Points=7, SSE=0.9958994708994708
2023-11-16 15:36:50,155 INFO Iteration 18/20: Testing epsilon=0.6578908655922955, min_points=7
2023-11-16 15:36:50,337 INFO Noise count: 3
2023-11-16 15:36:50,344 INFO Epsilon=0.6578908655922955, Min Points=7, SSE=0.5399176954732511
2023-11-16 15:36:50,344 INFO Iteration 19/20: Testing epsilon=0.7324741525966155, min_points=7
2023-11-16 15:36:50,487 INFO Noise count: 1
2023-11-16 15:36:50,496 INFO Epsilon=0.7324741525966155, Min Points=7, SSE=1.1388117283950618
2023-11-16 15:36:50,496 INFO Iteration 20/20: Testing epsilon=0.6805153381859691, min_points=7
2023-11-16 15:36:50,655 INFO Noise count: 2
2023-11-16 15:36:50,664 INFO Epsilon=0.6805153381859691, Min Points=7, SSE=0.9958994708994708
2023-11-16 15:36:50,665 INFO Best DBSCAN Parameters:
2023-11-16 15:36:50,665 INFO Epsilon=0.6680177356443917, Min Points=7
2023-11-16 15:36:50,665 INFO Best Performance: 0.5399176954732511
2023-11-16 15:36:50,826 INFO Final Clusters and Noise Points:
2023-11-16 15:36:50,826 INFO Cluster 1: 10 points
2023-11-16 15:36:50,828 INFO Data Point: 0    1.000000
1    0.777778
2    0.000000
Name: 0, dtype: float64
2023-11-16 15:36:50,829 INFO Data Point: 0    1.000000
1    0.722222
2    0.000000
Name: 1, dtype: float64
2023-11-16 15:36:50,829 INFO Data Point: 0    1.000000
1    0.611111
2    0.000000
Name: 2, dtype: float64
2023-11-16 15:36:50,830 INFO Data Point: 0    1.000000
1    0.555556
2    0.000000
Name: 3, dtype: float64
2023-11-16 15:36:50,831 INFO Data Point: 0    1.0
1    0.5
2    0.0
Name: 4, dtype: float64
2023-11-16 15:36:50,833 INFO Data Point: 0    1.000000
1    0.444444
2    0.000000
Name: 5, dtype: float64
2023-11-16 15:36:50,834 INFO Data Point: 0    1.000000
1    0.444444
2    0.000000
Name: 6, dtype: float64
2023-11-16 15:36:50,835 INFO Data Point: 0    1.000000
1    0.388889
2    0.000000
Name: 7, dtype: float64
2023-11-16 15:36:50,836 INFO Data Point: 0    1.000000
1    0.388889
2    0.000000
Name: 8, dtype: float64
2023-11-16 15:36:50,836 INFO Data Point: 0    1.000000
1    0.333333
2    0.000000
Name: 9, dtype: float64
2023-11-16 15:36:50,837 INFO Cluster 2: 6 points
2023-11-16 15:36:50,838 INFO Data Point: 0    0.000000
1    0.055556
2    0.333333
Name: 12, dtype: float64
2023-11-16 15:36:50,842 INFO Data Point: 0    0.000000
1    0.055556
2    0.333333
Name: 13, dtype: float64
2023-11-16 15:36:50,843 INFO Data Point: 0    0.000000
1    0.055556
2    0.000000
Name: 14, dtype: float64
2023-11-16 15:36:50,844 INFO Data Point: 0    0.000000
1    0.166667
2    0.333333
Name: 15, dtype: float64
2023-11-16 15:36:50,847 INFO Data Point: 0    0.000000
1    0.166667
2    0.000000
Name: 16, dtype: float64
2023-11-16 15:36:50,848 INFO Data Point: 0    0.000000
1    0.222222
2    0.666667
Name: 17, dtype: float64
2023-11-16 15:36:50,849 INFO Noise: 3 points
2023-11-16 15:36:50,851 INFO Noise Point: 0    0.000000
1    1.000000
2    0.333333
Name: 10, dtype: float64
2023-11-16 15:36:50,852 INFO Noise Point: 0    0.0
1    0.0
2    0.0
Name: 11, dtype: float64
2023-11-16 15:36:50,853 INFO Noise Point: 0    0.000000
1    0.222222
2    1.000000
Name: 18, dtype: float64
