2023-11-16 16:31:28,698 INFO Iteration 1/20: Testing epsilon=0.5531643799459136, min_points=6
2023-11-16 16:31:30,130 INFO Noise count: 0
2023-11-16 16:31:30,134 INFO Epsilon=0.5531643799459136, Min Points=6, SSE=6.924249639124572
2023-11-16 16:31:30,134 INFO New best performance: SSE=6.924249639124572, Epsilon=0.5531643799459136, Min Points=6, Noise count: 0
2023-11-16 16:31:30,135 INFO Iteration 2/20: Testing epsilon=0.49922013248595387, min_points=2
2023-11-16 16:31:31,566 INFO Noise count: 0
2023-11-16 16:31:31,569 INFO Epsilon=0.49922013248595387, Min Points=2, SSE=6.924249639124572
2023-11-16 16:31:31,569 INFO Iteration 3/20: Testing epsilon=0.5452311830603406, min_points=4
2023-11-16 16:31:33,031 INFO Noise count: 0
2023-11-16 16:31:33,033 INFO Epsilon=0.5452311830603406, Min Points=4, SSE=6.924249639124572
2023-11-16 16:31:33,034 INFO Iteration 4/20: Testing epsilon=0.5263885091231038, min_points=5
2023-11-16 16:31:34,496 INFO Noise count: 0
2023-11-16 16:31:34,499 INFO Epsilon=0.5263885091231038, Min Points=5, SSE=6.924249639124572
2023-11-16 16:31:34,499 INFO Iteration 5/20: Testing epsilon=0.12972852164550627, min_points=4
2023-11-16 16:31:36,060 INFO Noise count: 7
2023-11-16 16:31:36,063 INFO Epsilon=0.12972852164550627, Min Points=4, SSE=4.179655487180736
2023-11-16 16:31:36,063 INFO New best performance: SSE=4.179655487180736, Epsilon=0.12972852164550627, Min Points=4, Noise count: 7
2023-11-16 16:31:36,064 INFO Iteration 6/20: Testing epsilon=0.3642659681667537, min_points=3
2023-11-16 16:31:37,950 INFO Noise count: 0
2023-11-16 16:31:37,955 INFO Epsilon=0.3642659681667537, Min Points=3, SSE=6.924249639124572
2023-11-16 16:31:37,955 INFO Iteration 7/20: Testing epsilon=0.3994981516284716, min_points=2
2023-11-16 16:31:40,206 INFO Noise count: 0
2023-11-16 16:31:40,211 INFO Epsilon=0.3994981516284716, Min Points=2, SSE=6.924249639124572
2023-11-16 16:31:40,211 INFO Iteration 8/20: Testing epsilon=0.2020539843215042, min_points=4
2023-11-16 16:31:41,993 INFO Noise count: 3
2023-11-16 16:31:41,997 INFO Epsilon=0.2020539843215042, Min Points=4, SSE=5.03330359826693
2023-11-16 16:31:41,997 INFO Iteration 9/20: Testing epsilon=0.3138102720522099, min_points=4
2023-11-16 16:31:43,468 INFO Noise count: 2
2023-11-16 16:31:43,470 INFO Epsilon=0.3138102720522099, Min Points=4, SSE=5.215566434324827
2023-11-16 16:31:43,471 INFO Iteration 10/20: Testing epsilon=0.28664693682964265, min_points=5
2023-11-16 16:31:45,154 INFO Noise count: 2
2023-11-16 16:31:45,157 INFO Epsilon=0.28664693682964265, Min Points=5, SSE=5.215566434324827
2023-11-16 16:31:45,157 INFO Iteration 11/20: Testing epsilon=0.3895236477468611, min_points=6
2023-11-16 16:31:46,937 INFO Noise count: 1
2023-11-16 16:31:46,941 INFO Epsilon=0.3895236477468611, Min Points=6, SSE=5.9077763360043845
2023-11-16 16:31:46,941 INFO Iteration 12/20: Testing epsilon=0.19178737427519932, min_points=3
2023-11-16 16:31:48,580 INFO Noise count: 3
2023-11-16 16:31:48,584 INFO Epsilon=0.19178737427519932, Min Points=3, SSE=5.03330359826693
2023-11-16 16:31:48,584 INFO Iteration 13/20: Testing epsilon=0.10182806222618036, min_points=5
2023-11-16 16:31:50,092 INFO Noise count: 10
2023-11-16 16:31:50,098 INFO Epsilon=0.10182806222618036, Min Points=5, SSE=0.9661723505836255
2023-11-16 16:31:50,098 INFO New best performance: SSE=0.9661723505836255, Epsilon=0.10182806222618036, Min Points=5, Noise count: 10
2023-11-16 16:31:50,098 INFO Iteration 14/20: Testing epsilon=0.49588173622722986, min_points=2
2023-11-16 16:31:51,531 INFO Noise count: 0
2023-11-16 16:31:51,533 INFO Epsilon=0.49588173622722986, Min Points=2, SSE=6.924249639124572
2023-11-16 16:31:51,533 INFO Iteration 15/20: Testing epsilon=0.11889555466263464, min_points=4
2023-11-16 16:31:53,010 INFO Noise count: 7
2023-11-16 16:31:53,013 INFO Epsilon=0.11889555466263464, Min Points=4, SSE=4.179655487180736
2023-11-16 16:31:53,013 INFO Iteration 16/20: Testing epsilon=0.15054125906363372, min_points=3
2023-11-16 16:31:54,464 INFO Noise count: 3
2023-11-16 16:31:54,467 INFO Epsilon=0.15054125906363372, Min Points=3, SSE=5.03330359826693
2023-11-16 16:31:54,468 INFO Iteration 17/20: Testing epsilon=0.5784047644418743, min_points=4
2023-11-16 16:31:55,947 INFO Noise count: 0
2023-11-16 16:31:55,950 INFO Epsilon=0.5784047644418743, Min Points=4, SSE=6.924249639124572
2023-11-16 16:31:55,950 INFO Iteration 18/20: Testing epsilon=0.3162907936189836, min_points=5
2023-11-16 16:31:57,421 INFO Noise count: 2
2023-11-16 16:31:57,425 INFO Epsilon=0.3162907936189836, Min Points=5, SSE=5.215566434324827
2023-11-16 16:31:57,425 INFO Iteration 19/20: Testing epsilon=0.17012003008267584, min_points=3
2023-11-16 16:31:58,849 INFO Noise count: 3
2023-11-16 16:31:58,853 INFO Epsilon=0.17012003008267584, Min Points=3, SSE=5.03330359826693
2023-11-16 16:31:58,853 INFO Iteration 20/20: Testing epsilon=0.3547242532192073, min_points=5
2023-11-16 16:32:00,545 INFO Noise count: 1
2023-11-16 16:32:00,547 INFO Epsilon=0.3547242532192073, Min Points=5, SSE=5.9077763360043845
2023-11-16 16:32:00,548 INFO Best DBSCAN Parameters:
2023-11-16 16:32:00,548 INFO Epsilon=0.10182806222618036, Min Points=5
2023-11-16 16:32:00,548 INFO Best Performance: 0.9661723505836255
2023-11-16 16:32:02,096 INFO Final Clusters and Noise Points:
2023-11-16 16:32:02,096 INFO Cluster 1: 20 points
2023-11-16 16:32:02,097 INFO Data Point: 1    0.562791
2    0.140411
Name: 1, dtype: float64
2023-11-16 16:32:02,098 INFO Data Point: 1    0.674419
2    0.390411
Name: 2, dtype: float64
2023-11-16 16:32:02,099 INFO Data Point: 1    0.667442
2    0.407534
Name: 5, dtype: float64
2023-11-16 16:32:02,100 INFO Data Point: 1    0.665116
2    0.212329
Name: 7, dtype: float64
2023-11-16 16:32:02,101 INFO Data Point: 1    0.527907
2    0.157534
Name: 9, dtype: float64
2023-11-16 16:32:02,101 INFO Data Point: 1    0.486047
2    0.243151
Name: 10, dtype: float64
2023-11-16 16:32:02,102 INFO Data Point: 1    0.539535
2    0.075342
Name: 11, dtype: float64
2023-11-16 16:32:02,102 INFO Data Point: 1    0.441860
2    0.054795
Name: 12, dtype: float64
2023-11-16 16:32:02,102 INFO Data Point: 1    0.474419
2    0.085616
Name: 20, dtype: float64
2023-11-16 16:32:02,103 INFO Data Point: 1    0.606977
2    0.250000
Name: 21, dtype: float64
2023-11-16 16:32:02,103 INFO Data Point: 1    0.504651
2    0.136986
Name: 24, dtype: float64
2023-11-16 16:32:02,104 INFO Data Point: 1    0.462791
2    0.154110
Name: 28, dtype: float64
2023-11-16 16:32:02,105 INFO Data Point: 1    0.77907
2    0.19863
Name: 30, dtype: float64
2023-11-16 16:32:02,105 INFO Data Point: 1    0.744186
2    0.226027
Name: 31, dtype: float64
2023-11-16 16:32:02,106 INFO Data Point: 1    0.693023
2    0.109589
Name: 32, dtype: float64
2023-11-16 16:32:02,106 INFO Data Point: 1    0.627907
2    0.140411
Name: 33, dtype: float64
2023-11-16 16:32:02,107 INFO Data Point: 1    0.741860
2    0.328767
Name: 37, dtype: float64
2023-11-16 16:32:02,108 INFO Data Point: 1    0.718605
2    0.267123
Name: 39, dtype: float64
2023-11-16 16:32:02,108 INFO Data Point: 1    0.723256
2    0.328767
Name: 40, dtype: float64
2023-11-16 16:32:02,109 INFO Data Point: 1    0.690698
2    0.095890
Name: 43, dtype: float64
2023-11-16 16:32:02,109 INFO Cluster 2: 40 points
2023-11-16 16:32:02,110 INFO Data Point: 1    0.181395
2    0.167808
Name: 13, dtype: float64
2023-11-16 16:32:02,110 INFO Data Point: 1    0.339535
2    0.215753
Name: 14, dtype: float64
2023-11-16 16:32:02,110 INFO Data Point: 1    0.172093
2    0.000000
Name: 15, dtype: float64
2023-11-16 16:32:02,111 INFO Data Point: 1    0.276744
2    0.078767
Name: 16, dtype: float64
2023-11-16 16:32:02,112 INFO Data Point: 1    0.097674
2    0.106164
Name: 17, dtype: float64
2023-11-16 16:32:02,112 INFO Data Point: 1    0.039535
2    0.061644
Name: 19, dtype: float64
2023-11-16 16:32:02,113 INFO Data Point: 1    0.355814
2    0.109589
Name: 22, dtype: float64
2023-11-16 16:32:02,113 INFO Data Point: 1    0.304651
2    0.013699
Name: 23, dtype: float64
2023-11-16 16:32:02,114 INFO Data Point: 1    0.239535
2    0.041096
Name: 25, dtype: float64
2023-11-16 16:32:02,114 INFO Data Point: 1    0.272093
2    0.133562
Name: 26, dtype: float64
2023-11-16 16:32:02,115 INFO Data Point: 1    0.200000
2    0.195205
Name: 34, dtype: float64
2023-11-16 16:32:02,116 INFO Data Point: 1    0.202326
2    0.143836
Name: 35, dtype: float64
2023-11-16 16:32:02,116 INFO Data Point: 1    0.100000
2    0.065068
Name: 36, dtype: float64
2023-11-16 16:32:02,117 INFO Data Point: 1    0.339535
2    0.147260
Name: 41, dtype: float64
2023-11-16 16:32:02,117 INFO Data Point: 1    0.218605
2    0.133562
Name: 42, dtype: float64
2023-11-16 16:32:02,119 INFO Data Point: 1    0.132558
2    0.304795
Name: 44, dtype: float64
2023-11-16 16:32:02,120 INFO Data Point: 1    0.093023
2    0.301370
Name: 45, dtype: float64
2023-11-16 16:32:02,121 INFO Data Point: 1    0.118605
2    0.284247
Name: 46, dtype: float64
2023-11-16 16:32:02,121 INFO Data Point: 1    0.076744
2    0.147260
Name: 47, dtype: float64
2023-11-16 16:32:02,122 INFO Data Point: 1    0.088372
2    0.184932
Name: 48, dtype: float64
2023-11-16 16:32:02,122 INFO Data Point: 1    0.116279
2    0.181507
Name: 50, dtype: float64
2023-11-16 16:32:02,123 INFO Data Point: 1    0.118605
2    0.267123
Name: 51, dtype: float64
2023-11-16 16:32:02,123 INFO Data Point: 1    0.102326
2    0.335616
Name: 52, dtype: float64
2023-11-16 16:32:02,124 INFO Data Point: 1    0.125581
2    0.256849
Name: 53, dtype: float64
2023-11-16 16:32:02,124 INFO Data Point: 1    0.100000
2    0.133562
Name: 54, dtype: float64
2023-11-16 16:32:02,125 INFO Data Point: 1    0.000000
2    0.205479
Name: 55, dtype: float64
2023-11-16 16:32:02,129 INFO Data Point: 1    0.213953
2    0.273973
Name: 56, dtype: float64
2023-11-16 16:32:02,130 INFO Data Point: 1    0.137209
2    0.215753
Name: 57, dtype: float64
2023-11-16 16:32:02,131 INFO Data Point: 1    0.181395
2    0.140411
Name: 58, dtype: float64
2023-11-16 16:32:02,131 INFO Data Point: 1    0.102326
2    0.208904
Name: 59, dtype: float64
2023-11-16 16:32:02,132 INFO Data Point: 1    0.137209
2    0.123288
Name: 60, dtype: float64
2023-11-16 16:32:02,135 INFO Data Point: 1    0.241860
2    0.236301
Name: 61, dtype: float64
2023-11-16 16:32:02,136 INFO Data Point: 1    0.060465
2    0.150685
Name: 62, dtype: float64
2023-11-16 16:32:02,137 INFO Data Point: 1    0.195349
2    0.178082
Name: 63, dtype: float64
2023-11-16 16:32:02,137 INFO Data Point: 1    0.039535
2    0.212329
Name: 64, dtype: float64
2023-11-16 16:32:02,138 INFO Data Point: 1    0.134884
2    0.195205
Name: 65, dtype: float64
2023-11-16 16:32:02,138 INFO Data Point: 1    0.188372
2    0.113014
Name: 66, dtype: float64
2023-11-16 16:32:02,139 INFO Data Point: 1    0.193023
2    0.171233
Name: 67, dtype: float64
2023-11-16 16:32:02,140 INFO Data Point: 1    0.197674
2    0.164384
Name: 68, dtype: float64
2023-11-16 16:32:02,141 INFO Data Point: 1    0.288372
2    0.167808
Name: 69, dtype: float64
2023-11-16 16:32:02,141 INFO Noise: 10 points
2023-11-16 16:32:02,142 INFO Noise Point: 1    0.541860
2    0.366438
Name: 0, dtype: float64
2023-11-16 16:32:02,143 INFO Noise Point: 1    0.993023
2    0.743151
Name: 3, dtype: float64
2023-11-16 16:32:02,143 INFO Noise Point: 1    1.0
2    1.0
Name: 4, dtype: float64
2023-11-16 16:32:02,144 INFO Noise Point: 1    0.767442
2    0.506849
Name: 6, dtype: float64
2023-11-16 16:32:02,144 INFO Noise Point: 1    0.658140
2    0.541096
Name: 8, dtype: float64
2023-11-16 16:32:02,145 INFO Noise Point: 1    0.772093
2    0.085616
Name: 18, dtype: float64
2023-11-16 16:32:02,145 INFO Noise Point: 1    0.855814
2    0.157534
Name: 27, dtype: float64
2023-11-16 16:32:02,146 INFO Noise Point: 1    0.804651
2    0.458904
Name: 29, dtype: float64
2023-11-16 16:32:02,146 INFO Noise Point: 1    0.476744
2    0.270548
Name: 38, dtype: float64
2023-11-16 16:32:02,147 INFO Noise Point: 1    0.104651
2    0.544521
Name: 49, dtype: float64
