2023-11-16 23:18:47,435 INFO Iteration 1/20: Testing epsilon=0.7964303488248965, min_points=5
2023-11-16 23:18:47,631 INFO Noise count: 2
2023-11-16 23:18:47,636 INFO Epsilon=0.7964303488248965, Min Points=5, SSE=8.461703699065959
2023-11-16 23:18:47,636 INFO New best performance: SSE=8.461703699065959, Epsilon=0.7964303488248965, Min Points=5, Noise count: 2
2023-11-16 23:18:47,637 INFO Iteration 2/20: Testing epsilon=0.4585568044279046, min_points=3
2023-11-16 23:18:47,932 INFO Noise count: 9
2023-11-16 23:18:47,939 INFO Epsilon=0.4585568044279046, Min Points=3, SSE=2.471098977995443
2023-11-16 23:18:47,939 INFO New best performance: SSE=2.471098977995443, Epsilon=0.4585568044279046, Min Points=3, Noise count: 9
2023-11-16 23:18:47,939 INFO Iteration 3/20: Testing epsilon=0.3691131413729509, min_points=3
2023-11-16 23:18:48,173 INFO Noise count: 13
2023-11-16 23:18:48,183 INFO Epsilon=0.3691131413729509, Min Points=3, SSE=0.6261253338762809
2023-11-16 23:18:48,183 INFO New best performance: SSE=0.6261253338762809, Epsilon=0.3691131413729509, Min Points=3, Noise count: 13
2023-11-16 23:18:48,183 INFO Iteration 4/20: Testing epsilon=0.366824381328478, min_points=3
2023-11-16 23:18:48,385 INFO Noise count: 13
2023-11-16 23:18:48,394 INFO Epsilon=0.366824381328478, Min Points=3, SSE=0.6261253338762809
2023-11-16 23:18:48,394 INFO Iteration 5/20: Testing epsilon=0.36386261053584085, min_points=3
2023-11-16 23:18:48,585 INFO Noise count: 13
2023-11-16 23:18:48,596 INFO Epsilon=0.36386261053584085, Min Points=3, SSE=0.6261253338762809
2023-11-16 23:18:48,597 INFO Iteration 6/20: Testing epsilon=0.4473989777069394, min_points=3
2023-11-16 23:18:48,788 INFO Noise count: 9
2023-11-16 23:18:48,794 INFO Epsilon=0.4473989777069394, Min Points=3, SSE=2.471098977995443
2023-11-16 23:18:48,794 INFO Iteration 7/20: Testing epsilon=0.418221890114321, min_points=2
2023-11-16 23:18:48,980 INFO Noise count: 5
2023-11-16 23:18:48,993 INFO Epsilon=0.418221890114321, Min Points=2, SSE=2.5740716657313882
2023-11-16 23:18:48,993 INFO Iteration 8/20: Testing epsilon=0.3924057414850404, min_points=2
2023-11-16 23:18:49,235 INFO Noise count: 9
2023-11-16 23:18:49,252 INFO Epsilon=0.3924057414850404, Min Points=2, SSE=1.6044446154613166
2023-11-16 23:18:49,252 INFO Iteration 9/20: Testing epsilon=0.4562250474229669, min_points=2
2023-11-16 23:18:49,454 INFO Noise count: 5
2023-11-16 23:18:49,468 INFO Epsilon=0.4562250474229669, Min Points=2, SSE=2.5740716657313882
2023-11-16 23:18:49,468 INFO Iteration 10/20: Testing epsilon=0.42044983802590796, min_points=2
2023-11-16 23:18:49,660 INFO Noise count: 5
2023-11-16 23:18:49,675 INFO Epsilon=0.42044983802590796, Min Points=2, SSE=2.5740716657313882
2023-11-16 23:18:49,675 INFO Iteration 11/20: Testing epsilon=0.38206653700074433, min_points=2
2023-11-16 23:18:49,868 INFO Noise count: 11
2023-11-16 23:18:49,877 INFO Epsilon=0.38206653700074433, Min Points=2, SSE=1.5300414614464202
2023-11-16 23:18:49,878 INFO Iteration 12/20: Testing epsilon=0.41133553558635494, min_points=2
2023-11-16 23:18:50,048 INFO Noise count: 5
2023-11-16 23:18:50,064 INFO Epsilon=0.41133553558635494, Min Points=2, SSE=2.104356722822632
2023-11-16 23:18:50,064 INFO Iteration 13/20: Testing epsilon=0.4019198065809521, min_points=2
2023-11-16 23:18:50,237 INFO Noise count: 6
2023-11-16 23:18:50,253 INFO Epsilon=0.4019198065809521, Min Points=2, SSE=1.966639495757236
2023-11-16 23:18:50,254 INFO Iteration 14/20: Testing epsilon=0.4592009371791961, min_points=2
2023-11-16 23:18:50,482 INFO Noise count: 5
2023-11-16 23:18:50,495 INFO Epsilon=0.4592009371791961, Min Points=2, SSE=2.5740716657313882
2023-11-16 23:18:50,496 INFO Iteration 15/20: Testing epsilon=0.4326652017134269, min_points=2
2023-11-16 23:18:50,698 INFO Noise count: 5
2023-11-16 23:18:50,717 INFO Epsilon=0.4326652017134269, Min Points=2, SSE=2.5740716657313882
2023-11-16 23:18:50,717 INFO Iteration 16/20: Testing epsilon=0.4115631782840188, min_points=2
2023-11-16 23:18:50,925 INFO Noise count: 5
2023-11-16 23:18:50,942 INFO Epsilon=0.4115631782840188, Min Points=2, SSE=2.104356722822632
2023-11-16 23:18:50,942 INFO Iteration 17/20: Testing epsilon=0.45042587319158617, min_points=2
2023-11-16 23:18:51,132 INFO Noise count: 5
2023-11-16 23:18:51,155 INFO Epsilon=0.45042587319158617, Min Points=2, SSE=2.5740716657313882
2023-11-16 23:18:51,155 INFO Iteration 18/20: Testing epsilon=0.4426082877583583, min_points=2
2023-11-16 23:18:51,335 INFO Noise count: 5
2023-11-16 23:18:51,349 INFO Epsilon=0.4426082877583583, Min Points=2, SSE=2.5740716657313882
2023-11-16 23:18:51,349 INFO Iteration 19/20: Testing epsilon=0.456408304920187, min_points=2
2023-11-16 23:18:51,575 INFO Noise count: 5
2023-11-16 23:18:51,585 INFO Epsilon=0.456408304920187, Min Points=2, SSE=2.5740716657313882
2023-11-16 23:18:51,586 INFO Iteration 20/20: Testing epsilon=0.4036126453050901, min_points=2
2023-11-16 23:18:51,773 INFO Noise count: 6
2023-11-16 23:18:51,787 INFO Epsilon=0.4036126453050901, Min Points=2, SSE=1.966639495757236
2023-11-16 23:18:51,787 INFO Best DBSCAN Parameters:
2023-11-16 23:18:51,787 INFO Epsilon=0.3691131413729509, Min Points=3
2023-11-16 23:18:51,787 INFO Best Performance: 0.6261253338762809
2023-11-16 23:18:51,967 INFO Final Clusters and Noise Points:
2023-11-16 23:18:51,967 INFO Cluster 1: 7 points
2023-11-16 23:18:51,968 INFO Data Point: 1     0.333333
2     0.500000
3     0.500000
4     0.454545
5     0.363636
6     0.375000
7     0.363636
8     0.272727
9     0.400000
10    0.444444
Name: 0, dtype: float64
2023-11-16 23:18:51,969 INFO Data Point: 1     0.333333
2     0.500000
3     0.400000
4     0.454545
5     0.363636
6     0.375000
7     0.454545
8     0.363636
9     0.400000
10    0.444444
Name: 1, dtype: float64
2023-11-16 23:18:51,970 INFO Data Point: 1     0.333333
2     0.400000
3     0.400000
4     0.363636
5     0.363636
6     0.500000
7     0.454545
8     0.454545
9     0.500000
10    0.444444
Name: 4, dtype: float64
2023-11-16 23:18:51,971 INFO Data Point: 1     0.333333
2     0.600000
3     0.600000
4     0.454545
5     0.363636
6     0.375000
7     0.272727
8     0.272727
9     0.400000
10    0.444444
Name: 13, dtype: float64
2023-11-16 23:18:51,971 INFO Data Point: 1     0.166667
2     0.400000
3     0.300000
4     0.363636
5     0.181818
6     0.375000
7     0.363636
8     0.272727
9     0.400000
10    0.555556
Name: 17, dtype: float64
2023-11-16 23:18:51,972 INFO Data Point: 1     0.333333
2     0.600000
3     0.600000
4     0.454545
5     0.454545
6     0.250000
7     0.272727
8     0.181818
9     0.500000
10    0.444444
Name: 21, dtype: float64
2023-11-16 23:18:51,972 INFO Data Point: 1     0.500000
2     0.500000
3     0.500000
4     0.454545
5     0.272727
6     0.250000
7     0.272727
8     0.181818
9     0.200000
10    0.444444
Name: 22, dtype: float64
2023-11-16 23:18:51,973 INFO Cluster 2: 4 points
2023-11-16 23:18:51,973 INFO Data Point: 1     0.000000
2     0.200000
3     0.200000
4     0.272727
5     0.181818
6     0.125000
7     0.363636
8     0.454545
9     0.500000
10    0.444444
Name: 5, dtype: float64
2023-11-16 23:18:51,974 INFO Data Point: 1     0.000000
2     0.300000
3     0.300000
4     0.272727
5     0.181818
6     0.125000
7     0.272727
8     0.454545
9     0.300000
10    0.333333
Name: 7, dtype: float64
2023-11-16 23:18:51,975 INFO Data Point: 1     0.166667
2     0.300000
3     0.100000
4     0.272727
5     0.181818
6     0.125000
7     0.363636
8     0.363636
9     0.400000
10    0.444444
Name: 9, dtype: float64
2023-11-16 23:18:51,975 INFO Data Point: 1     0.166667
2     0.200000
3     0.000000
4     0.181818
5     0.090909
6     0.250000
7     0.272727
8     0.272727
9     0.400000
10    0.555556
Name: 23, dtype: float64
2023-11-16 23:18:51,976 INFO Noise: 13 points
2023-11-16 23:18:51,977 INFO Noise Point: 1     1.000000
2     1.000000
3     0.700000
4     1.000000
5     1.000000
6     1.000000
7     1.000000
8     0.545455
9     0.400000
10    0.777778
Name: 2, dtype: float64
2023-11-16 23:18:51,977 INFO Noise Point: 1     0.833333
2     0.600000
3     0.500000
4     0.454545
5     0.363636
6     0.250000
7     0.454545
8     0.454545
9     0.500000
10    0.444444
Name: 3, dtype: float64
2023-11-16 23:18:51,978 INFO Noise Point: 1     0.000000
2     0.300000
3     0.200000
4     0.000000
5     0.090909
6     0.000000
7     0.090909
8     0.000000
9     0.000000
10    0.000000
Name: 6, dtype: float64
2023-11-16 23:18:51,978 INFO Noise Point: 1     0.833333
2     0.600000
3     0.500000
4     0.363636
5     0.272727
6     0.125000
7     0.090909
8     0.000000
9     0.000000
10    0.111111
Name: 8, dtype: float64
2023-11-16 23:18:51,979 INFO Noise Point: 1     0.166667
2     0.000000
3     0.000000
4     0.090909
5     0.181818
6     0.125000
7     0.090909
8     0.000000
9     0.100000
10    0.777778
Name: 10, dtype: float64
2023-11-16 23:18:51,980 INFO Noise Point: 1     0.833333
2     0.800000
3     0.700000
4     0.636364
5     0.545455
6     0.625000
7     0.818182
8     1.000000
9     1.000000
10    1.000000
Name: 11, dtype: float64
2023-11-16 23:18:51,981 INFO Noise Point: 1     0.166667
2     0.500000
3     0.600000
4     0.363636
5     0.272727
6     0.125000
7     0.181818
8     0.454545
9     0.500000
10    0.444444
Name: 12, dtype: float64
2023-11-16 23:18:51,981 INFO Noise Point: 1     0.166667
2     0.500000
3     0.500000
4     0.363636
5     0.272727
6     0.125000
7     0.181818
8     0.090909
9     0.300000
10    0.333333
Name: 14, dtype: float64
2023-11-16 23:18:51,982 INFO Noise Point: 1     0.833333
2     0.900000
3     1.000000
4     0.727273
5     0.636364
6     0.500000
7     0.454545
8     0.363636
9     0.600000
10    0.666667
Name: 15, dtype: float64
2023-11-16 23:18:51,984 INFO Noise Point: 1     0.000000
2     0.200000
3     0.100000
4     0.090909
5     0.000000
6     0.000000
7     0.181818
8     0.000000
9     0.000000
10    0.111111
Name: 16, dtype: float64
2023-11-16 23:18:51,985 INFO Noise Point: 1     0.333333
2     0.500000
3     0.400000
4     0.272727
5     0.181818
6     0.000000
7     0.000000
8     0.090909
9     0.100000
10    0.222222
Name: 18, dtype: float64
2023-11-16 23:18:51,986 INFO Noise Point: 1     0.500000
2     0.700000
3     0.500000
4     0.454545
5     0.272727
6     0.500000
7     0.454545
8     0.545455
9     0.500000
10    0.555556
Name: 19, dtype: float64
2023-11-16 23:18:51,986 INFO Noise Point: 1     1.000000
2     0.800000
3     0.800000
4     0.636364
5     0.545455
6     0.625000
7     0.545455
8     0.454545
9     0.500000
10    0.555556
Name: 20, dtype: float64
