2023-11-18 01:27:49,846 INFO Iteration 1/10: Testing epsilon=0.28456065526844304, min_points=2
2023-11-18 01:27:57,540 INFO Noise count: 0
2023-11-18 01:27:57,550 INFO Epsilon=0.28456065526844304, Min Points=2, SSE=12.14368828157972
2023-11-18 01:27:57,551 INFO New best performance: SSE=12.14368828157972, Epsilon=0.28456065526844304, Min Points=2, Noise count: 0
2023-11-18 01:27:57,551 INFO Iteration 2/10: Testing epsilon=0.18821926642222933, min_points=5
2023-11-18 01:28:04,567 INFO Noise count: 5
2023-11-18 01:28:04,575 INFO Epsilon=0.18821926642222933, Min Points=5, SSE=10.497276448382536
2023-11-18 01:28:04,575 INFO New best performance: SSE=10.497276448382536, Epsilon=0.18821926642222933, Min Points=5, Noise count: 5
2023-11-18 01:28:04,575 INFO Iteration 3/10: Testing epsilon=0.3390268050176073, min_points=2
2023-11-18 01:28:11,597 INFO Noise count: 0
2023-11-18 01:28:11,604 INFO Epsilon=0.3390268050176073, Min Points=2, SSE=12.14368828157972
2023-11-18 01:28:11,604 INFO Iteration 4/10: Testing epsilon=0.22579998686087624, min_points=4
2023-11-18 01:28:18,513 INFO Noise count: 3
2023-11-18 01:28:18,519 INFO Epsilon=0.22579998686087624, Min Points=4, SSE=10.994685437481618
2023-11-18 01:28:18,519 INFO Iteration 5/10: Testing epsilon=0.12925630570541985, min_points=3
2023-11-18 01:28:25,428 INFO Noise count: 12
2023-11-18 01:28:25,455 INFO Epsilon=0.12925630570541985, Min Points=3, SSE=6.454482032179498
2023-11-18 01:28:25,455 INFO New best performance: SSE=6.454482032179498, Epsilon=0.12925630570541985, Min Points=3, Noise count: 12
2023-11-18 01:28:25,455 INFO Iteration 6/10: Testing epsilon=0.24387354421465524, min_points=5
2023-11-18 01:28:35,184 INFO Noise count: 2
2023-11-18 01:28:35,193 INFO Epsilon=0.24387354421465524, Min Points=5, SSE=11.457441181766088
2023-11-18 01:28:35,193 INFO Iteration 7/10: Testing epsilon=0.2266593549497444, min_points=3
2023-11-18 01:28:42,697 INFO Noise count: 3
2023-11-18 01:28:42,703 INFO Epsilon=0.2266593549497444, Min Points=3, SSE=10.994685437481618
2023-11-18 01:28:42,704 INFO Iteration 8/10: Testing epsilon=0.10979509557822696, min_points=5
2023-11-18 01:28:50,583 INFO Noise count: 49
2023-11-18 01:28:50,604 INFO Epsilon=0.10979509557822696, Min Points=5, SSE=2.4866657166661756
2023-11-18 01:28:50,604 INFO New best performance: SSE=2.4866657166661756, Epsilon=0.10979509557822696, Min Points=5, Noise count: 49
2023-11-18 01:28:50,604 INFO Iteration 9/10: Testing epsilon=0.3380195465204143, min_points=4
2023-11-18 01:28:58,687 INFO Noise count: 0
2023-11-18 01:28:58,696 INFO Epsilon=0.3380195465204143, Min Points=4, SSE=12.14368828157972
2023-11-18 01:28:58,697 INFO Iteration 10/10: Testing epsilon=0.30867118297859125, min_points=2
2023-11-18 01:29:06,949 INFO Noise count: 0
2023-11-18 01:29:06,965 INFO Epsilon=0.30867118297859125, Min Points=2, SSE=12.14368828157972
2023-11-18 01:29:06,965 INFO Best DBSCAN Parameters:
2023-11-18 01:29:06,965 INFO Epsilon=0.10979509557822696, Min Points=5
2023-11-18 01:29:06,965 INFO Best Performance: 2.4866657166661756
2023-11-18 01:29:15,964 INFO Final Clusters and Noise Points:
2023-11-18 01:29:15,964 INFO Cluster 1: 44 points
2023-11-18 01:29:15,965 INFO Data Point: 1    0.222222
2    0.625000
3    0.067797
4    0.041667
Name: 0, dtype: float64
2023-11-18 01:29:15,966 INFO Data Point: 1    0.166667
2    0.416667
3    0.067797
4    0.041667
Name: 1, dtype: float64
2023-11-18 01:29:15,967 INFO Data Point: 1    0.111111
2    0.500000
3    0.050847
4    0.041667
Name: 2, dtype: float64
2023-11-18 01:29:15,968 INFO Data Point: 1    0.083333
2    0.458333
3    0.084746
4    0.041667
Name: 3, dtype: float64
2023-11-18 01:29:15,969 INFO Data Point: 1    0.194444
2    0.666667
3    0.067797
4    0.041667
Name: 4, dtype: float64
2023-11-18 01:29:15,969 INFO Data Point: 1    0.305556
2    0.791667
3    0.118644
4    0.125000
Name: 5, dtype: float64
2023-11-18 01:29:15,970 INFO Data Point: 1    0.083333
2    0.583333
3    0.067797
4    0.083333
Name: 6, dtype: float64
2023-11-18 01:29:15,971 INFO Data Point: 1    0.194444
2    0.583333
3    0.084746
4    0.041667
Name: 7, dtype: float64
2023-11-18 01:29:15,971 INFO Data Point: 1    0.027778
2    0.375000
3    0.067797
4    0.041667
Name: 8, dtype: float64
2023-11-18 01:29:15,972 INFO Data Point: 1    0.166667
2    0.458333
3    0.084746
4    0.000000
Name: 9, dtype: float64
2023-11-18 01:29:15,973 INFO Data Point: 1    0.305556
2    0.708333
3    0.084746
4    0.041667
Name: 10, dtype: float64
2023-11-18 01:29:15,974 INFO Data Point: 1    0.138889
2    0.583333
3    0.101695
4    0.041667
Name: 11, dtype: float64
2023-11-18 01:29:15,974 INFO Data Point: 1    0.138889
2    0.416667
3    0.067797
4    0.000000
Name: 12, dtype: float64
2023-11-18 01:29:15,976 INFO Data Point: 1    0.000000
2    0.416667
3    0.016949
4    0.000000
Name: 13, dtype: float64
2023-11-18 01:29:15,977 INFO Data Point: 1    0.305556
2    0.791667
3    0.050847
4    0.125000
Name: 14, dtype: float64
2023-11-18 01:29:15,977 INFO Data Point: 1    0.222222
2    0.625000
3    0.067797
4    0.083333
Name: 15, dtype: float64
2023-11-18 01:29:15,978 INFO Data Point: 1    0.222222
2    0.750000
3    0.084746
4    0.083333
Name: 16, dtype: float64
2023-11-18 01:29:15,979 INFO Data Point: 1    0.305556
2    0.583333
3    0.118644
4    0.041667
Name: 17, dtype: float64
2023-11-18 01:29:15,979 INFO Data Point: 1    0.222222
2    0.708333
3    0.084746
4    0.125000
Name: 18, dtype: float64
2023-11-18 01:29:15,980 INFO Data Point: 1    0.222222
2    0.541667
3    0.118644
4    0.166667
Name: 20, dtype: float64
2023-11-18 01:29:15,981 INFO Data Point: 1    0.138889
2    0.583333
3    0.152542
4    0.041667
Name: 21, dtype: float64
2023-11-18 01:29:15,981 INFO Data Point: 1    0.194444
2    0.416667
3    0.101695
4    0.041667
Name: 22, dtype: float64
2023-11-18 01:29:15,983 INFO Data Point: 1    0.194444
2    0.583333
3    0.101695
4    0.125000
Name: 23, dtype: float64
2023-11-18 01:29:15,983 INFO Data Point: 1    0.250000
2    0.625000
3    0.084746
4    0.041667
Name: 24, dtype: float64
2023-11-18 01:29:15,984 INFO Data Point: 1    0.250000
2    0.583333
3    0.067797
4    0.041667
Name: 25, dtype: float64
2023-11-18 01:29:15,984 INFO Data Point: 1    0.111111
2    0.500000
3    0.101695
4    0.041667
Name: 26, dtype: float64
2023-11-18 01:29:15,985 INFO Data Point: 1    0.138889
2    0.458333
3    0.101695
4    0.041667
Name: 27, dtype: float64
2023-11-18 01:29:15,985 INFO Data Point: 1    0.166667
2    0.458333
3    0.084746
4    0.000000
Name: 29, dtype: float64
2023-11-18 01:29:15,986 INFO Data Point: 1    0.194444
2    0.500000
3    0.033898
4    0.041667
Name: 30, dtype: float64
2023-11-18 01:29:15,986 INFO Data Point: 1    0.166667
2    0.458333
3    0.084746
4    0.000000
Name: 31, dtype: float64
2023-11-18 01:29:15,987 INFO Data Point: 1    0.027778
2    0.416667
3    0.050847
4    0.041667
Name: 32, dtype: float64
2023-11-18 01:29:15,988 INFO Data Point: 1    0.222222
2    0.583333
3    0.084746
4    0.041667
Name: 33, dtype: float64
2023-11-18 01:29:15,988 INFO Data Point: 1    0.194444
2    0.625000
3    0.050847
4    0.083333
Name: 34, dtype: float64
2023-11-18 01:29:15,989 INFO Data Point: 1    0.027778
2    0.500000
3    0.050847
4    0.041667
Name: 36, dtype: float64
2023-11-18 01:29:15,990 INFO Data Point: 1    0.194444
2    0.625000
3    0.101695
4    0.208333
Name: 37, dtype: float64
2023-11-18 01:29:15,991 INFO Data Point: 1    0.222222
2    0.750000
3    0.152542
4    0.125000
Name: 38, dtype: float64
2023-11-18 01:29:15,991 INFO Data Point: 1    0.138889
2    0.416667
3    0.067797
4    0.083333
Name: 39, dtype: float64
2023-11-18 01:29:15,992 INFO Data Point: 1    0.222222
2    0.750000
3    0.101695
4    0.041667
Name: 40, dtype: float64
2023-11-18 01:29:15,992 INFO Data Point: 1    0.083333
2    0.500000
3    0.067797
4    0.041667
Name: 41, dtype: float64
2023-11-18 01:29:15,993 INFO Data Point: 1    0.277778
2    0.708333
3    0.084746
4    0.041667
Name: 42, dtype: float64
2023-11-18 01:29:15,993 INFO Data Point: 1    0.194444
2    0.541667
3    0.067797
4    0.041667
Name: 43, dtype: float64
2023-11-18 01:29:15,994 INFO Data Point: 1    0.388889
2    0.750000
3    0.118644
4    0.083333
Name: 52, dtype: float64
2023-11-18 01:29:15,995 INFO Data Point: 1    0.305556
2    0.583333
3    0.084746
4    0.125000
Name: 53, dtype: float64
2023-11-18 01:29:15,996 INFO Data Point: 1    0.333333
2    0.625000
3    0.050847
4    0.041667
Name: 55, dtype: float64
2023-11-18 01:29:15,996 INFO Cluster 2: 38 points
2023-11-18 01:29:15,997 INFO Data Point: 1    0.388889
2    0.333333
3    0.593220
4    0.500000
Name: 57, dtype: float64
2023-11-18 01:29:15,997 INFO Data Point: 1    0.555556
2    0.541667
3    0.627119
4    0.625000
Name: 58, dtype: float64
2023-11-18 01:29:15,998 INFO Data Point: 1    0.444444
2    0.416667
3    0.542373
4    0.583333
Name: 59, dtype: float64
2023-11-18 01:29:15,999 INFO Data Point: 1    0.500000
2    0.375000
3    0.627119
4    0.541667
Name: 61, dtype: float64
2023-11-18 01:29:15,999 INFO Data Point: 1    0.361111
2    0.375000
3    0.440678
4    0.500000
Name: 62, dtype: float64
2023-11-18 01:29:16,000 INFO Data Point: 1    0.361111
2    0.416667
3    0.593220
4    0.583333
Name: 63, dtype: float64
2023-11-18 01:29:16,000 INFO Data Point: 1    0.416667
2    0.291667
3    0.525424
4    0.375000
Name: 64, dtype: float64
2023-11-18 01:29:16,001 INFO Data Point: 1    0.361111
2    0.208333
3    0.491525
4    0.416667
Name: 66, dtype: float64
2023-11-18 01:29:16,004 INFO Data Point: 1    0.500000
2    0.333333
3    0.508475
4    0.500000
Name: 68, dtype: float64
2023-11-18 01:29:16,005 INFO Data Point: 1    0.500000
2    0.333333
3    0.627119
4    0.458333
Name: 69, dtype: float64
2023-11-18 01:29:16,006 INFO Data Point: 1    0.472222
2    0.375000
3    0.593220
4    0.583333
Name: 70, dtype: float64
2023-11-18 01:29:16,007 INFO Data Point: 1    0.388889
2    0.250000
3    0.423729
4    0.375000
Name: 71, dtype: float64
2023-11-18 01:29:16,007 INFO Data Point: 1    0.333333
2    0.166667
3    0.474576
4    0.416667
Name: 72, dtype: float64
2023-11-18 01:29:16,008 INFO Data Point: 1    0.333333
2    0.166667
3    0.457627
4    0.375000
Name: 73, dtype: float64
2023-11-18 01:29:16,009 INFO Data Point: 1    0.416667
2    0.291667
3    0.491525
4    0.458333
Name: 74, dtype: float64
2023-11-18 01:29:16,010 INFO Data Point: 1    0.305556
2    0.416667
3    0.593220
4    0.583333
Name: 76, dtype: float64
2023-11-18 01:29:16,011 INFO Data Point: 1    0.361111
2    0.416667
3    0.525424
4    0.500000
Name: 78, dtype: float64
2023-11-18 01:29:16,012 INFO Data Point: 1    0.333333
2    0.208333
3    0.508475
4    0.500000
Name: 79, dtype: float64
2023-11-18 01:29:16,012 INFO Data Point: 1    0.333333
2    0.250000
3    0.576271
4    0.458333
Name: 80, dtype: float64
2023-11-18 01:29:16,013 INFO Data Point: 1    0.500000
2    0.416667
3    0.610169
4    0.541667
Name: 81, dtype: float64
2023-11-18 01:29:16,014 INFO Data Point: 1    0.416667
2    0.250000
3    0.508475
4    0.458333
Name: 82, dtype: float64
2023-11-18 01:29:16,014 INFO Data Point: 1    0.361111
2    0.291667
3    0.542373
4    0.500000
Name: 83, dtype: float64
2023-11-18 01:29:16,015 INFO Data Point: 1    0.388889
2    0.416667
3    0.542373
4    0.458333
Name: 84, dtype: float64
2023-11-18 01:29:16,016 INFO Data Point: 1    0.388889
2    0.375000
3    0.542373
4    0.500000
Name: 85, dtype: float64
2023-11-18 01:29:16,017 INFO Data Point: 1    0.527778
2    0.375000
3    0.559322
4    0.500000
Name: 86, dtype: float64
2023-11-18 01:29:16,018 INFO Data Point: 1    0.388889
2    0.333333
3    0.525424
4    0.500000
Name: 87, dtype: float64
2023-11-18 01:29:16,018 INFO Data Point: 1    0.750000
2    0.500000
3    0.627119
4    0.541667
Name: 100, dtype: float64
2023-11-18 01:29:16,019 INFO Data Point: 1    0.583333
2    0.500000
3    0.593220
4    0.583333
Name: 101, dtype: float64
2023-11-18 01:29:16,020 INFO Data Point: 1    0.722222
2    0.458333
3    0.661017
4    0.583333
Name: 102, dtype: float64
2023-11-18 01:29:16,020 INFO Data Point: 1    0.611111
2    0.333333
3    0.610169
4    0.583333
Name: 103, dtype: float64
2023-11-18 01:29:16,021 INFO Data Point: 1    0.638889
2    0.375000
3    0.610169
4    0.500000
Name: 104, dtype: float64
2023-11-18 01:29:16,022 INFO Data Point: 1    0.666667
2    0.458333
3    0.576271
4    0.541667
Name: 105, dtype: float64
2023-11-18 01:29:16,023 INFO Data Point: 1    0.583333
2    0.375000
3    0.559322
4    0.500000
Name: 107, dtype: float64
2023-11-18 01:29:16,023 INFO Data Point: 1    0.638889
2    0.416667
3    0.576271
4    0.541667
Name: 108, dtype: float64
2023-11-18 01:29:16,024 INFO Data Point: 1    0.694444
2    0.333333
3    0.644068
4    0.541667
Name: 109, dtype: float64
2023-11-18 01:29:16,026 INFO Data Point: 1    0.666667
2    0.416667
3    0.677966
4    0.666667
Name: 110, dtype: float64
2023-11-18 01:29:16,026 INFO Data Point: 1    0.666667
2    0.458333
3    0.627119
4    0.583333
Name: 111, dtype: float64
2023-11-18 01:29:16,027 INFO Data Point: 1    0.555556
2    0.333333
3    0.694915
4    0.583333
Name: 138, dtype: float64
2023-11-18 01:29:16,027 INFO Cluster 3: 3 points
2023-11-18 01:29:16,028 INFO Data Point: 1    0.500000
2    0.416667
3    0.661017
4    0.708333
Name: 94, dtype: float64
2023-11-18 01:29:16,028 INFO Data Point: 1    0.472222
2    0.416667
3    0.644068
4    0.708333
Name: 96, dtype: float64
2023-11-18 01:29:16,029 INFO Data Point: 1    0.444444
2    0.416667
3    0.694915
4    0.708333
Name: 99, dtype: float64
2023-11-18 01:29:16,029 INFO Cluster 4: 4 points
2023-11-18 01:29:16,030 INFO Data Point: 1    0.583333
2    0.291667
3    0.728814
4    0.750000
Name: 122, dtype: float64
2023-11-18 01:29:16,030 INFO Data Point: 1    0.555556
2    0.291667
3    0.661017
4    0.708333
Name: 130, dtype: float64
2023-11-18 01:29:16,031 INFO Data Point: 1    0.583333
2    0.333333
3    0.779661
4    0.833333
Name: 133, dtype: float64
2023-11-18 01:29:16,032 INFO Data Point: 1    0.555556
2    0.208333
3    0.677966
4    0.750000
Name: 148, dtype: float64
2023-11-18 01:29:16,032 INFO Cluster 5: 12 points
2023-11-18 01:29:16,033 INFO Data Point: 1    0.694444
2    0.416667
3    0.762712
4    0.833333
Name: 123, dtype: float64
2023-11-18 01:29:16,034 INFO Data Point: 1    0.611111
2    0.416667
3    0.762712
4    0.708333
Name: 125, dtype: float64
2023-11-18 01:29:16,034 INFO Data Point: 1    0.722222
2    0.500000
3    0.796610
4    0.916667
Name: 128, dtype: float64
2023-11-18 01:29:16,035 INFO Data Point: 1    0.666667
2    0.541667
3    0.796610
4    0.833333
Name: 131, dtype: float64
2023-11-18 01:29:16,035 INFO Data Point: 1    0.583333
2    0.458333
3    0.762712
4    0.708333
Name: 141, dtype: float64
2023-11-18 01:29:16,037 INFO Data Point: 1    0.722222
2    0.458333
3    0.745763
4    0.833333
Name: 142, dtype: float64
2023-11-18 01:29:16,038 INFO Data Point: 1    0.666667
2    0.458333
3    0.779661
4    0.958333
Name: 143, dtype: float64
2023-11-18 01:29:16,039 INFO Data Point: 1    0.722222
2    0.458333
3    0.694915
4    0.916667
Name: 144, dtype: float64
2023-11-18 01:29:16,040 INFO Data Point: 1    0.694444
2    0.500000
3    0.830508
4    0.916667
Name: 145, dtype: float64
2023-11-18 01:29:16,041 INFO Data Point: 1    0.666667
2    0.541667
3    0.796610
4    1.000000
Name: 146, dtype: float64
2023-11-18 01:29:16,041 INFO Data Point: 1    0.666667
2    0.416667
3    0.711864
4    0.916667
Name: 147, dtype: float64
2023-11-18 01:29:16,042 INFO Data Point: 1    0.611111
2    0.416667
3    0.711864
4    0.791667
Name: 149, dtype: float64
2023-11-18 01:29:16,042 INFO Noise: 49 points
2023-11-18 01:29:16,043 INFO Noise Point: 1    0.083333
2    0.666667
3    0.000000
4    0.041667
Name: 19, dtype: float64
2023-11-18 01:29:16,044 INFO Noise Point: 1    0.250000
2    0.875000
3    0.084746
4    0.000000
Name: 28, dtype: float64
2023-11-18 01:29:16,045 INFO Noise Point: 1    0.055556
2    0.125000
3    0.050847
4    0.083333
Name: 35, dtype: float64
2023-11-18 01:29:16,046 INFO Noise Point: 1    0.166667
2    0.166667
3    0.389831
4    0.375000
Name: 44, dtype: float64
2023-11-18 01:29:16,047 INFO Noise Point: 1    0.250000
2    0.291667
3    0.491525
4    0.541667
Name: 45, dtype: float64
2023-11-18 01:29:16,047 INFO Noise Point: 1    0.194444
2    0.000000
3    0.423729
4    0.375000
Name: 46, dtype: float64
2023-11-18 01:29:16,048 INFO Noise Point: 1    0.194444
2    0.125000
3    0.389831
4    0.375000
Name: 47, dtype: float64
2023-11-18 01:29:16,048 INFO Noise Point: 1    0.222222
2    0.208333
3    0.338983
4    0.416667
Name: 48, dtype: float64
2023-11-18 01:29:16,049 INFO Noise Point: 1    0.166667
2    0.208333
3    0.593220
4    0.666667
Name: 49, dtype: float64
2023-11-18 01:29:16,049 INFO Noise Point: 1    0.416667
2    0.833333
3    0.033898
4    0.041667
Name: 50, dtype: float64
2023-11-18 01:29:16,050 INFO Noise Point: 1    0.388889
2    1.000000
3    0.084746
4    0.125000
Name: 51, dtype: float64
2023-11-18 01:29:16,051 INFO Noise Point: 1    0.333333
2    0.916667
3    0.067797
4    0.041667
Name: 54, dtype: float64
2023-11-18 01:29:16,052 INFO Noise Point: 1    0.333333
2    0.125000
3    0.508475
4    0.500000
Name: 56, dtype: float64
2023-11-18 01:29:16,053 INFO Noise Point: 1    0.472222
2    0.083333
3    0.508475
4    0.375000
Name: 60, dtype: float64
2023-11-18 01:29:16,054 INFO Noise Point: 1    0.527778
2    0.083333
3    0.593220
4    0.583333
Name: 65, dtype: float64
2023-11-18 01:29:16,054 INFO Noise Point: 1    0.444444
2    0.500000
3    0.644068
4    0.708333
Name: 67, dtype: float64
2023-11-18 01:29:16,055 INFO Noise Point: 1    0.472222
2    0.291667
3    0.694915
4    0.625000
Name: 75, dtype: float64
2023-11-18 01:29:16,055 INFO Noise Point: 1    0.472222
2    0.583333
3    0.593220
4    0.625000
Name: 77, dtype: float64
2023-11-18 01:29:16,056 INFO Noise Point: 1    0.416667
2    0.291667
3    0.694915
4    0.750000
Name: 88, dtype: float64
2023-11-18 01:29:16,056 INFO Noise Point: 1    0.388889
2    0.208333
3    0.677966
4    0.791667
Name: 89, dtype: float64
2023-11-18 01:29:16,057 INFO Noise Point: 1    0.416667
2    0.333333
3    0.694915
4    0.958333
Name: 90, dtype: float64
2023-11-18 01:29:16,058 INFO Noise Point: 1    0.472222
2    0.083333
3    0.677966
4    0.583333
Name: 91, dtype: float64
2023-11-18 01:29:16,059 INFO Noise Point: 1    0.361111
2    0.333333
3    0.661017
4    0.791667
Name: 92, dtype: float64
2023-11-18 01:29:16,060 INFO Noise Point: 1    0.527778
2    0.333333
3    0.644068
4    0.708333
Name: 93, dtype: float64
2023-11-18 01:29:16,060 INFO Noise Point: 1    0.500000
2    0.250000
3    0.779661
4    0.541667
Name: 95, dtype: float64
2023-11-18 01:29:16,061 INFO Noise Point: 1    0.416667
2    0.291667
3    0.694915
4    0.750000
Name: 97, dtype: float64
2023-11-18 01:29:16,062 INFO Noise Point: 1    0.527778
2    0.583333
3    0.745763
4    0.916667
Name: 98, dtype: float64
2023-11-18 01:29:16,062 INFO Noise Point: 1    0.555556
2    0.208333
3    0.661017
4    0.583333
Name: 106, dtype: float64
2023-11-18 01:29:16,063 INFO Noise Point: 1    0.555556
2    0.125000
3    0.576271
4    0.500000
Name: 112, dtype: float64
2023-11-18 01:29:16,063 INFO Noise Point: 1    0.555556
2    0.541667
3    0.847458
4    1.000000
Name: 113, dtype: float64
2023-11-18 01:29:16,064 INFO Noise Point: 1    0.777778
2    0.416667
3    0.830508
4    0.833333
Name: 114, dtype: float64
2023-11-18 01:29:16,065 INFO Noise Point: 1    0.555556
2    0.375000
3    0.779661
4    0.708333
Name: 115, dtype: float64
2023-11-18 01:29:16,066 INFO Noise Point: 1    0.611111
2    0.416667
3    0.813559
4    0.875000
Name: 116, dtype: float64
2023-11-18 01:29:16,067 INFO Noise Point: 1    0.916667
2    0.416667
3    0.949153
4    0.833333
Name: 117, dtype: float64
2023-11-18 01:29:16,067 INFO Noise Point: 1    0.833333
2    0.375000
3    0.898305
4    0.708333
Name: 118, dtype: float64
2023-11-18 01:29:16,068 INFO Noise Point: 1    0.666667
2    0.208333
3    0.813559
4    0.708333
Name: 119, dtype: float64
2023-11-18 01:29:16,068 INFO Noise Point: 1    0.805556
2    0.666667
3    0.864407
4    1.000000
Name: 120, dtype: float64
2023-11-18 01:29:16,069 INFO Noise Point: 1    0.611111
2    0.500000
3    0.694915
4    0.791667
Name: 121, dtype: float64
2023-11-18 01:29:16,070 INFO Noise Point: 1    0.583333
2    0.500000
3    0.728814
4    0.916667
Name: 124, dtype: float64
2023-11-18 01:29:16,071 INFO Noise Point: 1    0.944444
2    0.750000
3    0.966102
4    0.875000
Name: 126, dtype: float64
2023-11-18 01:29:16,072 INFO Noise Point: 1    0.944444
2    0.250000
3    1.000000
4    0.916667
Name: 127, dtype: float64
2023-11-18 01:29:16,074 INFO Noise Point: 1    0.944444
2    0.333333
3    0.966102
4    0.791667
Name: 129, dtype: float64
2023-11-18 01:29:16,075 INFO Noise Point: 1    0.805556
2    0.500000
3    0.847458
4    0.708333
Name: 132, dtype: float64
2023-11-18 01:29:16,076 INFO Noise Point: 1    0.805556
2    0.416667
3    0.813559
4    0.625000
Name: 134, dtype: float64
2023-11-18 01:29:16,076 INFO Noise Point: 1    0.861111
2    0.333333
3    0.864407
4    0.750000
Name: 135, dtype: float64
2023-11-18 01:29:16,077 INFO Noise Point: 1    1.000000
2    0.750000
3    0.915254
4    0.791667
Name: 136, dtype: float64
2023-11-18 01:29:16,077 INFO Noise Point: 1    0.583333
2    0.333333
3    0.779661
4    0.875000
Name: 137, dtype: float64
2023-11-18 01:29:16,078 INFO Noise Point: 1    0.944444
2    0.416667
3    0.864407
4    0.916667
Name: 139, dtype: float64
2023-11-18 01:29:16,079 INFO Noise Point: 1    0.555556
2    0.583333
3    0.779661
4    0.958333
Name: 140, dtype: float64
