2023-11-18 01:25:35,325 INFO Iteration 1/10: Testing epsilon=0.33686692723802414, min_points=4
2023-11-18 01:25:43,113 INFO Noise count: 0
2023-11-18 01:25:43,116 INFO Epsilon=0.33686692723802414, Min Points=4, Purity=0.6266666666666667
2023-11-18 01:25:43,116 INFO New best performance: Purity=0.6266666666666667, Epsilon=0.33686692723802414, Min Points=4, Noise count: 0
2023-11-18 01:25:43,116 INFO Iteration 2/10: Testing epsilon=0.43295783093298545, min_points=4
2023-11-18 01:25:53,125 INFO Noise count: 0
2023-11-18 01:25:53,126 INFO Epsilon=0.43295783093298545, Min Points=4, Purity=0.6266666666666667
2023-11-18 01:25:53,126 INFO Iteration 3/10: Testing epsilon=0.4199077015946369, min_points=4
2023-11-18 01:26:03,804 INFO Noise count: 0
2023-11-18 01:26:03,805 INFO Epsilon=0.4199077015946369, Min Points=4, Purity=0.6266666666666667
2023-11-18 01:26:03,805 INFO Iteration 4/10: Testing epsilon=0.3523882719845735, min_points=4
2023-11-18 01:26:13,756 INFO Noise count: 0
2023-11-18 01:26:13,758 INFO Epsilon=0.3523882719845735, Min Points=4, Purity=0.6266666666666667
2023-11-18 01:26:13,758 INFO Iteration 5/10: Testing epsilon=0.4168340133220196, min_points=4
2023-11-18 01:26:24,359 INFO Noise count: 0
2023-11-18 01:26:24,360 INFO Epsilon=0.4168340133220196, Min Points=4, Purity=0.6266666666666667
2023-11-18 01:26:24,360 INFO Iteration 6/10: Testing epsilon=0.34941813844109615, min_points=4
2023-11-18 01:26:31,765 INFO Noise count: 0
2023-11-18 01:26:31,766 INFO Epsilon=0.34941813844109615, Min Points=4, Purity=0.6266666666666667
2023-11-18 01:26:31,766 INFO Iteration 7/10: Testing epsilon=0.42674943386359887, min_points=4
2023-11-18 01:26:38,913 INFO Noise count: 0
2023-11-18 01:26:38,914 INFO Epsilon=0.42674943386359887, Min Points=4, Purity=0.6266666666666667
2023-11-18 01:26:38,915 INFO Iteration 8/10: Testing epsilon=0.3624446173636106, min_points=4
2023-11-18 01:26:46,996 INFO Noise count: 0
2023-11-18 01:26:46,998 INFO Epsilon=0.3624446173636106, Min Points=4, Purity=0.6266666666666667
2023-11-18 01:26:46,998 INFO Iteration 9/10: Testing epsilon=0.3641461419410864, min_points=4
2023-11-18 01:26:54,291 INFO Noise count: 0
2023-11-18 01:26:54,293 INFO Epsilon=0.3641461419410864, Min Points=4, Purity=0.6266666666666667
2023-11-18 01:26:54,293 INFO Iteration 10/10: Testing epsilon=0.37110087594686353, min_points=4
2023-11-18 01:27:01,708 INFO Noise count: 0
2023-11-18 01:27:01,709 INFO Epsilon=0.37110087594686353, Min Points=4, Purity=0.6266666666666667
2023-11-18 01:27:01,709 INFO Best DBSCAN Parameters:
2023-11-18 01:27:01,709 INFO Epsilon=0.33686692723802414, Min Points=4
2023-11-18 01:27:01,709 INFO Best Performance: 0.6266666666666667
2023-11-18 01:27:09,373 INFO Final Clusters and Noise Points:
2023-11-18 01:27:09,373 INFO Cluster 1: 50 points
2023-11-18 01:27:09,375 INFO Data Point: 1    0.222222
2    0.625000
3    0.067797
4    0.041667
Name: 0, dtype: float64
2023-11-18 01:27:09,375 INFO Data Point: 1    0.166667
2    0.416667
3    0.067797
4    0.041667
Name: 1, dtype: float64
2023-11-18 01:27:09,376 INFO Data Point: 1    0.111111
2    0.500000
3    0.050847
4    0.041667
Name: 2, dtype: float64
2023-11-18 01:27:09,376 INFO Data Point: 1    0.083333
2    0.458333
3    0.084746
4    0.041667
Name: 3, dtype: float64
2023-11-18 01:27:09,377 INFO Data Point: 1    0.194444
2    0.666667
3    0.067797
4    0.041667
Name: 4, dtype: float64
2023-11-18 01:27:09,378 INFO Data Point: 1    0.305556
2    0.791667
3    0.118644
4    0.125000
Name: 5, dtype: float64
2023-11-18 01:27:09,379 INFO Data Point: 1    0.083333
2    0.583333
3    0.067797
4    0.083333
Name: 6, dtype: float64
2023-11-18 01:27:09,380 INFO Data Point: 1    0.194444
2    0.583333
3    0.084746
4    0.041667
Name: 7, dtype: float64
2023-11-18 01:27:09,381 INFO Data Point: 1    0.027778
2    0.375000
3    0.067797
4    0.041667
Name: 8, dtype: float64
2023-11-18 01:27:09,381 INFO Data Point: 1    0.166667
2    0.458333
3    0.084746
4    0.000000
Name: 9, dtype: float64
2023-11-18 01:27:09,382 INFO Data Point: 1    0.305556
2    0.708333
3    0.084746
4    0.041667
Name: 10, dtype: float64
2023-11-18 01:27:09,383 INFO Data Point: 1    0.138889
2    0.583333
3    0.101695
4    0.041667
Name: 11, dtype: float64
2023-11-18 01:27:09,383 INFO Data Point: 1    0.138889
2    0.416667
3    0.067797
4    0.000000
Name: 12, dtype: float64
2023-11-18 01:27:09,384 INFO Data Point: 1    0.000000
2    0.416667
3    0.016949
4    0.000000
Name: 13, dtype: float64
2023-11-18 01:27:09,385 INFO Data Point: 1    0.305556
2    0.791667
3    0.050847
4    0.125000
Name: 14, dtype: float64
2023-11-18 01:27:09,386 INFO Data Point: 1    0.222222
2    0.625000
3    0.067797
4    0.083333
Name: 15, dtype: float64
2023-11-18 01:27:09,387 INFO Data Point: 1    0.222222
2    0.750000
3    0.084746
4    0.083333
Name: 16, dtype: float64
2023-11-18 01:27:09,387 INFO Data Point: 1    0.305556
2    0.583333
3    0.118644
4    0.041667
Name: 17, dtype: float64
2023-11-18 01:27:09,388 INFO Data Point: 1    0.222222
2    0.708333
3    0.084746
4    0.125000
Name: 18, dtype: float64
2023-11-18 01:27:09,389 INFO Data Point: 1    0.083333
2    0.666667
3    0.000000
4    0.041667
Name: 19, dtype: float64
2023-11-18 01:27:09,389 INFO Data Point: 1    0.222222
2    0.541667
3    0.118644
4    0.166667
Name: 20, dtype: float64
2023-11-18 01:27:09,390 INFO Data Point: 1    0.138889
2    0.583333
3    0.152542
4    0.041667
Name: 21, dtype: float64
2023-11-18 01:27:09,390 INFO Data Point: 1    0.194444
2    0.416667
3    0.101695
4    0.041667
Name: 22, dtype: float64
2023-11-18 01:27:09,391 INFO Data Point: 1    0.194444
2    0.583333
3    0.101695
4    0.125000
Name: 23, dtype: float64
2023-11-18 01:27:09,391 INFO Data Point: 1    0.250000
2    0.625000
3    0.084746
4    0.041667
Name: 24, dtype: float64
2023-11-18 01:27:09,392 INFO Data Point: 1    0.250000
2    0.583333
3    0.067797
4    0.041667
Name: 25, dtype: float64
2023-11-18 01:27:09,393 INFO Data Point: 1    0.111111
2    0.500000
3    0.101695
4    0.041667
Name: 26, dtype: float64
2023-11-18 01:27:09,393 INFO Data Point: 1    0.138889
2    0.458333
3    0.101695
4    0.041667
Name: 27, dtype: float64
2023-11-18 01:27:09,394 INFO Data Point: 1    0.250000
2    0.875000
3    0.084746
4    0.000000
Name: 28, dtype: float64
2023-11-18 01:27:09,394 INFO Data Point: 1    0.166667
2    0.458333
3    0.084746
4    0.000000
Name: 29, dtype: float64
2023-11-18 01:27:09,395 INFO Data Point: 1    0.194444
2    0.500000
3    0.033898
4    0.041667
Name: 30, dtype: float64
2023-11-18 01:27:09,395 INFO Data Point: 1    0.166667
2    0.458333
3    0.084746
4    0.000000
Name: 31, dtype: float64
2023-11-18 01:27:09,396 INFO Data Point: 1    0.027778
2    0.416667
3    0.050847
4    0.041667
Name: 32, dtype: float64
2023-11-18 01:27:09,397 INFO Data Point: 1    0.222222
2    0.583333
3    0.084746
4    0.041667
Name: 33, dtype: float64
2023-11-18 01:27:09,398 INFO Data Point: 1    0.194444
2    0.625000
3    0.050847
4    0.083333
Name: 34, dtype: float64
2023-11-18 01:27:09,399 INFO Data Point: 1    0.055556
2    0.125000
3    0.050847
4    0.083333
Name: 35, dtype: float64
2023-11-18 01:27:09,400 INFO Data Point: 1    0.027778
2    0.500000
3    0.050847
4    0.041667
Name: 36, dtype: float64
2023-11-18 01:27:09,401 INFO Data Point: 1    0.194444
2    0.625000
3    0.101695
4    0.208333
Name: 37, dtype: float64
2023-11-18 01:27:09,401 INFO Data Point: 1    0.222222
2    0.750000
3    0.152542
4    0.125000
Name: 38, dtype: float64
2023-11-18 01:27:09,402 INFO Data Point: 1    0.138889
2    0.416667
3    0.067797
4    0.083333
Name: 39, dtype: float64
2023-11-18 01:27:09,403 INFO Data Point: 1    0.222222
2    0.750000
3    0.101695
4    0.041667
Name: 40, dtype: float64
2023-11-18 01:27:09,403 INFO Data Point: 1    0.083333
2    0.500000
3    0.067797
4    0.041667
Name: 41, dtype: float64
2023-11-18 01:27:09,404 INFO Data Point: 1    0.277778
2    0.708333
3    0.084746
4    0.041667
Name: 42, dtype: float64
2023-11-18 01:27:09,405 INFO Data Point: 1    0.194444
2    0.541667
3    0.067797
4    0.041667
Name: 43, dtype: float64
2023-11-18 01:27:09,406 INFO Data Point: 1    0.416667
2    0.833333
3    0.033898
4    0.041667
Name: 50, dtype: float64
2023-11-18 01:27:09,407 INFO Data Point: 1    0.388889
2    1.000000
3    0.084746
4    0.125000
Name: 51, dtype: float64
2023-11-18 01:27:09,408 INFO Data Point: 1    0.388889
2    0.750000
3    0.118644
4    0.083333
Name: 52, dtype: float64
2023-11-18 01:27:09,408 INFO Data Point: 1    0.305556
2    0.583333
3    0.084746
4    0.125000
Name: 53, dtype: float64
2023-11-18 01:27:09,409 INFO Data Point: 1    0.333333
2    0.916667
3    0.067797
4    0.041667
Name: 54, dtype: float64
2023-11-18 01:27:09,409 INFO Data Point: 1    0.333333
2    0.625000
3    0.050847
4    0.041667
Name: 55, dtype: float64
2023-11-18 01:27:09,409 INFO Cluster 2: 100 points
2023-11-18 01:27:09,410 INFO Data Point: 1    0.166667
2    0.166667
3    0.389831
4    0.375000
Name: 44, dtype: float64
2023-11-18 01:27:09,410 INFO Data Point: 1    0.250000
2    0.291667
3    0.491525
4    0.541667
Name: 45, dtype: float64
2023-11-18 01:27:09,412 INFO Data Point: 1    0.194444
2    0.000000
3    0.423729
4    0.375000
Name: 46, dtype: float64
2023-11-18 01:27:09,412 INFO Data Point: 1    0.194444
2    0.125000
3    0.389831
4    0.375000
Name: 47, dtype: float64
2023-11-18 01:27:09,413 INFO Data Point: 1    0.222222
2    0.208333
3    0.338983
4    0.416667
Name: 48, dtype: float64
2023-11-18 01:27:09,414 INFO Data Point: 1    0.166667
2    0.208333
3    0.593220
4    0.666667
Name: 49, dtype: float64
2023-11-18 01:27:09,415 INFO Data Point: 1    0.333333
2    0.125000
3    0.508475
4    0.500000
Name: 56, dtype: float64
2023-11-18 01:27:09,416 INFO Data Point: 1    0.388889
2    0.333333
3    0.593220
4    0.500000
Name: 57, dtype: float64
2023-11-18 01:27:09,416 INFO Data Point: 1    0.555556
2    0.541667
3    0.627119
4    0.625000
Name: 58, dtype: float64
2023-11-18 01:27:09,417 INFO Data Point: 1    0.444444
2    0.416667
3    0.542373
4    0.583333
Name: 59, dtype: float64
2023-11-18 01:27:09,419 INFO Data Point: 1    0.472222
2    0.083333
3    0.508475
4    0.375000
Name: 60, dtype: float64
2023-11-18 01:27:09,421 INFO Data Point: 1    0.500000
2    0.375000
3    0.627119
4    0.541667
Name: 61, dtype: float64
2023-11-18 01:27:09,421 INFO Data Point: 1    0.361111
2    0.375000
3    0.440678
4    0.500000
Name: 62, dtype: float64
2023-11-18 01:27:09,422 INFO Data Point: 1    0.361111
2    0.416667
3    0.593220
4    0.583333
Name: 63, dtype: float64
2023-11-18 01:27:09,423 INFO Data Point: 1    0.416667
2    0.291667
3    0.525424
4    0.375000
Name: 64, dtype: float64
2023-11-18 01:27:09,423 INFO Data Point: 1    0.527778
2    0.083333
3    0.593220
4    0.583333
Name: 65, dtype: float64
2023-11-18 01:27:09,424 INFO Data Point: 1    0.361111
2    0.208333
3    0.491525
4    0.416667
Name: 66, dtype: float64
2023-11-18 01:27:09,424 INFO Data Point: 1    0.444444
2    0.500000
3    0.644068
4    0.708333
Name: 67, dtype: float64
2023-11-18 01:27:09,426 INFO Data Point: 1    0.500000
2    0.333333
3    0.508475
4    0.500000
Name: 68, dtype: float64
2023-11-18 01:27:09,427 INFO Data Point: 1    0.500000
2    0.333333
3    0.627119
4    0.458333
Name: 69, dtype: float64
2023-11-18 01:27:09,427 INFO Data Point: 1    0.472222
2    0.375000
3    0.593220
4    0.583333
Name: 70, dtype: float64
2023-11-18 01:27:09,428 INFO Data Point: 1    0.388889
2    0.250000
3    0.423729
4    0.375000
Name: 71, dtype: float64
2023-11-18 01:27:09,429 INFO Data Point: 1    0.333333
2    0.166667
3    0.474576
4    0.416667
Name: 72, dtype: float64
2023-11-18 01:27:09,429 INFO Data Point: 1    0.333333
2    0.166667
3    0.457627
4    0.375000
Name: 73, dtype: float64
2023-11-18 01:27:09,430 INFO Data Point: 1    0.416667
2    0.291667
3    0.491525
4    0.458333
Name: 74, dtype: float64
2023-11-18 01:27:09,430 INFO Data Point: 1    0.472222
2    0.291667
3    0.694915
4    0.625000
Name: 75, dtype: float64
2023-11-18 01:27:09,431 INFO Data Point: 1    0.305556
2    0.416667
3    0.593220
4    0.583333
Name: 76, dtype: float64
2023-11-18 01:27:09,431 INFO Data Point: 1    0.472222
2    0.583333
3    0.593220
4    0.625000
Name: 77, dtype: float64
2023-11-18 01:27:09,432 INFO Data Point: 1    0.361111
2    0.416667
3    0.525424
4    0.500000
Name: 78, dtype: float64
2023-11-18 01:27:09,432 INFO Data Point: 1    0.333333
2    0.208333
3    0.508475
4    0.500000
Name: 79, dtype: float64
2023-11-18 01:27:09,433 INFO Data Point: 1    0.333333
2    0.250000
3    0.576271
4    0.458333
Name: 80, dtype: float64
2023-11-18 01:27:09,434 INFO Data Point: 1    0.500000
2    0.416667
3    0.610169
4    0.541667
Name: 81, dtype: float64
2023-11-18 01:27:09,435 INFO Data Point: 1    0.416667
2    0.250000
3    0.508475
4    0.458333
Name: 82, dtype: float64
2023-11-18 01:27:09,435 INFO Data Point: 1    0.361111
2    0.291667
3    0.542373
4    0.500000
Name: 83, dtype: float64
2023-11-18 01:27:09,436 INFO Data Point: 1    0.388889
2    0.416667
3    0.542373
4    0.458333
Name: 84, dtype: float64
2023-11-18 01:27:09,436 INFO Data Point: 1    0.388889
2    0.375000
3    0.542373
4    0.500000
Name: 85, dtype: float64
2023-11-18 01:27:09,437 INFO Data Point: 1    0.527778
2    0.375000
3    0.559322
4    0.500000
Name: 86, dtype: float64
2023-11-18 01:27:09,437 INFO Data Point: 1    0.388889
2    0.333333
3    0.525424
4    0.500000
Name: 87, dtype: float64
2023-11-18 01:27:09,438 INFO Data Point: 1    0.416667
2    0.291667
3    0.694915
4    0.750000
Name: 88, dtype: float64
2023-11-18 01:27:09,438 INFO Data Point: 1    0.388889
2    0.208333
3    0.677966
4    0.791667
Name: 89, dtype: float64
2023-11-18 01:27:09,439 INFO Data Point: 1    0.416667
2    0.333333
3    0.694915
4    0.958333
Name: 90, dtype: float64
2023-11-18 01:27:09,440 INFO Data Point: 1    0.472222
2    0.083333
3    0.677966
4    0.583333
Name: 91, dtype: float64
2023-11-18 01:27:09,441 INFO Data Point: 1    0.361111
2    0.333333
3    0.661017
4    0.791667
Name: 92, dtype: float64
2023-11-18 01:27:09,442 INFO Data Point: 1    0.527778
2    0.333333
3    0.644068
4    0.708333
Name: 93, dtype: float64
2023-11-18 01:27:09,443 INFO Data Point: 1    0.500000
2    0.416667
3    0.661017
4    0.708333
Name: 94, dtype: float64
2023-11-18 01:27:09,443 INFO Data Point: 1    0.500000
2    0.250000
3    0.779661
4    0.541667
Name: 95, dtype: float64
2023-11-18 01:27:09,444 INFO Data Point: 1    0.472222
2    0.416667
3    0.644068
4    0.708333
Name: 96, dtype: float64
2023-11-18 01:27:09,444 INFO Data Point: 1    0.416667
2    0.291667
3    0.694915
4    0.750000
Name: 97, dtype: float64
2023-11-18 01:27:09,445 INFO Data Point: 1    0.527778
2    0.583333
3    0.745763
4    0.916667
Name: 98, dtype: float64
2023-11-18 01:27:09,445 INFO Data Point: 1    0.444444
2    0.416667
3    0.694915
4    0.708333
Name: 99, dtype: float64
2023-11-18 01:27:09,447 INFO Data Point: 1    0.750000
2    0.500000
3    0.627119
4    0.541667
Name: 100, dtype: float64
2023-11-18 01:27:09,448 INFO Data Point: 1    0.583333
2    0.500000
3    0.593220
4    0.583333
Name: 101, dtype: float64
2023-11-18 01:27:09,449 INFO Data Point: 1    0.722222
2    0.458333
3    0.661017
4    0.583333
Name: 102, dtype: float64
2023-11-18 01:27:09,449 INFO Data Point: 1    0.611111
2    0.333333
3    0.610169
4    0.583333
Name: 103, dtype: float64
2023-11-18 01:27:09,450 INFO Data Point: 1    0.638889
2    0.375000
3    0.610169
4    0.500000
Name: 104, dtype: float64
2023-11-18 01:27:09,450 INFO Data Point: 1    0.666667
2    0.458333
3    0.576271
4    0.541667
Name: 105, dtype: float64
2023-11-18 01:27:09,451 INFO Data Point: 1    0.555556
2    0.208333
3    0.661017
4    0.583333
Name: 106, dtype: float64
2023-11-18 01:27:09,451 INFO Data Point: 1    0.583333
2    0.375000
3    0.559322
4    0.500000
Name: 107, dtype: float64
2023-11-18 01:27:09,452 INFO Data Point: 1    0.638889
2    0.416667
3    0.576271
4    0.541667
Name: 108, dtype: float64
2023-11-18 01:27:09,452 INFO Data Point: 1    0.694444
2    0.333333
3    0.644068
4    0.541667
Name: 109, dtype: float64
2023-11-18 01:27:09,453 INFO Data Point: 1    0.666667
2    0.416667
3    0.677966
4    0.666667
Name: 110, dtype: float64
2023-11-18 01:27:09,454 INFO Data Point: 1    0.666667
2    0.458333
3    0.627119
4    0.583333
Name: 111, dtype: float64
2023-11-18 01:27:09,455 INFO Data Point: 1    0.555556
2    0.125000
3    0.576271
4    0.500000
Name: 112, dtype: float64
2023-11-18 01:27:09,456 INFO Data Point: 1    0.555556
2    0.541667
3    0.847458
4    1.000000
Name: 113, dtype: float64
2023-11-18 01:27:09,456 INFO Data Point: 1    0.777778
2    0.416667
3    0.830508
4    0.833333
Name: 114, dtype: float64
2023-11-18 01:27:09,457 INFO Data Point: 1    0.555556
2    0.375000
3    0.779661
4    0.708333
Name: 115, dtype: float64
2023-11-18 01:27:09,458 INFO Data Point: 1    0.611111
2    0.416667
3    0.813559
4    0.875000
Name: 116, dtype: float64
2023-11-18 01:27:09,458 INFO Data Point: 1    0.916667
2    0.416667
3    0.949153
4    0.833333
Name: 117, dtype: float64
2023-11-18 01:27:09,459 INFO Data Point: 1    0.833333
2    0.375000
3    0.898305
4    0.708333
Name: 118, dtype: float64
2023-11-18 01:27:09,460 INFO Data Point: 1    0.666667
2    0.208333
3    0.813559
4    0.708333
Name: 119, dtype: float64
2023-11-18 01:27:09,461 INFO Data Point: 1    0.805556
2    0.666667
3    0.864407
4    1.000000
Name: 120, dtype: float64
2023-11-18 01:27:09,462 INFO Data Point: 1    0.611111
2    0.500000
3    0.694915
4    0.791667
Name: 121, dtype: float64
2023-11-18 01:27:09,463 INFO Data Point: 1    0.583333
2    0.291667
3    0.728814
4    0.750000
Name: 122, dtype: float64
2023-11-18 01:27:09,463 INFO Data Point: 1    0.694444
2    0.416667
3    0.762712
4    0.833333
Name: 123, dtype: float64
2023-11-18 01:27:09,464 INFO Data Point: 1    0.583333
2    0.500000
3    0.728814
4    0.916667
Name: 124, dtype: float64
2023-11-18 01:27:09,464 INFO Data Point: 1    0.611111
2    0.416667
3    0.762712
4    0.708333
Name: 125, dtype: float64
2023-11-18 01:27:09,465 INFO Data Point: 1    0.944444
2    0.750000
3    0.966102
4    0.875000
Name: 126, dtype: float64
2023-11-18 01:27:09,465 INFO Data Point: 1    0.944444
2    0.250000
3    1.000000
4    0.916667
Name: 127, dtype: float64
2023-11-18 01:27:09,466 INFO Data Point: 1    0.722222
2    0.500000
3    0.796610
4    0.916667
Name: 128, dtype: float64
2023-11-18 01:27:09,466 INFO Data Point: 1    0.944444
2    0.333333
3    0.966102
4    0.791667
Name: 129, dtype: float64
2023-11-18 01:27:09,467 INFO Data Point: 1    0.555556
2    0.291667
3    0.661017
4    0.708333
Name: 130, dtype: float64
2023-11-18 01:27:09,468 INFO Data Point: 1    0.666667
2    0.541667
3    0.796610
4    0.833333
Name: 131, dtype: float64
2023-11-18 01:27:09,469 INFO Data Point: 1    0.805556
2    0.500000
3    0.847458
4    0.708333
Name: 132, dtype: float64
2023-11-18 01:27:09,470 INFO Data Point: 1    0.583333
2    0.333333
3    0.779661
4    0.833333
Name: 133, dtype: float64
2023-11-18 01:27:09,471 INFO Data Point: 1    0.805556
2    0.416667
3    0.813559
4    0.625000
Name: 134, dtype: float64
2023-11-18 01:27:09,471 INFO Data Point: 1    0.861111
2    0.333333
3    0.864407
4    0.750000
Name: 135, dtype: float64
2023-11-18 01:27:09,472 INFO Data Point: 1    1.000000
2    0.750000
3    0.915254
4    0.791667
Name: 136, dtype: float64
2023-11-18 01:27:09,472 INFO Data Point: 1    0.583333
2    0.333333
3    0.779661
4    0.875000
Name: 137, dtype: float64
2023-11-18 01:27:09,473 INFO Data Point: 1    0.555556
2    0.333333
3    0.694915
4    0.583333
Name: 138, dtype: float64
2023-11-18 01:27:09,473 INFO Data Point: 1    0.944444
2    0.416667
3    0.864407
4    0.916667
Name: 139, dtype: float64
2023-11-18 01:27:09,474 INFO Data Point: 1    0.555556
2    0.583333
3    0.779661
4    0.958333
Name: 140, dtype: float64
2023-11-18 01:27:09,475 INFO Data Point: 1    0.583333
2    0.458333
3    0.762712
4    0.708333
Name: 141, dtype: float64
2023-11-18 01:27:09,476 INFO Data Point: 1    0.722222
2    0.458333
3    0.745763
4    0.833333
Name: 142, dtype: float64
2023-11-18 01:27:09,477 INFO Data Point: 1    0.666667
2    0.458333
3    0.779661
4    0.958333
Name: 143, dtype: float64
2023-11-18 01:27:09,478 INFO Data Point: 1    0.722222
2    0.458333
3    0.694915
4    0.916667
Name: 144, dtype: float64
2023-11-18 01:27:09,478 INFO Data Point: 1    0.694444
2    0.500000
3    0.830508
4    0.916667
Name: 145, dtype: float64
2023-11-18 01:27:09,479 INFO Data Point: 1    0.666667
2    0.541667
3    0.796610
4    1.000000
Name: 146, dtype: float64
2023-11-18 01:27:09,480 INFO Data Point: 1    0.666667
2    0.416667
3    0.711864
4    0.916667
Name: 147, dtype: float64
2023-11-18 01:27:09,480 INFO Data Point: 1    0.555556
2    0.208333
3    0.677966
4    0.750000
Name: 148, dtype: float64
2023-11-18 01:27:09,481 INFO Data Point: 1    0.611111
2    0.416667
3    0.711864
4    0.791667
Name: 149, dtype: float64
2023-11-18 01:27:09,482 INFO Noise: 0 points
