2023-11-17 12:45:55,574 INFO Iteration 1/20: Testing epsilon=0.1016055941806821, min_points=5
2023-11-17 12:45:55,674 INFO Noise count: 19
2023-11-17 12:45:55,675 INFO Epsilon=0.1016055941806821, Min Points=5, Purity=0.05263157894736842
2023-11-17 12:45:55,675 INFO New best performance: Purity=0.05263157894736842, Epsilon=0.1016055941806821, Min Points=5, Noise count: 19
2023-11-17 12:45:55,675 INFO Iteration 2/20: Testing epsilon=0.58614963601775, min_points=5
2023-11-17 12:45:55,750 INFO Noise count: 2
2023-11-17 12:45:55,751 INFO Epsilon=0.58614963601775, Min Points=5, Purity=0.10526315789473684
2023-11-17 12:45:55,751 INFO New best performance: Purity=0.10526315789473684, Epsilon=0.58614963601775, Min Points=5, Noise count: 2
2023-11-17 12:45:55,751 INFO Iteration 3/20: Testing epsilon=0.49369570440848853, min_points=5
2023-11-17 12:45:55,830 INFO Noise count: 2
2023-11-17 12:45:55,832 INFO Epsilon=0.49369570440848853, Min Points=5, Purity=0.10526315789473684
2023-11-17 12:45:55,832 INFO Iteration 4/20: Testing epsilon=0.4310309946216506, min_points=5
2023-11-17 12:45:55,908 INFO Noise count: 2
2023-11-17 12:45:55,909 INFO Epsilon=0.4310309946216506, Min Points=5, Purity=0.10526315789473684
2023-11-17 12:45:55,909 INFO Iteration 5/20: Testing epsilon=0.1033973185781537, min_points=4
2023-11-17 12:45:55,987 INFO Noise count: 19
2023-11-17 12:45:55,987 INFO Epsilon=0.1033973185781537, Min Points=4, Purity=0.05263157894736842
2023-11-17 12:45:55,988 INFO Iteration 6/20: Testing epsilon=0.20653222505894786, min_points=4
2023-11-17 12:45:56,063 INFO Noise count: 9
2023-11-17 12:45:56,064 INFO Epsilon=0.20653222505894786, Min Points=4, Purity=0.15789473684210525
2023-11-17 12:45:56,064 INFO New best performance: Purity=0.15789473684210525, Epsilon=0.20653222505894786, Min Points=4, Noise count: 9
2023-11-17 12:45:56,064 INFO Iteration 7/20: Testing epsilon=0.16126147059927465, min_points=5
2023-11-17 12:45:56,142 INFO Noise count: 19
2023-11-17 12:45:56,143 INFO Epsilon=0.16126147059927465, Min Points=5, Purity=0.05263157894736842
2023-11-17 12:45:56,143 INFO Iteration 8/20: Testing epsilon=0.4829214628772671, min_points=4
2023-11-17 12:45:56,218 INFO Noise count: 2
2023-11-17 12:45:56,219 INFO Epsilon=0.4829214628772671, Min Points=4, Purity=0.10526315789473684
2023-11-17 12:45:56,219 INFO Iteration 9/20: Testing epsilon=0.21656516166656564, min_points=4
2023-11-17 12:45:56,295 INFO Noise count: 9
2023-11-17 12:45:56,296 INFO Epsilon=0.21656516166656564, Min Points=4, Purity=0.15789473684210525
2023-11-17 12:45:56,296 INFO Iteration 10/20: Testing epsilon=0.46087915585594863, min_points=5
2023-11-17 12:45:56,370 INFO Noise count: 2
2023-11-17 12:45:56,371 INFO Epsilon=0.46087915585594863, Min Points=5, Purity=0.10526315789473684
2023-11-17 12:45:56,371 INFO Iteration 11/20: Testing epsilon=0.5257959397884366, min_points=4
2023-11-17 12:45:56,449 INFO Noise count: 2
2023-11-17 12:45:56,450 INFO Epsilon=0.5257959397884366, Min Points=4, Purity=0.10526315789473684
2023-11-17 12:45:56,450 INFO Iteration 12/20: Testing epsilon=0.5056822116599977, min_points=4
2023-11-17 12:45:56,527 INFO Noise count: 2
2023-11-17 12:45:56,527 INFO Epsilon=0.5056822116599977, Min Points=4, Purity=0.10526315789473684
2023-11-17 12:45:56,528 INFO Iteration 13/20: Testing epsilon=0.524260199859719, min_points=4
2023-11-17 12:45:56,602 INFO Noise count: 2
2023-11-17 12:45:56,603 INFO Epsilon=0.524260199859719, Min Points=4, Purity=0.10526315789473684
2023-11-17 12:45:56,603 INFO Iteration 14/20: Testing epsilon=0.4773473044308738, min_points=5
2023-11-17 12:45:56,680 INFO Noise count: 2
2023-11-17 12:45:56,681 INFO Epsilon=0.4773473044308738, Min Points=5, Purity=0.10526315789473684
2023-11-17 12:45:56,681 INFO Iteration 15/20: Testing epsilon=0.5479360846035509, min_points=4
2023-11-17 12:45:56,755 INFO Noise count: 2
2023-11-17 12:45:56,756 INFO Epsilon=0.5479360846035509, Min Points=4, Purity=0.10526315789473684
2023-11-17 12:45:56,756 INFO Iteration 16/20: Testing epsilon=0.25468221064018937, min_points=5
2023-11-17 12:45:56,832 INFO Noise count: 12
2023-11-17 12:45:56,833 INFO Epsilon=0.25468221064018937, Min Points=5, Purity=0.15789473684210525
2023-11-17 12:45:56,834 INFO Iteration 17/20: Testing epsilon=0.2186115743795382, min_points=5
2023-11-17 12:45:56,910 INFO Noise count: 13
2023-11-17 12:45:56,911 INFO Epsilon=0.2186115743795382, Min Points=5, Purity=0.10526315789473684
2023-11-17 12:45:56,911 INFO Iteration 18/20: Testing epsilon=0.311272480811398, min_points=5
2023-11-17 12:45:56,986 INFO Noise count: 5
2023-11-17 12:45:56,987 INFO Epsilon=0.311272480811398, Min Points=5, Purity=0.15789473684210525
2023-11-17 12:45:56,987 INFO Iteration 19/20: Testing epsilon=0.5472231145404852, min_points=4
2023-11-17 12:45:57,060 INFO Noise count: 2
2023-11-17 12:45:57,061 INFO Epsilon=0.5472231145404852, Min Points=4, Purity=0.10526315789473684
2023-11-17 12:45:57,061 INFO Iteration 20/20: Testing epsilon=0.4943384812556113, min_points=5
2023-11-17 12:45:57,138 INFO Noise count: 2
2023-11-17 12:45:57,139 INFO Epsilon=0.4943384812556113, Min Points=5, Purity=0.10526315789473684
2023-11-17 12:45:57,139 INFO Best DBSCAN Parameters:
2023-11-17 12:45:57,139 INFO Epsilon=0.20653222505894786, Min Points=4
2023-11-17 12:45:57,139 INFO Best Performance: 0.15789473684210525
2023-11-17 12:45:57,241 INFO Final Clusters and Noise Points:
2023-11-17 12:45:57,241 INFO Cluster 1: 6 points
2023-11-17 12:45:57,242 INFO Data Point: 1    0.316660
2    0.231979
3    0.229718
Name: 0, dtype: float64
2023-11-17 12:45:57,243 INFO Data Point: 1    0.320864
2    0.234578
3    0.140845
Name: 1, dtype: float64
2023-11-17 12:45:57,243 INFO Data Point: 1    0.313890
2    0.240284
3    0.182606
Name: 2, dtype: float64
2023-11-17 12:45:57,244 INFO Data Point: 1    0.152587
2    0.229633
3    0.182394
Name: 5, dtype: float64
2023-11-17 12:45:57,244 INFO Data Point: 1    0.152587
2    0.229633
3    0.183521
Name: 6, dtype: float64
2023-11-17 12:45:57,245 INFO Data Point: 1    0.389294
2    0.348697
3    0.366197
Name: 11, dtype: float64
2023-11-17 12:45:57,245 INFO Cluster 2: 4 points
2023-11-17 12:45:57,246 INFO Data Point: 1    0.084145
2    0.297978
3    0.605634
Name: 12, dtype: float64
2023-11-17 12:45:57,246 INFO Data Point: 1    0.115904
2    0.234578
3    0.619718
Name: 13, dtype: float64
2023-11-17 12:45:57,246 INFO Data Point: 1    0.143734
2    0.355037
3    0.683099
Name: 14, dtype: float64
2023-11-17 12:45:57,247 INFO Data Point: 1    0.068573
2    0.224561
3    0.777676
Name: 15, dtype: float64
2023-11-17 12:45:57,247 INFO Noise: 9 points
2023-11-17 12:45:57,247 INFO Noise Point: 1    0.99577
2    1.00000
3    0.57500
Name: 3, dtype: float64
2023-11-17 12:45:57,248 INFO Noise Point: 1    1.000000
2    0.955240
3    0.565845
Name: 4, dtype: float64
2023-11-17 12:45:57,248 INFO Noise Point: 1    0.264785
2    0.105624
3    0.871549
Name: 7, dtype: float64
2023-11-17 12:45:57,249 INFO Noise Point: 1    0.182369
2    0.069739
3    1.000000
Name: 8, dtype: float64
2023-11-17 12:45:57,249 INFO Noise Point: 1    0.264785
2    0.105624
3    0.871549
Name: 9, dtype: float64
2023-11-17 12:45:57,250 INFO Noise Point: 1    0.331996
2    0.000000
3    0.471831
Name: 10, dtype: float64
2023-11-17 12:45:57,250 INFO Noise Point: 1    0.525170
2    0.050720
3    0.767606
Name: 16, dtype: float64
2023-11-17 12:45:57,251 INFO Noise Point: 1    0.425309
2    0.570595
3    0.000000
Name: 17, dtype: float64
2023-11-17 12:45:57,251 INFO Noise Point: 1    0.000000
2    0.729094
3    0.626761
Name: 18, dtype: float64
