2023-11-15 22:19:11,748 INFO k=2: SSE=2.5064977216921838
2023-11-15 22:19:11,752 INFO k=2: Purity=0.10526315789473684
2023-11-15 22:19:11,865 INFO k=3: SSE=1.1486420365586698
2023-11-15 22:19:11,867 INFO k=3: Purity=0.15789473684210525
2023-11-15 22:19:12,034 INFO k=4: SSE=0.7060806916262505
2023-11-15 22:19:12,036 INFO k=4: Purity=0.21052631578947367
2023-11-15 22:19:12,271 INFO k=5: SSE=0.6811268362823172
2023-11-15 22:19:12,276 INFO k=5: Purity=0.2631578947368421
2023-11-15 22:19:12,704 INFO k=6: SSE=0.471123187136515
2023-11-15 22:19:12,718 INFO k=6: Purity=0.3157894736842105
2023-11-15 22:19:13,258 INFO k=7: SSE=0.2052422863648634
2023-11-15 22:19:13,265 INFO k=7: Purity=0.3684210526315789
2023-11-15 22:19:13,793 INFO k=8: SSE=0.14155673681149664
2023-11-15 22:19:13,798 INFO k=8: Purity=0.42105263157894735
2023-11-15 22:19:14,536 INFO k=9: SSE=0.08686132106420577
2023-11-15 22:19:14,542 INFO k=9: Purity=0.47368421052631576
2023-11-15 22:19:15,144 INFO k=10: SSE=0.06643757643016936
2023-11-15 22:19:15,151 INFO k=10: Purity=0.5263157894736842
2023-11-15 22:19:16,015 INFO k=11: SSE=0.03389974171980365
2023-11-15 22:19:16,023 INFO k=11: Purity=0.5789473684210527
2023-11-15 22:19:17,037 INFO k=12: SSE=0.01751327517591628
2023-11-15 22:19:17,045 INFO k=12: Purity=0.631578947368421
2023-11-15 22:19:18,449 INFO k=13: SSE=0.007681228720115922
2023-11-15 22:19:18,467 INFO k=13: Purity=0.6842105263157895
2023-11-15 22:19:20,030 INFO k=14: SSE=0.00457903897440017
2023-11-15 22:19:20,044 INFO k=14: Purity=0.7368421052631579
2023-11-15 22:19:21,446 INFO k=15: SSE=0.001965787452501235
2023-11-15 22:19:21,459 INFO k=15: Purity=0.7894736842105263
2023-11-15 22:19:23,466 INFO k=16: SSE=0.0009132036354271155
2023-11-15 22:19:23,482 INFO k=16: Purity=0.8421052631578947
2023-11-15 22:19:25,141 INFO k=17: SSE=6.347946835943794e-07
2023-11-15 22:19:25,150 INFO k=17: Purity=0.8947368421052632
2023-11-15 22:19:27,041 INFO k=18: SSE=0.0
2023-11-15 22:19:27,055 INFO k=18: Purity=0.9473684210526315
2023-11-15 22:19:29,543 INFO k=19: SSE=0.0
2023-11-15 22:19:29,554 INFO k=19: Purity=0.9473684210526315
2023-11-15 22:19:31,479 INFO k=20: SSE=0.0
2023-11-15 22:19:31,494 INFO k=20: Purity=0.9473684210526315
2023-11-15 22:19:34,937 INFO k=21: SSE=0.0
2023-11-15 22:19:34,949 INFO k=21: Purity=0.9473684210526315
2023-11-15 22:19:38,326 INFO k=22: SSE=0.0
2023-11-15 22:19:38,339 INFO k=22: Purity=0.9473684210526315
2023-11-15 22:19:41,831 INFO k=23: SSE=0.0
2023-11-15 22:19:41,856 INFO k=23: Purity=0.9473684210526315
2023-11-15 22:19:45,762 INFO k=24: SSE=0.0
2023-11-15 22:19:45,779 INFO k=24: Purity=0.9473684210526315
2023-11-15 22:19:48,627 INFO k=25: SSE=0.0
2023-11-15 22:19:48,639 INFO k=25: Purity=0.9473684210526315
2023-11-15 22:19:51,556 INFO k=26: SSE=0.0
2023-11-15 22:19:51,567 INFO k=26: Purity=0.9473684210526315
2023-11-15 22:19:54,928 INFO k=27: SSE=0.0
2023-11-15 22:19:54,938 INFO k=27: Purity=0.9473684210526315
2023-11-15 22:19:58,546 INFO k=28: SSE=0.0
2023-11-15 22:19:58,564 INFO k=28: Purity=0.9473684210526315
2023-11-15 22:20:02,866 INFO k=29: SSE=0.0
2023-11-15 22:20:02,883 INFO k=29: Purity=0.9473684210526315
2023-11-15 22:20:07,745 INFO k=30: SSE=0.0
2023-11-15 22:20:07,756 INFO k=30: Purity=0.9473684210526315
2023-11-15 22:20:12,169 INFO k=31: SSE=0.0
2023-11-15 22:20:12,180 INFO k=31: Purity=0.9473684210526315
2023-11-15 22:20:16,798 INFO k=32: SSE=0.0
2023-11-15 22:20:16,813 INFO k=32: Purity=0.9473684210526315
2023-11-15 22:20:22,211 INFO k=33: SSE=0.0
2023-11-15 22:20:22,223 INFO k=33: Purity=0.9473684210526315
2023-11-15 22:20:28,229 INFO k=34: SSE=0.0
2023-11-15 22:20:28,243 INFO k=34: Purity=0.9473684210526315
2023-11-15 22:20:36,686 INFO k=35: SSE=0.0
2023-11-15 22:20:36,704 INFO k=35: Purity=0.9473684210526315
2023-11-15 22:20:42,909 INFO k=36: SSE=0.0
2023-11-15 22:20:42,918 INFO k=36: Purity=0.9473684210526315
2023-11-15 22:20:48,318 INFO k=37: SSE=0.0
2023-11-15 22:20:48,328 INFO k=37: Purity=0.9473684210526315
2023-11-15 22:20:54,162 INFO k=38: SSE=0.0
2023-11-15 22:20:54,180 INFO k=38: Purity=0.9473684210526315
2023-11-15 22:21:00,184 INFO k=39: SSE=0.0
2023-11-15 22:21:00,195 INFO k=39: Purity=0.9473684210526315
2023-11-15 22:21:06,482 INFO k=40: SSE=0.0
2023-11-15 22:21:06,492 INFO k=40: Purity=0.9473684210526315
2023-11-15 22:21:13,221 INFO k=41: SSE=0.0
2023-11-15 22:21:13,229 INFO k=41: Purity=0.9473684210526315
2023-11-15 22:21:23,407 INFO k=42: SSE=0.0
2023-11-15 22:21:23,421 INFO k=42: Purity=0.9473684210526315
2023-11-15 22:21:33,575 INFO k=43: SSE=0.0
2023-11-15 22:21:33,583 INFO k=43: Purity=0.9473684210526315
2023-11-15 22:21:40,953 INFO k=44: SSE=0.0
2023-11-15 22:21:40,962 INFO k=44: Purity=0.9473684210526315
2023-11-15 22:21:49,483 INFO k=45: SSE=0.0
2023-11-15 22:21:49,494 INFO k=45: Purity=0.9473684210526315
2023-11-15 22:21:58,351 INFO k=46: SSE=0.0
2023-11-15 22:21:58,360 INFO k=46: Purity=0.9473684210526315
2023-11-15 22:22:06,784 INFO k=47: SSE=0.0
2023-11-15 22:22:06,794 INFO k=47: Purity=0.9473684210526315
2023-11-15 22:22:15,474 INFO k=48: SSE=0.0
2023-11-15 22:22:15,484 INFO k=48: Purity=0.9473684210526315
2023-11-15 22:22:26,202 INFO k=49: SSE=0.0
2023-11-15 22:22:26,214 INFO k=49: Purity=0.9473684210526315
2023-11-15 22:22:26,214 INFO Best SSE parameters: k=18 with SSE: 0.0
2023-11-15 22:22:26,214 INFO Best Purity parameters: k=18 with Purity: 0.9473684210526315
