{
    "type": "root",
    "height": 1.077262190536962,
    "nodes": [
        {
            "type": "leaf",
            "height": 0.0,
            "data": "0.0, 0.0, 1.0, 1.0, 1.0"
        },
        {
            "type": "node",
            "height": 1.0,
            "nodes": [
                {
                    "type": "node",
                    "height": 0.5,
                    "nodes": [
                        {
                            "type": "node",
                            "height": 0.3333333333333333,
                            "nodes": [
                                {
                                    "type": "node",
                                    "height": 0.2222222222222222,
                                    "nodes": [
                                        {
                                            "type": "leaf",
                                            "height": 0.0,
                                            "data": "0.2222222222222222, 0.5, 0.0, 0.0, 0.0"
                                        },
                                        {
                                            "type": "node",
                                            "height": 0.0,
                                            "nodes": [
                                                {
                                                    "type": "leaf",
                                                    "height": 0.0,
                                                    "data": "0.0, 0.5, 0.0, 0.0, 0.0"
                                                },
                                                {
                                                    "type": "node",
                                                    "height": 0.0,
                                                    "nodes": [
                                                        {
                                                            "type": "leaf",
                                                            "height": 0.0,
                                                            "data": "0.0, 0.5, 0.0, 0.0, 0.0"
                                                        },
                                                        {
                                                            "type": "leaf",
                                                            "height": 0.0,
                                                            "data": "0.0, 0.5, 0.0, 0.0, 0.0"
                                                        }
                                                    ]
                                                }
                                            ]
                                        }
                                    ]
                                },
                                {
                                    "type": "node",
                                    "height": 0.3333333333333333,
                                    "nodes": [
                                        {
                                            "type": "leaf",
                                            "height": 0.0,
                                            "data": "0.1111111111111111, 0.5, 0.0, 0.0, 0.6666666666666666"
                                        },
                                        {
                                            "type": "node",
                                            "height": 0.1111111111111111,
                                            "nodes": [
                                                {
                                                    "type": "node",
                                                    "height": 0.0,
                                                    "nodes": [
                                                        {
                                                            "type": "leaf",
                                                            "height": 0.0,
                                                            "data": "0.0, 0.5, 0.0, 0.0, 0.3333333333333333"
                                                        },
                                                        {
                                                            "type": "leaf",
                                                            "height": 0.0,
                                                            "data": "0.0, 0.5, 0.0, 0.0, 0.3333333333333333"
                                                        }
                                                    ]
                                                },
                                                {
                                                    "type": "node",
                                                    "height": 0.1111111111111111,
                                                    "nodes": [
                                                        {
                                                            "type": "leaf",
                                                            "height": 0.0,
                                                            "data": "0.2222222222222222, 0.5, 0.0, 0.0, 0.3333333333333333"
                                                        },
                                                        {
                                                            "type": "leaf",
                                                            "height": 0.0,
                                                            "data": "0.1111111111111111, 0.5, 0.0, 0.0, 0.3333333333333333"
                                                        }
                                                    ]
                                                }
                                            ]
                                        }
                                    ]
                                }
                            ]
                        },
                        {
                            "type": "node",
                            "height": 0.5,
                            "nodes": [
                                {
                                    "type": "node",
                                    "height": 0.3333333333333333,
                                    "nodes": [
                                        {
                                            "type": "leaf",
                                            "height": 0.0,
                                            "data": "0.0, 0.0, 0.0, 0.5, 0.6666666666666666"
                                        },
                                        {
                                            "type": "leaf",
                                            "height": 0.0,
                                            "data": "0.0, 0.0, 0.0, 0.5, 0.3333333333333333"
                                        }
                                    ]
                                },
                                {
                                    "type": "node",
                                    "height": 0.3333333333333333,
                                    "nodes": [
                                        {
                                            "type": "node",
                                            "height": 0.1111111111111111,
                                            "nodes": [
                                                {
                                                    "type": "node",
                                                    "height": 0.0,
                                                    "nodes": [
                                                        {
                                                            "type": "leaf",
                                                            "height": 0.0,
                                                            "data": "0.3333333333333333, 0.0, 0.0, 0.0, 0.0"
                                                        },
                                                        {
                                                            "type": "leaf",
                                                            "height": 0.0,
                                                            "data": "0.3333333333333333, 0.0, 0.0, 0.0, 0.0"
                                                        }
                                                    ]
                                                },
                                                {
                                                    "type": "node",
                                                    "height": 0.1111111111111111,
                                                    "nodes": [
                                                        {
                                                            "type": "leaf",
                                                            "height": 0.0,
                                                            "data": "0.0, 0.0, 0.0, 0.0, 0.0"
                                                        },
                                                        {
                                                            "type": "node",
                                                            "height": 0.1111111111111111,
                                                            "nodes": [
                                                                {
                                                                    "type": "leaf",
                                                                    "height": 0.0,
                                                                    "data": "0.2222222222222222, 0.0, 0.0, 0.0, 0.0"
                                                                },
                                                                {
                                                                    "type": "node",
                                                                    "height": 0.0,
                                                                    "nodes": [
                                                                        {
                                                                            "type": "leaf",
                                                                            "height": 0.0,
                                                                            "data": "0.1111111111111111, 0.0, 0.0, 0.0, 0.0"
                                                                        },
                                                                        {
                                                                            "type": "leaf",
                                                                            "height": 0.0,
                                                                            "data": "0.1111111111111111, 0.0, 0.0, 0.0, 0.0"
                                                                        }
                                                                    ]
                                                                }
                                                            ]
                                                        }
                                                    ]
                                                }
                                            ]
                                        },
                                        {
                                            "type": "node",
                                            "height": 0.2222222222222222,
                                            "nodes": [
                                                {
                                                    "type": "leaf",
                                                    "height": 0.0,
                                                    "data": "0.2222222222222222, 0.0, 0.0, 0.0, 0.3333333333333333"
                                                },
                                                {
                                                    "type": "node",
                                                    "height": 0.0,
                                                    "nodes": [
                                                        {
                                                            "type": "node",
                                                            "height": 0.0,
                                                            "nodes": [
                                                                {
                                                                    "type": "node",
                                                                    "height": 0.0,
                                                                    "nodes": [
                                                                        {
                                                                            "type": "leaf",
                                                                            "height": 0.0,
                                                                            "data": "0.0, 0.0, 0.0, 0.0, 0.3333333333333333"
                                                                        },
                                                                        {
                                                                            "type": "leaf",
                                                                            "height": 0.0,
                                                                            "data": "0.0, 0.0, 0.0, 0.0, 0.3333333333333333"
                                                                        }
                                                                    ]
                                                                },
                                                                {
                                                                    "type": "node",
                                                                    "height": 0.0,
                                                                    "nodes": [
                                                                        {
                                                                            "type": "leaf",
                                                                            "height": 0.0,
                                                                            "data": "0.0, 0.0, 0.0, 0.0, 0.3333333333333333"
                                                                        },
                                                                        {
                                                                            "type": "leaf",
                                                                            "height": 0.0,
                                                                            "data": "0.0, 0.0, 0.0, 0.0, 0.3333333333333333"
                                                                        }
                                                                    ]
                                                                }
                                                            ]
                                                        },
                                                        {
                                                            "type": "node",
                                                            "height": 0.0,
                                                            "nodes": [
                                                                {
                                                                    "type": "node",
                                                                    "height": 0.0,
                                                                    "nodes": [
                                                                        {
                                                                            "type": "leaf",
                                                                            "height": 0.0,
                                                                            "data": "0.0, 0.0, 0.0, 0.0, 0.3333333333333333"
                                                                        },
                                                                        {
                                                                            "type": "leaf",
                                                                            "height": 0.0,
                                                                            "data": "0.0, 0.0, 0.0, 0.0, 0.3333333333333333"
                                                                        }
                                                                    ]
                                                                },
                                                                {
                                                                    "type": "node",
                                                                    "height": 0.0,
                                                                    "nodes": [
                                                                        {
                                                                            "type": "leaf",
                                                                            "height": 0.0,
                                                                            "data": "0.0, 0.0, 0.0, 0.0, 0.3333333333333333"
                                                                        },
                                                                        {
                                                                            "type": "node",
                                                                            "height": 0.0,
                                                                            "nodes": [
                                                                                {
                                                                                    "type": "leaf",
                                                                                    "height": 0.0,
                                                                                    "data": "0.0, 0.0, 0.0, 0.0, 0.3333333333333333"
                                                                                },
                                                                                {
                                                                                    "type": "leaf",
                                                                                    "height": 0.0,
                                                                                    "data": "0.0, 0.0, 0.0, 0.0, 0.3333333333333333"
                                                                                }
                                                                            ]
                                                                        }
                                                                    ]
                                                                }
                                                            ]
                                                        }
                                                    ]
                                                }
                                            ]
                                        }
                                    ]
                                }
                            ]
                        }
                    ]
                },
                {
                    "type": "node",
                    "height": 0.5555555555555556,
                    "nodes": [
                        {
                            "type": "leaf",
                            "height": 0.0,
                            "data": "1.0, 0.0, 1.0, 0.0, 0.3333333333333333"
                        },
                        {
                            "type": "node",
                            "height": 0.5121969142940493,
                            "nodes": [
                                {
                                    "type": "node",
                                    "height": 0.1111111111111111,
                                    "nodes": [
                                        {
                                            "type": "leaf",
                                            "height": 0.0,
                                            "data": "0.0, 0.0, 1.0, 0.5, 0.0"
                                        },
                                        {
                                            "type": "leaf",
                                            "height": 0.0,
                                            "data": "0.1111111111111111, 0.0, 1.0, 0.5, 0.0"
                                        }
                                    ]
                                },
                                {
                                    "type": "node",
                                    "height": 0.5,
                                    "nodes": [
                                        {
                                            "type": "node",
                                            "height": 0.3333333333333333,
                                            "nodes": [
                                                {
                                                    "type": "node",
                                                    "height": 0.1111111111111111,
                                                    "nodes": [
                                                        {
                                                            "type": "node",
                                                            "height": 0.0,
                                                            "nodes": [
                                                                {
                                                                    "type": "leaf",
                                                                    "height": 0.0,
                                                                    "data": "0.2222222222222222, 0.0, 1.0, 0.0, 0.0"
                                                                },
                                                                {
                                                                    "type": "node",
                                                                    "height": 0.0,
                                                                    "nodes": [
                                                                        {
                                                                            "type": "leaf",
                                                                            "height": 0.0,
                                                                            "data": "0.2222222222222222, 0.0, 1.0, 0.0, 0.0"
                                                                        },
                                                                        {
                                                                            "type": "leaf",
                                                                            "height": 0.0,
                                                                            "data": "0.2222222222222222, 0.0, 1.0, 0.0, 0.0"
                                                                        }
                                                                    ]
                                                                }
                                                            ]
                                                        },
                                                        {
                                                            "type": "node",
                                                            "height": 0.1111111111111111,
                                                            "nodes": [
                                                                {
                                                                    "type": "leaf",
                                                                    "height": 0.0,
                                                                    "data": "0.4444444444444444, 0.0, 1.0, 0.0, 0.0"
                                                                },
                                                                {
                                                                    "type": "leaf",
                                                                    "height": 0.0,
                                                                    "data": "0.3333333333333333, 0.0, 1.0, 0.0, 0.0"
                                                                }
                                                            ]
                                                        }
                                                    ]
                                                },
                                                {
                                                    "type": "node",
                                                    "height": 0.3333333333333333,
                                                    "nodes": [
                                                        {
                                                            "type": "leaf",
                                                            "height": 0.0,
                                                            "data": "0.2222222222222222, 0.0, 1.0, 0.0, 0.6666666666666666"
                                                        },
                                                        {
                                                            "type": "node",
                                                            "height": 0.2222222222222222,
                                                            "nodes": [
                                                                {
                                                                    "type": "leaf",
                                                                    "height": 0.0,
                                                                    "data": "0.0, 0.0, 1.0, 0.0, 0.3333333333333333"
                                                                },
                                                                {
                                                                    "type": "node",
                                                                    "height": 0.2222222222222222,
                                                                    "nodes": [
                                                                        {
                                                                            "type": "leaf",
                                                                            "height": 0.0,
                                                                            "data": "0.4444444444444444, 0.0, 1.0, 0.0, 0.3333333333333333"
                                                                        },
                                                                        {
                                                                            "type": "node",
                                                                            "height": 0.0,
                                                                            "nodes": [
                                                                                {
                                                                                    "type": "leaf",
                                                                                    "height": 0.0,
                                                                                    "data": "0.2222222222222222, 0.0, 1.0, 0.0, 0.3333333333333333"
                                                                                },
                                                                                {
                                                                                    "type": "leaf",
                                                                                    "height": 0.0,
                                                                                    "data": "0.2222222222222222, 0.0, 1.0, 0.0, 0.3333333333333333"
                                                                                }
                                                                            ]
                                                                        }
                                                                    ]
                                                                }
                                                            ]
                                                        }
                                                    ]
                                                }
                                            ]
                                        },
                                        {
                                            "type": "node",
                                            "height": 0.5,
                                            "nodes": [
                                                {
                                                    "type": "leaf",
                                                    "height": 0.0,
                                                    "data": "0.0, 1.0, 1.0, 0.0, 0.6666666666666666"
                                                },
                                                {
                                                    "type": "node",
                                                    "height": 0.3333333333333333,
                                                    "nodes": [
                                                        {
                                                            "type": "node",
                                                            "height": 0.0,
                                                            "nodes": [
                                                                {
                                                                    "type": "node",
                                                                    "height": 0.0,
                                                                    "nodes": [
                                                                        {
                                                                            "type": "node",
                                                                            "height": 0.0,
                                                                            "nodes": [
                                                                                {
                                                                                    "type": "leaf",
                                                                                    "height": 0.0,
                                                                                    "data": "0.0, 0.5, 1.0, 0.0, 0.0"
                                                                                },
                                                                                {
                                                                                    "type": "leaf",
                                                                                    "height": 0.0,
                                                                                    "data": "0.0, 0.5, 1.0, 0.0, 0.0"
                                                                                }
                                                                            ]
                                                                        },
                                                                        {
                                                                            "type": "node",
                                                                            "height": 0.0,
                                                                            "nodes": [
                                                                                {
                                                                                    "type": "leaf",
                                                                                    "height": 0.0,
                                                                                    "data": "0.0, 0.5, 1.0, 0.0, 0.0"
                                                                                },
                                                                                {
                                                                                    "type": "leaf",
                                                                                    "height": 0.0,
                                                                                    "data": "0.0, 0.5, 1.0, 0.0, 0.0"
                                                                                }
                                                                            ]
                                                                        }
                                                                    ]
                                                                },
                                                                {
                                                                    "type": "node",
                                                                    "height": 0.0,
                                                                    "nodes": [
                                                                        {
                                                                            "type": "node",
                                                                            "height": 0.0,
                                                                            "nodes": [
                                                                                {
                                                                                    "type": "leaf",
                                                                                    "height": 0.0,
                                                                                    "data": "0.0, 0.5, 1.0, 0.0, 0.0"
                                                                                },
                                                                                {
                                                                                    "type": "leaf",
                                                                                    "height": 0.0,
                                                                                    "data": "0.0, 0.5, 1.0, 0.0, 0.0"
                                                                                }
                                                                            ]
                                                                        },
                                                                        {
                                                                            "type": "node",
                                                                            "height": 0.0,
                                                                            "nodes": [
                                                                                {
                                                                                    "type": "leaf",
                                                                                    "height": 0.0,
                                                                                    "data": "0.0, 0.5, 1.0, 0.0, 0.0"
                                                                                },
                                                                                {
                                                                                    "type": "node",
                                                                                    "height": 0.0,
                                                                                    "nodes": [
                                                                                        {
                                                                                            "type": "leaf",
                                                                                            "height": 0.0,
                                                                                            "data": "0.0, 0.5, 1.0, 0.0, 0.0"
                                                                                        },
                                                                                        {
                                                                                            "type": "leaf",
                                                                                            "height": 0.0,
                                                                                            "data": "0.0, 0.5, 1.0, 0.0, 0.0"
                                                                                        }
                                                                                    ]
                                                                                }
                                                                            ]
                                                                        }
                                                                    ]
                                                                }
                                                            ]
                                                        },
                                                        {
                                                            "type": "node",
                                                            "height": 0.3333333333333333,
                                                            "nodes": [
                                                                {
                                                                    "type": "node",
                                                                    "height": 0.0,
                                                                    "nodes": [
                                                                        {
                                                                            "type": "leaf",
                                                                            "height": 0.0,
                                                                            "data": "0.0, 0.5, 1.0, 0.0, 0.6666666666666666"
                                                                        },
                                                                        {
                                                                            "type": "leaf",
                                                                            "height": 0.0,
                                                                            "data": "0.0, 0.5, 1.0, 0.0, 0.6666666666666666"
                                                                        }
                                                                    ]
                                                                },
                                                                {
                                                                    "type": "node",
                                                                    "height": 0.0,
                                                                    "nodes": [
                                                                        {
                                                                            "type": "node",
                                                                            "height": 0.0,
                                                                            "nodes": [
                                                                                {
                                                                                    "type": "node",
                                                                                    "height": 0.0,
                                                                                    "nodes": [
                                                                                        {
                                                                                            "type": "leaf",
                                                                                            "height": 0.0,
                                                                                            "data": "0.0, 0.5, 1.0, 0.0, 0.3333333333333333"
                                                                                        },
                                                                                        {
                                                                                            "type": "leaf",
                                                                                            "height": 0.0,
                                                                                            "data": "0.0, 0.5, 1.0, 0.0, 0.3333333333333333"
                                                                                        }
                                                                                    ]
                                                                                },
                                                                                {
                                                                                    "type": "node",
                                                                                    "height": 0.0,
                                                                                    "nodes": [
                                                                                        {
                                                                                            "type": "leaf",
                                                                                            "height": 0.0,
                                                                                            "data": "0.0, 0.5, 1.0, 0.0, 0.3333333333333333"
                                                                                        },
                                                                                        {
                                                                                            "type": "leaf",
                                                                                            "height": 0.0,
                                                                                            "data": "0.0, 0.5, 1.0, 0.0, 0.3333333333333333"
                                                                                        }
                                                                                    ]
                                                                                }
                                                                            ]
                                                                        },
                                                                        {
                                                                            "type": "node",
                                                                            "height": 0.0,
                                                                            "nodes": [
                                                                                {
                                                                                    "type": "node",
                                                                                    "height": 0.0,
                                                                                    "nodes": [
                                                                                        {
                                                                                            "type": "leaf",
                                                                                            "height": 0.0,
                                                                                            "data": "0.0, 0.5, 1.0, 0.0, 0.3333333333333333"
                                                                                        },
                                                                                        {
                                                                                            "type": "leaf",
                                                                                            "height": 0.0,
                                                                                            "data": "0.0, 0.5, 1.0, 0.0, 0.3333333333333333"
                                                                                        }
                                                                                    ]
                                                                                },
                                                                                {
                                                                                    "type": "node",
                                                                                    "height": 0.0,
                                                                                    "nodes": [
                                                                                        {
                                                                                            "type": "leaf",
                                                                                            "height": 0.0,
                                                                                            "data": "0.0, 0.5, 1.0, 0.0, 0.3333333333333333"
                                                                                        },
                                                                                        {
                                                                                            "type": "node",
                                                                                            "height": 0.0,
                                                                                            "nodes": [
                                                                                                {
                                                                                                    "type": "leaf",
                                                                                                    "height": 0.0,
                                                                                                    "data": "0.0, 0.5, 1.0, 0.0, 0.3333333333333333"
                                                                                                },
                                                                                                {
                                                                                                    "type": "leaf",
                                                                                                    "height": 0.0,
                                                                                                    "data": "0.0, 0.5, 1.0, 0.0, 0.3333333333333333"
                                                                                                }
                                                                                            ]
                                                                                        }
                                                                                    ]
                                                                                }
                                                                            ]
                                                                        }
                                                                    ]
                                                                }
                                                            ]
                                                        }
                                                    ]
                                                }
                                            ]
                                        }
                                    ]
                                }
                            ]
                        }
                    ]
                }
            ]
        }
    ]
}
CLUSTERS:
Cluster 0
Center: 0.0, 0.0, 1.0, 1.0, 1.0
Max Dist. to Center: 0
Min Dist. to Center: 0.0
Avg Dist. to Center: 0.0
1 Points
0.0, 0.0, 1.0, 1.0, 1.0
Cluster 1
Center: 1.0, 0.0, 1.0, 0.0, 0.3333333333333333
Max Dist. to Center: 0
Min Dist. to Center: 0.0
Avg Dist. to Center: 0.0
1 Points
1.0, 0.0, 1.0, 0.0, 0.3333333333333333
Cluster 2
Center: 0.05555555555555555, 0.0, 1.0, 0.5, 0.0
Max Dist. to Center: 0.05555555555555555
Min Dist. to Center: 0.05555555555555555
Avg Dist. to Center: 0.05555555555555555
2 Points
0.0, 0.0, 1.0, 0.5, 0.0
0.1111111111111111, 0.0, 1.0, 0.5, 0.0
Cluster 3
Center: 0.2222222222222222, 0.5, 0.0, 0.0, 0.0
Max Dist. to Center: 0
Min Dist. to Center: 0.0
Avg Dist. to Center: 0.0
1 Points
0.2222222222222222, 0.5, 0.0, 0.0, 0.0
Cluster 4
Center: 0.0, 0.5, 0.0, 0.0, 0.0
Max Dist. to Center: 0
Min Dist. to Center: 0.0
Avg Dist. to Center: 0.0
3 Points
0.0, 0.5, 0.0, 0.0, 0.0
0.0, 0.5, 0.0, 0.0, 0.0
0.0, 0.5, 0.0, 0.0, 0.0
Cluster 5
Center: 0.1111111111111111, 0.5, 0.0, 0.0, 0.6666666666666666
Max Dist. to Center: 0
Min Dist. to Center: 0.0
Avg Dist. to Center: 0.0
1 Points
0.1111111111111111, 0.5, 0.0, 0.0, 0.6666666666666666
Cluster 6
Center: 0.08333333333333333, 0.5, 0.0, 0.0, 0.3333333333333333
Max Dist. to Center: 0.1388888888888889
Min Dist. to Center: 0.027777777777777776
Avg Dist. to Center: 0.08333333333333334
4 Points
0.0, 0.5, 0.0, 0.0, 0.3333333333333333
0.0, 0.5, 0.0, 0.0, 0.3333333333333333
0.2222222222222222, 0.5, 0.0, 0.0, 0.3333333333333333
0.1111111111111111, 0.5, 0.0, 0.0, 0.3333333333333333
Cluster 7
Center: 0.0, 0.0, 0.0, 0.5, 0.6666666666666666
Max Dist. to Center: 0
Min Dist. to Center: 0.0
Avg Dist. to Center: 0.0
1 Points
0.0, 0.0, 0.0, 0.5, 0.6666666666666666
Cluster 8
Center: 0.0, 0.0, 0.0, 0.5, 0.3333333333333333
Max Dist. to Center: 0
Min Dist. to Center: 0.0
Avg Dist. to Center: 0.0
1 Points
0.0, 0.0, 0.0, 0.5, 0.3333333333333333
Cluster 9
Center: 0.1851851851851852, 0.0, 0.0, 0.0, 0.0
Max Dist. to Center: 0.1851851851851852
Min Dist. to Center: 0.03703703703703701
Avg Dist. to Center: 0.11111111111111109
6 Points
0.3333333333333333, 0.0, 0.0, 0.0, 0.0
0.3333333333333333, 0.0, 0.0, 0.0, 0.0
0.0, 0.0, 0.0, 0.0, 0.0
0.2222222222222222, 0.0, 0.0, 0.0, 0.0
0.1111111111111111, 0.0, 0.0, 0.0, 0.0
0.1111111111111111, 0.0, 0.0, 0.0, 0.0
Cluster 10
Center: 0.2222222222222222, 0.0, 0.0, 0.0, 0.3333333333333333
Max Dist. to Center: 0
Min Dist. to Center: 0.0
Avg Dist. to Center: 0.0
1 Points
0.2222222222222222, 0.0, 0.0, 0.0, 0.3333333333333333
Cluster 11
Center: 0.0, 0.0, 0.0, 0.0, 0.3333333333333333
Max Dist. to Center: 0
Min Dist. to Center: 0.0
Avg Dist. to Center: 0.0
9 Points
0.0, 0.0, 0.0, 0.0, 0.3333333333333333
0.0, 0.0, 0.0, 0.0, 0.3333333333333333
0.0, 0.0, 0.0, 0.0, 0.3333333333333333
0.0, 0.0, 0.0, 0.0, 0.3333333333333333
0.0, 0.0, 0.0, 0.0, 0.3333333333333333
0.0, 0.0, 0.0, 0.0, 0.3333333333333333
0.0, 0.0, 0.0, 0.0, 0.3333333333333333
0.0, 0.0, 0.0, 0.0, 0.3333333333333333
0.0, 0.0, 0.0, 0.0, 0.3333333333333333
Cluster 12
Center: 0.28888888888888886, 0.0, 1.0, 0.0, 0.0
Max Dist. to Center: 0.15555555555555556
Min Dist. to Center: 0.04444444444444445
Avg Dist. to Center: 0.07999999999999999
5 Points
0.2222222222222222, 0.0, 1.0, 0.0, 0.0
0.2222222222222222, 0.0, 1.0, 0.0, 0.0
0.2222222222222222, 0.0, 1.0, 0.0, 0.0
0.4444444444444444, 0.0, 1.0, 0.0, 0.0
0.3333333333333333, 0.0, 1.0, 0.0, 0.0
Cluster 13
Center: 0.0, 1.0, 1.0, 0.0, 0.6666666666666666
Max Dist. to Center: 0
Min Dist. to Center: 0.0
Avg Dist. to Center: 0.0
1 Points
0.0, 1.0, 1.0, 0.0, 0.6666666666666666
Cluster 14
Center: 0.2222222222222222, 0.0, 1.0, 0.0, 0.6666666666666666
Max Dist. to Center: 0
Min Dist. to Center: 0.0
Avg Dist. to Center: 0.0
1 Points
0.2222222222222222, 0.0, 1.0, 0.0, 0.6666666666666666
Cluster 15
Center: 0.0, 0.5, 1.0, 0.0, 0.0
Max Dist. to Center: 0
Min Dist. to Center: 0.0
Avg Dist. to Center: 0.0
9 Points
0.0, 0.5, 1.0, 0.0, 0.0
0.0, 0.5, 1.0, 0.0, 0.0
0.0, 0.5, 1.0, 0.0, 0.0
0.0, 0.5, 1.0, 0.0, 0.0
0.0, 0.5, 1.0, 0.0, 0.0
0.0, 0.5, 1.0, 0.0, 0.0
0.0, 0.5, 1.0, 0.0, 0.0
0.0, 0.5, 1.0, 0.0, 0.0
0.0, 0.5, 1.0, 0.0, 0.0
Cluster 16
Center: 0.0, 0.0, 1.0, 0.0, 0.3333333333333333
Max Dist. to Center: 0
Min Dist. to Center: 0.0
Avg Dist. to Center: 0.0
1 Points
0.0, 0.0, 1.0, 0.0, 0.3333333333333333
Cluster 17
Center: 0.0, 0.5, 1.0, 0.0, 0.6666666666666666
Max Dist. to Center: 0
Min Dist. to Center: 0.0
Avg Dist. to Center: 0.0
2 Points
0.0, 0.5, 1.0, 0.0, 0.6666666666666666
0.0, 0.5, 1.0, 0.0, 0.6666666666666666
Cluster 18
Center: 0.0, 0.5, 1.0, 0.0, 0.3333333333333333
Max Dist. to Center: 0
Min Dist. to Center: 0.0
Avg Dist. to Center: 0.0
9 Points
0.0, 0.5, 1.0, 0.0, 0.3333333333333333
0.0, 0.5, 1.0, 0.0, 0.3333333333333333
0.0, 0.5, 1.0, 0.0, 0.3333333333333333
0.0, 0.5, 1.0, 0.0, 0.3333333333333333
0.0, 0.5, 1.0, 0.0, 0.3333333333333333
0.0, 0.5, 1.0, 0.0, 0.3333333333333333
0.0, 0.5, 1.0, 0.0, 0.3333333333333333
0.0, 0.5, 1.0, 0.0, 0.3333333333333333
0.0, 0.5, 1.0, 0.0, 0.3333333333333333
Cluster 19
Center: 0.4444444444444444, 0.0, 1.0, 0.0, 0.3333333333333333
Max Dist. to Center: 0
Min Dist. to Center: 0.0
Avg Dist. to Center: 0.0
1 Points
0.4444444444444444, 0.0, 1.0, 0.0, 0.3333333333333333
Cluster 20
Center: 0.2222222222222222, 0.0, 1.0, 0.0, 0.3333333333333333
Max Dist. to Center: 0
Min Dist. to Center: 0.0
Avg Dist. to Center: 0.0
2 Points
0.2222222222222222, 0.0, 1.0, 0.0, 0.3333333333333333
0.2222222222222222, 0.0, 1.0, 0.0, 0.3333333333333333
Center: 0.0, 0.0, 1.0, 1.0, 1.0
Max Dist. to Center: 0
Min Dist. to Center: 0.0
Avg Dist. to Center: 0.0
1 Points
0.0, 0.0, 1.0, 1.0, 1.0
Center: 1.0, 0.0, 1.0, 0.0, 0.3333333333333333
Max Dist. to Center: 0
Min Dist. to Center: 0.0
Avg Dist. to Center: 0.0
1 Points
1.0, 0.0, 1.0, 0.0, 0.3333333333333333
Center: 0.05555555555555555, 0.0, 1.0, 0.5, 0.0
Max Dist. to Center: 0.05555555555555555
Min Dist. to Center: 0.05555555555555555
Avg Dist. to Center: 0.05555555555555555
2 Points
0.0, 0.0, 1.0, 0.5, 0.0
0.1111111111111111, 0.0, 1.0, 0.5, 0.0
Center: 0.2222222222222222, 0.5, 0.0, 0.0, 0.0
Max Dist. to Center: 0
Min Dist. to Center: 0.0
Avg Dist. to Center: 0.0
1 Points
0.2222222222222222, 0.5, 0.0, 0.0, 0.0
Center: 0.0, 0.5, 0.0, 0.0, 0.0
Max Dist. to Center: 0
Min Dist. to Center: 0.0
Avg Dist. to Center: 0.0
3 Points
0.0, 0.5, 0.0, 0.0, 0.0
0.0, 0.5, 0.0, 0.0, 0.0
0.0, 0.5, 0.0, 0.0, 0.0
Center: 0.1111111111111111, 0.5, 0.0, 0.0, 0.6666666666666666
Max Dist. to Center: 0
Min Dist. to Center: 0.0
Avg Dist. to Center: 0.0
1 Points
0.1111111111111111, 0.5, 0.0, 0.0, 0.6666666666666666
Center: 0.08333333333333333, 0.5, 0.0, 0.0, 0.3333333333333333
Max Dist. to Center: 0.1388888888888889
Min Dist. to Center: 0.027777777777777776
Avg Dist. to Center: 0.08333333333333334
4 Points
0.0, 0.5, 0.0, 0.0, 0.3333333333333333
0.0, 0.5, 0.0, 0.0, 0.3333333333333333
0.2222222222222222, 0.5, 0.0, 0.0, 0.3333333333333333
0.1111111111111111, 0.5, 0.0, 0.0, 0.3333333333333333
Center: 0.0, 0.0, 0.0, 0.5, 0.6666666666666666
Max Dist. to Center: 0
Min Dist. to Center: 0.0
Avg Dist. to Center: 0.0
1 Points
0.0, 0.0, 0.0, 0.5, 0.6666666666666666
Center: 0.0, 0.0, 0.0, 0.5, 0.3333333333333333
Max Dist. to Center: 0
Min Dist. to Center: 0.0
Avg Dist. to Center: 0.0
1 Points
0.0, 0.0, 0.0, 0.5, 0.3333333333333333
Center: 0.1851851851851852, 0.0, 0.0, 0.0, 0.0
Max Dist. to Center: 0.1851851851851852
Min Dist. to Center: 0.03703703703703701
Avg Dist. to Center: 0.11111111111111109
6 Points
0.3333333333333333, 0.0, 0.0, 0.0, 0.0
0.3333333333333333, 0.0, 0.0, 0.0, 0.0
0.0, 0.0, 0.0, 0.0, 0.0
0.2222222222222222, 0.0, 0.0, 0.0, 0.0
0.1111111111111111, 0.0, 0.0, 0.0, 0.0
0.1111111111111111, 0.0, 0.0, 0.0, 0.0
Center: 0.2222222222222222, 0.0, 0.0, 0.0, 0.3333333333333333
Max Dist. to Center: 0
Min Dist. to Center: 0.0
Avg Dist. to Center: 0.0
1 Points
0.2222222222222222, 0.0, 0.0, 0.0, 0.3333333333333333
Center: 0.0, 0.0, 0.0, 0.0, 0.3333333333333333
Max Dist. to Center: 0
Min Dist. to Center: 0.0
Avg Dist. to Center: 0.0
9 Points
0.0, 0.0, 0.0, 0.0, 0.3333333333333333
0.0, 0.0, 0.0, 0.0, 0.3333333333333333
0.0, 0.0, 0.0, 0.0, 0.3333333333333333
0.0, 0.0, 0.0, 0.0, 0.3333333333333333
0.0, 0.0, 0.0, 0.0, 0.3333333333333333
0.0, 0.0, 0.0, 0.0, 0.3333333333333333
0.0, 0.0, 0.0, 0.0, 0.3333333333333333
0.0, 0.0, 0.0, 0.0, 0.3333333333333333
0.0, 0.0, 0.0, 0.0, 0.3333333333333333
Center: 0.28888888888888886, 0.0, 1.0, 0.0, 0.0
Max Dist. to Center: 0.15555555555555556
Min Dist. to Center: 0.04444444444444445
Avg Dist. to Center: 0.07999999999999999
5 Points
0.2222222222222222, 0.0, 1.0, 0.0, 0.0
0.2222222222222222, 0.0, 1.0, 0.0, 0.0
0.2222222222222222, 0.0, 1.0, 0.0, 0.0
0.4444444444444444, 0.0, 1.0, 0.0, 0.0
0.3333333333333333, 0.0, 1.0, 0.0, 0.0
Center: 0.0, 1.0, 1.0, 0.0, 0.6666666666666666
Max Dist. to Center: 0
Min Dist. to Center: 0.0
Avg Dist. to Center: 0.0
1 Points
0.0, 1.0, 1.0, 0.0, 0.6666666666666666
Center: 0.2222222222222222, 0.0, 1.0, 0.0, 0.6666666666666666
Max Dist. to Center: 0
Min Dist. to Center: 0.0
Avg Dist. to Center: 0.0
1 Points
0.2222222222222222, 0.0, 1.0, 0.0, 0.6666666666666666
Center: 0.0, 0.5, 1.0, 0.0, 0.0
Max Dist. to Center: 0
Min Dist. to Center: 0.0
Avg Dist. to Center: 0.0
9 Points
0.0, 0.5, 1.0, 0.0, 0.0
0.0, 0.5, 1.0, 0.0, 0.0
0.0, 0.5, 1.0, 0.0, 0.0
0.0, 0.5, 1.0, 0.0, 0.0
0.0, 0.5, 1.0, 0.0, 0.0
0.0, 0.5, 1.0, 0.0, 0.0
0.0, 0.5, 1.0, 0.0, 0.0
0.0, 0.5, 1.0, 0.0, 0.0
0.0, 0.5, 1.0, 0.0, 0.0
Center: 0.0, 0.0, 1.0, 0.0, 0.3333333333333333
Max Dist. to Center: 0
Min Dist. to Center: 0.0
Avg Dist. to Center: 0.0
1 Points
0.0, 0.0, 1.0, 0.0, 0.3333333333333333
Center: 0.0, 0.5, 1.0, 0.0, 0.6666666666666666
Max Dist. to Center: 0
Min Dist. to Center: 0.0
Avg Dist. to Center: 0.0
2 Points
0.0, 0.5, 1.0, 0.0, 0.6666666666666666
0.0, 0.5, 1.0, 0.0, 0.6666666666666666
Center: 0.0, 0.5, 1.0, 0.0, 0.3333333333333333
Max Dist. to Center: 0
Min Dist. to Center: 0.0
Avg Dist. to Center: 0.0
9 Points
0.0, 0.5, 1.0, 0.0, 0.3333333333333333
0.0, 0.5, 1.0, 0.0, 0.3333333333333333
0.0, 0.5, 1.0, 0.0, 0.3333333333333333
0.0, 0.5, 1.0, 0.0, 0.3333333333333333
0.0, 0.5, 1.0, 0.0, 0.3333333333333333
0.0, 0.5, 1.0, 0.0, 0.3333333333333333
0.0, 0.5, 1.0, 0.0, 0.3333333333333333
0.0, 0.5, 1.0, 0.0, 0.3333333333333333
0.0, 0.5, 1.0, 0.0, 0.3333333333333333
Center: 0.4444444444444444, 0.0, 1.0, 0.0, 0.3333333333333333
Max Dist. to Center: 0
Min Dist. to Center: 0.0
Avg Dist. to Center: 0.0
1 Points
0.4444444444444444, 0.0, 1.0, 0.0, 0.3333333333333333
Center: 0.2222222222222222, 0.0, 1.0, 0.0, 0.3333333333333333
Max Dist. to Center: 0
Min Dist. to Center: 0.0
Avg Dist. to Center: 0.0
2 Points
0.2222222222222222, 0.0, 1.0, 0.0, 0.3333333333333333
0.2222222222222222, 0.0, 1.0, 0.0, 0.3333333333333333
SSE= 0.12689643347050755
