{
    "type": "root",
    "height": 1.0137937550497031,
    "nodes": [
        {
            "type": "leaf",
            "height": 0.0,
            "data": "0.0, 0.20833333333333334, 0.0, 0.0, 1.0, 1.0, 1.0"
        },
        {
            "type": "node",
            "height": 0.812403840463596,
            "nodes": [
                {
                    "type": "leaf",
                    "height": 0.0,
                    "data": "0.0, 0.125, 0.0, 0.2857142857142857, 0.0, 1.0, 0.5"
                },
                {
                    "type": "node",
                    "height": 0.7986099033807293,
                    "nodes": [
                        {
                            "type": "node",
                            "height": 0.7704367889742731,
                            "nodes": [
                                {
                                    "type": "node",
                                    "height": 0.5017331074496789,
                                    "nodes": [
                                        {
                                            "type": "leaf",
                                            "height": 0.0,
                                            "data": "0.0, 0.041666666666666664, 0.0, 0.0, 1.0, 0.0, 1.0"
                                        },
                                        {
                                            "type": "node",
                                            "height": 0.5,
                                            "nodes": [
                                                {
                                                    "type": "leaf",
                                                    "height": 0.0,
                                                    "data": "0.0, 0.0, 0.0, 0.0, 1.0, 0.0, 0.5"
                                                },
                                                {
                                                    "type": "node",
                                                    "height": 0.23584952830141512,
                                                    "nodes": [
                                                        {
                                                            "type": "leaf",
                                                            "height": 0.0,
                                                            "data": "0.4, 0.16666666666666666, 0.0, 0.0, 1.0, 0.0, 0.0"
                                                        },
                                                        {
                                                            "type": "node",
                                                            "height": 0.20833333333333337,
                                                            "nodes": [
                                                                {
                                                                    "type": "leaf",
                                                                    "height": 0.0,
                                                                    "data": "0.0, 0.2916666666666667, 0.0, 0.0, 1.0, 0.0, 0.0"
                                                                },
                                                                {
                                                                    "type": "node",
                                                                    "height": 0.2,
                                                                    "nodes": [
                                                                        {
                                                                            "type": "leaf",
                                                                            "height": 0.0,
                                                                            "data": "0.2, 0.041666666666666664, 0.0, 0.0, 1.0, 0.0, 0.0"
                                                                        },
                                                                        {
                                                                            "type": "node",
                                                                            "height": 0.041666666666666664,
                                                                            "nodes": [
                                                                                {
                                                                                    "type": "node",
                                                                                    "height": 0.0,
                                                                                    "nodes": [
                                                                                        {
                                                                                            "type": "node",
                                                                                            "height": 0.0,
                                                                                            "nodes": [
                                                                                                {
                                                                                                    "type": "leaf",
                                                                                                    "height": 0.0,
                                                                                                    "data": "0.0, 0.0, 0.0, 0.0, 1.0, 0.0, 0.0"
                                                                                                },
                                                                                                {
                                                                                                    "type": "leaf",
                                                                                                    "height": 0.0,
                                                                                                    "data": "0.0, 0.0, 0.0, 0.0, 1.0, 0.0, 0.0"
                                                                                                }
                                                                                            ]
                                                                                        },
                                                                                        {
                                                                                            "type": "node",
                                                                                            "height": 0.0,
                                                                                            "nodes": [
                                                                                                {
                                                                                                    "type": "leaf",
                                                                                                    "height": 0.0,
                                                                                                    "data": "0.0, 0.0, 0.0, 0.0, 1.0, 0.0, 0.0"
                                                                                                },
                                                                                                {
                                                                                                    "type": "node",
                                                                                                    "height": 0.0,
                                                                                                    "nodes": [
                                                                                                        {
                                                                                                            "type": "leaf",
                                                                                                            "height": 0.0,
                                                                                                            "data": "0.0, 0.0, 0.0, 0.0, 1.0, 0.0, 0.0"
                                                                                                        },
                                                                                                        {
                                                                                                            "type": "leaf",
                                                                                                            "height": 0.0,
                                                                                                            "data": "0.0, 0.0, 0.0, 0.0, 1.0, 0.0, 0.0"
                                                                                                        }
                                                                                                    ]
                                                                                                }
                                                                                            ]
                                                                                        }
                                                                                    ]
                                                                                },
                                                                                {
                                                                                    "type": "node",
                                                                                    "height": 0.041666666666666664,
                                                                                    "nodes": [
                                                                                        {
                                                                                            "type": "leaf",
                                                                                            "height": 0.0,
                                                                                            "data": "0.0, 0.08333333333333333, 0.0, 0.0, 1.0, 0.0, 0.0"
                                                                                        },
                                                                                        {
                                                                                            "type": "leaf",
                                                                                            "height": 0.0,
                                                                                            "data": "0.0, 0.041666666666666664, 0.0, 0.0, 1.0, 0.0, 0.0"
                                                                                        }
                                                                                    ]
                                                                                }
                                                                            ]
                                                                        }
                                                                    ]
                                                                }
                                                            ]
                                                        }
                                                    ]
                                                }
                                            ]
                                        }
                                    ]
                                },
                                {
                                    "type": "node",
                                    "height": 0.691133718123006,
                                    "nodes": [
                                        {
                                            "type": "leaf",
                                            "height": 0.0,
                                            "data": "0.0, 0.20833333333333334, 1.0, 0.14285714285714285, 0.0, 0.5, 0.0"
                                        },
                                        {
                                            "type": "node",
                                            "height": 0.5449260908090605,
                                            "nodes": [
                                                {
                                                    "type": "node",
                                                    "height": 0.49857506707181914,
                                                    "nodes": [
                                                        {
                                                            "type": "leaf",
                                                            "height": 0.0,
                                                            "data": "0.4, 0.125, 0.0, 0.2857142857142857, 0.0, 0.5, 0.0"
                                                        },
                                                        {
                                                            "type": "leaf",
                                                            "height": 0.0,
                                                            "data": "0.8, 0.20833333333333334, 0.0, 0.2857142857142857, 0.2857142857142857, 0.5, 0.0"
                                                        }
                                                    ]
                                                },
                                                {
                                                    "type": "node",
                                                    "height": 0.5,
                                                    "nodes": [
                                                        {
                                                            "type": "node",
                                                            "height": 0.2976190476190476,
                                                            "nodes": [
                                                                {
                                                                    "type": "node",
                                                                    "height": 0.2,
                                                                    "nodes": [
                                                                        {
                                                                            "type": "leaf",
                                                                            "height": 0.0,
                                                                            "data": "0.4, 0.125, 0.0, 0.2857142857142857, 0.0, 0.0, 0.5"
                                                                        },
                                                                        {
                                                                            "type": "node",
                                                                            "height": 0.18982403237026158,
                                                                            "nodes": [
                                                                                {
                                                                                    "type": "leaf",
                                                                                    "height": 0.0,
                                                                                    "data": "0.2, 0.3333333333333333, 0.0, 0.0, 0.0, 0.0, 0.5"
                                                                                },
                                                                                {
                                                                                    "type": "node",
                                                                                    "height": 0.16538623796964053,
                                                                                    "nodes": [
                                                                                        {
                                                                                            "type": "leaf",
                                                                                            "height": 0.0,
                                                                                            "data": "0.2, 0.125, 0.0, 0.2857142857142857, 0.0, 0.0, 0.5"
                                                                                        },
                                                                                        {
                                                                                            "type": "leaf",
                                                                                            "height": 0.0,
                                                                                            "data": "0.2, 0.20833333333333334, 0.0, 0.14285714285714285, 0.0, 0.0, 0.5"
                                                                                        }
                                                                                    ]
                                                                                }
                                                                            ]
                                                                        }
                                                                    ]
                                                                },
                                                                {
                                                                    "type": "node",
                                                                    "height": 0.28284271247461906,
                                                                    "nodes": [
                                                                        {
                                                                            "type": "leaf",
                                                                            "height": 0.0,
                                                                            "data": "0.2, 0.041666666666666664, 0.0, 0.2857142857142857, 0.2857142857142857, 0.0, 0.5"
                                                                        },
                                                                        {
                                                                            "type": "node",
                                                                            "height": 0.041666666666666664,
                                                                            "nodes": [
                                                                                {
                                                                                    "type": "leaf",
                                                                                    "height": 0.0,
                                                                                    "data": "0.0, 0.08333333333333333, 0.2, 0.2857142857142857, 0.2857142857142857, 0.0, 0.5"
                                                                                },
                                                                                {
                                                                                    "type": "node",
                                                                                    "height": 0.0,
                                                                                    "nodes": [
                                                                                        {
                                                                                            "type": "leaf",
                                                                                            "height": 0.0,
                                                                                            "data": "0.0, 0.041666666666666664, 0.2, 0.2857142857142857, 0.2857142857142857, 0.0, 0.5"
                                                                                        },
                                                                                        {
                                                                                            "type": "node",
                                                                                            "height": 0.0,
                                                                                            "nodes": [
                                                                                                {
                                                                                                    "type": "leaf",
                                                                                                    "height": 0.0,
                                                                                                    "data": "0.0, 0.041666666666666664, 0.2, 0.2857142857142857, 0.2857142857142857, 0.0, 0.5"
                                                                                                },
                                                                                                {
                                                                                                    "type": "leaf",
                                                                                                    "height": 0.0,
                                                                                                    "data": "0.0, 0.041666666666666664, 0.2, 0.2857142857142857, 0.2857142857142857, 0.0, 0.5"
                                                                                                }
                                                                                            ]
                                                                                        }
                                                                                    ]
                                                                                }
                                                                            ]
                                                                        }
                                                                    ]
                                                                }
                                                            ]
                                                        },
                                                        {
                                                            "type": "node",
                                                            "height": 0.5,
                                                            "nodes": [
                                                                {
                                                                    "type": "leaf",
                                                                    "height": 0.0,
                                                                    "data": "0.0, 0.08333333333333333, 0.4, 0.2857142857142857, 0.2857142857142857, 0.5, 0.0"
                                                                },
                                                                {
                                                                    "type": "node",
                                                                    "height": 0.31186159279594605,
                                                                    "nodes": [
                                                                        {
                                                                            "type": "node",
                                                                            "height": 0.2857142857142857,
                                                                            "nodes": [
                                                                                {
                                                                                    "type": "node",
                                                                                    "height": 0.2042941778688544,
                                                                                    "nodes": [
                                                                                        {
                                                                                            "type": "node",
                                                                                            "height": 0.0,
                                                                                            "nodes": [
                                                                                                {
                                                                                                    "type": "leaf",
                                                                                                    "height": 0.0,
                                                                                                    "data": "0.0, 0.041666666666666664, 0.2, 1.0, 0.0, 0.0, 0.0"
                                                                                                },
                                                                                                {
                                                                                                    "type": "node",
                                                                                                    "height": 0.0,
                                                                                                    "nodes": [
                                                                                                        {
                                                                                                            "type": "leaf",
                                                                                                            "height": 0.0,
                                                                                                            "data": "0.0, 0.041666666666666664, 0.2, 1.0, 0.0, 0.0, 0.0"
                                                                                                        },
                                                                                                        {
                                                                                                            "type": "leaf",
                                                                                                            "height": 0.0,
                                                                                                            "data": "0.0, 0.041666666666666664, 0.2, 1.0, 0.0, 0.0, 0.0"
                                                                                                        }
                                                                                                    ]
                                                                                                }
                                                                                            ]
                                                                                        },
                                                                                        {
                                                                                            "type": "node",
                                                                                            "height": 0.2,
                                                                                            "nodes": [
                                                                                                {
                                                                                                    "type": "leaf",
                                                                                                    "height": 0.0,
                                                                                                    "data": "0.2, 0.0, 0.0, 1.0, 0.0, 0.0, 0.0"
                                                                                                },
                                                                                                {
                                                                                                    "type": "leaf",
                                                                                                    "height": 0.0,
                                                                                                    "data": "0.0, 0.0, 0.0, 1.0, 0.0, 0.0, 0.0"
                                                                                                }
                                                                                            ]
                                                                                        }
                                                                                    ]
                                                                                },
                                                                                {
                                                                                    "type": "node",
                                                                                    "height": 0.2166666666666667,
                                                                                    "nodes": [
                                                                                        {
                                                                                            "type": "node",
                                                                                            "height": 0.14880952380952386,
                                                                                            "nodes": [
                                                                                                {
                                                                                                    "type": "leaf",
                                                                                                    "height": 0.0,
                                                                                                    "data": "0.0, 0.041666666666666664, 0.2, 0.7142857142857143, 0.0, 0.0, 0.0"
                                                                                                },
                                                                                                {
                                                                                                    "type": "leaf",
                                                                                                    "height": 0.0,
                                                                                                    "data": "0.0, 0.08333333333333333, 0.2, 0.5714285714285714, 0.0, 0.0, 0.0"
                                                                                                }
                                                                                            ]
                                                                                        },
                                                                                        {
                                                                                            "type": "node",
                                                                                            "height": 0.2042941778688544,
                                                                                            "nodes": [
                                                                                                {
                                                                                                    "type": "leaf",
                                                                                                    "height": 0.0,
                                                                                                    "data": "0.0, 0.0, 0.0, 0.5714285714285714, 0.0, 0.0, 0.0"
                                                                                                },
                                                                                                {
                                                                                                    "type": "node",
                                                                                                    "height": 0.2,
                                                                                                    "nodes": [
                                                                                                        {
                                                                                                            "type": "leaf",
                                                                                                            "height": 0.0,
                                                                                                            "data": "0.4, 0.08333333333333333, 0.0, 0.5714285714285714, 0.0, 0.0, 0.0"
                                                                                                        },
                                                                                                        {
                                                                                                            "type": "node",
                                                                                                            "height": 0.041666666666666664,
                                                                                                            "nodes": [
                                                                                                                {
                                                                                                                    "type": "leaf",
                                                                                                                    "height": 0.0,
                                                                                                                    "data": "0.2, 0.041666666666666664, 0.0, 0.5714285714285714, 0.0, 0.0, 0.0"
                                                                                                                },
                                                                                                                {
                                                                                                                    "type": "leaf",
                                                                                                                    "height": 0.0,
                                                                                                                    "data": "0.2, 0.08333333333333333, 0.0, 0.5714285714285714, 0.0, 0.0, 0.0"
                                                                                                                }
                                                                                                            ]
                                                                                                        }
                                                                                                    ]
                                                                                                }
                                                                                            ]
                                                                                        }
                                                                                    ]
                                                                                }
                                                                            ]
                                                                        },
                                                                        {
                                                                            "type": "node",
                                                                            "height": 0.31186159279594605,
                                                                            "nodes": [
                                                                                {
                                                                                    "type": "node",
                                                                                    "height": 0.24928753353590957,
                                                                                    "nodes": [
                                                                                        {
                                                                                            "type": "node",
                                                                                            "height": 0.2166666666666667,
                                                                                            "nodes": [
                                                                                                {
                                                                                                    "type": "leaf",
                                                                                                    "height": 0.0,
                                                                                                    "data": "0.2, 0.20833333333333334, 0.0, 0.2857142857142857, 0.0, 0.0, 0.0"
                                                                                                },
                                                                                                {
                                                                                                    "type": "leaf",
                                                                                                    "height": 0.0,
                                                                                                    "data": "0.0, 0.125, 0.0, 0.2857142857142857, 0.0, 0.0, 0.0"
                                                                                                }
                                                                                            ]
                                                                                        },
                                                                                        {
                                                                                            "type": "node",
                                                                                            "height": 0.24928753353590957,
                                                                                            "nodes": [
                                                                                                {
                                                                                                    "type": "leaf",
                                                                                                    "height": 0.0,
                                                                                                    "data": "0.0, 0.16666666666666666, 0.2, 0.14285714285714285, 0.0, 0.0, 0.0"
                                                                                                },
                                                                                                {
                                                                                                    "type": "leaf",
                                                                                                    "height": 0.0,
                                                                                                    "data": "0.0, 0.125, 0.0, 0.0, 0.0, 0.0, 0.0"
                                                                                                }
                                                                                            ]
                                                                                        }
                                                                                    ]
                                                                                },
                                                                                {
                                                                                    "type": "node",
                                                                                    "height": 0.2603416558635552,
                                                                                    "nodes": [
                                                                                        {
                                                                                            "type": "leaf",
                                                                                            "height": 0.0,
                                                                                            "data": "0.0, 0.25, 0.0, 0.2857142857142857, 0.2857142857142857, 0.0, 0.0"
                                                                                        },
                                                                                        {
                                                                                            "type": "node",
                                                                                            "height": 0.2,
                                                                                            "nodes": [
                                                                                                {
                                                                                                    "type": "leaf",
                                                                                                    "height": 0.0,
                                                                                                    "data": "0.0, 0.08333333333333333, 0.4, 0.2857142857142857, 0.2857142857142857, 0.0, 0.0"
                                                                                                },
                                                                                                {
                                                                                                    "type": "node",
                                                                                                    "height": 0.041666666666666664,
                                                                                                    "nodes": [
                                                                                                        {
                                                                                                            "type": "leaf",
                                                                                                            "height": 0.0,
                                                                                                            "data": "0.0, 0.08333333333333333, 0.2, 0.2857142857142857, 0.2857142857142857, 0.0, 0.0"
                                                                                                        },
                                                                                                        {
                                                                                                            "type": "node",
                                                                                                            "height": 0.0,
                                                                                                            "nodes": [
                                                                                                                {
                                                                                                                    "type": "leaf",
                                                                                                                    "height": 0.0,
                                                                                                                    "data": "0.0, 0.041666666666666664, 0.2, 0.2857142857142857, 0.2857142857142857, 0.0, 0.0"
                                                                                                                },
                                                                                                                {
                                                                                                                    "type": "leaf",
                                                                                                                    "height": 0.0,
                                                                                                                    "data": "0.0, 0.041666666666666664, 0.2, 0.2857142857142857, 0.2857142857142857, 0.0, 0.0"
                                                                                                                }
                                                                                                            ]
                                                                                                        }
                                                                                                    ]
                                                                                                }
                                                                                            ]
                                                                                        }
                                                                                    ]
                                                                                }
                                                                            ]
                                                                        }
                                                                    ]
                                                                }
                                                            ]
                                                        }
                                                    ]
                                                }
                                            ]
                                        }
                                    ]
                                }
                            ]
                        },
                        {
                            "type": "node",
                            "height": 0.7774602526460401,
                            "nodes": [
                                {
                                    "type": "leaf",
                                    "height": 0.0,
                                    "data": "1.0, 0.3333333333333333, 0.0, 0.0, 1.0, 0.5, 0.0"
                                },
                                {
                                    "type": "leaf",
                                    "height": 0.0,
                                    "data": "0.6, 1.0, 0.0, 0.0, 1.0, 0.5, 0.0"
                                }
                            ]
                        }
                    ]
                }
            ]
        }
    ]
}
CLUSTERS:
Cluster 0
Center: 0.0, 0.20833333333333334, 0.0, 0.0, 1.0, 1.0, 1.0
Max Dist. to Center: 0
Min Dist. to Center: 0.0
Avg Dist. to Center: 0.0
1 Points
0.0, 0.20833333333333334, 0.0, 0.0, 1.0, 1.0, 1.0
Cluster 1
Center: 0.0, 0.125, 0.0, 0.2857142857142857, 0.0, 1.0, 0.5
Max Dist. to Center: 0
Min Dist. to Center: 0.0
Avg Dist. to Center: 0.0
1 Points
0.0, 0.125, 0.0, 0.2857142857142857, 0.0, 1.0, 0.5
Cluster 2
Center: 1.0, 0.3333333333333333, 0.0, 0.0, 1.0, 0.5, 0.0
Max Dist. to Center: 0
Min Dist. to Center: 0.0
Avg Dist. to Center: 0.0
1 Points
1.0, 0.3333333333333333, 0.0, 0.0, 1.0, 0.5, 0.0
Cluster 3
Center: 0.6, 1.0, 0.0, 0.0, 1.0, 0.5, 0.0
Max Dist. to Center: 0
Min Dist. to Center: 0.0
Avg Dist. to Center: 0.0
1 Points
0.6, 1.0, 0.0, 0.0, 1.0, 0.5, 0.0
Cluster 4
Center: 0.0, 0.041666666666666664, 0.0, 0.0, 1.0, 0.0, 1.0
Max Dist. to Center: 0
Min Dist. to Center: 0.0
Avg Dist. to Center: 0.0
1 Points
0.0, 0.041666666666666664, 0.0, 0.0, 1.0, 0.0, 1.0
Cluster 5
Center: 0.0, 0.20833333333333334, 1.0, 0.14285714285714285, 0.0, 0.5, 0.0
Max Dist. to Center: 0
Min Dist. to Center: 0.0
Avg Dist. to Center: 0.0
1 Points
0.0, 0.20833333333333334, 1.0, 0.14285714285714285, 0.0, 0.5, 0.0
Cluster 6
Center: 0.0, 0.0, 0.0, 0.0, 1.0, 0.0, 0.5
Max Dist. to Center: 0
Min Dist. to Center: 0.0
Avg Dist. to Center: 0.0
1 Points
0.0, 0.0, 0.0, 0.0, 1.0, 0.0, 0.5
Cluster 7
Center: 0.4, 0.16666666666666666, 0.0, 0.0, 1.0, 0.0, 0.0
Max Dist. to Center: 0
Min Dist. to Center: 0.0
Avg Dist. to Center: 0.0
1 Points
0.4, 0.16666666666666666, 0.0, 0.0, 1.0, 0.0, 0.0
Cluster 8
Center: 0.4, 0.125, 0.0, 0.2857142857142857, 0.0, 0.5, 0.0
Max Dist. to Center: 0
Min Dist. to Center: 0.0
Avg Dist. to Center: 0.0
1 Points
0.4, 0.125, 0.0, 0.2857142857142857, 0.0, 0.5, 0.0
Cluster 9
Center: 0.8, 0.20833333333333334, 0.0, 0.2857142857142857, 0.2857142857142857, 0.5, 0.0
Max Dist. to Center: 0
Min Dist. to Center: 0.0
Avg Dist. to Center: 0.0
1 Points
0.8, 0.20833333333333334, 0.0, 0.2857142857142857, 0.2857142857142857, 0.5, 0.0
Cluster 10
Center: 0.0, 0.2916666666666667, 0.0, 0.0, 1.0, 0.0, 0.0
Max Dist. to Center: 0
Min Dist. to Center: 0.0
Avg Dist. to Center: 0.0
1 Points
0.0, 0.2916666666666667, 0.0, 0.0, 1.0, 0.0, 0.0
Cluster 11
Center: 0.0, 0.08333333333333333, 0.4, 0.2857142857142857, 0.2857142857142857, 0.5, 0.0
Max Dist. to Center: 0
Min Dist. to Center: 0.0
Avg Dist. to Center: 0.0
1 Points
0.0, 0.08333333333333333, 0.4, 0.2857142857142857, 0.2857142857142857, 0.5, 0.0
Cluster 12
Center: 0.2, 0.041666666666666664, 0.0, 0.0, 1.0, 0.0, 0.0
Max Dist. to Center: 0
Min Dist. to Center: 0.0
Avg Dist. to Center: 0.0
1 Points
0.2, 0.041666666666666664, 0.0, 0.0, 1.0, 0.0, 0.0
Cluster 13
Center: 0.0, 0.017857142857142856, 0.0, 0.0, 1.0, 0.0, 0.0
Max Dist. to Center: 0.06547619047619047
Min Dist. to Center: 0.017857142857142856
Avg Dist. to Center: 0.02551020408163265
7 Points
0.0, 0.0, 0.0, 0.0, 1.0, 0.0, 0.0
0.0, 0.0, 0.0, 0.0, 1.0, 0.0, 0.0
0.0, 0.0, 0.0, 0.0, 1.0, 0.0, 0.0
0.0, 0.0, 0.0, 0.0, 1.0, 0.0, 0.0
0.0, 0.0, 0.0, 0.0, 1.0, 0.0, 0.0
0.0, 0.08333333333333333, 0.0, 0.0, 1.0, 0.0, 0.0
0.0, 0.041666666666666664, 0.0, 0.0, 1.0, 0.0, 0.0
Cluster 14
Center: 0.4, 0.125, 0.0, 0.2857142857142857, 0.0, 0.0, 0.5
Max Dist. to Center: 0
Min Dist. to Center: 0.0
Avg Dist. to Center: 0.0
1 Points
0.4, 0.125, 0.0, 0.2857142857142857, 0.0, 0.0, 0.5
Cluster 15
Center: 0.2, 0.041666666666666664, 0.0, 0.2857142857142857, 0.2857142857142857, 0.0, 0.5
Max Dist. to Center: 0
Min Dist. to Center: 0.0
Avg Dist. to Center: 0.0
1 Points
0.2, 0.041666666666666664, 0.0, 0.2857142857142857, 0.2857142857142857, 0.0, 0.5
Cluster 16
Center: 0.0, 0.05208333333333333, 0.2, 0.2857142857142857, 0.2857142857142857, 0.0, 0.5
Max Dist. to Center: 0.03125
Min Dist. to Center: 0.010416666666666664
Avg Dist. to Center: 0.015624999999999998
4 Points
0.0, 0.08333333333333333, 0.2, 0.2857142857142857, 0.2857142857142857, 0.0, 0.5
0.0, 0.041666666666666664, 0.2, 0.2857142857142857, 0.2857142857142857, 0.0, 0.5
0.0, 0.041666666666666664, 0.2, 0.2857142857142857, 0.2857142857142857, 0.0, 0.5
0.0, 0.041666666666666664, 0.2, 0.2857142857142857, 0.2857142857142857, 0.0, 0.5
Cluster 17
Center: 0.2, 0.3333333333333333, 0.0, 0.0, 0.0, 0.0, 0.5
Max Dist. to Center: 0
Min Dist. to Center: 0.0
Avg Dist. to Center: 0.0
1 Points
0.2, 0.3333333333333333, 0.0, 0.0, 0.0, 0.0, 0.5
Cluster 18
Center: 0.2, 0.125, 0.0, 0.2857142857142857, 0.0, 0.0, 0.5
Max Dist. to Center: 0
Min Dist. to Center: 0.0
Avg Dist. to Center: 0.0
1 Points
0.2, 0.125, 0.0, 0.2857142857142857, 0.0, 0.0, 0.5
Cluster 19
Center: 0.2, 0.20833333333333334, 0.0, 0.14285714285714285, 0.0, 0.0, 0.5
Max Dist. to Center: 0
Min Dist. to Center: 0.0
Avg Dist. to Center: 0.0
1 Points
0.2, 0.20833333333333334, 0.0, 0.14285714285714285, 0.0, 0.0, 0.5
Cluster 20
Center: 0.0, 0.041666666666666664, 0.20000000000000004, 1.0, 0.0, 0.0, 0.0
Max Dist. to Center: 2.7755575615628914e-17
Min Dist. to Center: 2.7755575615628914e-17
Avg Dist. to Center: 2.7755575615628914e-17
3 Points
0.0, 0.041666666666666664, 0.2, 1.0, 0.0, 0.0, 0.0
0.0, 0.041666666666666664, 0.2, 1.0, 0.0, 0.0, 0.0
0.0, 0.041666666666666664, 0.2, 1.0, 0.0, 0.0, 0.0
Cluster 21
Center: 0.0, 0.25, 0.0, 0.2857142857142857, 0.2857142857142857, 0.0, 0.0
Max Dist. to Center: 0
Min Dist. to Center: 0.0
Avg Dist. to Center: 0.0
1 Points
0.0, 0.25, 0.0, 0.2857142857142857, 0.2857142857142857, 0.0, 0.0
Cluster 22
Center: 0.2, 0.0, 0.0, 1.0, 0.0, 0.0, 0.0
Max Dist. to Center: 0
Min Dist. to Center: 0.0
Avg Dist. to Center: 0.0
1 Points
0.2, 0.0, 0.0, 1.0, 0.0, 0.0, 0.0
Cluster 23
Center: 0.0, 0.0, 0.0, 1.0, 0.0, 0.0, 0.0
Max Dist. to Center: 0
Min Dist. to Center: 0.0
Avg Dist. to Center: 0.0
1 Points
0.0, 0.0, 0.0, 1.0, 0.0, 0.0, 0.0
Cluster 24
Center: 0.0, 0.041666666666666664, 0.2, 0.7142857142857143, 0.0, 0.0, 0.0
Max Dist. to Center: 0
Min Dist. to Center: 0.0
Avg Dist. to Center: 0.0
1 Points
0.0, 0.041666666666666664, 0.2, 0.7142857142857143, 0.0, 0.0, 0.0
Cluster 25
Center: 0.0, 0.08333333333333333, 0.2, 0.5714285714285714, 0.0, 0.0, 0.0
Max Dist. to Center: 0
Min Dist. to Center: 0.0
Avg Dist. to Center: 0.0
1 Points
0.0, 0.08333333333333333, 0.2, 0.5714285714285714, 0.0, 0.0, 0.0
Cluster 26
Center: 0.0, 0.0, 0.0, 0.5714285714285714, 0.0, 0.0, 0.0
Max Dist. to Center: 0
Min Dist. to Center: 0.0
Avg Dist. to Center: 0.0
1 Points
0.0, 0.0, 0.0, 0.5714285714285714, 0.0, 0.0, 0.0
Cluster 27
Center: 0.2, 0.20833333333333334, 0.0, 0.2857142857142857, 0.0, 0.0, 0.0
Max Dist. to Center: 0
Min Dist. to Center: 0.0
Avg Dist. to Center: 0.0
1 Points
0.2, 0.20833333333333334, 0.0, 0.2857142857142857, 0.0, 0.0, 0.0
Cluster 28
Center: 0.0, 0.125, 0.0, 0.2857142857142857, 0.0, 0.0, 0.0
Max Dist. to Center: 0
Min Dist. to Center: 0.0
Avg Dist. to Center: 0.0
1 Points
0.0, 0.125, 0.0, 0.2857142857142857, 0.0, 0.0, 0.0
Cluster 29
Center: 0.0, 0.16666666666666666, 0.2, 0.14285714285714285, 0.0, 0.0, 0.0
Max Dist. to Center: 0
Min Dist. to Center: 0.0
Avg Dist. to Center: 0.0
1 Points
0.0, 0.16666666666666666, 0.2, 0.14285714285714285, 0.0, 0.0, 0.0
Cluster 30
Center: 0.0, 0.125, 0.0, 0.0, 0.0, 0.0, 0.0
Max Dist. to Center: 0
Min Dist. to Center: 0.0
Avg Dist. to Center: 0.0
1 Points
0.0, 0.125, 0.0, 0.0, 0.0, 0.0, 0.0
Cluster 31
Center: 0.0, 0.08333333333333333, 0.4, 0.2857142857142857, 0.2857142857142857, 0.0, 0.0
Max Dist. to Center: 0
Min Dist. to Center: 0.0
Avg Dist. to Center: 0.0
1 Points
0.0, 0.08333333333333333, 0.4, 0.2857142857142857, 0.2857142857142857, 0.0, 0.0
Cluster 32
Center: 0.0, 0.05555555555555555, 0.20000000000000004, 0.2857142857142857, 0.2857142857142857, 0.0, 0.0
Max Dist. to Center: 0.027777777777777776
Min Dist. to Center: 0.013888888888888888
Avg Dist. to Center: 0.018518518518518517
3 Points
0.0, 0.08333333333333333, 0.2, 0.2857142857142857, 0.2857142857142857, 0.0, 0.0
0.0, 0.041666666666666664, 0.2, 0.2857142857142857, 0.2857142857142857, 0.0, 0.0
0.0, 0.041666666666666664, 0.2, 0.2857142857142857, 0.2857142857142857, 0.0, 0.0
Cluster 33
Center: 0.4, 0.08333333333333333, 0.0, 0.5714285714285714, 0.0, 0.0, 0.0
Max Dist. to Center: 0
Min Dist. to Center: 0.0
Avg Dist. to Center: 0.0
1 Points
0.4, 0.08333333333333333, 0.0, 0.5714285714285714, 0.0, 0.0, 0.0
Cluster 34
Center: 0.2, 0.0625, 0.0, 0.5714285714285714, 0.0, 0.0, 0.0
Max Dist. to Center: 0.020833333333333336
Min Dist. to Center: 0.02083333333333333
Avg Dist. to Center: 0.020833333333333332
2 Points
0.2, 0.041666666666666664, 0.0, 0.5714285714285714, 0.0, 0.0, 0.0
0.2, 0.08333333333333333, 0.0, 0.5714285714285714, 0.0, 0.0, 0.0
Center: 0.0, 0.20833333333333334, 0.0, 0.0, 1.0, 1.0, 1.0
Max Dist. to Center: 0
Min Dist. to Center: 0.0
Avg Dist. to Center: 0.0
1 Points
0.0, 0.20833333333333334, 0.0, 0.0, 1.0, 1.0, 1.0
Center: 0.0, 0.125, 0.0, 0.2857142857142857, 0.0, 1.0, 0.5
Max Dist. to Center: 0
Min Dist. to Center: 0.0
Avg Dist. to Center: 0.0
1 Points
0.0, 0.125, 0.0, 0.2857142857142857, 0.0, 1.0, 0.5
Center: 1.0, 0.3333333333333333, 0.0, 0.0, 1.0, 0.5, 0.0
Max Dist. to Center: 0
Min Dist. to Center: 0.0
Avg Dist. to Center: 0.0
1 Points
1.0, 0.3333333333333333, 0.0, 0.0, 1.0, 0.5, 0.0
Center: 0.6, 1.0, 0.0, 0.0, 1.0, 0.5, 0.0
Max Dist. to Center: 0
Min Dist. to Center: 0.0
Avg Dist. to Center: 0.0
1 Points
0.6, 1.0, 0.0, 0.0, 1.0, 0.5, 0.0
Center: 0.0, 0.041666666666666664, 0.0, 0.0, 1.0, 0.0, 1.0
Max Dist. to Center: 0
Min Dist. to Center: 0.0
Avg Dist. to Center: 0.0
1 Points
0.0, 0.041666666666666664, 0.0, 0.0, 1.0, 0.0, 1.0
Center: 0.0, 0.20833333333333334, 1.0, 0.14285714285714285, 0.0, 0.5, 0.0
Max Dist. to Center: 0
Min Dist. to Center: 0.0
Avg Dist. to Center: 0.0
1 Points
0.0, 0.20833333333333334, 1.0, 0.14285714285714285, 0.0, 0.5, 0.0
Center: 0.0, 0.0, 0.0, 0.0, 1.0, 0.0, 0.5
Max Dist. to Center: 0
Min Dist. to Center: 0.0
Avg Dist. to Center: 0.0
1 Points
0.0, 0.0, 0.0, 0.0, 1.0, 0.0, 0.5
Center: 0.4, 0.16666666666666666, 0.0, 0.0, 1.0, 0.0, 0.0
Max Dist. to Center: 0
Min Dist. to Center: 0.0
Avg Dist. to Center: 0.0
1 Points
0.4, 0.16666666666666666, 0.0, 0.0, 1.0, 0.0, 0.0
Center: 0.4, 0.125, 0.0, 0.2857142857142857, 0.0, 0.5, 0.0
Max Dist. to Center: 0
Min Dist. to Center: 0.0
Avg Dist. to Center: 0.0
1 Points
0.4, 0.125, 0.0, 0.2857142857142857, 0.0, 0.5, 0.0
Center: 0.8, 0.20833333333333334, 0.0, 0.2857142857142857, 0.2857142857142857, 0.5, 0.0
Max Dist. to Center: 0
Min Dist. to Center: 0.0
Avg Dist. to Center: 0.0
1 Points
0.8, 0.20833333333333334, 0.0, 0.2857142857142857, 0.2857142857142857, 0.5, 0.0
Center: 0.0, 0.2916666666666667, 0.0, 0.0, 1.0, 0.0, 0.0
Max Dist. to Center: 0
Min Dist. to Center: 0.0
Avg Dist. to Center: 0.0
1 Points
0.0, 0.2916666666666667, 0.0, 0.0, 1.0, 0.0, 0.0
Center: 0.0, 0.08333333333333333, 0.4, 0.2857142857142857, 0.2857142857142857, 0.5, 0.0
Max Dist. to Center: 0
Min Dist. to Center: 0.0
Avg Dist. to Center: 0.0
1 Points
0.0, 0.08333333333333333, 0.4, 0.2857142857142857, 0.2857142857142857, 0.5, 0.0
Center: 0.2, 0.041666666666666664, 0.0, 0.0, 1.0, 0.0, 0.0
Max Dist. to Center: 0
Min Dist. to Center: 0.0
Avg Dist. to Center: 0.0
1 Points
0.2, 0.041666666666666664, 0.0, 0.0, 1.0, 0.0, 0.0
Center: 0.0, 0.017857142857142856, 0.0, 0.0, 1.0, 0.0, 0.0
Max Dist. to Center: 0.06547619047619047
Min Dist. to Center: 0.017857142857142856
Avg Dist. to Center: 0.02551020408163265
7 Points
0.0, 0.0, 0.0, 0.0, 1.0, 0.0, 0.0
0.0, 0.0, 0.0, 0.0, 1.0, 0.0, 0.0
0.0, 0.0, 0.0, 0.0, 1.0, 0.0, 0.0
0.0, 0.0, 0.0, 0.0, 1.0, 0.0, 0.0
0.0, 0.0, 0.0, 0.0, 1.0, 0.0, 0.0
0.0, 0.08333333333333333, 0.0, 0.0, 1.0, 0.0, 0.0
0.0, 0.041666666666666664, 0.0, 0.0, 1.0, 0.0, 0.0
Center: 0.4, 0.125, 0.0, 0.2857142857142857, 0.0, 0.0, 0.5
Max Dist. to Center: 0
Min Dist. to Center: 0.0
Avg Dist. to Center: 0.0
1 Points
0.4, 0.125, 0.0, 0.2857142857142857, 0.0, 0.0, 0.5
Center: 0.2, 0.041666666666666664, 0.0, 0.2857142857142857, 0.2857142857142857, 0.0, 0.5
Max Dist. to Center: 0
Min Dist. to Center: 0.0
Avg Dist. to Center: 0.0
1 Points
0.2, 0.041666666666666664, 0.0, 0.2857142857142857, 0.2857142857142857, 0.0, 0.5
Center: 0.0, 0.05208333333333333, 0.2, 0.2857142857142857, 0.2857142857142857, 0.0, 0.5
Max Dist. to Center: 0.03125
Min Dist. to Center: 0.010416666666666664
Avg Dist. to Center: 0.015624999999999998
4 Points
0.0, 0.08333333333333333, 0.2, 0.2857142857142857, 0.2857142857142857, 0.0, 0.5
0.0, 0.041666666666666664, 0.2, 0.2857142857142857, 0.2857142857142857, 0.0, 0.5
0.0, 0.041666666666666664, 0.2, 0.2857142857142857, 0.2857142857142857, 0.0, 0.5
0.0, 0.041666666666666664, 0.2, 0.2857142857142857, 0.2857142857142857, 0.0, 0.5
Center: 0.2, 0.3333333333333333, 0.0, 0.0, 0.0, 0.0, 0.5
Max Dist. to Center: 0
Min Dist. to Center: 0.0
Avg Dist. to Center: 0.0
1 Points
0.2, 0.3333333333333333, 0.0, 0.0, 0.0, 0.0, 0.5
Center: 0.2, 0.125, 0.0, 0.2857142857142857, 0.0, 0.0, 0.5
Max Dist. to Center: 0
Min Dist. to Center: 0.0
Avg Dist. to Center: 0.0
1 Points
0.2, 0.125, 0.0, 0.2857142857142857, 0.0, 0.0, 0.5
Center: 0.2, 0.20833333333333334, 0.0, 0.14285714285714285, 0.0, 0.0, 0.5
Max Dist. to Center: 0
Min Dist. to Center: 0.0
Avg Dist. to Center: 0.0
1 Points
0.2, 0.20833333333333334, 0.0, 0.14285714285714285, 0.0, 0.0, 0.5
Center: 0.0, 0.041666666666666664, 0.20000000000000004, 1.0, 0.0, 0.0, 0.0
Max Dist. to Center: 2.7755575615628914e-17
Min Dist. to Center: 2.7755575615628914e-17
Avg Dist. to Center: 2.7755575615628914e-17
3 Points
0.0, 0.041666666666666664, 0.2, 1.0, 0.0, 0.0, 0.0
0.0, 0.041666666666666664, 0.2, 1.0, 0.0, 0.0, 0.0
0.0, 0.041666666666666664, 0.2, 1.0, 0.0, 0.0, 0.0
Center: 0.0, 0.25, 0.0, 0.2857142857142857, 0.2857142857142857, 0.0, 0.0
Max Dist. to Center: 0
Min Dist. to Center: 0.0
Avg Dist. to Center: 0.0
1 Points
0.0, 0.25, 0.0, 0.2857142857142857, 0.2857142857142857, 0.0, 0.0
Center: 0.2, 0.0, 0.0, 1.0, 0.0, 0.0, 0.0
Max Dist. to Center: 0
Min Dist. to Center: 0.0
Avg Dist. to Center: 0.0
1 Points
0.2, 0.0, 0.0, 1.0, 0.0, 0.0, 0.0
Center: 0.0, 0.0, 0.0, 1.0, 0.0, 0.0, 0.0
Max Dist. to Center: 0
Min Dist. to Center: 0.0
Avg Dist. to Center: 0.0
1 Points
0.0, 0.0, 0.0, 1.0, 0.0, 0.0, 0.0
Center: 0.0, 0.041666666666666664, 0.2, 0.7142857142857143, 0.0, 0.0, 0.0
Max Dist. to Center: 0
Min Dist. to Center: 0.0
Avg Dist. to Center: 0.0
1 Points
0.0, 0.041666666666666664, 0.2, 0.7142857142857143, 0.0, 0.0, 0.0
Center: 0.0, 0.08333333333333333, 0.2, 0.5714285714285714, 0.0, 0.0, 0.0
Max Dist. to Center: 0
Min Dist. to Center: 0.0
Avg Dist. to Center: 0.0
1 Points
0.0, 0.08333333333333333, 0.2, 0.5714285714285714, 0.0, 0.0, 0.0
Center: 0.0, 0.0, 0.0, 0.5714285714285714, 0.0, 0.0, 0.0
Max Dist. to Center: 0
Min Dist. to Center: 0.0
Avg Dist. to Center: 0.0
1 Points
0.0, 0.0, 0.0, 0.5714285714285714, 0.0, 0.0, 0.0
Center: 0.2, 0.20833333333333334, 0.0, 0.2857142857142857, 0.0, 0.0, 0.0
Max Dist. to Center: 0
Min Dist. to Center: 0.0
Avg Dist. to Center: 0.0
1 Points
0.2, 0.20833333333333334, 0.0, 0.2857142857142857, 0.0, 0.0, 0.0
Center: 0.0, 0.125, 0.0, 0.2857142857142857, 0.0, 0.0, 0.0
Max Dist. to Center: 0
Min Dist. to Center: 0.0
Avg Dist. to Center: 0.0
1 Points
0.0, 0.125, 0.0, 0.2857142857142857, 0.0, 0.0, 0.0
Center: 0.0, 0.16666666666666666, 0.2, 0.14285714285714285, 0.0, 0.0, 0.0
Max Dist. to Center: 0
Min Dist. to Center: 0.0
Avg Dist. to Center: 0.0
1 Points
0.0, 0.16666666666666666, 0.2, 0.14285714285714285, 0.0, 0.0, 0.0
Center: 0.0, 0.125, 0.0, 0.0, 0.0, 0.0, 0.0
Max Dist. to Center: 0
Min Dist. to Center: 0.0
Avg Dist. to Center: 0.0
1 Points
0.0, 0.125, 0.0, 0.0, 0.0, 0.0, 0.0
Center: 0.0, 0.08333333333333333, 0.4, 0.2857142857142857, 0.2857142857142857, 0.0, 0.0
Max Dist. to Center: 0
Min Dist. to Center: 0.0
Avg Dist. to Center: 0.0
1 Points
0.0, 0.08333333333333333, 0.4, 0.2857142857142857, 0.2857142857142857, 0.0, 0.0
Center: 0.0, 0.05555555555555555, 0.20000000000000004, 0.2857142857142857, 0.2857142857142857, 0.0, 0.0
Max Dist. to Center: 0.027777777777777776
Min Dist. to Center: 0.013888888888888888
Avg Dist. to Center: 0.018518518518518517
3 Points
0.0, 0.08333333333333333, 0.2, 0.2857142857142857, 0.2857142857142857, 0.0, 0.0
0.0, 0.041666666666666664, 0.2, 0.2857142857142857, 0.2857142857142857, 0.0, 0.0
0.0, 0.041666666666666664, 0.2, 0.2857142857142857, 0.2857142857142857, 0.0, 0.0
Center: 0.4, 0.08333333333333333, 0.0, 0.5714285714285714, 0.0, 0.0, 0.0
Max Dist. to Center: 0
Min Dist. to Center: 0.0
Avg Dist. to Center: 0.0
1 Points
0.4, 0.08333333333333333, 0.0, 0.5714285714285714, 0.0, 0.0, 0.0
Center: 0.2, 0.0625, 0.0, 0.5714285714285714, 0.0, 0.0, 0.0
Max Dist. to Center: 0.020833333333333336
Min Dist. to Center: 0.02083333333333333
Avg Dist. to Center: 0.020833333333333332
2 Points
0.2, 0.041666666666666664, 0.0, 0.5714285714285714, 0.0, 0.0, 0.0
0.2, 0.08333333333333333, 0.0, 0.5714285714285714, 0.0, 0.0, 0.0
SSE= 0.00809053366717057
