{
    "type": "root",
    "height": 1.0137937550497031,
    "nodes": [
        {
            "type": "node",
            "height": 0.11111111111111105,
            "nodes": [
                {
                    "type": "node",
                    "height": 0.05555555555555558,
                    "nodes": [
                        {
                            "type": "leaf",
                            "height": 0.0,
                            "data": "1.0, 0.7777777777777778, 0.0"
                        },
                        {
                            "type": "leaf",
                            "height": 0.0,
                            "data": "1.0, 0.7222222222222222, 0.0"
                        }
                    ]
                },
                {
                    "type": "node",
                    "height": 0.05555555555555558,
                    "nodes": [
                        {
                            "type": "node",
                            "height": 0.05555555555555558,
                            "nodes": [
                                {
                                    "type": "leaf",
                                    "height": 0.0,
                                    "data": "1.0, 0.6111111111111112, 0.0"
                                },
                                {
                                    "type": "leaf",
                                    "height": 0.0,
                                    "data": "1.0, 0.5555555555555556, 0.0"
                                }
                            ]
                        },
                        {
                            "type": "node",
                            "height": 0.05555555555555558,
                            "nodes": [
                                {
                                    "type": "leaf",
                                    "height": 0.0,
                                    "data": "1.0, 0.3333333333333333, 0.0"
                                },
                                {
                                    "type": "node",
                                    "height": 0.05555555555555558,
                                    "nodes": [
                                        {
                                            "type": "leaf",
                                            "height": 0.0,
                                            "data": "1.0, 0.5, 0.0"
                                        },
                                        {
                                            "type": "node",
                                            "height": 0.055555555555555525,
                                            "nodes": [
                                                {
                                                    "type": "node",
                                                    "height": 0.0,
                                                    "nodes": [
                                                        {
                                                            "type": "leaf",
                                                            "height": 0.0,
                                                            "data": "1.0, 0.4444444444444444, 0.0"
                                                        },
                                                        {
                                                            "type": "leaf",
                                                            "height": 0.0,
                                                            "data": "1.0, 0.4444444444444444, 0.0"
                                                        }
                                                    ]
                                                },
                                                {
                                                    "type": "node",
                                                    "height": 0.0,
                                                    "nodes": [
                                                        {
                                                            "type": "leaf",
                                                            "height": 0.0,
                                                            "data": "1.0, 0.3888888888888889, 0.0"
                                                        },
                                                        {
                                                            "type": "leaf",
                                                            "height": 0.0,
                                                            "data": "1.0, 0.3888888888888889, 0.0"
                                                        }
                                                    ]
                                                }
                                            ]
                                        }
                                    ]
                                }
                            ]
                        }
                    ]
                }
            ]
        },
        {
            "type": "node",
            "height": 0.8333333333333334,
            "nodes": [
                {
                    "type": "leaf",
                    "height": 0.0,
                    "data": "0.0, 1.0, 0.3333333333333333"
                },
                {
                    "type": "node",
                    "height": 0.3379312516832344,
                    "nodes": [
                        {
                            "type": "node",
                            "height": 0.3333333333333333,
                            "nodes": [
                                {
                                    "type": "node",
                                    "height": 0.1111111111111111,
                                    "nodes": [
                                        {
                                            "type": "leaf",
                                            "height": 0.0,
                                            "data": "0.0, 0.16666666666666666, 0.3333333333333333"
                                        },
                                        {
                                            "type": "node",
                                            "height": 0.0,
                                            "nodes": [
                                                {
                                                    "type": "leaf",
                                                    "height": 0.0,
                                                    "data": "0.0, 0.05555555555555555, 0.3333333333333333"
                                                },
                                                {
                                                    "type": "leaf",
                                                    "height": 0.0,
                                                    "data": "0.0, 0.05555555555555555, 0.3333333333333333"
                                                }
                                            ]
                                        }
                                    ]
                                },
                                {
                                    "type": "node",
                                    "height": 0.1111111111111111,
                                    "nodes": [
                                        {
                                            "type": "leaf",
                                            "height": 0.0,
                                            "data": "0.0, 0.16666666666666666, 0.0"
                                        },
                                        {
                                            "type": "node",
                                            "height": 0.05555555555555555,
                                            "nodes": [
                                                {
                                                    "type": "leaf",
                                                    "height": 0.0,
                                                    "data": "0.0, 0.0, 0.0"
                                                },
                                                {
                                                    "type": "leaf",
                                                    "height": 0.0,
                                                    "data": "0.0, 0.05555555555555555, 0.0"
                                                }
                                            ]
                                        }
                                    ]
                                }
                            ]
                        },
                        {
                            "type": "node",
                            "height": 0.33333333333333337,
                            "nodes": [
                                {
                                    "type": "leaf",
                                    "height": 0.0,
                                    "data": "0.0, 0.2222222222222222, 0.6666666666666666"
                                },
                                {
                                    "type": "leaf",
                                    "height": 0.0,
                                    "data": "0.0, 0.2222222222222222, 1.0"
                                }
                            ]
                        }
                    ]
                }
            ]
        }
    ]
}
CLUSTERS:
Cluster 0
Center: 1.0, 0.75, 0.0
Max Dist. to Center: 0.02777777777777779
Min Dist. to Center: 0.02777777777777779
Avg Dist. to Center: 0.02777777777777779
2 Points
1.0, 0.7777777777777778, 0.0
1.0, 0.7222222222222222, 0.0
Cluster 1
Center: 1.0, 0.45833333333333337, 0.0
Max Dist. to Center: 0.1527777777777778
Min Dist. to Center: 0.01388888888888895
Avg Dist. to Center: 0.07291666666666669
8 Points
1.0, 0.6111111111111112, 0.0
1.0, 0.5555555555555556, 0.0
1.0, 0.3333333333333333, 0.0
1.0, 0.5, 0.0
1.0, 0.4444444444444444, 0.0
1.0, 0.4444444444444444, 0.0
1.0, 0.3888888888888889, 0.0
1.0, 0.3888888888888889, 0.0
Cluster 2
Center: 0.0, 1.0, 0.3333333333333333
Max Dist. to Center: 0
Min Dist. to Center: 0.0
Avg Dist. to Center: 0.0
1 Points
0.0, 1.0, 0.3333333333333333
Cluster 3
Center: 0.0, 0.2222222222222222, 0.6666666666666666
Max Dist. to Center: 0
Min Dist. to Center: 0.0
Avg Dist. to Center: 0.0
1 Points
0.0, 0.2222222222222222, 0.6666666666666666
Cluster 4
Center: 0.0, 0.2222222222222222, 1.0
Max Dist. to Center: 0
Min Dist. to Center: 0.0
Avg Dist. to Center: 0.0
1 Points
0.0, 0.2222222222222222, 1.0
Cluster 5
Center: 0.0, 0.16666666666666666, 0.3333333333333333
Max Dist. to Center: 0
Min Dist. to Center: 0.0
Avg Dist. to Center: 0.0
1 Points
0.0, 0.16666666666666666, 0.3333333333333333
Cluster 6
Center: 0.0, 0.05555555555555555, 0.3333333333333333
Max Dist. to Center: 0
Min Dist. to Center: 0.0
Avg Dist. to Center: 0.0
2 Points
0.0, 0.05555555555555555, 0.3333333333333333
0.0, 0.05555555555555555, 0.3333333333333333
Cluster 7
Center: 0.0, 0.16666666666666666, 0.0
Max Dist. to Center: 0
Min Dist. to Center: 0.0
Avg Dist. to Center: 0.0
1 Points
0.0, 0.16666666666666666, 0.0
Cluster 8
Center: 0.0, 0.027777777777777776, 0.0
Max Dist. to Center: 0.027777777777777776
Min Dist. to Center: 0.027777777777777776
Avg Dist. to Center: 0.027777777777777776
2 Points
0.0, 0.0, 0.0
0.0, 0.05555555555555555, 0.0
Center: 1.0, 0.75, 0.0
Max Dist. to Center: 0.02777777777777779
Min Dist. to Center: 0.02777777777777779
Avg Dist. to Center: 0.02777777777777779
2 Points
1.0, 0.7777777777777778, 0.0
1.0, 0.7222222222222222, 0.0
Center: 1.0, 0.45833333333333337, 0.0
Max Dist. to Center: 0.1527777777777778
Min Dist. to Center: 0.01388888888888895
Avg Dist. to Center: 0.07291666666666669
8 Points
1.0, 0.6111111111111112, 0.0
1.0, 0.5555555555555556, 0.0
1.0, 0.3333333333333333, 0.0
1.0, 0.5, 0.0
1.0, 0.4444444444444444, 0.0
1.0, 0.4444444444444444, 0.0
1.0, 0.3888888888888889, 0.0
1.0, 0.3888888888888889, 0.0
Center: 0.0, 1.0, 0.3333333333333333
Max Dist. to Center: 0
Min Dist. to Center: 0.0
Avg Dist. to Center: 0.0
1 Points
0.0, 1.0, 0.3333333333333333
Center: 0.0, 0.2222222222222222, 0.6666666666666666
Max Dist. to Center: 0
Min Dist. to Center: 0.0
Avg Dist. to Center: 0.0
1 Points
0.0, 0.2222222222222222, 0.6666666666666666
Center: 0.0, 0.2222222222222222, 1.0
Max Dist. to Center: 0
Min Dist. to Center: 0.0
Avg Dist. to Center: 0.0
1 Points
0.0, 0.2222222222222222, 1.0
Center: 0.0, 0.16666666666666666, 0.3333333333333333
Max Dist. to Center: 0
Min Dist. to Center: 0.0
Avg Dist. to Center: 0.0
1 Points
0.0, 0.16666666666666666, 0.3333333333333333
Center: 0.0, 0.05555555555555555, 0.3333333333333333
Max Dist. to Center: 0
Min Dist. to Center: 0.0
Avg Dist. to Center: 0.0
2 Points
0.0, 0.05555555555555555, 0.3333333333333333
0.0, 0.05555555555555555, 0.3333333333333333
Center: 0.0, 0.16666666666666666, 0.0
Max Dist. to Center: 0
Min Dist. to Center: 0.0
Avg Dist. to Center: 0.0
1 Points
0.0, 0.16666666666666666, 0.0
Center: 0.0, 0.027777777777777776, 0.0
Max Dist. to Center: 0.027777777777777776
Min Dist. to Center: 0.027777777777777776
Avg Dist. to Center: 0.027777777777777776
2 Points
0.0, 0.0, 0.0
0.0, 0.05555555555555555, 0.0
SSE= 0.058256172839506196
