{
    "type": "root",
    "height": 0.9258560732757493,
    "nodes": [
        {
            "type": "leaf",
            "height": 0.0,
            "data": "0.8333333333333334, 0.8, 0.7, 0.6363636363636364, 0.5454545454545454, 0.625, 0.8181818181818182, 1.0, 1.0, 1.0"
        },
        {
            "type": "node",
            "height": 0.8965080726428767,
            "nodes": [
                {
                    "type": "leaf",
                    "height": 0.0,
                    "data": "1.0, 1.0, 0.7, 1.0, 1.0, 1.0, 1.0, 0.5454545454545454, 0.4, 0.7777777777777778"
                },
                {
                    "type": "node",
                    "height": 0.6205873202695811,
                    "nodes": [
                        {
                            "type": "node",
                            "height": 0.38575420675579525,
                            "nodes": [
                                {
                                    "type": "leaf",
                                    "height": 0.0,
                                    "data": "0.8333333333333334, 0.9, 1.0, 0.7272727272727273, 0.6363636363636364, 0.5, 0.45454545454545453, 0.36363636363636365, 0.6, 0.6666666666666666"
                                },
                                {
                                    "type": "leaf",
                                    "height": 0.0,
                                    "data": "1.0, 0.8, 0.8, 0.6363636363636364, 0.5454545454545454, 0.625, 0.5454545454545454, 0.45454545454545453, 0.5, 0.5555555555555556"
                                }
                            ]
                        },
                        {
                            "type": "node",
                            "height": 0.5913267970247096,
                            "nodes": [
                                {
                                    "type": "node",
                                    "height": 0.2390377950076049,
                                    "nodes": [
                                        {
                                            "type": "leaf",
                                            "height": 0.0,
                                            "data": "0.0, 0.3, 0.2, 0.0, 0.09090909090909091, 0.0, 0.09090909090909091, 0.0, 0.0, 0.0"
                                        },
                                        {
                                            "type": "leaf",
                                            "height": 0.0,
                                            "data": "0.0, 0.2, 0.1, 0.09090909090909091, 0.0, 0.0, 0.18181818181818182, 0.0, 0.0, 0.1111111111111111"
                                        }
                                    ]
                                },
                                {
                                    "type": "node",
                                    "height": 0.5839764809065645,
                                    "nodes": [
                                        {
                                            "type": "leaf",
                                            "height": 0.0,
                                            "data": "0.8333333333333334, 0.6, 0.5, 0.36363636363636365, 0.2727272727272727, 0.125, 0.09090909090909091, 0.0, 0.0, 0.1111111111111111"
                                        },
                                        {
                                            "type": "node",
                                            "height": 0.5647784151312292,
                                            "nodes": [
                                                {
                                                    "type": "leaf",
                                                    "height": 0.0,
                                                    "data": "0.16666666666666666, 0.0, 0.0, 0.09090909090909091, 0.18181818181818182, 0.125, 0.09090909090909091, 0.0, 0.1, 0.7777777777777778"
                                                },
                                                {
                                                    "type": "node",
                                                    "height": 0.46096172915253114,
                                                    "nodes": [
                                                        {
                                                            "type": "leaf",
                                                            "height": 0.0,
                                                            "data": "0.8333333333333334, 0.6, 0.5, 0.45454545454545453, 0.36363636363636365, 0.25, 0.45454545454545453, 0.45454545454545453, 0.5, 0.4444444444444444"
                                                        },
                                                        {
                                                            "type": "node",
                                                            "height": 0.4166529688596313,
                                                            "nodes": [
                                                                {
                                                                    "type": "node",
                                                                    "height": 0.3941259109087191,
                                                                    "nodes": [
                                                                        {
                                                                            "type": "leaf",
                                                                            "height": 0.0,
                                                                            "data": "0.16666666666666666, 0.5, 0.5, 0.36363636363636365, 0.2727272727272727, 0.125, 0.18181818181818182, 0.09090909090909091, 0.3, 0.3333333333333333"
                                                                        },
                                                                        {
                                                                            "type": "leaf",
                                                                            "height": 0.0,
                                                                            "data": "0.3333333333333333, 0.5, 0.4, 0.2727272727272727, 0.18181818181818182, 0.0, 0.0, 0.09090909090909091, 0.1, 0.2222222222222222"
                                                                        }
                                                                    ]
                                                                },
                                                                {
                                                                    "type": "node",
                                                                    "height": 0.41003538560372965,
                                                                    "nodes": [
                                                                        {
                                                                            "type": "leaf",
                                                                            "height": 0.0,
                                                                            "data": "0.16666666666666666, 0.5, 0.6, 0.36363636363636365, 0.2727272727272727, 0.125, 0.18181818181818182, 0.45454545454545453, 0.5, 0.4444444444444444"
                                                                        },
                                                                        {
                                                                            "type": "node",
                                                                            "height": 0.3963215498048399,
                                                                            "nodes": [
                                                                                {
                                                                                    "type": "leaf",
                                                                                    "height": 0.0,
                                                                                    "data": "0.5, 0.7, 0.5, 0.45454545454545453, 0.2727272727272727, 0.5, 0.45454545454545453, 0.5454545454545454, 0.5, 0.5555555555555556"
                                                                                },
                                                                                {
                                                                                    "type": "node",
                                                                                    "height": 0.3759981444531082,
                                                                                    "nodes": [
                                                                                        {
                                                                                            "type": "node",
                                                                                            "height": 0.28465510754598294,
                                                                                            "nodes": [
                                                                                                {
                                                                                                    "type": "leaf",
                                                                                                    "height": 0.0,
                                                                                                    "data": "0.16666666666666666, 0.2, 0.0, 0.18181818181818182, 0.09090909090909091, 0.25, 0.2727272727272727, 0.2727272727272727, 0.4, 0.5555555555555556"
                                                                                                },
                                                                                                {
                                                                                                    "type": "node",
                                                                                                    "height": 0.2839192522923781,
                                                                                                    "nodes": [
                                                                                                        {
                                                                                                            "type": "leaf",
                                                                                                            "height": 0.0,
                                                                                                            "data": "0.0, 0.3, 0.3, 0.2727272727272727, 0.18181818181818182, 0.125, 0.2727272727272727, 0.45454545454545453, 0.3, 0.3333333333333333"
                                                                                                        },
                                                                                                        {
                                                                                                            "type": "node",
                                                                                                            "height": 0.25698684905592956,
                                                                                                            "nodes": [
                                                                                                                {
                                                                                                                    "type": "leaf",
                                                                                                                    "height": 0.0,
                                                                                                                    "data": "0.0, 0.2, 0.2, 0.2727272727272727, 0.18181818181818182, 0.125, 0.36363636363636365, 0.45454545454545453, 0.5, 0.4444444444444444"
                                                                                                                },
                                                                                                                {
                                                                                                                    "type": "leaf",
                                                                                                                    "height": 0.0,
                                                                                                                    "data": "0.16666666666666666, 0.3, 0.1, 0.2727272727272727, 0.18181818181818182, 0.125, 0.36363636363636365, 0.36363636363636365, 0.4, 0.4444444444444444"
                                                                                                                }
                                                                                                            ]
                                                                                                        }
                                                                                                    ]
                                                                                                }
                                                                                            ]
                                                                                        },
                                                                                        {
                                                                                            "type": "node",
                                                                                            "height": 0.3434744480446034,
                                                                                            "nodes": [
                                                                                                {
                                                                                                    "type": "leaf",
                                                                                                    "height": 0.0,
                                                                                                    "data": "0.16666666666666666, 0.4, 0.3, 0.36363636363636365, 0.18181818181818182, 0.375, 0.36363636363636365, 0.2727272727272727, 0.4, 0.5555555555555556"
                                                                                                },
                                                                                                {
                                                                                                    "type": "node",
                                                                                                    "height": 0.3289318564802288,
                                                                                                    "nodes": [
                                                                                                        {
                                                                                                            "type": "leaf",
                                                                                                            "height": 0.0,
                                                                                                            "data": "0.5, 0.5, 0.5, 0.45454545454545453, 0.2727272727272727, 0.25, 0.2727272727272727, 0.18181818181818182, 0.2, 0.4444444444444444"
                                                                                                        },
                                                                                                        {
                                                                                                            "type": "node",
                                                                                                            "height": 0.22837233987467634,
                                                                                                            "nodes": [
                                                                                                                {
                                                                                                                    "type": "leaf",
                                                                                                                    "height": 0.0,
                                                                                                                    "data": "0.3333333333333333, 0.4, 0.4, 0.36363636363636365, 0.36363636363636365, 0.5, 0.45454545454545453, 0.45454545454545453, 0.5, 0.4444444444444444"
                                                                                                                },
                                                                                                                {
                                                                                                                    "type": "node",
                                                                                                                    "height": 0.20531421192853333,
                                                                                                                    "nodes": [
                                                                                                                        {
                                                                                                                            "type": "leaf",
                                                                                                                            "height": 0.0,
                                                                                                                            "data": "0.3333333333333333, 0.6, 0.6, 0.45454545454545453, 0.45454545454545453, 0.25, 0.2727272727272727, 0.18181818181818182, 0.5, 0.4444444444444444"
                                                                                                                        },
                                                                                                                        {
                                                                                                                            "type": "node",
                                                                                                                            "height": 0.1681203818991539,
                                                                                                                            "nodes": [
                                                                                                                                {
                                                                                                                                    "type": "leaf",
                                                                                                                                    "height": 0.0,
                                                                                                                                    "data": "0.3333333333333333, 0.6, 0.6, 0.45454545454545453, 0.36363636363636365, 0.375, 0.2727272727272727, 0.2727272727272727, 0.4, 0.4444444444444444"
                                                                                                                                },
                                                                                                                                {
                                                                                                                                    "type": "node",
                                                                                                                                    "height": 0.16287702606517196,
                                                                                                                                    "nodes": [
                                                                                                                                        {
                                                                                                                                            "type": "leaf",
                                                                                                                                            "height": 0.0,
                                                                                                                                            "data": "0.3333333333333333, 0.5, 0.5, 0.45454545454545453, 0.36363636363636365, 0.375, 0.36363636363636365, 0.2727272727272727, 0.4, 0.4444444444444444"
                                                                                                                                        },
                                                                                                                                        {
                                                                                                                                            "type": "leaf",
                                                                                                                                            "height": 0.0,
                                                                                                                                            "data": "0.3333333333333333, 0.5, 0.4, 0.45454545454545453, 0.36363636363636365, 0.375, 0.45454545454545453, 0.36363636363636365, 0.4, 0.4444444444444444"
                                                                                                                                        }
                                                                                                                                    ]
                                                                                                                                }
                                                                                                                            ]
                                                                                                                        }
                                                                                                                    ]
                                                                                                                }
                                                                                                            ]
                                                                                                        }
                                                                                                    ]
                                                                                                }
                                                                                            ]
                                                                                        }
                                                                                    ]
                                                                                }
                                                                            ]
                                                                        }
                                                                    ]
                                                                }
                                                            ]
                                                        }
                                                    ]
                                                }
                                            ]
                                        }
                                    ]
                                }
                            ]
                        }
                    ]
                }
            ]
        }
    ]
}
CLUSTERS:
Cluster 0
Center: 0.8333333333333334, 0.8, 0.7, 0.6363636363636364, 0.5454545454545454, 0.625, 0.8181818181818182, 1.0, 1.0, 1.0
Max Dist. to Center: 0
Min Dist. to Center: 0.0
Avg Dist. to Center: 0.0
1 Points
0.8333333333333334, 0.8, 0.7, 0.6363636363636364, 0.5454545454545454, 0.625, 0.8181818181818182, 1.0, 1.0, 1.0
Cluster 1
Center: 1.0, 1.0, 0.7, 1.0, 1.0, 1.0, 1.0, 0.5454545454545454, 0.4, 0.7777777777777778
Max Dist. to Center: 0
Min Dist. to Center: 0.0
Avg Dist. to Center: 0.0
1 Points
1.0, 1.0, 0.7, 1.0, 1.0, 1.0, 1.0, 0.5454545454545454, 0.4, 0.7777777777777778
Cluster 2
Center: 0.8333333333333334, 0.9, 1.0, 0.7272727272727273, 0.6363636363636364, 0.5, 0.45454545454545453, 0.36363636363636365, 0.6, 0.6666666666666666
Max Dist. to Center: 0
Min Dist. to Center: 0.0
Avg Dist. to Center: 0.0
1 Points
0.8333333333333334, 0.9, 1.0, 0.7272727272727273, 0.6363636363636364, 0.5, 0.45454545454545453, 0.36363636363636365, 0.6, 0.6666666666666666
Cluster 3
Center: 1.0, 0.8, 0.8, 0.6363636363636364, 0.5454545454545454, 0.625, 0.5454545454545454, 0.45454545454545453, 0.5, 0.5555555555555556
Max Dist. to Center: 0
Min Dist. to Center: 0.0
Avg Dist. to Center: 0.0
1 Points
1.0, 0.8, 0.8, 0.6363636363636364, 0.5454545454545454, 0.625, 0.5454545454545454, 0.45454545454545453, 0.5, 0.5555555555555556
Cluster 4
Center: 0.0, 0.3, 0.2, 0.0, 0.09090909090909091, 0.0, 0.09090909090909091, 0.0, 0.0, 0.0
Max Dist. to Center: 0
Min Dist. to Center: 0.0
Avg Dist. to Center: 0.0
1 Points
0.0, 0.3, 0.2, 0.0, 0.09090909090909091, 0.0, 0.09090909090909091, 0.0, 0.0, 0.0
Cluster 5
Center: 0.0, 0.2, 0.1, 0.09090909090909091, 0.0, 0.0, 0.18181818181818182, 0.0, 0.0, 0.1111111111111111
Max Dist. to Center: 0
Min Dist. to Center: 0.0
Avg Dist. to Center: 0.0
1 Points
0.0, 0.2, 0.1, 0.09090909090909091, 0.0, 0.0, 0.18181818181818182, 0.0, 0.0, 0.1111111111111111
Cluster 6
Center: 0.8333333333333334, 0.6, 0.5, 0.36363636363636365, 0.2727272727272727, 0.125, 0.09090909090909091, 0.0, 0.0, 0.1111111111111111
Max Dist. to Center: 0
Min Dist. to Center: 0.0
Avg Dist. to Center: 0.0
1 Points
0.8333333333333334, 0.6, 0.5, 0.36363636363636365, 0.2727272727272727, 0.125, 0.09090909090909091, 0.0, 0.0, 0.1111111111111111
Cluster 7
Center: 0.16666666666666666, 0.0, 0.0, 0.09090909090909091, 0.18181818181818182, 0.125, 0.09090909090909091, 0.0, 0.1, 0.7777777777777778
Max Dist. to Center: 0
Min Dist. to Center: 0.0
Avg Dist. to Center: 0.0
1 Points
0.16666666666666666, 0.0, 0.0, 0.09090909090909091, 0.18181818181818182, 0.125, 0.09090909090909091, 0.0, 0.1, 0.7777777777777778
Cluster 8
Center: 0.8333333333333334, 0.6, 0.5, 0.45454545454545453, 0.36363636363636365, 0.25, 0.45454545454545453, 0.45454545454545453, 0.5, 0.4444444444444444
Max Dist. to Center: 0
Min Dist. to Center: 0.0
Avg Dist. to Center: 0.0
1 Points
0.8333333333333334, 0.6, 0.5, 0.45454545454545453, 0.36363636363636365, 0.25, 0.45454545454545453, 0.45454545454545453, 0.5, 0.4444444444444444
Cluster 9
Center: 0.16666666666666666, 0.5, 0.5, 0.36363636363636365, 0.2727272727272727, 0.125, 0.18181818181818182, 0.09090909090909091, 0.3, 0.3333333333333333
Max Dist. to Center: 0
Min Dist. to Center: 0.0
Avg Dist. to Center: 0.0
1 Points
0.16666666666666666, 0.5, 0.5, 0.36363636363636365, 0.2727272727272727, 0.125, 0.18181818181818182, 0.09090909090909091, 0.3, 0.3333333333333333
Cluster 10
Center: 0.3333333333333333, 0.5, 0.4, 0.2727272727272727, 0.18181818181818182, 0.0, 0.0, 0.09090909090909091, 0.1, 0.2222222222222222
Max Dist. to Center: 0
Min Dist. to Center: 0.0
Avg Dist. to Center: 0.0
1 Points
0.3333333333333333, 0.5, 0.4, 0.2727272727272727, 0.18181818181818182, 0.0, 0.0, 0.09090909090909091, 0.1, 0.2222222222222222
Cluster 11
Center: 0.16666666666666666, 0.5, 0.6, 0.36363636363636365, 0.2727272727272727, 0.125, 0.18181818181818182, 0.45454545454545453, 0.5, 0.4444444444444444
Max Dist. to Center: 0
Min Dist. to Center: 0.0
Avg Dist. to Center: 0.0
1 Points
0.16666666666666666, 0.5, 0.6, 0.36363636363636365, 0.2727272727272727, 0.125, 0.18181818181818182, 0.45454545454545453, 0.5, 0.4444444444444444
Cluster 12
Center: 0.5, 0.7, 0.5, 0.45454545454545453, 0.2727272727272727, 0.5, 0.45454545454545453, 0.5454545454545454, 0.5, 0.5555555555555556
Max Dist. to Center: 0
Min Dist. to Center: 0.0
Avg Dist. to Center: 0.0
1 Points
0.5, 0.7, 0.5, 0.45454545454545453, 0.2727272727272727, 0.5, 0.45454545454545453, 0.5454545454545454, 0.5, 0.5555555555555556
Cluster 13
Center: 0.16666666666666666, 0.2, 0.0, 0.18181818181818182, 0.09090909090909091, 0.25, 0.2727272727272727, 0.2727272727272727, 0.4, 0.5555555555555556
Max Dist. to Center: 0
Min Dist. to Center: 0.0
Avg Dist. to Center: 0.0
1 Points
0.16666666666666666, 0.2, 0.0, 0.18181818181818182, 0.09090909090909091, 0.25, 0.2727272727272727, 0.2727272727272727, 0.4, 0.5555555555555556
Cluster 14
Center: 0.16666666666666666, 0.4, 0.3, 0.36363636363636365, 0.18181818181818182, 0.375, 0.36363636363636365, 0.2727272727272727, 0.4, 0.5555555555555556
Max Dist. to Center: 0
Min Dist. to Center: 0.0
Avg Dist. to Center: 0.0
1 Points
0.16666666666666666, 0.4, 0.3, 0.36363636363636365, 0.18181818181818182, 0.375, 0.36363636363636365, 0.2727272727272727, 0.4, 0.5555555555555556
Cluster 15
Center: 0.0, 0.3, 0.3, 0.2727272727272727, 0.18181818181818182, 0.125, 0.2727272727272727, 0.45454545454545453, 0.3, 0.3333333333333333
Max Dist. to Center: 0
Min Dist. to Center: 0.0
Avg Dist. to Center: 0.0
1 Points
0.0, 0.3, 0.3, 0.2727272727272727, 0.18181818181818182, 0.125, 0.2727272727272727, 0.45454545454545453, 0.3, 0.3333333333333333
Cluster 16
Center: 0.5, 0.5, 0.5, 0.45454545454545453, 0.2727272727272727, 0.25, 0.2727272727272727, 0.18181818181818182, 0.2, 0.4444444444444444
Max Dist. to Center: 0
Min Dist. to Center: 0.0
Avg Dist. to Center: 0.0
1 Points
0.5, 0.5, 0.5, 0.45454545454545453, 0.2727272727272727, 0.25, 0.2727272727272727, 0.18181818181818182, 0.2, 0.4444444444444444
Cluster 17
Center: 0.0, 0.2, 0.2, 0.2727272727272727, 0.18181818181818182, 0.125, 0.36363636363636365, 0.45454545454545453, 0.5, 0.4444444444444444
Max Dist. to Center: 0
Min Dist. to Center: 0.0
Avg Dist. to Center: 0.0
1 Points
0.0, 0.2, 0.2, 0.2727272727272727, 0.18181818181818182, 0.125, 0.36363636363636365, 0.45454545454545453, 0.5, 0.4444444444444444
Cluster 18
Center: 0.16666666666666666, 0.3, 0.1, 0.2727272727272727, 0.18181818181818182, 0.125, 0.36363636363636365, 0.36363636363636365, 0.4, 0.4444444444444444
Max Dist. to Center: 0
Min Dist. to Center: 0.0
Avg Dist. to Center: 0.0
1 Points
0.16666666666666666, 0.3, 0.1, 0.2727272727272727, 0.18181818181818182, 0.125, 0.36363636363636365, 0.36363636363636365, 0.4, 0.4444444444444444
Cluster 19
Center: 0.3333333333333333, 0.4, 0.4, 0.36363636363636365, 0.36363636363636365, 0.5, 0.45454545454545453, 0.45454545454545453, 0.5, 0.4444444444444444
Max Dist. to Center: 0
Min Dist. to Center: 0.0
Avg Dist. to Center: 0.0
1 Points
0.3333333333333333, 0.4, 0.4, 0.36363636363636365, 0.36363636363636365, 0.5, 0.45454545454545453, 0.45454545454545453, 0.5, 0.4444444444444444
Cluster 20
Center: 0.3333333333333333, 0.6, 0.6, 0.45454545454545453, 0.45454545454545453, 0.25, 0.2727272727272727, 0.18181818181818182, 0.5, 0.4444444444444444
Max Dist. to Center: 0
Min Dist. to Center: 0.0
Avg Dist. to Center: 0.0
1 Points
0.3333333333333333, 0.6, 0.6, 0.45454545454545453, 0.45454545454545453, 0.25, 0.2727272727272727, 0.18181818181818182, 0.5, 0.4444444444444444
Cluster 21
Center: 0.3333333333333333, 0.5333333333333333, 0.5, 0.45454545454545453, 0.3636363636363636, 0.375, 0.3636363636363636, 0.30303030303030304, 0.4000000000000001, 0.4444444444444444
Max Dist. to Center: 0.1537113557936048
Min Dist. to Center: 0.04504869317369246
Avg Dist. to Center: 0.1168593094532419
3 Points
0.3333333333333333, 0.6, 0.6, 0.45454545454545453, 0.36363636363636365, 0.375, 0.2727272727272727, 0.2727272727272727, 0.4, 0.4444444444444444
0.3333333333333333, 0.5, 0.5, 0.45454545454545453, 0.36363636363636365, 0.375, 0.36363636363636365, 0.2727272727272727, 0.4, 0.4444444444444444
0.3333333333333333, 0.5, 0.4, 0.45454545454545453, 0.36363636363636365, 0.375, 0.45454545454545453, 0.36363636363636365, 0.4, 0.4444444444444444
Center: 0.8333333333333334, 0.8, 0.7, 0.6363636363636364, 0.5454545454545454, 0.625, 0.8181818181818182, 1.0, 1.0, 1.0
Max Dist. to Center: 0
Min Dist. to Center: 0.0
Avg Dist. to Center: 0.0
1 Points
0.8333333333333334, 0.8, 0.7, 0.6363636363636364, 0.5454545454545454, 0.625, 0.8181818181818182, 1.0, 1.0, 1.0
Center: 1.0, 1.0, 0.7, 1.0, 1.0, 1.0, 1.0, 0.5454545454545454, 0.4, 0.7777777777777778
Max Dist. to Center: 0
Min Dist. to Center: 0.0
Avg Dist. to Center: 0.0
1 Points
1.0, 1.0, 0.7, 1.0, 1.0, 1.0, 1.0, 0.5454545454545454, 0.4, 0.7777777777777778
Center: 0.8333333333333334, 0.9, 1.0, 0.7272727272727273, 0.6363636363636364, 0.5, 0.45454545454545453, 0.36363636363636365, 0.6, 0.6666666666666666
Max Dist. to Center: 0
Min Dist. to Center: 0.0
Avg Dist. to Center: 0.0
1 Points
0.8333333333333334, 0.9, 1.0, 0.7272727272727273, 0.6363636363636364, 0.5, 0.45454545454545453, 0.36363636363636365, 0.6, 0.6666666666666666
Center: 1.0, 0.8, 0.8, 0.6363636363636364, 0.5454545454545454, 0.625, 0.5454545454545454, 0.45454545454545453, 0.5, 0.5555555555555556
Max Dist. to Center: 0
Min Dist. to Center: 0.0
Avg Dist. to Center: 0.0
1 Points
1.0, 0.8, 0.8, 0.6363636363636364, 0.5454545454545454, 0.625, 0.5454545454545454, 0.45454545454545453, 0.5, 0.5555555555555556
Center: 0.0, 0.3, 0.2, 0.0, 0.09090909090909091, 0.0, 0.09090909090909091, 0.0, 0.0, 0.0
Max Dist. to Center: 0
Min Dist. to Center: 0.0
Avg Dist. to Center: 0.0
1 Points
0.0, 0.3, 0.2, 0.0, 0.09090909090909091, 0.0, 0.09090909090909091, 0.0, 0.0, 0.0
Center: 0.0, 0.2, 0.1, 0.09090909090909091, 0.0, 0.0, 0.18181818181818182, 0.0, 0.0, 0.1111111111111111
Max Dist. to Center: 0
Min Dist. to Center: 0.0
Avg Dist. to Center: 0.0
1 Points
0.0, 0.2, 0.1, 0.09090909090909091, 0.0, 0.0, 0.18181818181818182, 0.0, 0.0, 0.1111111111111111
Center: 0.8333333333333334, 0.6, 0.5, 0.36363636363636365, 0.2727272727272727, 0.125, 0.09090909090909091, 0.0, 0.0, 0.1111111111111111
Max Dist. to Center: 0
Min Dist. to Center: 0.0
Avg Dist. to Center: 0.0
1 Points
0.8333333333333334, 0.6, 0.5, 0.36363636363636365, 0.2727272727272727, 0.125, 0.09090909090909091, 0.0, 0.0, 0.1111111111111111
Center: 0.16666666666666666, 0.0, 0.0, 0.09090909090909091, 0.18181818181818182, 0.125, 0.09090909090909091, 0.0, 0.1, 0.7777777777777778
Max Dist. to Center: 0
Min Dist. to Center: 0.0
Avg Dist. to Center: 0.0
1 Points
0.16666666666666666, 0.0, 0.0, 0.09090909090909091, 0.18181818181818182, 0.125, 0.09090909090909091, 0.0, 0.1, 0.7777777777777778
Center: 0.8333333333333334, 0.6, 0.5, 0.45454545454545453, 0.36363636363636365, 0.25, 0.45454545454545453, 0.45454545454545453, 0.5, 0.4444444444444444
Max Dist. to Center: 0
Min Dist. to Center: 0.0
Avg Dist. to Center: 0.0
1 Points
0.8333333333333334, 0.6, 0.5, 0.45454545454545453, 0.36363636363636365, 0.25, 0.45454545454545453, 0.45454545454545453, 0.5, 0.4444444444444444
Center: 0.16666666666666666, 0.5, 0.5, 0.36363636363636365, 0.2727272727272727, 0.125, 0.18181818181818182, 0.09090909090909091, 0.3, 0.3333333333333333
Max Dist. to Center: 0
Min Dist. to Center: 0.0
Avg Dist. to Center: 0.0
1 Points
0.16666666666666666, 0.5, 0.5, 0.36363636363636365, 0.2727272727272727, 0.125, 0.18181818181818182, 0.09090909090909091, 0.3, 0.3333333333333333
Center: 0.3333333333333333, 0.5, 0.4, 0.2727272727272727, 0.18181818181818182, 0.0, 0.0, 0.09090909090909091, 0.1, 0.2222222222222222
Max Dist. to Center: 0
Min Dist. to Center: 0.0
Avg Dist. to Center: 0.0
1 Points
0.3333333333333333, 0.5, 0.4, 0.2727272727272727, 0.18181818181818182, 0.0, 0.0, 0.09090909090909091, 0.1, 0.2222222222222222
Center: 0.16666666666666666, 0.5, 0.6, 0.36363636363636365, 0.2727272727272727, 0.125, 0.18181818181818182, 0.45454545454545453, 0.5, 0.4444444444444444
Max Dist. to Center: 0
Min Dist. to Center: 0.0
Avg Dist. to Center: 0.0
1 Points
0.16666666666666666, 0.5, 0.6, 0.36363636363636365, 0.2727272727272727, 0.125, 0.18181818181818182, 0.45454545454545453, 0.5, 0.4444444444444444
Center: 0.5, 0.7, 0.5, 0.45454545454545453, 0.2727272727272727, 0.5, 0.45454545454545453, 0.5454545454545454, 0.5, 0.5555555555555556
Max Dist. to Center: 0
Min Dist. to Center: 0.0
Avg Dist. to Center: 0.0
1 Points
0.5, 0.7, 0.5, 0.45454545454545453, 0.2727272727272727, 0.5, 0.45454545454545453, 0.5454545454545454, 0.5, 0.5555555555555556
Center: 0.16666666666666666, 0.2, 0.0, 0.18181818181818182, 0.09090909090909091, 0.25, 0.2727272727272727, 0.2727272727272727, 0.4, 0.5555555555555556
Max Dist. to Center: 0
Min Dist. to Center: 0.0
Avg Dist. to Center: 0.0
1 Points
0.16666666666666666, 0.2, 0.0, 0.18181818181818182, 0.09090909090909091, 0.25, 0.2727272727272727, 0.2727272727272727, 0.4, 0.5555555555555556
Center: 0.16666666666666666, 0.4, 0.3, 0.36363636363636365, 0.18181818181818182, 0.375, 0.36363636363636365, 0.2727272727272727, 0.4, 0.5555555555555556
Max Dist. to Center: 0
Min Dist. to Center: 0.0
Avg Dist. to Center: 0.0
1 Points
0.16666666666666666, 0.4, 0.3, 0.36363636363636365, 0.18181818181818182, 0.375, 0.36363636363636365, 0.2727272727272727, 0.4, 0.5555555555555556
Center: 0.0, 0.3, 0.3, 0.2727272727272727, 0.18181818181818182, 0.125, 0.2727272727272727, 0.45454545454545453, 0.3, 0.3333333333333333
Max Dist. to Center: 0
Min Dist. to Center: 0.0
Avg Dist. to Center: 0.0
1 Points
0.0, 0.3, 0.3, 0.2727272727272727, 0.18181818181818182, 0.125, 0.2727272727272727, 0.45454545454545453, 0.3, 0.3333333333333333
Center: 0.5, 0.5, 0.5, 0.45454545454545453, 0.2727272727272727, 0.25, 0.2727272727272727, 0.18181818181818182, 0.2, 0.4444444444444444
Max Dist. to Center: 0
Min Dist. to Center: 0.0
Avg Dist. to Center: 0.0
1 Points
0.5, 0.5, 0.5, 0.45454545454545453, 0.2727272727272727, 0.25, 0.2727272727272727, 0.18181818181818182, 0.2, 0.4444444444444444
Center: 0.0, 0.2, 0.2, 0.2727272727272727, 0.18181818181818182, 0.125, 0.36363636363636365, 0.45454545454545453, 0.5, 0.4444444444444444
Max Dist. to Center: 0
Min Dist. to Center: 0.0
Avg Dist. to Center: 0.0
1 Points
0.0, 0.2, 0.2, 0.2727272727272727, 0.18181818181818182, 0.125, 0.36363636363636365, 0.45454545454545453, 0.5, 0.4444444444444444
Center: 0.16666666666666666, 0.3, 0.1, 0.2727272727272727, 0.18181818181818182, 0.125, 0.36363636363636365, 0.36363636363636365, 0.4, 0.4444444444444444
Max Dist. to Center: 0
Min Dist. to Center: 0.0
Avg Dist. to Center: 0.0
1 Points
0.16666666666666666, 0.3, 0.1, 0.2727272727272727, 0.18181818181818182, 0.125, 0.36363636363636365, 0.36363636363636365, 0.4, 0.4444444444444444
Center: 0.3333333333333333, 0.4, 0.4, 0.36363636363636365, 0.36363636363636365, 0.5, 0.45454545454545453, 0.45454545454545453, 0.5, 0.4444444444444444
Max Dist. to Center: 0
Min Dist. to Center: 0.0
Avg Dist. to Center: 0.0
1 Points
0.3333333333333333, 0.4, 0.4, 0.36363636363636365, 0.36363636363636365, 0.5, 0.45454545454545453, 0.45454545454545453, 0.5, 0.4444444444444444
Center: 0.3333333333333333, 0.6, 0.6, 0.45454545454545453, 0.45454545454545453, 0.25, 0.2727272727272727, 0.18181818181818182, 0.5, 0.4444444444444444
Max Dist. to Center: 0
Min Dist. to Center: 0.0
Avg Dist. to Center: 0.0
1 Points
0.3333333333333333, 0.6, 0.6, 0.45454545454545453, 0.45454545454545453, 0.25, 0.2727272727272727, 0.18181818181818182, 0.5, 0.4444444444444444
Center: 0.3333333333333333, 0.5333333333333333, 0.5, 0.45454545454545453, 0.3636363636363636, 0.375, 0.3636363636363636, 0.30303030303030304, 0.4000000000000001, 0.4444444444444444
Max Dist. to Center: 0.1537113557936048
Min Dist. to Center: 0.04504869317369246
Avg Dist. to Center: 0.1168593094532419
3 Points
0.3333333333333333, 0.6, 0.6, 0.45454545454545453, 0.36363636363636365, 0.375, 0.2727272727272727, 0.2727272727272727, 0.4, 0.4444444444444444
0.3333333333333333, 0.5, 0.5, 0.45454545454545453, 0.36363636363636365, 0.375, 0.36363636363636365, 0.2727272727272727, 0.4, 0.4444444444444444
0.3333333333333333, 0.5, 0.4, 0.45454545454545453, 0.36363636363636365, 0.375, 0.45454545454545453, 0.36363636363636365, 0.4, 0.4444444444444444
SSE= 0.048705234159779606
