{
    "type": "root",
    "height": 0.5798405972477958,
    "nodes": [
        {
            "type": "node",
            "height": 0.2741575179592506,
            "nodes": [
                {
                    "type": "leaf",
                    "height": 0.0,
                    "data": "0.03296703296703296, 0.7777777777777777, 1.0, 0.0, 0.34090909090909094"
                },
                {
                    "type": "leaf",
                    "height": 0.0,
                    "data": "0.0, 0.8547008547008547, 0.8268292682926829, 0.13043478260869565, 0.1954545454545455"
                }
            ]
        },
        {
            "type": "node",
            "height": 0.4939810410377124,
            "nodes": [
                {
                    "type": "leaf",
                    "height": 0.0,
                    "data": "0.58021978021978, 1.0, 0.2951219512195122, 0.27536231884057966, 1.0"
                },
                {
                    "type": "node",
                    "height": 0.42314751824959596,
                    "nodes": [
                        {
                            "type": "leaf",
                            "height": 0.0,
                            "data": "0.567032967032967, 0.2564102564102564, 0.40487804878048783, 0.8115942028985507, 0.24090909090909096"
                        },
                        {
                            "type": "node",
                            "height": 0.31863506399318925,
                            "nodes": [
                                {
                                    "type": "leaf",
                                    "height": 0.0,
                                    "data": "0.8065934065934064, 0.8119658119658119, 0.12926829268292683, 0.6376811594202899, 0.2954545454545455"
                                },
                                {
                                    "type": "node",
                                    "height": 0.28489280481242846,
                                    "nodes": [
                                        {
                                            "type": "leaf",
                                            "height": 0.0,
                                            "data": "0.43736263736263725, 0.8974358974358974, 0.4926829268292683, 0.2318840579710145, 0.34090909090909094"
                                        },
                                        {
                                            "type": "node",
                                            "height": 0.2680796170117396,
                                            "nodes": [
                                                {
                                                    "type": "node",
                                                    "height": 0.25462467397503585,
                                                    "nodes": [
                                                        {
                                                            "type": "leaf",
                                                            "height": 0.0,
                                                            "data": "1.0, 0.0, 0.08536585365853659, 0.6376811594202899, 0.0"
                                                        },
                                                        {
                                                            "type": "node",
                                                            "height": 0.22458530514120553,
                                                            "nodes": [
                                                                {
                                                                    "type": "node",
                                                                    "height": 0.17721175526542365,
                                                                    "nodes": [
                                                                        {
                                                                            "type": "node",
                                                                            "height": 0.10695798557587588,
                                                                            "nodes": [
                                                                                {
                                                                                    "type": "node",
                                                                                    "height": 0.09669922761913502,
                                                                                    "nodes": [
                                                                                        {
                                                                                            "type": "leaf",
                                                                                            "height": 0.0,
                                                                                            "data": "0.9406593406593406, 0.24786324786324784, 0.058536585365853655, 0.6956521739130435, 0.2772727272727273"
                                                                                        },
                                                                                        {
                                                                                            "type": "leaf",
                                                                                            "height": 0.0,
                                                                                            "data": "0.9076923076923077, 0.2051282051282051, 0.09268292682926829, 0.7681159420289855, 0.27272727272727276"
                                                                                        }
                                                                                    ]
                                                                                },
                                                                                {
                                                                                    "type": "node",
                                                                                    "height": 0.09802596451977443,
                                                                                    "nodes": [
                                                                                        {
                                                                                            "type": "leaf",
                                                                                            "height": 0.0,
                                                                                            "data": "0.9230769230769231, 0.358974358974359, 0.017073170731707315, 0.8260869565217391, 0.3636363636363637"
                                                                                        },
                                                                                        {
                                                                                            "type": "leaf",
                                                                                            "height": 0.0,
                                                                                            "data": "0.9142857142857141, 0.282051282051282, 0.05365853658536586, 0.8115942028985507, 0.31818181818181823"
                                                                                        }
                                                                                    ]
                                                                                }
                                                                            ]
                                                                        },
                                                                        {
                                                                            "type": "node",
                                                                            "height": 0.12452339208029778,
                                                                            "nodes": [
                                                                                {
                                                                                    "type": "leaf",
                                                                                    "height": 0.0,
                                                                                    "data": "0.9934065934065932, 0.17094017094017092, 0.0, 1.0, 0.11363636363636363"
                                                                                },
                                                                                {
                                                                                    "type": "node",
                                                                                    "height": 0.11000213094210244,
                                                                                    "nodes": [
                                                                                        {
                                                                                            "type": "leaf",
                                                                                            "height": 0.0,
                                                                                            "data": "0.9912087912087911, 0.11965811965811964, 0.01951219512195122, 0.7971014492753623, 0.1681818181818182"
                                                                                        },
                                                                                        {
                                                                                            "type": "node",
                                                                                            "height": 0.1047632799807358,
                                                                                            "nodes": [
                                                                                                {
                                                                                                    "type": "leaf",
                                                                                                    "height": 0.0,
                                                                                                    "data": "0.9978021978021976, 0.09401709401709402, 0.009756097560975608, 0.8985507246376812, 0.1363636363636364"
                                                                                                },
                                                                                                {
                                                                                                    "type": "node",
                                                                                                    "height": 0.09573548450683349,
                                                                                                    "nodes": [
                                                                                                        {
                                                                                                            "type": "leaf",
                                                                                                            "height": 0.0,
                                                                                                            "data": "0.9582417582417582, 0.06837606837606837, 0.06097560975609756, 0.8695652173913043, 0.06363636363636364"
                                                                                                        },
                                                                                                        {
                                                                                                            "type": "leaf",
                                                                                                            "height": 0.0,
                                                                                                            "data": "0.9560439560439561, 0.13675213675213674, 0.041463414634146344, 0.927536231884058, 0.03636363636363636"
                                                                                                        }
                                                                                                    ]
                                                                                                }
                                                                                            ]
                                                                                        }
                                                                                    ]
                                                                                }
                                                                            ]
                                                                        }
                                                                    ]
                                                                },
                                                                {
                                                                    "type": "node",
                                                                    "height": 0.19778624541705472,
                                                                    "nodes": [
                                                                        {
                                                                            "type": "node",
                                                                            "height": 0.09194534311267967,
                                                                            "nodes": [
                                                                                {
                                                                                    "type": "leaf",
                                                                                    "height": 0.0,
                                                                                    "data": "0.8065934065934064, 0.5128205128205128, 0.11951219512195123, 0.7101449275362319, 0.37727272727272737"
                                                                                },
                                                                                {
                                                                                    "type": "node",
                                                                                    "height": 0.07411151774360401,
                                                                                    "nodes": [
                                                                                        {
                                                                                            "type": "leaf",
                                                                                            "height": 0.0,
                                                                                            "data": "0.8175824175824173, 0.452991452991453, 0.16829268292682928, 0.6811594202898551, 0.30909090909090914"
                                                                                        },
                                                                                        {
                                                                                            "type": "leaf",
                                                                                            "height": 0.0,
                                                                                            "data": "0.8153846153846153, 0.42735042735042733, 0.13170731707317074, 0.6811594202898551, 0.3681818181818183"
                                                                                        }
                                                                                    ]
                                                                                }
                                                                            ]
                                                                        },
                                                                        {
                                                                            "type": "node",
                                                                            "height": 0.19387978651402452,
                                                                            "nodes": [
                                                                                {
                                                                                    "type": "leaf",
                                                                                    "height": 0.0,
                                                                                    "data": "0.8131868131868132, 0.5811965811965812, 0.15121951219512195, 0.391304347826087, 0.34090909090909094"
                                                                                },
                                                                                {
                                                                                    "type": "leaf",
                                                                                    "height": 0.0,
                                                                                    "data": "0.8329670329670328, 0.5555555555555555, 0.09999999999999999, 0.5362318840579711, 0.4545454545454546"
                                                                                }
                                                                            ]
                                                                        }
                                                                    ]
                                                                }
                                                            ]
                                                        }
                                                    ]
                                                },
                                                {
                                                    "type": "node",
                                                    "height": 0.26803057663494295,
                                                    "nodes": [
                                                        {
                                                            "type": "node",
                                                            "height": 0.040818265730306495,
                                                            "nodes": [
                                                                {
                                                                    "type": "leaf",
                                                                    "height": 0.0,
                                                                    "data": "0.4615384615384616, 0.8376068376068376, 0.4560975609756097, 0.37681159420289856, 0.5909090909090909"
                                                                },
                                                                {
                                                                    "type": "leaf",
                                                                    "height": 0.0,
                                                                    "data": "0.43736263736263725, 0.8632478632478632, 0.4707317073170732, 0.36231884057971014, 0.5909090909090909"
                                                                }
                                                            ]
                                                        },
                                                        {
                                                            "type": "node",
                                                            "height": 0.15139257435341297,
                                                            "nodes": [
                                                                {
                                                                    "type": "leaf",
                                                                    "height": 0.0,
                                                                    "data": "0.69010989010989, 0.7435897435897436, 0.2073170731707317, 0.43478260869565216, 0.5"
                                                                },
                                                                {
                                                                    "type": "leaf",
                                                                    "height": 0.0,
                                                                    "data": "0.6065934065934065, 0.735042735042735, 0.28292682926829266, 0.47826086956521735, 0.5909090909090909"
                                                                }
                                                            ]
                                                        }
                                                    ]
                                                }
                                            ]
                                        }
                                    ]
                                }
                            ]
                        }
                    ]
                }
            ]
        }
    ]
}
CLUSTERS:
Cluster 0
Center: 0.03296703296703296, 0.7777777777777777, 1.0, 0.0, 0.34090909090909094
Max Dist. to Center: 0
Min Dist. to Center: 0.0
Avg Dist. to Center: 0.0
1 Points
0.03296703296703296, 0.7777777777777777, 1.0, 0.0, 0.34090909090909094
Cluster 1
Center: 0.0, 0.8547008547008547, 0.8268292682926829, 0.13043478260869565, 0.1954545454545455
Max Dist. to Center: 0
Min Dist. to Center: 0.0
Avg Dist. to Center: 0.0
1 Points
0.0, 0.8547008547008547, 0.8268292682926829, 0.13043478260869565, 0.1954545454545455
Cluster 2
Center: 0.58021978021978, 1.0, 0.2951219512195122, 0.27536231884057966, 1.0
Max Dist. to Center: 0
Min Dist. to Center: 0.0
Avg Dist. to Center: 0.0
1 Points
0.58021978021978, 1.0, 0.2951219512195122, 0.27536231884057966, 1.0
Cluster 3
Center: 0.567032967032967, 0.2564102564102564, 0.40487804878048783, 0.8115942028985507, 0.24090909090909096
Max Dist. to Center: 0
Min Dist. to Center: 0.0
Avg Dist. to Center: 0.0
1 Points
0.567032967032967, 0.2564102564102564, 0.40487804878048783, 0.8115942028985507, 0.24090909090909096
Cluster 4
Center: 0.8065934065934064, 0.8119658119658119, 0.12926829268292683, 0.6376811594202899, 0.2954545454545455
Max Dist. to Center: 0
Min Dist. to Center: 0.0
Avg Dist. to Center: 0.0
1 Points
0.8065934065934064, 0.8119658119658119, 0.12926829268292683, 0.6376811594202899, 0.2954545454545455
Cluster 5
Center: 0.43736263736263725, 0.8974358974358974, 0.4926829268292683, 0.2318840579710145, 0.34090909090909094
Max Dist. to Center: 0
Min Dist. to Center: 0.0
Avg Dist. to Center: 0.0
1 Points
0.43736263736263725, 0.8974358974358974, 0.4926829268292683, 0.2318840579710145, 0.34090909090909094
Cluster 6
Center: 1.0, 0.0, 0.08536585365853659, 0.6376811594202899, 0.0
Max Dist. to Center: 0
Min Dist. to Center: 0.0
Avg Dist. to Center: 0.0
1 Points
1.0, 0.0, 0.08536585365853659, 0.6376811594202899, 0.0
Cluster 7
Center: 0.4494505494505494, 0.8504273504273504, 0.46341463414634143, 0.3695652173913043, 0.5909090909090909
Max Dist. to Center: 0.020409132865153265
Min Dist. to Center: 0.02040913286515323
Avg Dist. to Center: 0.020409132865153248
2 Points
0.4615384615384616, 0.8376068376068376, 0.4560975609756097, 0.37681159420289856, 0.5909090909090909
0.43736263736263725, 0.8632478632478632, 0.4707317073170732, 0.36231884057971014, 0.5909090909090909
Cluster 8
Center: 0.69010989010989, 0.7435897435897436, 0.2073170731707317, 0.43478260869565216, 0.5
Max Dist. to Center: 0
Min Dist. to Center: 0.0
Avg Dist. to Center: 0.0
1 Points
0.69010989010989, 0.7435897435897436, 0.2073170731707317, 0.43478260869565216, 0.5
Cluster 9
Center: 0.6065934065934065, 0.735042735042735, 0.28292682926829266, 0.47826086956521735, 0.5909090909090909
Max Dist. to Center: 0
Min Dist. to Center: 0.0
Avg Dist. to Center: 0.0
1 Points
0.6065934065934065, 0.735042735042735, 0.28292682926829266, 0.47826086956521735, 0.5909090909090909
Cluster 10
Center: 0.813186813186813, 0.46438746438746437, 0.13983739837398376, 0.6908212560386473, 0.35151515151515156
Max Dist. to Center: 0.06196131105225458
Min Dist. to Center: 0.04258872523046171
Avg Dist. to Center: 0.05265157584587341
3 Points
0.8065934065934064, 0.5128205128205128, 0.11951219512195123, 0.7101449275362319, 0.37727272727272737
0.8175824175824173, 0.452991452991453, 0.16829268292682928, 0.6811594202898551, 0.30909090909090914
0.8153846153846153, 0.42735042735042733, 0.13170731707317074, 0.6811594202898551, 0.3681818181818183
Cluster 11
Center: 0.9241758241758242, 0.22649572649572647, 0.07560975609756097, 0.7318840579710144, 0.275
Max Dist. to Center: 0.04834961380956757
Min Dist. to Center: 0.04834961380956745
Avg Dist. to Center: 0.04834961380956751
2 Points
0.9406593406593406, 0.24786324786324784, 0.058536585365853655, 0.6956521739130435, 0.2772727272727273
0.9076923076923077, 0.2051282051282051, 0.09268292682926829, 0.7681159420289855, 0.27272727272727276
Cluster 12
Center: 0.9186813186813186, 0.3205128205128205, 0.03536585365853659, 0.8188405797101449, 0.34090909090909094
Max Dist. to Center: 0.04901298225988723
Min Dist. to Center: 0.0490129822598872
Avg Dist. to Center: 0.04901298225988722
2 Points
0.9230769230769231, 0.358974358974359, 0.017073170731707315, 0.8260869565217391, 0.3636363636363637
0.9142857142857141, 0.282051282051282, 0.05365853658536586, 0.8115942028985507, 0.31818181818181823
Cluster 13
Center: 0.9934065934065932, 0.17094017094017092, 0.0, 1.0, 0.11363636363636363
Max Dist. to Center: 0
Min Dist. to Center: 0.0
Avg Dist. to Center: 0.0
1 Points
0.9934065934065932, 0.17094017094017092, 0.0, 1.0, 0.11363636363636363
Cluster 14
Center: 0.8131868131868132, 0.5811965811965812, 0.15121951219512195, 0.391304347826087, 0.34090909090909094
Max Dist. to Center: 0
Min Dist. to Center: 0.0
Avg Dist. to Center: 0.0
1 Points
0.8131868131868132, 0.5811965811965812, 0.15121951219512195, 0.391304347826087, 0.34090909090909094
Cluster 15
Center: 0.8329670329670328, 0.5555555555555555, 0.09999999999999999, 0.5362318840579711, 0.4545454545454546
Max Dist. to Center: 0
Min Dist. to Center: 0.0
Avg Dist. to Center: 0.0
1 Points
0.8329670329670328, 0.5555555555555555, 0.09999999999999999, 0.5362318840579711, 0.4545454545454546
Cluster 16
Center: 0.9912087912087911, 0.11965811965811964, 0.01951219512195122, 0.7971014492753623, 0.1681818181818182
Max Dist. to Center: 0
Min Dist. to Center: 0.0
Avg Dist. to Center: 0.0
1 Points
0.9912087912087911, 0.11965811965811964, 0.01951219512195122, 0.7971014492753623, 0.1681818181818182
Cluster 17
Center: 0.9978021978021976, 0.09401709401709402, 0.009756097560975608, 0.8985507246376812, 0.1363636363636364
Max Dist. to Center: 0
Min Dist. to Center: 0.0
Avg Dist. to Center: 0.0
1 Points
0.9978021978021976, 0.09401709401709402, 0.009756097560975608, 0.8985507246376812, 0.1363636363636364
Cluster 18
Center: 0.9571428571428571, 0.10256410256410256, 0.051219512195121955, 0.8985507246376812, 0.05
Max Dist. to Center: 0.047867742253416744
Min Dist. to Center: 0.04786774225341674
Avg Dist. to Center: 0.04786774225341674
2 Points
0.9582417582417582, 0.06837606837606837, 0.06097560975609756, 0.8695652173913043, 0.06363636363636364
0.9560439560439561, 0.13675213675213674, 0.041463414634146344, 0.927536231884058, 0.03636363636363636
Center: 0.03296703296703296, 0.7777777777777777, 1.0, 0.0, 0.34090909090909094
Max Dist. to Center: 0
Min Dist. to Center: 0.0
Avg Dist. to Center: 0.0
1 Points
0.03296703296703296, 0.7777777777777777, 1.0, 0.0, 0.34090909090909094
Center: 0.0, 0.8547008547008547, 0.8268292682926829, 0.13043478260869565, 0.1954545454545455
Max Dist. to Center: 0
Min Dist. to Center: 0.0
Avg Dist. to Center: 0.0
1 Points
0.0, 0.8547008547008547, 0.8268292682926829, 0.13043478260869565, 0.1954545454545455
Center: 0.58021978021978, 1.0, 0.2951219512195122, 0.27536231884057966, 1.0
Max Dist. to Center: 0
Min Dist. to Center: 0.0
Avg Dist. to Center: 0.0
1 Points
0.58021978021978, 1.0, 0.2951219512195122, 0.27536231884057966, 1.0
Center: 0.567032967032967, 0.2564102564102564, 0.40487804878048783, 0.8115942028985507, 0.24090909090909096
Max Dist. to Center: 0
Min Dist. to Center: 0.0
Avg Dist. to Center: 0.0
1 Points
0.567032967032967, 0.2564102564102564, 0.40487804878048783, 0.8115942028985507, 0.24090909090909096
Center: 0.8065934065934064, 0.8119658119658119, 0.12926829268292683, 0.6376811594202899, 0.2954545454545455
Max Dist. to Center: 0
Min Dist. to Center: 0.0
Avg Dist. to Center: 0.0
1 Points
0.8065934065934064, 0.8119658119658119, 0.12926829268292683, 0.6376811594202899, 0.2954545454545455
Center: 0.43736263736263725, 0.8974358974358974, 0.4926829268292683, 0.2318840579710145, 0.34090909090909094
Max Dist. to Center: 0
Min Dist. to Center: 0.0
Avg Dist. to Center: 0.0
1 Points
0.43736263736263725, 0.8974358974358974, 0.4926829268292683, 0.2318840579710145, 0.34090909090909094
Center: 1.0, 0.0, 0.08536585365853659, 0.6376811594202899, 0.0
Max Dist. to Center: 0
Min Dist. to Center: 0.0
Avg Dist. to Center: 0.0
1 Points
1.0, 0.0, 0.08536585365853659, 0.6376811594202899, 0.0
Center: 0.4494505494505494, 0.8504273504273504, 0.46341463414634143, 0.3695652173913043, 0.5909090909090909
Max Dist. to Center: 0.020409132865153265
Min Dist. to Center: 0.02040913286515323
Avg Dist. to Center: 0.020409132865153248
2 Points
0.4615384615384616, 0.8376068376068376, 0.4560975609756097, 0.37681159420289856, 0.5909090909090909
0.43736263736263725, 0.8632478632478632, 0.4707317073170732, 0.36231884057971014, 0.5909090909090909
Center: 0.69010989010989, 0.7435897435897436, 0.2073170731707317, 0.43478260869565216, 0.5
Max Dist. to Center: 0
Min Dist. to Center: 0.0
Avg Dist. to Center: 0.0
1 Points
0.69010989010989, 0.7435897435897436, 0.2073170731707317, 0.43478260869565216, 0.5
Center: 0.6065934065934065, 0.735042735042735, 0.28292682926829266, 0.47826086956521735, 0.5909090909090909
Max Dist. to Center: 0
Min Dist. to Center: 0.0
Avg Dist. to Center: 0.0
1 Points
0.6065934065934065, 0.735042735042735, 0.28292682926829266, 0.47826086956521735, 0.5909090909090909
Center: 0.813186813186813, 0.46438746438746437, 0.13983739837398376, 0.6908212560386473, 0.35151515151515156
Max Dist. to Center: 0.06196131105225458
Min Dist. to Center: 0.04258872523046171
Avg Dist. to Center: 0.05265157584587341
3 Points
0.8065934065934064, 0.5128205128205128, 0.11951219512195123, 0.7101449275362319, 0.37727272727272737
0.8175824175824173, 0.452991452991453, 0.16829268292682928, 0.6811594202898551, 0.30909090909090914
0.8153846153846153, 0.42735042735042733, 0.13170731707317074, 0.6811594202898551, 0.3681818181818183
Center: 0.9241758241758242, 0.22649572649572647, 0.07560975609756097, 0.7318840579710144, 0.275
Max Dist. to Center: 0.04834961380956757
Min Dist. to Center: 0.04834961380956745
Avg Dist. to Center: 0.04834961380956751
2 Points
0.9406593406593406, 0.24786324786324784, 0.058536585365853655, 0.6956521739130435, 0.2772727272727273
0.9076923076923077, 0.2051282051282051, 0.09268292682926829, 0.7681159420289855, 0.27272727272727276
Center: 0.9186813186813186, 0.3205128205128205, 0.03536585365853659, 0.8188405797101449, 0.34090909090909094
Max Dist. to Center: 0.04901298225988723
Min Dist. to Center: 0.0490129822598872
Avg Dist. to Center: 0.04901298225988722
2 Points
0.9230769230769231, 0.358974358974359, 0.017073170731707315, 0.8260869565217391, 0.3636363636363637
0.9142857142857141, 0.282051282051282, 0.05365853658536586, 0.8115942028985507, 0.31818181818181823
Center: 0.9934065934065932, 0.17094017094017092, 0.0, 1.0, 0.11363636363636363
Max Dist. to Center: 0
Min Dist. to Center: 0.0
Avg Dist. to Center: 0.0
1 Points
0.9934065934065932, 0.17094017094017092, 0.0, 1.0, 0.11363636363636363
Center: 0.8131868131868132, 0.5811965811965812, 0.15121951219512195, 0.391304347826087, 0.34090909090909094
Max Dist. to Center: 0
Min Dist. to Center: 0.0
Avg Dist. to Center: 0.0
1 Points
0.8131868131868132, 0.5811965811965812, 0.15121951219512195, 0.391304347826087, 0.34090909090909094
Center: 0.8329670329670328, 0.5555555555555555, 0.09999999999999999, 0.5362318840579711, 0.4545454545454546
Max Dist. to Center: 0
Min Dist. to Center: 0.0
Avg Dist. to Center: 0.0
1 Points
0.8329670329670328, 0.5555555555555555, 0.09999999999999999, 0.5362318840579711, 0.4545454545454546
Center: 0.9912087912087911, 0.11965811965811964, 0.01951219512195122, 0.7971014492753623, 0.1681818181818182
Max Dist. to Center: 0
Min Dist. to Center: 0.0
Avg Dist. to Center: 0.0
1 Points
0.9912087912087911, 0.11965811965811964, 0.01951219512195122, 0.7971014492753623, 0.1681818181818182
Center: 0.9978021978021976, 0.09401709401709402, 0.009756097560975608, 0.8985507246376812, 0.1363636363636364
Max Dist. to Center: 0
Min Dist. to Center: 0.0
Avg Dist. to Center: 0.0
1 Points
0.9978021978021976, 0.09401709401709402, 0.009756097560975608, 0.8985507246376812, 0.1363636363636364
Center: 0.9571428571428571, 0.10256410256410256, 0.051219512195121955, 0.8985507246376812, 0.05
Max Dist. to Center: 0.047867742253416744
Min Dist. to Center: 0.04786774225341674
Avg Dist. to Center: 0.04786774225341674
2 Points
0.9582417582417582, 0.06837606837606837, 0.06097560975609756, 0.8695652173913043, 0.06363636363636364
0.9560439560439561, 0.13675213675213674, 0.041463414634146344, 0.927536231884058, 0.03636363636363636
SSE= 0.02340068670868034
