{
    "type": "root",
    "height": 0.2443353120839277,
    "nodes": [
        {
            "type": "leaf",
            "height": 0.0,
            "data": "0.5106382978723404, 0.041666666666666664"
        },
        {
            "type": "node",
            "height": 0.1615185215312659,
            "nodes": [
                {
                    "type": "node",
                    "height": 0.15465475714880908,
                    "nodes": [
                        {
                            "type": "leaf",
                            "height": 0.0,
                            "data": "0.3191489361702128, 0.5208333333333334"
                        },
                        {
                            "type": "node",
                            "height": 0.1351361632077392,
                            "nodes": [
                                {
                                    "type": "node",
                                    "height": 0.13204459135432348,
                                    "nodes": [
                                        {
                                            "type": "node",
                                            "height": 0.09475868052496433,
                                            "nodes": [
                                                {
                                                    "type": "leaf",
                                                    "height": 0.0,
                                                    "data": "0.23404255319148937, 0.0"
                                                },
                                                {
                                                    "type": "node",
                                                    "height": 0.08761919995924934,
                                                    "nodes": [
                                                        {
                                                            "type": "leaf",
                                                            "height": 0.0,
                                                            "data": "0.2765957446808511, 0.16666666666666666"
                                                        },
                                                        {
                                                            "type": "node",
                                                            "height": 0.08761919995924931,
                                                            "nodes": [
                                                                {
                                                                    "type": "leaf",
                                                                    "height": 0.0,
                                                                    "data": "0.0425531914893617, 0.14583333333333334"
                                                                },
                                                                {
                                                                    "type": "node",
                                                                    "height": 0.06602229567716175,
                                                                    "nodes": [
                                                                        {
                                                                            "type": "leaf",
                                                                            "height": 0.0,
                                                                            "data": "0.19148936170212766, 0.1875"
                                                                        },
                                                                        {
                                                                            "type": "node",
                                                                            "height": 0.04737934026248216,
                                                                            "nodes": [
                                                                                {
                                                                                    "type": "leaf",
                                                                                    "height": 0.0,
                                                                                    "data": "0.2127659574468085, 0.10416666666666667"
                                                                                },
                                                                                {
                                                                                    "type": "node",
                                                                                    "height": 0.04678466241829348,
                                                                                    "nodes": [
                                                                                        {
                                                                                            "type": "leaf",
                                                                                            "height": 0.0,
                                                                                            "data": "0.14893617021276595, 0.041666666666666664"
                                                                                        },
                                                                                        {
                                                                                            "type": "node",
                                                                                            "height": 0.02977786601253269,
                                                                                            "nodes": [
                                                                                                {
                                                                                                    "type": "leaf",
                                                                                                    "height": 0.0,
                                                                                                    "data": "0.1702127659574468, 0.08333333333333333"
                                                                                                },
                                                                                                {
                                                                                                    "type": "node",
                                                                                                    "height": 0.02977786601253269,
                                                                                                    "nodes": [
                                                                                                        {
                                                                                                            "type": "leaf",
                                                                                                            "height": 0.0,
                                                                                                            "data": "0.1276595744680851, 0.08333333333333333"
                                                                                                        },
                                                                                                        {
                                                                                                            "type": "node",
                                                                                                            "height": 0.02977786601253268,
                                                                                                            "nodes": [
                                                                                                                {
                                                                                                                    "type": "leaf",
                                                                                                                    "height": 0.0,
                                                                                                                    "data": "0.1702127659574468, 0.125"
                                                                                                                },
                                                                                                                {
                                                                                                                    "type": "node",
                                                                                                                    "height": 0.02977786601253268,
                                                                                                                    "nodes": [
                                                                                                                        {
                                                                                                                            "type": "leaf",
                                                                                                                            "height": 0.0,
                                                                                                                            "data": "0.1276595744680851, 0.125"
                                                                                                                        },
                                                                                                                        {
                                                                                                                            "type": "leaf",
                                                                                                                            "height": 0.0,
                                                                                                                            "data": "0.14893617021276595, 0.10416666666666667"
                                                                                                                        }
                                                                                                                    ]
                                                                                                                }
                                                                                                            ]
                                                                                                        }
                                                                                                    ]
                                                                                                }
                                                                                            ]
                                                                                        }
                                                                                    ]
                                                                                }
                                                                            ]
                                                                        }
                                                                    ]
                                                                }
                                                            ]
                                                        }
                                                    ]
                                                }
                                            ]
                                        },
                                        {
                                            "type": "node",
                                            "height": 0.11911146405013076,
                                            "nodes": [
                                                {
                                                    "type": "leaf",
                                                    "height": 0.0,
                                                    "data": "0.0851063829787234, 0.2708333333333333"
                                                },
                                                {
                                                    "type": "node",
                                                    "height": 0.1125231911668645,
                                                    "nodes": [
                                                        {
                                                            "type": "node",
                                                            "height": 0.093569324836587,
                                                            "nodes": [
                                                                {
                                                                    "type": "leaf",
                                                                    "height": 0.0,
                                                                    "data": "0.1702127659574468, 0.5625"
                                                                },
                                                                {
                                                                    "type": "node",
                                                                    "height": 0.09356932483658699,
                                                                    "nodes": [
                                                                        {
                                                                            "type": "leaf",
                                                                            "height": 0.0,
                                                                            "data": "0.14893617021276595, 0.8333333333333334"
                                                                        },
                                                                        {
                                                                            "type": "node",
                                                                            "height": 0.07622567054119138,
                                                                            "nodes": [
                                                                                {
                                                                                    "type": "leaf",
                                                                                    "height": 0.0,
                                                                                    "data": "0.2127659574468085, 0.7291666666666666"
                                                                                },
                                                                                {
                                                                                    "type": "node",
                                                                                    "height": 0.06714364836766706,
                                                                                    "nodes": [
                                                                                        {
                                                                                            "type": "leaf",
                                                                                            "height": 0.0,
                                                                                            "data": "0.0, 0.7708333333333334"
                                                                                        },
                                                                                        {
                                                                                            "type": "node",
                                                                                            "height": 0.04737934026248217,
                                                                                            "nodes": [
                                                                                                {
                                                                                                    "type": "node",
                                                                                                    "height": 0.046784662418293446,
                                                                                                    "nodes": [
                                                                                                        {
                                                                                                            "type": "leaf",
                                                                                                            "height": 0.0,
                                                                                                            "data": "0.14893617021276595, 0.6875"
                                                                                                        },
                                                                                                        {
                                                                                                            "type": "leaf",
                                                                                                            "height": 0.0,
                                                                                                            "data": "0.1276595744680851, 0.6458333333333334"
                                                                                                        }
                                                                                                    ]
                                                                                                },
                                                                                                {
                                                                                                    "type": "node",
                                                                                                    "height": 0.04678466241829354,
                                                                                                    "nodes": [
                                                                                                        {
                                                                                                            "type": "leaf",
                                                                                                            "height": 0.0,
                                                                                                            "data": "0.0425531914893617, 0.6666666666666666"
                                                                                                        },
                                                                                                        {
                                                                                                            "type": "node",
                                                                                                            "height": 0.029777866012532708,
                                                                                                            "nodes": [
                                                                                                                {
                                                                                                                    "type": "leaf",
                                                                                                                    "height": 0.0,
                                                                                                                    "data": "0.10638297872340426, 0.75"
                                                                                                                },
                                                                                                                {
                                                                                                                    "type": "node",
                                                                                                                    "height": 0.029777866012532708,
                                                                                                                    "nodes": [
                                                                                                                        {
                                                                                                                            "type": "leaf",
                                                                                                                            "height": 0.0,
                                                                                                                            "data": "0.06382978723404255, 0.75"
                                                                                                                        },
                                                                                                                        {
                                                                                                                            "type": "node",
                                                                                                                            "height": 0.02977786601253263,
                                                                                                                            "nodes": [
                                                                                                                                {
                                                                                                                                    "type": "leaf",
                                                                                                                                    "height": 0.0,
                                                                                                                                    "data": "0.10638297872340426, 0.7083333333333334"
                                                                                                                                },
                                                                                                                                {
                                                                                                                                    "type": "node",
                                                                                                                                    "height": 0.02977786601253263,
                                                                                                                                    "nodes": [
                                                                                                                                        {
                                                                                                                                            "type": "leaf",
                                                                                                                                            "height": 0.0,
                                                                                                                                            "data": "0.0851063829787234, 0.7291666666666666"
                                                                                                                                        },
                                                                                                                                        {
                                                                                                                                            "type": "leaf",
                                                                                                                                            "height": 0.0,
                                                                                                                                            "data": "0.06382978723404255, 0.7083333333333334"
                                                                                                                                        }
                                                                                                                                    ]
                                                                                                                                }
                                                                                                                            ]
                                                                                                                        }
                                                                                                                    ]
                                                                                                                }
                                                                                                            ]
                                                                                                        }
                                                                                                    ]
                                                                                                }
                                                                                            ]
                                                                                        }
                                                                                    ]
                                                                                }
                                                                            ]
                                                                        }
                                                                    ]
                                                                }
                                                            ]
                                                        },
                                                        {
                                                            "type": "node",
                                                            "height": 0.11252319116686446,
                                                            "nodes": [
                                                                {
                                                                    "type": "leaf",
                                                                    "height": 0.0,
                                                                    "data": "0.1276595744680851, 0.4583333333333333"
                                                                },
                                                                {
                                                                    "type": "leaf",
                                                                    "height": 0.0,
                                                                    "data": "0.1702127659574468, 0.3541666666666667"
                                                                }
                                                            ]
                                                        }
                                                    ]
                                                }
                                            ]
                                        }
                                    ]
                                },
                                {
                                    "type": "node",
                                    "height": 0.1320445913543235,
                                    "nodes": [
                                        {
                                            "type": "leaf",
                                            "height": 0.0,
                                            "data": "0.425531914893617, 0.375"
                                        },
                                        {
                                            "type": "leaf",
                                            "height": 0.0,
                                            "data": "0.3829787234042553, 0.25"
                                        }
                                    ]
                                }
                            ]
                        }
                    ]
                },
                {
                    "type": "node",
                    "height": 0.1591904609248125,
                    "nodes": [
                        {
                            "type": "leaf",
                            "height": 0.0,
                            "data": "0.9148936170212766, 0.6041666666666666"
                        },
                        {
                            "type": "node",
                            "height": 0.15245134108238273,
                            "nodes": [
                                {
                                    "type": "leaf",
                                    "height": 0.0,
                                    "data": "1.0, 0.375"
                                },
                                {
                                    "type": "node",
                                    "height": 0.1221676560419638,
                                    "nodes": [
                                        {
                                            "type": "node",
                                            "height": 0.10631739260782784,
                                            "nodes": [
                                                {
                                                    "type": "leaf",
                                                    "height": 0.0,
                                                    "data": "0.44680851063829785, 1.0"
                                                },
                                                {
                                                    "type": "node",
                                                    "height": 0.08933359803759804,
                                                    "nodes": [
                                                        {
                                                            "type": "leaf",
                                                            "height": 0.0,
                                                            "data": "0.3617021276595745, 0.7916666666666666"
                                                        },
                                                        {
                                                            "type": "node",
                                                            "height": 0.06714364836766706,
                                                            "nodes": [
                                                                {
                                                                    "type": "leaf",
                                                                    "height": 0.0,
                                                                    "data": "0.3404255319148936, 0.8958333333333334"
                                                                },
                                                                {
                                                                    "type": "node",
                                                                    "height": 0.04255319148936171,
                                                                    "nodes": [
                                                                        {
                                                                            "type": "leaf",
                                                                            "height": 0.0,
                                                                            "data": "0.48936170212765956, 0.875"
                                                                        },
                                                                        {
                                                                            "type": "node",
                                                                            "height": 0.029777866012532732,
                                                                            "nodes": [
                                                                                {
                                                                                    "type": "leaf",
                                                                                    "height": 0.0,
                                                                                    "data": "0.40425531914893614, 0.875"
                                                                                },
                                                                                {
                                                                                    "type": "node",
                                                                                    "height": 0.02977786601253269,
                                                                                    "nodes": [
                                                                                        {
                                                                                            "type": "leaf",
                                                                                            "height": 0.0,
                                                                                            "data": "0.425531914893617, 0.8541666666666666"
                                                                                        },
                                                                                        {
                                                                                            "type": "node",
                                                                                            "height": 0.02977786601253269,
                                                                                            "nodes": [
                                                                                                {
                                                                                                    "type": "leaf",
                                                                                                    "height": 0.0,
                                                                                                    "data": "0.425531914893617, 0.8958333333333334"
                                                                                                },
                                                                                                {
                                                                                                    "type": "leaf",
                                                                                                    "height": 0.0,
                                                                                                    "data": "0.44680851063829785, 0.875"
                                                                                                }
                                                                                            ]
                                                                                        }
                                                                                    ]
                                                                                }
                                                                            ]
                                                                        }
                                                                    ]
                                                                }
                                                            ]
                                                        }
                                                    ]
                                                }
                                            ]
                                        },
                                        {
                                            "type": "node",
                                            "height": 0.11911146405013072,
                                            "nodes": [
                                                {
                                                    "type": "node",
                                                    "height": 0.08333333333333337,
                                                    "nodes": [
                                                        {
                                                            "type": "leaf",
                                                            "height": 0.0,
                                                            "data": "0.5957446808510638, 0.4166666666666667"
                                                        },
                                                        {
                                                            "type": "leaf",
                                                            "height": 0.0,
                                                            "data": "0.5957446808510638, 0.3333333333333333"
                                                        }
                                                    ]
                                                },
                                                {
                                                    "type": "node",
                                                    "height": 0.11252319116686446,
                                                    "nodes": [
                                                        {
                                                            "type": "node",
                                                            "height": 0.08333333333333337,
                                                            "nodes": [
                                                                {
                                                                    "type": "leaf",
                                                                    "height": 0.0,
                                                                    "data": "0.48936170212765956, 0.75"
                                                                },
                                                                {
                                                                    "type": "leaf",
                                                                    "height": 0.0,
                                                                    "data": "0.48936170212765956, 0.6666666666666666"
                                                                }
                                                            ]
                                                        },
                                                        {
                                                            "type": "node",
                                                            "height": 0.10840371737095582,
                                                            "nodes": [
                                                                {
                                                                    "type": "leaf",
                                                                    "height": 0.0,
                                                                    "data": "0.8723404255319149, 0.2916666666666667"
                                                                },
                                                                {
                                                                    "type": "node",
                                                                    "height": 0.10631739260782791,
                                                                    "nodes": [
                                                                        {
                                                                            "type": "node",
                                                                            "height": 0.09356932483658702,
                                                                            "nodes": [
                                                                                {
                                                                                    "type": "node",
                                                                                    "height": 0.07561100519058248,
                                                                                    "nodes": [
                                                                                        {
                                                                                            "type": "leaf",
                                                                                            "height": 0.0,
                                                                                            "data": "0.7446808510638298, 0.9166666666666666"
                                                                                        },
                                                                                        {
                                                                                            "type": "node",
                                                                                            "height": 0.06602229567716177,
                                                                                            "nodes": [
                                                                                                {
                                                                                                    "type": "leaf",
                                                                                                    "height": 0.0,
                                                                                                    "data": "0.851063829787234, 0.75"
                                                                                                },
                                                                                                {
                                                                                                    "type": "node",
                                                                                                    "height": 0.05955573202506538,
                                                                                                    "nodes": [
                                                                                                        {
                                                                                                            "type": "node",
                                                                                                            "height": 0.02083333333333337,
                                                                                                            "nodes": [
                                                                                                                {
                                                                                                                    "type": "leaf",
                                                                                                                    "height": 0.0,
                                                                                                                    "data": "0.8723404255319149, 0.8333333333333334"
                                                                                                                },
                                                                                                                {
                                                                                                                    "type": "leaf",
                                                                                                                    "height": 0.0,
                                                                                                                    "data": "0.8723404255319149, 0.8125"
                                                                                                                }
                                                                                                            ]
                                                                                                        },
                                                                                                        {
                                                                                                            "type": "node",
                                                                                                            "height": 0.04678466241829346,
                                                                                                            "nodes": [
                                                                                                                {
                                                                                                                    "type": "leaf",
                                                                                                                    "height": 0.0,
                                                                                                                    "data": "0.8297872340425532, 0.875"
                                                                                                                },
                                                                                                                {
                                                                                                                    "type": "node",
                                                                                                                    "height": 0.029777866012532652,
                                                                                                                    "nodes": [
                                                                                                                        {
                                                                                                                            "type": "leaf",
                                                                                                                            "height": 0.0,
                                                                                                                            "data": "0.7872340425531915, 0.8125"
                                                                                                                        },
                                                                                                                        {
                                                                                                                            "type": "node",
                                                                                                                            "height": 0.029777866012532576,
                                                                                                                            "nodes": [
                                                                                                                                {
                                                                                                                                    "type": "leaf",
                                                                                                                                    "height": 0.0,
                                                                                                                                    "data": "0.7872340425531915, 0.8541666666666666"
                                                                                                                                },
                                                                                                                                {
                                                                                                                                    "type": "leaf",
                                                                                                                                    "height": 0.0,
                                                                                                                                    "data": "0.8085106382978723, 0.8333333333333334"
                                                                                                                                }
                                                                                                                            ]
                                                                                                                        }
                                                                                                                    ]
                                                                                                                }
                                                                                                            ]
                                                                                                        }
                                                                                                    ]
                                                                                                }
                                                                                            ]
                                                                                        }
                                                                                    ]
                                                                                },
                                                                                {
                                                                                    "type": "node",
                                                                                    "height": 0.08933359803759804,
                                                                                    "nodes": [
                                                                                        {
                                                                                            "type": "node",
                                                                                            "height": 0.0625,
                                                                                            "nodes": [
                                                                                                {
                                                                                                    "type": "leaf",
                                                                                                    "height": 0.0,
                                                                                                    "data": "0.7446808510638298, 0.7291666666666666"
                                                                                                },
                                                                                                {
                                                                                                    "type": "leaf",
                                                                                                    "height": 0.0,
                                                                                                    "data": "0.7446808510638298, 0.6666666666666666"
                                                                                                }
                                                                                            ]
                                                                                        },
                                                                                        {
                                                                                            "type": "node",
                                                                                            "height": 0.08510638297872342,
                                                                                            "nodes": [
                                                                                                {
                                                                                                    "type": "node",
                                                                                                    "height": 0.06602229567716177,
                                                                                                    "nodes": [
                                                                                                        {
                                                                                                            "type": "leaf",
                                                                                                            "height": 0.0,
                                                                                                            "data": "0.6808510638297872, 0.6041666666666666"
                                                                                                        },
                                                                                                        {
                                                                                                            "type": "node",
                                                                                                            "height": 0.06602229567716172,
                                                                                                            "nodes": [
                                                                                                                {
                                                                                                                    "type": "leaf",
                                                                                                                    "height": 0.0,
                                                                                                                    "data": "0.7446808510638298, 0.4166666666666667"
                                                                                                                },
                                                                                                                {
                                                                                                                    "type": "node",
                                                                                                                    "height": 0.059555732025065346,
                                                                                                                    "nodes": [
                                                                                                                        {
                                                                                                                            "type": "leaf",
                                                                                                                            "height": 0.0,
                                                                                                                            "data": "0.8085106382978723, 0.4583333333333333"
                                                                                                                        },
                                                                                                                        {
                                                                                                                            "type": "node",
                                                                                                                            "height": 0.047379340262482104,
                                                                                                                            "nodes": [
                                                                                                                                {
                                                                                                                                    "type": "leaf",
                                                                                                                                    "height": 0.0,
                                                                                                                                    "data": "0.7659574468085106, 0.5"
                                                                                                                                },
                                                                                                                                {
                                                                                                                                    "type": "node",
                                                                                                                                    "height": 0.04678466241829346,
                                                                                                                                    "nodes": [
                                                                                                                                        {
                                                                                                                                            "type": "leaf",
                                                                                                                                            "height": 0.0,
                                                                                                                                            "data": "0.6808510638297872, 0.5"
                                                                                                                                        },
                                                                                                                                        {
                                                                                                                                            "type": "node",
                                                                                                                                            "height": 0.042553191489361764,
                                                                                                                                            "nodes": [
                                                                                                                                                {
                                                                                                                                                    "type": "leaf",
                                                                                                                                                    "height": 0.0,
                                                                                                                                                    "data": "0.6595744680851063, 0.5416666666666666"
                                                                                                                                                },
                                                                                                                                                {
                                                                                                                                                    "type": "node",
                                                                                                                                                    "height": 0.041666666666666685,
                                                                                                                                                    "nodes": [
                                                                                                                                                        {
                                                                                                                                                            "type": "leaf",
                                                                                                                                                            "height": 0.0,
                                                                                                                                                            "data": "0.723404255319149, 0.4791666666666667"
                                                                                                                                                        },
                                                                                                                                                        {
                                                                                                                                                            "type": "node",
                                                                                                                                                            "height": 0.029777866012532652,
                                                                                                                                                            "nodes": [
                                                                                                                                                                {
                                                                                                                                                                    "type": "leaf",
                                                                                                                                                                    "height": 0.0,
                                                                                                                                                                    "data": "0.7021276595744681, 0.5416666666666666"
                                                                                                                                                                },
                                                                                                                                                                {
                                                                                                                                                                    "type": "leaf",
                                                                                                                                                                    "height": 0.0,
                                                                                                                                                                    "data": "0.723404255319149, 0.5208333333333334"
                                                                                                                                                                }
                                                                                                                                                            ]
                                                                                                                                                        }
                                                                                                                                                    ]
                                                                                                                                                }
                                                                                                                                            ]
                                                                                                                                        }
                                                                                                                                    ]
                                                                                                                                }
                                                                                                                            ]
                                                                                                                        }
                                                                                                                    ]
                                                                                                                }
                                                                                                            ]
                                                                                                        }
                                                                                                    ]
                                                                                                },
                                                                                                {
                                                                                                    "type": "node",
                                                                                                    "height": 0.07622567054119135,
                                                                                                    "nodes": [
                                                                                                        {
                                                                                                            "type": "leaf",
                                                                                                            "height": 0.0,
                                                                                                            "data": "0.5957446808510638, 0.6041666666666666"
                                                                                                        },
                                                                                                        {
                                                                                                            "type": "leaf",
                                                                                                            "height": 0.0,
                                                                                                            "data": "0.5319148936170213, 0.5625"
                                                                                                        }
                                                                                                    ]
                                                                                                }
                                                                                            ]
                                                                                        }
                                                                                    ]
                                                                                }
                                                                            ]
                                                                        },
                                                                        {
                                                                            "type": "node",
                                                                            "height": 0.10496992989798357,
                                                                            "nodes": [
                                                                                {
                                                                                    "type": "node",
                                                                                    "height": 0.046784662418293495,
                                                                                    "nodes": [
                                                                                        {
                                                                                            "type": "leaf",
                                                                                            "height": 0.0,
                                                                                            "data": "0.8723404255319149, 0.14583333333333334"
                                                                                        },
                                                                                        {
                                                                                            "type": "node",
                                                                                            "height": 0.0297778660125327,
                                                                                            "nodes": [
                                                                                                {
                                                                                                    "type": "node",
                                                                                                    "height": 0.020833333333333343,
                                                                                                    "nodes": [
                                                                                                        {
                                                                                                            "type": "leaf",
                                                                                                            "height": 0.0,
                                                                                                            "data": "0.851063829787234, 0.10416666666666667"
                                                                                                        },
                                                                                                        {
                                                                                                            "type": "leaf",
                                                                                                            "height": 0.0,
                                                                                                            "data": "0.851063829787234, 0.08333333333333333"
                                                                                                        }
                                                                                                    ]
                                                                                                },
                                                                                                {
                                                                                                    "type": "node",
                                                                                                    "height": 0.0297778660125327,
                                                                                                    "nodes": [
                                                                                                        {
                                                                                                            "type": "leaf",
                                                                                                            "height": 0.0,
                                                                                                            "data": "0.8297872340425532, 0.125"
                                                                                                        },
                                                                                                        {
                                                                                                            "type": "leaf",
                                                                                                            "height": 0.0,
                                                                                                            "data": "0.8085106382978723, 0.10416666666666667"
                                                                                                        }
                                                                                                    ]
                                                                                                }
                                                                                            ]
                                                                                        }
                                                                                    ]
                                                                                },
                                                                                {
                                                                                    "type": "node",
                                                                                    "height": 0.10416666666666666,
                                                                                    "nodes": [
                                                                                        {
                                                                                            "type": "leaf",
                                                                                            "height": 0.0,
                                                                                            "data": "0.7659574468085106, 0.3125"
                                                                                        },
                                                                                        {
                                                                                            "type": "leaf",
                                                                                            "height": 0.0,
                                                                                            "data": "0.7659574468085106, 0.20833333333333334"
                                                                                        }
                                                                                    ]
                                                                                }
                                                                            ]
                                                                        }
                                                                    ]
                                                                }
                                                            ]
                                                        }
                                                    ]
                                                }
                                            ]
                                        }
                                    ]
                                }
                            ]
                        }
                    ]
                }
            ]
        }
    ]
}
CLUSTERS:
Cluster 0
Center: 0.5106382978723404, 0.041666666666666664
Max Dist. to Center: 0
Min Dist. to Center: 0.0
Avg Dist. to Center: 0.0
1 Points
0.5106382978723404, 0.041666666666666664
Cluster 1
Center: 0.3191489361702128, 0.5208333333333334
Max Dist. to Center: 0
Min Dist. to Center: 0.0
Avg Dist. to Center: 0.0
1 Points
0.3191489361702128, 0.5208333333333334
Cluster 2
Center: 0.9148936170212766, 0.6041666666666666
Max Dist. to Center: 0
Min Dist. to Center: 0.0
Avg Dist. to Center: 0.0
1 Points
0.9148936170212766, 0.6041666666666666
Cluster 3
Center: 1.0, 0.375
Max Dist. to Center: 0
Min Dist. to Center: 0.0
Avg Dist. to Center: 0.0
1 Points
1.0, 0.375
Cluster 4
Center: 0.425531914893617, 0.375
Max Dist. to Center: 0
Min Dist. to Center: 0.0
Avg Dist. to Center: 0.0
1 Points
0.425531914893617, 0.375
Cluster 5
Center: 0.3829787234042553, 0.25
Max Dist. to Center: 0
Min Dist. to Center: 0.0
Avg Dist. to Center: 0.0
1 Points
0.3829787234042553, 0.25
Cluster 6
Center: 0.23404255319148937, 0.0
Max Dist. to Center: 0
Min Dist. to Center: 0.0
Avg Dist. to Center: 0.0
1 Points
0.23404255319148937, 0.0
Cluster 7
Center: 0.0851063829787234, 0.2708333333333333
Max Dist. to Center: 0
Min Dist. to Center: 0.0
Avg Dist. to Center: 0.0
1 Points
0.0851063829787234, 0.2708333333333333
Cluster 8
Center: 0.44680851063829785, 1.0
Max Dist. to Center: 0
Min Dist. to Center: 0.0
Avg Dist. to Center: 0.0
1 Points
0.44680851063829785, 1.0
Cluster 9
Center: 0.2765957446808511, 0.16666666666666666
Max Dist. to Center: 0
Min Dist. to Center: 0.0
Avg Dist. to Center: 0.0
1 Points
0.2765957446808511, 0.16666666666666666
Cluster 10
Center: 0.3617021276595745, 0.7916666666666666
Max Dist. to Center: 0
Min Dist. to Center: 0.0
Avg Dist. to Center: 0.0
1 Points
0.3617021276595745, 0.7916666666666666
Cluster 11
Center: 0.5957446808510638, 0.4166666666666667
Max Dist. to Center: 0
Min Dist. to Center: 0.0
Avg Dist. to Center: 0.0
1 Points
0.5957446808510638, 0.4166666666666667
Cluster 12
Center: 0.5957446808510638, 0.3333333333333333
Max Dist. to Center: 0
Min Dist. to Center: 0.0
Avg Dist. to Center: 0.0
1 Points
0.5957446808510638, 0.3333333333333333
Cluster 13
Center: 0.0425531914893617, 0.14583333333333334
Max Dist. to Center: 0
Min Dist. to Center: 0.0
Avg Dist. to Center: 0.0
1 Points
0.0425531914893617, 0.14583333333333334
Cluster 14
Center: 0.1702127659574468, 0.5625
Max Dist. to Center: 0
Min Dist. to Center: 0.0
Avg Dist. to Center: 0.0
1 Points
0.1702127659574468, 0.5625
Cluster 15
Center: 0.1276595744680851, 0.4583333333333333
Max Dist. to Center: 0
Min Dist. to Center: 0.0
Avg Dist. to Center: 0.0
1 Points
0.1276595744680851, 0.4583333333333333
Cluster 16
Center: 0.1702127659574468, 0.3541666666666667
Max Dist. to Center: 0
Min Dist. to Center: 0.0
Avg Dist. to Center: 0.0
1 Points
0.1702127659574468, 0.3541666666666667
Cluster 17
Center: 0.3404255319148936, 0.8958333333333334
Max Dist. to Center: 0
Min Dist. to Center: 0.0
Avg Dist. to Center: 0.0
1 Points
0.3404255319148936, 0.8958333333333334
Cluster 18
Center: 0.48936170212765956, 0.75
Max Dist. to Center: 0
Min Dist. to Center: 0.0
Avg Dist. to Center: 0.0
1 Points
0.48936170212765956, 0.75
Cluster 19
Center: 0.48936170212765956, 0.6666666666666666
Max Dist. to Center: 0
Min Dist. to Center: 0.0
Avg Dist. to Center: 0.0
1 Points
0.48936170212765956, 0.6666666666666666
Cluster 20
Center: 0.8723404255319149, 0.2916666666666667
Max Dist. to Center: 0
Min Dist. to Center: 0.0
Avg Dist. to Center: 0.0
1 Points
0.8723404255319149, 0.2916666666666667
Cluster 21
Center: 0.19148936170212766, 0.1875
Max Dist. to Center: 0
Min Dist. to Center: 0.0
Avg Dist. to Center: 0.0
1 Points
0.19148936170212766, 0.1875
Cluster 22
Center: 0.14893617021276595, 0.8333333333333334
Max Dist. to Center: 0
Min Dist. to Center: 0.0
Avg Dist. to Center: 0.0
1 Points
0.14893617021276595, 0.8333333333333334
Cluster 23
Center: 0.48936170212765956, 0.875
Max Dist. to Center: 0
Min Dist. to Center: 0.0
Avg Dist. to Center: 0.0
1 Points
0.48936170212765956, 0.875
Cluster 24
Center: 0.42553191489361697, 0.875
Max Dist. to Center: 0.021276595744680882
Min Dist. to Center: 0.02083333333333337
Avg Dist. to Center: 0.021054964539007112
4 Points
0.40425531914893614, 0.875
0.425531914893617, 0.8541666666666666
0.425531914893617, 0.8958333333333334
0.44680851063829785, 0.875
Cluster 25
Center: 0.2127659574468085, 0.10416666666666667
Max Dist. to Center: 0
Min Dist. to Center: 0.0
Avg Dist. to Center: 0.0
1 Points
0.2127659574468085, 0.10416666666666667
Cluster 26
Center: 0.2127659574468085, 0.7291666666666666
Max Dist. to Center: 0
Min Dist. to Center: 0.0
Avg Dist. to Center: 0.0
1 Points
0.2127659574468085, 0.7291666666666666
Cluster 27
Center: 0.14893617021276595, 0.041666666666666664
Max Dist. to Center: 0
Min Dist. to Center: 0.0
Avg Dist. to Center: 0.0
1 Points
0.14893617021276595, 0.041666666666666664
Cluster 28
Center: 0.14893617021276595, 0.10416666666666666
Max Dist. to Center: 0.02977786601253269
Min Dist. to Center: 1.3877787807814457e-17
Avg Dist. to Center: 0.02382229281002615
5 Points
0.1702127659574468, 0.08333333333333333
0.1276595744680851, 0.08333333333333333
0.1702127659574468, 0.125
0.1276595744680851, 0.125
0.14893617021276595, 0.10416666666666667
Cluster 29
Center: 0.0, 0.7708333333333334
Max Dist. to Center: 0
Min Dist. to Center: 0.0
Avg Dist. to Center: 0.0
1 Points
0.0, 0.7708333333333334
Cluster 30
Center: 0.7446808510638298, 0.9166666666666666
Max Dist. to Center: 0
Min Dist. to Center: 0.0
Avg Dist. to Center: 0.0
1 Points
0.7446808510638298, 0.9166666666666666
Cluster 31
Center: 0.8723404255319149, 0.14583333333333334
Max Dist. to Center: 0
Min Dist. to Center: 0.0
Avg Dist. to Center: 0.0
1 Points
0.8723404255319149, 0.14583333333333334
Cluster 32
Center: 0.8351063829787234, 0.10416666666666667
Max Dist. to Center: 0.02659574468085113
Min Dist. to Center: 0.015957446808510634
Avg Dist. to Center: 0.022574331981937333
4 Points
0.851063829787234, 0.10416666666666667
0.851063829787234, 0.08333333333333333
0.8297872340425532, 0.125
0.8085106382978723, 0.10416666666666667
Cluster 33
Center: 0.7659574468085106, 0.3125
Max Dist. to Center: 0
Min Dist. to Center: 0.0
Avg Dist. to Center: 0.0
1 Points
0.7659574468085106, 0.3125
Cluster 34
Center: 0.7659574468085106, 0.20833333333333334
Max Dist. to Center: 0
Min Dist. to Center: 0.0
Avg Dist. to Center: 0.0
1 Points
0.7659574468085106, 0.20833333333333334
Cluster 35
Center: 0.851063829787234, 0.75
Max Dist. to Center: 0
Min Dist. to Center: 0.0
Avg Dist. to Center: 0.0
1 Points
0.851063829787234, 0.75
Cluster 36
Center: 0.7446808510638298, 0.7291666666666666
Max Dist. to Center: 0
Min Dist. to Center: 0.0
Avg Dist. to Center: 0.0
1 Points
0.7446808510638298, 0.7291666666666666
Cluster 37
Center: 0.7446808510638298, 0.6666666666666666
Max Dist. to Center: 0
Min Dist. to Center: 0.0
Avg Dist. to Center: 0.0
1 Points
0.7446808510638298, 0.6666666666666666
Cluster 38
Center: 0.14893617021276595, 0.6875
Max Dist. to Center: 0
Min Dist. to Center: 0.0
Avg Dist. to Center: 0.0
1 Points
0.14893617021276595, 0.6875
Cluster 39
Center: 0.1276595744680851, 0.6458333333333334
Max Dist. to Center: 0
Min Dist. to Center: 0.0
Avg Dist. to Center: 0.0
1 Points
0.1276595744680851, 0.6458333333333334
Cluster 40
Center: 0.0425531914893617, 0.6666666666666666
Max Dist. to Center: 0
Min Dist. to Center: 0.0
Avg Dist. to Center: 0.0
1 Points
0.0425531914893617, 0.6666666666666666
Cluster 41
Center: 0.0851063829787234, 0.7291666666666667
Max Dist. to Center: 0.029777866012532708
Min Dist. to Center: 1.1102230246251565e-16
Avg Dist. to Center: 0.02382229281002616
5 Points
0.10638297872340426, 0.75
0.06382978723404255, 0.75
0.10638297872340426, 0.7083333333333334
0.0851063829787234, 0.7291666666666666
0.06382978723404255, 0.7083333333333334
Cluster 42
Center: 0.8723404255319149, 0.8229166666666667
Max Dist. to Center: 0.01041666666666674
Min Dist. to Center: 0.01041666666666663
Avg Dist. to Center: 0.010416666666666685
2 Points
0.8723404255319149, 0.8333333333333334
0.8723404255319149, 0.8125
Cluster 43
Center: 0.6808510638297872, 0.6041666666666666
Max Dist. to Center: 0
Min Dist. to Center: 0.0
Avg Dist. to Center: 0.0
1 Points
0.6808510638297872, 0.6041666666666666
Cluster 44
Center: 0.5957446808510638, 0.6041666666666666
Max Dist. to Center: 0
Min Dist. to Center: 0.0
Avg Dist. to Center: 0.0
1 Points
0.5957446808510638, 0.6041666666666666
Cluster 45
Center: 0.5319148936170213, 0.5625
Max Dist. to Center: 0
Min Dist. to Center: 0.0
Avg Dist. to Center: 0.0
1 Points
0.5319148936170213, 0.5625
Cluster 46
Center: 0.8297872340425532, 0.875
Max Dist. to Center: 0
Min Dist. to Center: 0.0
Avg Dist. to Center: 0.0
1 Points
0.8297872340425532, 0.875
Cluster 47
Center: 0.7943262411347517, 0.8333333333333334
Max Dist. to Center: 0.022007431892387252
Min Dist. to Center: 0.014184397163120588
Avg Dist. to Center: 0.01939975364929833
3 Points
0.7872340425531915, 0.8125
0.7872340425531915, 0.8541666666666666
0.8085106382978723, 0.8333333333333334
Cluster 48
Center: 0.7446808510638298, 0.4166666666666667
Max Dist. to Center: 0
Min Dist. to Center: 0.0
Avg Dist. to Center: 0.0
1 Points
0.7446808510638298, 0.4166666666666667
Cluster 49
Center: 0.8085106382978723, 0.4583333333333333
Max Dist. to Center: 0
Min Dist. to Center: 0.0
Avg Dist. to Center: 0.0
1 Points
0.8085106382978723, 0.4583333333333333
Cluster 50
Center: 0.7659574468085106, 0.5
Max Dist. to Center: 0
Min Dist. to Center: 0.0
Avg Dist. to Center: 0.0
1 Points
0.7659574468085106, 0.5
Cluster 51
Center: 0.6808510638297872, 0.5
Max Dist. to Center: 0
Min Dist. to Center: 0.0
Avg Dist. to Center: 0.0
1 Points
0.6808510638297872, 0.5
Cluster 52
Center: 0.6595744680851063, 0.5416666666666666
Max Dist. to Center: 0
Min Dist. to Center: 0.0
Avg Dist. to Center: 0.0
1 Points
0.6595744680851063, 0.5416666666666666
Cluster 53
Center: 0.723404255319149, 0.4791666666666667
Max Dist. to Center: 0
Min Dist. to Center: 0.0
Avg Dist. to Center: 0.0
1 Points
0.723404255319149, 0.4791666666666667
Cluster 54
Center: 0.7127659574468086, 0.53125
Max Dist. to Center: 0.014888933006266366
Min Dist. to Center: 0.014888933006266288
Avg Dist. to Center: 0.014888933006266328
2 Points
0.7021276595744681, 0.5416666666666666
0.723404255319149, 0.5208333333333334
Center: 0.5106382978723404, 0.041666666666666664
Max Dist. to Center: 0
Min Dist. to Center: 0.0
Avg Dist. to Center: 0.0
1 Points
0.5106382978723404, 0.041666666666666664
Center: 0.3191489361702128, 0.5208333333333334
Max Dist. to Center: 0
Min Dist. to Center: 0.0
Avg Dist. to Center: 0.0
1 Points
0.3191489361702128, 0.5208333333333334
Center: 0.9148936170212766, 0.6041666666666666
Max Dist. to Center: 0
Min Dist. to Center: 0.0
Avg Dist. to Center: 0.0
1 Points
0.9148936170212766, 0.6041666666666666
Center: 1.0, 0.375
Max Dist. to Center: 0
Min Dist. to Center: 0.0
Avg Dist. to Center: 0.0
1 Points
1.0, 0.375
Center: 0.425531914893617, 0.375
Max Dist. to Center: 0
Min Dist. to Center: 0.0
Avg Dist. to Center: 0.0
1 Points
0.425531914893617, 0.375
Center: 0.3829787234042553, 0.25
Max Dist. to Center: 0
Min Dist. to Center: 0.0
Avg Dist. to Center: 0.0
1 Points
0.3829787234042553, 0.25
Center: 0.23404255319148937, 0.0
Max Dist. to Center: 0
Min Dist. to Center: 0.0
Avg Dist. to Center: 0.0
1 Points
0.23404255319148937, 0.0
Center: 0.0851063829787234, 0.2708333333333333
Max Dist. to Center: 0
Min Dist. to Center: 0.0
Avg Dist. to Center: 0.0
1 Points
0.0851063829787234, 0.2708333333333333
Center: 0.44680851063829785, 1.0
Max Dist. to Center: 0
Min Dist. to Center: 0.0
Avg Dist. to Center: 0.0
1 Points
0.44680851063829785, 1.0
Center: 0.2765957446808511, 0.16666666666666666
Max Dist. to Center: 0
Min Dist. to Center: 0.0
Avg Dist. to Center: 0.0
1 Points
0.2765957446808511, 0.16666666666666666
Center: 0.3617021276595745, 0.7916666666666666
Max Dist. to Center: 0
Min Dist. to Center: 0.0
Avg Dist. to Center: 0.0
1 Points
0.3617021276595745, 0.7916666666666666
Center: 0.5957446808510638, 0.4166666666666667
Max Dist. to Center: 0
Min Dist. to Center: 0.0
Avg Dist. to Center: 0.0
1 Points
0.5957446808510638, 0.4166666666666667
Center: 0.5957446808510638, 0.3333333333333333
Max Dist. to Center: 0
Min Dist. to Center: 0.0
Avg Dist. to Center: 0.0
1 Points
0.5957446808510638, 0.3333333333333333
Center: 0.0425531914893617, 0.14583333333333334
Max Dist. to Center: 0
Min Dist. to Center: 0.0
Avg Dist. to Center: 0.0
1 Points
0.0425531914893617, 0.14583333333333334
Center: 0.1702127659574468, 0.5625
Max Dist. to Center: 0
Min Dist. to Center: 0.0
Avg Dist. to Center: 0.0
1 Points
0.1702127659574468, 0.5625
Center: 0.1276595744680851, 0.4583333333333333
Max Dist. to Center: 0
Min Dist. to Center: 0.0
Avg Dist. to Center: 0.0
1 Points
0.1276595744680851, 0.4583333333333333
Center: 0.1702127659574468, 0.3541666666666667
Max Dist. to Center: 0
Min Dist. to Center: 0.0
Avg Dist. to Center: 0.0
1 Points
0.1702127659574468, 0.3541666666666667
Center: 0.3404255319148936, 0.8958333333333334
Max Dist. to Center: 0
Min Dist. to Center: 0.0
Avg Dist. to Center: 0.0
1 Points
0.3404255319148936, 0.8958333333333334
Center: 0.48936170212765956, 0.75
Max Dist. to Center: 0
Min Dist. to Center: 0.0
Avg Dist. to Center: 0.0
1 Points
0.48936170212765956, 0.75
Center: 0.48936170212765956, 0.6666666666666666
Max Dist. to Center: 0
Min Dist. to Center: 0.0
Avg Dist. to Center: 0.0
1 Points
0.48936170212765956, 0.6666666666666666
Center: 0.8723404255319149, 0.2916666666666667
Max Dist. to Center: 0
Min Dist. to Center: 0.0
Avg Dist. to Center: 0.0
1 Points
0.8723404255319149, 0.2916666666666667
Center: 0.19148936170212766, 0.1875
Max Dist. to Center: 0
Min Dist. to Center: 0.0
Avg Dist. to Center: 0.0
1 Points
0.19148936170212766, 0.1875
Center: 0.14893617021276595, 0.8333333333333334
Max Dist. to Center: 0
Min Dist. to Center: 0.0
Avg Dist. to Center: 0.0
1 Points
0.14893617021276595, 0.8333333333333334
Center: 0.48936170212765956, 0.875
Max Dist. to Center: 0
Min Dist. to Center: 0.0
Avg Dist. to Center: 0.0
1 Points
0.48936170212765956, 0.875
Center: 0.42553191489361697, 0.875
Max Dist. to Center: 0.021276595744680882
Min Dist. to Center: 0.02083333333333337
Avg Dist. to Center: 0.021054964539007112
4 Points
0.40425531914893614, 0.875
0.425531914893617, 0.8541666666666666
0.425531914893617, 0.8958333333333334
0.44680851063829785, 0.875
Center: 0.2127659574468085, 0.10416666666666667
Max Dist. to Center: 0
Min Dist. to Center: 0.0
Avg Dist. to Center: 0.0
1 Points
0.2127659574468085, 0.10416666666666667
Center: 0.2127659574468085, 0.7291666666666666
Max Dist. to Center: 0
Min Dist. to Center: 0.0
Avg Dist. to Center: 0.0
1 Points
0.2127659574468085, 0.7291666666666666
Center: 0.14893617021276595, 0.041666666666666664
Max Dist. to Center: 0
Min Dist. to Center: 0.0
Avg Dist. to Center: 0.0
1 Points
0.14893617021276595, 0.041666666666666664
Center: 0.14893617021276595, 0.10416666666666666
Max Dist. to Center: 0.02977786601253269
Min Dist. to Center: 1.3877787807814457e-17
Avg Dist. to Center: 0.02382229281002615
5 Points
0.1702127659574468, 0.08333333333333333
0.1276595744680851, 0.08333333333333333
0.1702127659574468, 0.125
0.1276595744680851, 0.125
0.14893617021276595, 0.10416666666666667
Center: 0.0, 0.7708333333333334
Max Dist. to Center: 0
Min Dist. to Center: 0.0
Avg Dist. to Center: 0.0
1 Points
0.0, 0.7708333333333334
Center: 0.7446808510638298, 0.9166666666666666
Max Dist. to Center: 0
Min Dist. to Center: 0.0
Avg Dist. to Center: 0.0
1 Points
0.7446808510638298, 0.9166666666666666
Center: 0.8723404255319149, 0.14583333333333334
Max Dist. to Center: 0
Min Dist. to Center: 0.0
Avg Dist. to Center: 0.0
1 Points
0.8723404255319149, 0.14583333333333334
Center: 0.8351063829787234, 0.10416666666666667
Max Dist. to Center: 0.02659574468085113
Min Dist. to Center: 0.015957446808510634
Avg Dist. to Center: 0.022574331981937333
4 Points
0.851063829787234, 0.10416666666666667
0.851063829787234, 0.08333333333333333
0.8297872340425532, 0.125
0.8085106382978723, 0.10416666666666667
Center: 0.7659574468085106, 0.3125
Max Dist. to Center: 0
Min Dist. to Center: 0.0
Avg Dist. to Center: 0.0
1 Points
0.7659574468085106, 0.3125
Center: 0.7659574468085106, 0.20833333333333334
Max Dist. to Center: 0
Min Dist. to Center: 0.0
Avg Dist. to Center: 0.0
1 Points
0.7659574468085106, 0.20833333333333334
Center: 0.851063829787234, 0.75
Max Dist. to Center: 0
Min Dist. to Center: 0.0
Avg Dist. to Center: 0.0
1 Points
0.851063829787234, 0.75
Center: 0.7446808510638298, 0.7291666666666666
Max Dist. to Center: 0
Min Dist. to Center: 0.0
Avg Dist. to Center: 0.0
1 Points
0.7446808510638298, 0.7291666666666666
Center: 0.7446808510638298, 0.6666666666666666
Max Dist. to Center: 0
Min Dist. to Center: 0.0
Avg Dist. to Center: 0.0
1 Points
0.7446808510638298, 0.6666666666666666
Center: 0.14893617021276595, 0.6875
Max Dist. to Center: 0
Min Dist. to Center: 0.0
Avg Dist. to Center: 0.0
1 Points
0.14893617021276595, 0.6875
Center: 0.1276595744680851, 0.6458333333333334
Max Dist. to Center: 0
Min Dist. to Center: 0.0
Avg Dist. to Center: 0.0
1 Points
0.1276595744680851, 0.6458333333333334
Center: 0.0425531914893617, 0.6666666666666666
Max Dist. to Center: 0
Min Dist. to Center: 0.0
Avg Dist. to Center: 0.0
1 Points
0.0425531914893617, 0.6666666666666666
Center: 0.0851063829787234, 0.7291666666666667
Max Dist. to Center: 0.029777866012532708
Min Dist. to Center: 1.1102230246251565e-16
Avg Dist. to Center: 0.02382229281002616
5 Points
0.10638297872340426, 0.75
0.06382978723404255, 0.75
0.10638297872340426, 0.7083333333333334
0.0851063829787234, 0.7291666666666666
0.06382978723404255, 0.7083333333333334
Center: 0.8723404255319149, 0.8229166666666667
Max Dist. to Center: 0.01041666666666674
Min Dist. to Center: 0.01041666666666663
Avg Dist. to Center: 0.010416666666666685
2 Points
0.8723404255319149, 0.8333333333333334
0.8723404255319149, 0.8125
Center: 0.6808510638297872, 0.6041666666666666
Max Dist. to Center: 0
Min Dist. to Center: 0.0
Avg Dist. to Center: 0.0
1 Points
0.6808510638297872, 0.6041666666666666
Center: 0.5957446808510638, 0.6041666666666666
Max Dist. to Center: 0
Min Dist. to Center: 0.0
Avg Dist. to Center: 0.0
1 Points
0.5957446808510638, 0.6041666666666666
Center: 0.5319148936170213, 0.5625
Max Dist. to Center: 0
Min Dist. to Center: 0.0
Avg Dist. to Center: 0.0
1 Points
0.5319148936170213, 0.5625
Center: 0.8297872340425532, 0.875
Max Dist. to Center: 0
Min Dist. to Center: 0.0
Avg Dist. to Center: 0.0
1 Points
0.8297872340425532, 0.875
Center: 0.7943262411347517, 0.8333333333333334
Max Dist. to Center: 0.022007431892387252
Min Dist. to Center: 0.014184397163120588
Avg Dist. to Center: 0.01939975364929833
3 Points
0.7872340425531915, 0.8125
0.7872340425531915, 0.8541666666666666
0.8085106382978723, 0.8333333333333334
Center: 0.7446808510638298, 0.4166666666666667
Max Dist. to Center: 0
Min Dist. to Center: 0.0
Avg Dist. to Center: 0.0
1 Points
0.7446808510638298, 0.4166666666666667
Center: 0.8085106382978723, 0.4583333333333333
Max Dist. to Center: 0
Min Dist. to Center: 0.0
Avg Dist. to Center: 0.0
1 Points
0.8085106382978723, 0.4583333333333333
Center: 0.7659574468085106, 0.5
Max Dist. to Center: 0
Min Dist. to Center: 0.0
Avg Dist. to Center: 0.0
1 Points
0.7659574468085106, 0.5
Center: 0.6808510638297872, 0.5
Max Dist. to Center: 0
Min Dist. to Center: 0.0
Avg Dist. to Center: 0.0
1 Points
0.6808510638297872, 0.5
Center: 0.6595744680851063, 0.5416666666666666
Max Dist. to Center: 0
Min Dist. to Center: 0.0
Avg Dist. to Center: 0.0
1 Points
0.6595744680851063, 0.5416666666666666
Center: 0.723404255319149, 0.4791666666666667
Max Dist. to Center: 0
Min Dist. to Center: 0.0
Avg Dist. to Center: 0.0
1 Points
0.723404255319149, 0.4791666666666667
Center: 0.7127659574468086, 0.53125
Max Dist. to Center: 0.014888933006266366
Min Dist. to Center: 0.014888933006266288
Avg Dist. to Center: 0.014888933006266328
2 Points
0.7021276595744681, 0.5416666666666666
0.723404255319149, 0.5208333333333334
SSE= 0.012810401576882454
