{
    "type": "root",
    "height": 0.8835812227696903,
    "nodes": [
        {
            "type": "node",
            "height": 0.04588210581640994,
            "nodes": [
                {
                    "type": "leaf",
                    "height": 0.0,
                    "data": "0.9957698289269052, 1.0, 0.5750000000000001"
                },
                {
                    "type": "leaf",
                    "height": 0.0,
                    "data": "1.0, 0.9552399670322703, 0.5658450704225351"
                }
            ]
        },
        {
            "type": "node",
            "height": 0.4046629036848652,
            "nodes": [
                {
                    "type": "leaf",
                    "height": 0.0,
                    "data": "0.0, 0.7290940214290242, 0.6267605633802815"
                },
                {
                    "type": "node",
                    "height": 0.37901662567974054,
                    "nodes": [
                        {
                            "type": "leaf",
                            "height": 0.0,
                            "data": "0.42530899566178265, 0.5705953211183669, 0.0"
                        },
                        {
                            "type": "node",
                            "height": 0.35155857233029164,
                            "nodes": [
                                {
                                    "type": "node",
                                    "height": 0.2856902617870301,
                                    "nodes": [
                                        {
                                            "type": "leaf",
                                            "height": 0.0,
                                            "data": "0.5251698452975361, 0.05071958409941039, 0.7676056338028169"
                                        },
                                        {
                                            "type": "node",
                                            "height": 0.24790599156327467,
                                            "nodes": [
                                                {
                                                    "type": "node",
                                                    "height": 0.15677914343378413,
                                                    "nodes": [
                                                        {
                                                            "type": "leaf",
                                                            "height": 0.0,
                                                            "data": "0.18236883031840878, 0.06973942813668929, 1.0"
                                                        },
                                                        {
                                                            "type": "node",
                                                            "height": 0.0,
                                                            "nodes": [
                                                                {
                                                                    "type": "leaf",
                                                                    "height": 0.0,
                                                                    "data": "0.26478513546697224, 0.10562353388702213, 0.871549295774648"
                                                                },
                                                                {
                                                                    "type": "leaf",
                                                                    "height": 0.0,
                                                                    "data": "0.26478513546697224, 0.10562353388702213, 0.871549295774648"
                                                                }
                                                            ]
                                                        }
                                                    ]
                                                },
                                                {
                                                    "type": "node",
                                                    "height": 0.16520046603829977,
                                                    "nodes": [
                                                        {
                                                            "type": "leaf",
                                                            "height": 0.0,
                                                            "data": "0.06857329950069574, 0.22456095860013947, 0.7776760563380282"
                                                        },
                                                        {
                                                            "type": "node",
                                                            "height": 0.11316997922807898,
                                                            "nodes": [
                                                                {
                                                                    "type": "leaf",
                                                                    "height": 0.0,
                                                                    "data": "0.14373414095113363, 0.3550370886958727, 0.6830985915492956"
                                                                },
                                                                {
                                                                    "type": "node",
                                                                    "height": 0.07229455749776652,
                                                                    "nodes": [
                                                                        {
                                                                            "type": "leaf",
                                                                            "height": 0.0,
                                                                            "data": "0.08414504379143814, 0.297977556584036, 0.6056338028169014"
                                                                        },
                                                                        {
                                                                            "type": "leaf",
                                                                            "height": 0.0,
                                                                            "data": "0.1159040681018253, 0.23457807645977305, 0.619718309859155"
                                                                        }
                                                                    ]
                                                                }
                                                            ]
                                                        }
                                                    ]
                                                }
                                            ]
                                        }
                                    ]
                                },
                                {
                                    "type": "node",
                                    "height": 0.33566033016329105,
                                    "nodes": [
                                        {
                                            "type": "leaf",
                                            "height": 0.0,
                                            "data": "0.33199639846116064, 0.0, 0.471830985915493"
                                        },
                                        {
                                            "type": "node",
                                            "height": 0.19371438207778538,
                                            "nodes": [
                                                {
                                                    "type": "leaf",
                                                    "height": 0.0,
                                                    "data": "0.38929360726856016, 0.3486971406834464, 0.36619718309859167"
                                                },
                                                {
                                                    "type": "node",
                                                    "height": 0.16165451316130588,
                                                    "nodes": [
                                                        {
                                                            "type": "node",
                                                            "height": 0.0011267605633801525,
                                                            "nodes": [
                                                                {
                                                                    "type": "leaf",
                                                                    "height": 0.0,
                                                                    "data": "0.15258737824343127, 0.2296329170100805, 0.18239436619718316"
                                                                },
                                                                {
                                                                    "type": "leaf",
                                                                    "height": 0.0,
                                                                    "data": "0.15258737824343127, 0.2296329170100805, 0.1835211267605633"
                                                                }
                                                            ]
                                                        },
                                                        {
                                                            "type": "node",
                                                            "height": 0.04791925697281115,
                                                            "nodes": [
                                                                {
                                                                    "type": "leaf",
                                                                    "height": 0.0,
                                                                    "data": "0.316660391258083, 0.23197869777467825, 0.2297183098591551"
                                                                },
                                                                {
                                                                    "type": "node",
                                                                    "height": 0.042721630136115386,
                                                                    "nodes": [
                                                                        {
                                                                            "type": "leaf",
                                                                            "height": 0.0,
                                                                            "data": "0.3208643693214373, 0.23457807645977305, 0.14084507042253516"
                                                                        },
                                                                        {
                                                                            "type": "leaf",
                                                                            "height": 0.0,
                                                                            "data": "0.31389048047802237, 0.24028402967095672, 0.18260563380281677"
                                                                        }
                                                                    ]
                                                                }
                                                            ]
                                                        }
                                                    ]
                                                }
                                            ]
                                        }
                                    ]
                                }
                            ]
                        }
                    ]
                }
            ]
        }
    ]
}
CLUSTERS:
Cluster 0
Center: 0.9978849144634526, 0.9776199835161352, 0.5704225352112675
Max Dist. to Center: 0.022941052908205015
Min Dist. to Center: 0.022941052908204924
Avg Dist. to Center: 0.02294105290820497
2 Points
0.9957698289269052, 1.0, 0.5750000000000001
1.0, 0.9552399670322703, 0.5658450704225351
Cluster 1
Center: 0.0, 0.7290940214290242, 0.6267605633802815
Max Dist. to Center: 0
Min Dist. to Center: 0.0
Avg Dist. to Center: 0.0
1 Points
0.0, 0.7290940214290242, 0.6267605633802815
Cluster 2
Center: 0.42530899566178265, 0.5705953211183669, 0.0
Max Dist. to Center: 0
Min Dist. to Center: 0.0
Avg Dist. to Center: 0.0
1 Points
0.42530899566178265, 0.5705953211183669, 0.0
Cluster 3
Center: 0.5251698452975361, 0.05071958409941039, 0.7676056338028169
Max Dist. to Center: 0
Min Dist. to Center: 0.0
Avg Dist. to Center: 0.0
1 Points
0.5251698452975361, 0.05071958409941039, 0.7676056338028169
Cluster 4
Center: 0.33199639846116064, 0.0, 0.471830985915493
Max Dist. to Center: 0
Min Dist. to Center: 0.0
Avg Dist. to Center: 0.0
1 Points
0.33199639846116064, 0.0, 0.471830985915493
Cluster 5
Center: 0.38929360726856016, 0.3486971406834464, 0.36619718309859167
Max Dist. to Center: 0
Min Dist. to Center: 0.0
Avg Dist. to Center: 0.0
1 Points
0.38929360726856016, 0.3486971406834464, 0.36619718309859167
Cluster 6
Center: 0.18236883031840878, 0.06973942813668929, 1.0
Max Dist. to Center: 0
Min Dist. to Center: 0.0
Avg Dist. to Center: 0.0
1 Points
0.18236883031840878, 0.06973942813668929, 1.0
Cluster 7
Center: 0.26478513546697224, 0.10562353388702213, 0.871549295774648
Max Dist. to Center: 0
Min Dist. to Center: 0.0
Avg Dist. to Center: 0.0
2 Points
0.26478513546697224, 0.10562353388702213, 0.871549295774648
0.26478513546697224, 0.10562353388702213, 0.871549295774648
Cluster 8
Center: 0.06857329950069574, 0.22456095860013947, 0.7776760563380282
Max Dist. to Center: 0
Min Dist. to Center: 0.0
Avg Dist. to Center: 0.0
1 Points
0.06857329950069574, 0.22456095860013947, 0.7776760563380282
Cluster 9
Center: 0.15258737824343127, 0.2296329170100805, 0.18295774647887325
Max Dist. to Center: 0.0005633802816900901
Min Dist. to Center: 0.0005633802816900624
Avg Dist. to Center: 0.0005633802816900763
2 Points
0.15258737824343127, 0.2296329170100805, 0.18239436619718316
0.15258737824343127, 0.2296329170100805, 0.1835211267605633
Cluster 10
Center: 0.31713841368584755, 0.23561360130180267, 0.18438967136150233
Max Dist. to Center: 0.0454766588168462
Min Dist. to Center: 0.005961942744164289
Avg Dist. to Center: 0.03171819545747088
3 Points
0.316660391258083, 0.23197869777467825, 0.2297183098591551
0.3208643693214373, 0.23457807645977305, 0.14084507042253516
0.31389048047802237, 0.24028402967095672, 0.18260563380281677
Cluster 11
Center: 0.14373414095113363, 0.3550370886958727, 0.6830985915492956
Max Dist. to Center: 0
Min Dist. to Center: 0.0
Avg Dist. to Center: 0.0
1 Points
0.14373414095113363, 0.3550370886958727, 0.6830985915492956
Cluster 12
Center: 0.10002455594663172, 0.2662778165219045, 0.6126760563380282
Max Dist. to Center: 0.03614727874888329
Min Dist. to Center: 0.03614727874888324
Avg Dist. to Center: 0.036147278748883266
2 Points
0.08414504379143814, 0.297977556584036, 0.6056338028169014
0.1159040681018253, 0.23457807645977305, 0.619718309859155
Center: 0.9978849144634526, 0.9776199835161352, 0.5704225352112675
Max Dist. to Center: 0.022941052908205015
Min Dist. to Center: 0.022941052908204924
Avg Dist. to Center: 0.02294105290820497
2 Points
0.9957698289269052, 1.0, 0.5750000000000001
1.0, 0.9552399670322703, 0.5658450704225351
Center: 0.0, 0.7290940214290242, 0.6267605633802815
Max Dist. to Center: 0
Min Dist. to Center: 0.0
Avg Dist. to Center: 0.0
1 Points
0.0, 0.7290940214290242, 0.6267605633802815
Center: 0.42530899566178265, 0.5705953211183669, 0.0
Max Dist. to Center: 0
Min Dist. to Center: 0.0
Avg Dist. to Center: 0.0
1 Points
0.42530899566178265, 0.5705953211183669, 0.0
Center: 0.5251698452975361, 0.05071958409941039, 0.7676056338028169
Max Dist. to Center: 0
Min Dist. to Center: 0.0
Avg Dist. to Center: 0.0
1 Points
0.5251698452975361, 0.05071958409941039, 0.7676056338028169
Center: 0.33199639846116064, 0.0, 0.471830985915493
Max Dist. to Center: 0
Min Dist. to Center: 0.0
Avg Dist. to Center: 0.0
1 Points
0.33199639846116064, 0.0, 0.471830985915493
Center: 0.38929360726856016, 0.3486971406834464, 0.36619718309859167
Max Dist. to Center: 0
Min Dist. to Center: 0.0
Avg Dist. to Center: 0.0
1 Points
0.38929360726856016, 0.3486971406834464, 0.36619718309859167
Center: 0.18236883031840878, 0.06973942813668929, 1.0
Max Dist. to Center: 0
Min Dist. to Center: 0.0
Avg Dist. to Center: 0.0
1 Points
0.18236883031840878, 0.06973942813668929, 1.0
Center: 0.26478513546697224, 0.10562353388702213, 0.871549295774648
Max Dist. to Center: 0
Min Dist. to Center: 0.0
Avg Dist. to Center: 0.0
2 Points
0.26478513546697224, 0.10562353388702213, 0.871549295774648
0.26478513546697224, 0.10562353388702213, 0.871549295774648
Center: 0.06857329950069574, 0.22456095860013947, 0.7776760563380282
Max Dist. to Center: 0
Min Dist. to Center: 0.0
Avg Dist. to Center: 0.0
1 Points
0.06857329950069574, 0.22456095860013947, 0.7776760563380282
Center: 0.15258737824343127, 0.2296329170100805, 0.18295774647887325
Max Dist. to Center: 0.0005633802816900901
Min Dist. to Center: 0.0005633802816900624
Avg Dist. to Center: 0.0005633802816900763
2 Points
0.15258737824343127, 0.2296329170100805, 0.18239436619718316
0.15258737824343127, 0.2296329170100805, 0.1835211267605633
Center: 0.31713841368584755, 0.23561360130180267, 0.18438967136150233
Max Dist. to Center: 0.0454766588168462
Min Dist. to Center: 0.005961942744164289
Avg Dist. to Center: 0.03171819545747088
3 Points
0.316660391258083, 0.23197869777467825, 0.2297183098591551
0.3208643693214373, 0.23457807645977305, 0.14084507042253516
0.31389048047802237, 0.24028402967095672, 0.18260563380281677
Center: 0.14373414095113363, 0.3550370886958727, 0.6830985915492956
Max Dist. to Center: 0
Min Dist. to Center: 0.0
Avg Dist. to Center: 0.0
1 Points
0.14373414095113363, 0.3550370886958727, 0.6830985915492956
Center: 0.10002455594663172, 0.2662778165219045, 0.6126760563380282
Max Dist. to Center: 0.03614727874888329
Min Dist. to Center: 0.03614727874888324
Avg Dist. to Center: 0.036147278748883266
2 Points
0.08414504379143814, 0.297977556584036, 0.6056338028169014
0.1159040681018253, 0.23457807645977305, 0.619718309859155
SSE= 0.00768122872011592
