2023-11-16 15:44:57,468 INFO Iteration 1/10: Testing epsilon=0.18356511509405274, min_points=3
2023-11-16 15:44:59,326 INFO Noise count: 32
2023-11-16 15:44:59,363 INFO Epsilon=0.18356511509405274, Min Points=3, SSE=0.008907903439153438
2023-11-16 15:44:59,363 INFO New best performance: SSE=0.008907903439153438, Epsilon=0.18356511509405274, Min Points=3, Noise count: 32
2023-11-16 15:44:59,363 INFO Iteration 2/10: Testing epsilon=0.22240560705609227, min_points=2
2023-11-16 15:45:00,580 INFO Noise count: 15
2023-11-16 15:45:00,727 INFO Epsilon=0.22240560705609227, Min Points=2, SSE=0.5709571837994458
2023-11-16 15:45:00,728 INFO Iteration 3/10: Testing epsilon=0.23112576238443025, min_points=2
2023-11-16 15:45:02,592 INFO Noise count: 15
2023-11-16 15:45:02,655 INFO Epsilon=0.23112576238443025, Min Points=2, SSE=0.5709571837994458
2023-11-16 15:45:02,655 INFO Iteration 4/10: Testing epsilon=0.1729836713310417, min_points=2
2023-11-16 15:45:04,454 INFO Noise count: 26
2023-11-16 15:45:04,494 INFO Epsilon=0.1729836713310417, Min Points=2, SSE=0.034524400037792904
2023-11-16 15:45:04,494 INFO Iteration 5/10: Testing epsilon=0.23447613135403064, min_points=2
2023-11-16 15:45:06,362 INFO Noise count: 15
2023-11-16 15:45:06,405 INFO Epsilon=0.23447613135403064, Min Points=2, SSE=0.5709571837994458
2023-11-16 15:45:06,405 INFO Iteration 6/10: Testing epsilon=0.2276839650581008, min_points=2
2023-11-16 15:45:07,748 INFO Noise count: 15
2023-11-16 15:45:07,795 INFO Epsilon=0.2276839650581008, Min Points=2, SSE=0.5709571837994458
2023-11-16 15:45:07,795 INFO Iteration 7/10: Testing epsilon=0.26674124590712034, min_points=2
2023-11-16 15:45:09,466 INFO Noise count: 11
2023-11-16 15:45:09,544 INFO Epsilon=0.26674124590712034, Min Points=2, SSE=0.8870074877173093
2023-11-16 15:45:09,544 INFO Iteration 8/10: Testing epsilon=0.24472521076898465, min_points=2
2023-11-16 15:45:11,239 INFO Noise count: 14
2023-11-16 15:45:11,295 INFO Epsilon=0.24472521076898465, Min Points=2, SSE=0.7114579554043841
2023-11-16 15:45:11,295 INFO Iteration 9/10: Testing epsilon=0.20041429676152012, min_points=2
2023-11-16 15:45:13,003 INFO Noise count: 19
2023-11-16 15:45:13,062 INFO Epsilon=0.20041429676152012, Min Points=2, SSE=0.24908116024187454
2023-11-16 15:45:13,062 INFO Iteration 10/10: Testing epsilon=0.2484189725575689, min_points=2
2023-11-16 15:45:14,696 INFO Noise count: 14
2023-11-16 15:45:14,742 INFO Epsilon=0.2484189725575689, Min Points=2, SSE=0.7114579554043841
2023-11-16 15:45:14,742 INFO Best DBSCAN Parameters:
2023-11-16 15:45:14,742 INFO Epsilon=0.18356511509405274, Min Points=3
2023-11-16 15:45:14,742 INFO Best Performance: 0.008907903439153438
2023-11-16 15:45:15,965 INFO Final Clusters and Noise Points:
2023-11-16 15:45:15,965 INFO Cluster 1: 4 points
2023-11-16 15:45:15,968 INFO Data Point: 0    0.000000
1    0.083333
2    0.200000
3    0.285714
4    0.285714
5    0.000000
6    0.500000
Name: 11, dtype: float64
2023-11-16 15:45:15,969 INFO Data Point: 0    0.000000
1    0.041667
2    0.200000
3    0.285714
4    0.285714
5    0.000000
6    0.500000
Name: 13, dtype: float64
2023-11-16 15:45:15,971 INFO Data Point: 0    0.000000
1    0.041667
2    0.200000
3    0.285714
4    0.285714
5    0.000000
6    0.500000
Name: 16, dtype: float64
2023-11-16 15:45:15,973 INFO Data Point: 0    0.000000
1    0.041667
2    0.200000
3    0.285714
4    0.285714
5    0.000000
6    0.500000
Name: 17, dtype: float64
2023-11-16 15:45:15,974 INFO Cluster 2: 3 points
2023-11-16 15:45:15,974 INFO Data Point: 0    0.000000
1    0.041667
2    0.200000
3    0.285714
4    0.285714
5    0.000000
6    0.000000
Name: 14, dtype: float64
2023-11-16 15:45:15,975 INFO Data Point: 0    0.000000
1    0.041667
2    0.200000
3    0.285714
4    0.285714
5    0.000000
6    0.000000
Name: 19, dtype: float64
2023-11-16 15:45:15,976 INFO Data Point: 0    0.000000
1    0.083333
2    0.200000
3    0.285714
4    0.285714
5    0.000000
6    0.000000
Name: 20, dtype: float64
2023-11-16 15:45:15,977 INFO Cluster 3: 3 points
2023-11-16 15:45:15,979 INFO Data Point: 0    0.000000
1    0.041667
2    0.200000
3    1.000000
4    0.000000
5    0.000000
6    0.000000
Name: 23, dtype: float64
2023-11-16 15:45:15,980 INFO Data Point: 0    0.000000
1    0.041667
2    0.200000
3    1.000000
4    0.000000
5    0.000000
6    0.000000
Name: 24, dtype: float64
2023-11-16 15:45:15,981 INFO Data Point: 0    0.000000
1    0.041667
2    0.200000
3    1.000000
4    0.000000
5    0.000000
6    0.000000
Name: 26, dtype: float64
2023-11-16 15:45:15,981 INFO Cluster 4: 7 points
2023-11-16 15:45:15,983 INFO Data Point: 0    0.0
1    0.0
2    0.0
3    0.0
4    1.0
5    0.0
6    0.0
Name: 34, dtype: float64
2023-11-16 15:45:15,984 INFO Data Point: 0    0.0
1    0.0
2    0.0
3    0.0
4    1.0
5    0.0
6    0.0
Name: 37, dtype: float64
2023-11-16 15:45:15,989 INFO Data Point: 0    0.0
1    0.0
2    0.0
3    0.0
4    1.0
5    0.0
6    0.0
Name: 39, dtype: float64
2023-11-16 15:45:15,990 INFO Data Point: 0    0.0
1    0.0
2    0.0
3    0.0
4    1.0
5    0.0
6    0.0
Name: 40, dtype: float64
2023-11-16 15:45:15,993 INFO Data Point: 0    0.000000
1    0.083333
2    0.000000
3    0.000000
4    1.000000
5    0.000000
6    0.000000
Name: 41, dtype: float64
2023-11-16 15:45:15,995 INFO Data Point: 0    0.0
1    0.0
2    0.0
3    0.0
4    1.0
5    0.0
6    0.0
Name: 43, dtype: float64
2023-11-16 15:45:15,996 INFO Data Point: 0    0.000000
1    0.041667
2    0.000000
3    0.000000
4    1.000000
5    0.000000
6    0.000000
Name: 47, dtype: float64
2023-11-16 15:45:15,997 INFO Noise: 32 points
2023-11-16 15:45:16,001 INFO Noise Point: 0    0.400000
1    0.125000
2    0.000000
3    0.285714
4    0.000000
5    0.000000
6    0.500000
Name: 0, dtype: float64
2023-11-16 15:45:16,002 INFO Noise Point: 0    0.200000
1    0.208333
2    0.000000
3    0.285714
4    0.000000
5    0.000000
6    0.000000
Name: 1, dtype: float64
2023-11-16 15:45:16,003 INFO Noise Point: 0    0.400000
1    0.125000
2    0.000000
3    0.285714
4    0.000000
5    0.500000
6    0.000000
Name: 2, dtype: float64
2023-11-16 15:45:16,004 INFO Noise Point: 0    0.000000
1    0.125000
2    0.000000
3    0.285714
4    0.000000
5    1.000000
6    0.500000
Name: 3, dtype: float64
2023-11-16 15:45:16,004 INFO Noise Point: 0    0.200000
1    0.125000
2    0.000000
3    0.285714
4    0.000000
5    0.000000
6    0.500000
Name: 4, dtype: float64
2023-11-16 15:45:16,007 INFO Noise Point: 0    0.000000
1    0.125000
2    0.000000
3    0.285714
4    0.000000
5    0.000000
6    0.000000
Name: 5, dtype: float64
2023-11-16 15:45:16,008 INFO Noise Point: 0    0.000000
1    0.166667
2    0.200000
3    0.142857
4    0.000000
5    0.000000
6    0.000000
Name: 6, dtype: float64
2023-11-16 15:45:16,009 INFO Noise Point: 0    0.000000
1    0.208333
2    1.000000
3    0.142857
4    0.000000
5    0.500000
6    0.000000
Name: 7, dtype: float64
2023-11-16 15:45:16,010 INFO Noise Point: 0    0.200000
1    0.208333
2    0.000000
3    0.142857
4    0.000000
5    0.000000
6    0.500000
Name: 8, dtype: float64
2023-11-16 15:45:16,011 INFO Noise Point: 0    0.000
1    0.125
2    0.000
3    0.000
4    0.000
5    0.000
6    0.000
Name: 9, dtype: float64
2023-11-16 15:45:16,014 INFO Noise Point: 0    0.200000
1    0.333333
2    0.000000
3    0.000000
4    0.000000
5    0.000000
6    0.500000
Name: 10, dtype: float64
2023-11-16 15:45:16,016 INFO Noise Point: 0    0.000000
1    0.250000
2    0.000000
3    0.285714
4    0.285714
5    0.000000
6    0.000000
Name: 12, dtype: float64
2023-11-16 15:45:16,017 INFO Noise Point: 0    0.200000
1    0.041667
2    0.000000
3    0.285714
4    0.285714
5    0.000000
6    0.500000
Name: 15, dtype: float64
2023-11-16 15:45:16,018 INFO Noise Point: 0    0.000000
1    0.083333
2    0.400000
3    0.285714
4    0.285714
5    0.500000
6    0.000000
Name: 18, dtype: float64
2023-11-16 15:45:16,021 INFO Noise Point: 0    0.800000
1    0.208333
2    0.000000
3    0.285714
4    0.285714
5    0.500000
6    0.000000
Name: 21, dtype: float64
2023-11-16 15:45:16,024 INFO Noise Point: 0    0.000000
1    0.083333
2    0.400000
3    0.285714
4    0.285714
5    0.000000
6    0.000000
Name: 22, dtype: float64
2023-11-16 15:45:16,025 INFO Noise Point: 0    0.2
1    0.0
2    0.0
3    1.0
4    0.0
5    0.0
6    0.0
Name: 25, dtype: float64
2023-11-16 15:45:16,028 INFO Noise Point: 0    0.0
1    0.0
2    0.0
3    1.0
4    0.0
5    0.0
6    0.0
Name: 27, dtype: float64
2023-11-16 15:45:16,030 INFO Noise Point: 0    0.000000
1    0.041667
2    0.200000
3    0.714286
4    0.000000
5    0.000000
6    0.000000
Name: 28, dtype: float64
2023-11-16 15:45:16,032 INFO Noise Point: 0    0.000000
1    0.000000
2    0.000000
3    0.571429
4    0.000000
5    0.000000
6    0.000000
Name: 29, dtype: float64
2023-11-16 15:45:16,038 INFO Noise Point: 0    0.200000
1    0.041667
2    0.000000
3    0.571429
4    0.000000
5    0.000000
6    0.000000
Name: 30, dtype: float64
2023-11-16 15:45:16,038 INFO Noise Point: 0    0.000000
1    0.083333
2    0.200000
3    0.571429
4    0.000000
5    0.000000
6    0.000000
Name: 31, dtype: float64
2023-11-16 15:45:16,044 INFO Noise Point: 0    0.400000
1    0.083333
2    0.000000
3    0.571429
4    0.000000
5    0.000000
6    0.000000
Name: 32, dtype: float64
2023-11-16 15:45:16,049 INFO Noise Point: 0    0.200000
1    0.083333
2    0.000000
3    0.571429
4    0.000000
5    0.000000
6    0.000000
Name: 33, dtype: float64
2023-11-16 15:45:16,050 INFO Noise Point: 0    0.200000
1    0.041667
2    0.000000
3    0.000000
4    1.000000
5    0.000000
6    0.000000
Name: 35, dtype: float64
2023-11-16 15:45:16,052 INFO Noise Point: 0    1.000000
1    0.333333
2    0.000000
3    0.000000
4    1.000000
5    0.500000
6    0.000000
Name: 36, dtype: float64
2023-11-16 15:45:16,053 INFO Noise Point: 0    0.6
1    1.0
2    0.0
3    0.0
4    1.0
5    0.5
6    0.0
Name: 38, dtype: float64
2023-11-16 15:45:16,054 INFO Noise Point: 0    0.000000
1    0.208333
2    0.000000
3    0.000000
4    1.000000
5    1.000000
6    1.000000
Name: 42, dtype: float64
2023-11-16 15:45:16,056 INFO Noise Point: 0    0.000000
1    0.291667
2    0.000000
3    0.000000
4    1.000000
5    0.000000
6    0.000000
Name: 44, dtype: float64
2023-11-16 15:45:16,057 INFO Noise Point: 0    0.000000
1    0.041667
2    0.000000
3    0.000000
4    1.000000
5    0.000000
6    1.000000
Name: 45, dtype: float64
2023-11-16 15:45:16,059 INFO Noise Point: 0    0.400000
1    0.166667
2    0.000000
3    0.000000
4    1.000000
5    0.000000
6    0.000000
Name: 46, dtype: float64
2023-11-16 15:45:16,059 INFO Noise Point: 0    0.0
1    0.0
2    0.0
3    0.0
4    1.0
5    0.0
6    0.5
Name: 48, dtype: float64
2023-11-16 15:45:31,801 INFO Iteration 1/10: Testing epsilon=0.1452954623080572, min_points=23
2023-11-16 15:45:32,808 INFO Noise count: 49
2023-11-16 15:45:32,809 INFO Epsilon=0.1452954623080572, Min Points=23, SSE=0
2023-11-16 15:45:32,809 INFO New best performance: SSE=0, Epsilon=0.1452954623080572, Min Points=23, Noise count: 49
2023-11-16 15:45:32,809 INFO Iteration 2/10: Testing epsilon=0.14768231663479414, min_points=22
2023-11-16 15:45:33,634 INFO Noise count: 49
2023-11-16 15:45:33,635 INFO Epsilon=0.14768231663479414, Min Points=22, SSE=0
2023-11-16 15:45:33,636 INFO Iteration 3/10: Testing epsilon=0.24521017919041177, min_points=22
2023-11-16 15:45:34,425 INFO Noise count: 49
2023-11-16 15:45:34,426 INFO Epsilon=0.24521017919041177, Min Points=22, SSE=0
2023-11-16 15:45:34,426 INFO Iteration 4/10: Testing epsilon=0.2313817127709453, min_points=22
2023-11-16 15:45:35,215 INFO Noise count: 49
2023-11-16 15:45:35,216 INFO Epsilon=0.2313817127709453, Min Points=22, SSE=0
2023-11-16 15:45:35,216 INFO Iteration 5/10: Testing epsilon=0.16061902277783516, min_points=22
2023-11-16 15:45:35,994 INFO Noise count: 49
2023-11-16 15:45:35,995 INFO Epsilon=0.16061902277783516, Min Points=22, SSE=0
2023-11-16 15:45:36,016 INFO Iteration 6/10: Testing epsilon=0.20448885107245718, min_points=22
2023-11-16 15:45:36,760 INFO Noise count: 49
2023-11-16 15:45:36,761 INFO Epsilon=0.20448885107245718, Min Points=22, SSE=0
2023-11-16 15:45:36,761 INFO Iteration 7/10: Testing epsilon=0.23979067077731908, min_points=22
2023-11-16 15:45:37,603 INFO Noise count: 49
2023-11-16 15:45:37,604 INFO Epsilon=0.23979067077731908, Min Points=22, SSE=0
2023-11-16 15:45:37,604 INFO Iteration 8/10: Testing epsilon=0.1538382305824008, min_points=22
2023-11-16 15:45:38,467 INFO Noise count: 49
2023-11-16 15:45:38,468 INFO Epsilon=0.1538382305824008, Min Points=22, SSE=0
2023-11-16 15:45:38,468 INFO Iteration 9/10: Testing epsilon=0.21543965229312792, min_points=22
2023-11-16 15:45:39,285 INFO Noise count: 49
2023-11-16 15:45:39,286 INFO Epsilon=0.21543965229312792, Min Points=22, SSE=0
2023-11-16 15:45:39,286 INFO Iteration 10/10: Testing epsilon=0.20788243754263713, min_points=22
2023-11-16 15:45:40,124 INFO Noise count: 49
2023-11-16 15:45:40,125 INFO Epsilon=0.20788243754263713, Min Points=22, SSE=0
2023-11-16 15:45:40,125 INFO Best DBSCAN Parameters:
2023-11-16 15:45:40,125 INFO Epsilon=0.1452954623080572, Min Points=23
2023-11-16 15:45:40,126 INFO Best Performance: 0
2023-11-16 15:45:41,004 INFO Final Clusters and Noise Points:
2023-11-16 15:45:41,004 INFO Noise: 49 points
2023-11-16 15:45:41,007 INFO Noise Point: 0    0.400000
1    0.125000
2    0.000000
3    0.285714
4    0.000000
5    0.000000
6    0.500000
Name: 0, dtype: float64
2023-11-16 15:45:41,008 INFO Noise Point: 0    0.200000
1    0.208333
2    0.000000
3    0.285714
4    0.000000
5    0.000000
6    0.000000
Name: 1, dtype: float64
2023-11-16 15:45:41,009 INFO Noise Point: 0    0.400000
1    0.125000
2    0.000000
3    0.285714
4    0.000000
5    0.500000
6    0.000000
Name: 2, dtype: float64
2023-11-16 15:45:41,010 INFO Noise Point: 0    0.000000
1    0.125000
2    0.000000
3    0.285714
4    0.000000
5    1.000000
6    0.500000
Name: 3, dtype: float64
2023-11-16 15:45:41,010 INFO Noise Point: 0    0.200000
1    0.125000
2    0.000000
3    0.285714
4    0.000000
5    0.000000
6    0.500000
Name: 4, dtype: float64
2023-11-16 15:45:41,011 INFO Noise Point: 0    0.000000
1    0.125000
2    0.000000
3    0.285714
4    0.000000
5    0.000000
6    0.000000
Name: 5, dtype: float64
2023-11-16 15:45:41,012 INFO Noise Point: 0    0.000000
1    0.166667
2    0.200000
3    0.142857
4    0.000000
5    0.000000
6    0.000000
Name: 6, dtype: float64
2023-11-16 15:45:41,013 INFO Noise Point: 0    0.000000
1    0.208333
2    1.000000
3    0.142857
4    0.000000
5    0.500000
6    0.000000
Name: 7, dtype: float64
2023-11-16 15:45:41,014 INFO Noise Point: 0    0.200000
1    0.208333
2    0.000000
3    0.142857
4    0.000000
5    0.000000
6    0.500000
Name: 8, dtype: float64
2023-11-16 15:45:41,015 INFO Noise Point: 0    0.000
1    0.125
2    0.000
3    0.000
4    0.000
5    0.000
6    0.000
Name: 9, dtype: float64
2023-11-16 15:45:41,016 INFO Noise Point: 0    0.200000
1    0.333333
2    0.000000
3    0.000000
4    0.000000
5    0.000000
6    0.500000
Name: 10, dtype: float64
2023-11-16 15:45:41,017 INFO Noise Point: 0    0.000000
1    0.083333
2    0.200000
3    0.285714
4    0.285714
5    0.000000
6    0.500000
Name: 11, dtype: float64
2023-11-16 15:45:41,017 INFO Noise Point: 0    0.000000
1    0.250000
2    0.000000
3    0.285714
4    0.285714
5    0.000000
6    0.000000
Name: 12, dtype: float64
2023-11-16 15:45:41,018 INFO Noise Point: 0    0.000000
1    0.041667
2    0.200000
3    0.285714
4    0.285714
5    0.000000
6    0.500000
Name: 13, dtype: float64
2023-11-16 15:45:41,019 INFO Noise Point: 0    0.000000
1    0.041667
2    0.200000
3    0.285714
4    0.285714
5    0.000000
6    0.000000
Name: 14, dtype: float64
2023-11-16 15:45:41,021 INFO Noise Point: 0    0.200000
1    0.041667
2    0.000000
3    0.285714
4    0.285714
5    0.000000
6    0.500000
Name: 15, dtype: float64
2023-11-16 15:45:41,021 INFO Noise Point: 0    0.000000
1    0.041667
2    0.200000
3    0.285714
4    0.285714
5    0.000000
6    0.500000
Name: 16, dtype: float64
2023-11-16 15:45:41,022 INFO Noise Point: 0    0.000000
1    0.041667
2    0.200000
3    0.285714
4    0.285714
5    0.000000
6    0.500000
Name: 17, dtype: float64
2023-11-16 15:45:41,023 INFO Noise Point: 0    0.000000
1    0.083333
2    0.400000
3    0.285714
4    0.285714
5    0.500000
6    0.000000
Name: 18, dtype: float64
2023-11-16 15:45:41,023 INFO Noise Point: 0    0.000000
1    0.041667
2    0.200000
3    0.285714
4    0.285714
5    0.000000
6    0.000000
Name: 19, dtype: float64
2023-11-16 15:45:41,024 INFO Noise Point: 0    0.000000
1    0.083333
2    0.200000
3    0.285714
4    0.285714
5    0.000000
6    0.000000
Name: 20, dtype: float64
2023-11-16 15:45:41,027 INFO Noise Point: 0    0.800000
1    0.208333
2    0.000000
3    0.285714
4    0.285714
5    0.500000
6    0.000000
Name: 21, dtype: float64
2023-11-16 15:45:41,029 INFO Noise Point: 0    0.000000
1    0.083333
2    0.400000
3    0.285714
4    0.285714
5    0.000000
6    0.000000
Name: 22, dtype: float64
2023-11-16 15:45:41,029 INFO Noise Point: 0    0.000000
1    0.041667
2    0.200000
3    1.000000
4    0.000000
5    0.000000
6    0.000000
Name: 23, dtype: float64
2023-11-16 15:45:41,030 INFO Noise Point: 0    0.000000
1    0.041667
2    0.200000
3    1.000000
4    0.000000
5    0.000000
6    0.000000
Name: 24, dtype: float64
2023-11-16 15:45:41,031 INFO Noise Point: 0    0.2
1    0.0
2    0.0
3    1.0
4    0.0
5    0.0
6    0.0
Name: 25, dtype: float64
2023-11-16 15:45:41,032 INFO Noise Point: 0    0.000000
1    0.041667
2    0.200000
3    1.000000
4    0.000000
5    0.000000
6    0.000000
Name: 26, dtype: float64
2023-11-16 15:45:41,035 INFO Noise Point: 0    0.0
1    0.0
2    0.0
3    1.0
4    0.0
5    0.0
6    0.0
Name: 27, dtype: float64
2023-11-16 15:45:41,036 INFO Noise Point: 0    0.000000
1    0.041667
2    0.200000
3    0.714286
4    0.000000
5    0.000000
6    0.000000
Name: 28, dtype: float64
2023-11-16 15:45:41,037 INFO Noise Point: 0    0.000000
1    0.000000
2    0.000000
3    0.571429
4    0.000000
5    0.000000
6    0.000000
Name: 29, dtype: float64
2023-11-16 15:45:41,038 INFO Noise Point: 0    0.200000
1    0.041667
2    0.000000
3    0.571429
4    0.000000
5    0.000000
6    0.000000
Name: 30, dtype: float64
2023-11-16 15:45:41,039 INFO Noise Point: 0    0.000000
1    0.083333
2    0.200000
3    0.571429
4    0.000000
5    0.000000
6    0.000000
Name: 31, dtype: float64
2023-11-16 15:45:41,040 INFO Noise Point: 0    0.400000
1    0.083333
2    0.000000
3    0.571429
4    0.000000
5    0.000000
6    0.000000
Name: 32, dtype: float64
2023-11-16 15:45:41,041 INFO Noise Point: 0    0.200000
1    0.083333
2    0.000000
3    0.571429
4    0.000000
5    0.000000
6    0.000000
Name: 33, dtype: float64
2023-11-16 15:45:41,043 INFO Noise Point: 0    0.0
1    0.0
2    0.0
3    0.0
4    1.0
5    0.0
6    0.0
Name: 34, dtype: float64
2023-11-16 15:45:41,044 INFO Noise Point: 0    0.200000
1    0.041667
2    0.000000
3    0.000000
4    1.000000
5    0.000000
6    0.000000
Name: 35, dtype: float64
2023-11-16 15:45:41,045 INFO Noise Point: 0    1.000000
1    0.333333
2    0.000000
3    0.000000
4    1.000000
5    0.500000
6    0.000000
Name: 36, dtype: float64
2023-11-16 15:45:41,046 INFO Noise Point: 0    0.0
1    0.0
2    0.0
3    0.0
4    1.0
5    0.0
6    0.0
Name: 37, dtype: float64
2023-11-16 15:45:41,047 INFO Noise Point: 0    0.6
1    1.0
2    0.0
3    0.0
4    1.0
5    0.5
6    0.0
Name: 38, dtype: float64
2023-11-16 15:45:41,048 INFO Noise Point: 0    0.0
1    0.0
2    0.0
3    0.0
4    1.0
5    0.0
6    0.0
Name: 39, dtype: float64
2023-11-16 15:45:41,049 INFO Noise Point: 0    0.0
1    0.0
2    0.0
3    0.0
4    1.0
5    0.0
6    0.0
Name: 40, dtype: float64
2023-11-16 15:45:41,050 INFO Noise Point: 0    0.000000
1    0.083333
2    0.000000
3    0.000000
4    1.000000
5    0.000000
6    0.000000
Name: 41, dtype: float64
2023-11-16 15:45:41,051 INFO Noise Point: 0    0.000000
1    0.208333
2    0.000000
3    0.000000
4    1.000000
5    1.000000
6    1.000000
Name: 42, dtype: float64
2023-11-16 15:45:41,052 INFO Noise Point: 0    0.0
1    0.0
2    0.0
3    0.0
4    1.0
5    0.0
6    0.0
Name: 43, dtype: float64
2023-11-16 15:45:41,052 INFO Noise Point: 0    0.000000
1    0.291667
2    0.000000
3    0.000000
4    1.000000
5    0.000000
6    0.000000
Name: 44, dtype: float64
2023-11-16 15:45:41,053 INFO Noise Point: 0    0.000000
1    0.041667
2    0.000000
3    0.000000
4    1.000000
5    0.000000
6    1.000000
Name: 45, dtype: float64
2023-11-16 15:45:41,054 INFO Noise Point: 0    0.400000
1    0.166667
2    0.000000
3    0.000000
4    1.000000
5    0.000000
6    0.000000
Name: 46, dtype: float64
2023-11-16 15:45:41,056 INFO Noise Point: 0    0.000000
1    0.041667
2    0.000000
3    0.000000
4    1.000000
5    0.000000
6    0.000000
Name: 47, dtype: float64
2023-11-16 15:45:41,057 INFO Noise Point: 0    0.0
1    0.0
2    0.0
3    0.0
4    1.0
5    0.0
6    0.5
Name: 48, dtype: float64
2023-11-16 15:46:01,767 INFO Iteration 1/10: Testing epsilon=0.743289950715689, min_points=29
2023-11-16 15:46:02,597 INFO Noise count: 44
2023-11-16 15:46:02,605 INFO Epsilon=0.743289950715689, Min Points=29, SSE=0.14955555555555558
2023-11-16 15:46:02,605 INFO New best performance: SSE=0.14955555555555558, Epsilon=0.743289950715689, Min Points=29, Noise count: 44
2023-11-16 15:46:02,606 INFO Iteration 2/10: Testing epsilon=0.41609798749645965, min_points=30
2023-11-16 15:46:03,536 INFO Noise count: 49
2023-11-16 15:46:03,536 INFO Epsilon=0.41609798749645965, Min Points=30, SSE=0
2023-11-16 15:46:03,537 INFO New best performance: SSE=0, Epsilon=0.41609798749645965, Min Points=30, Noise count: 49
2023-11-16 15:46:03,537 INFO Iteration 3/10: Testing epsilon=0.45143260748974756, min_points=29
2023-11-16 15:46:04,312 INFO Noise count: 49
2023-11-16 15:46:04,313 INFO Epsilon=0.45143260748974756, Min Points=29, SSE=0
2023-11-16 15:46:04,313 INFO Iteration 4/10: Testing epsilon=0.4694294835179633, min_points=29
2023-11-16 15:46:05,160 INFO Noise count: 49
2023-11-16 15:46:05,161 INFO Epsilon=0.4694294835179633, Min Points=29, SSE=0
2023-11-16 15:46:05,161 INFO Iteration 5/10: Testing epsilon=0.4366943196222407, min_points=29
2023-11-16 15:46:06,064 INFO Noise count: 49
2023-11-16 15:46:06,065 INFO Epsilon=0.4366943196222407, Min Points=29, SSE=0
2023-11-16 15:46:06,066 INFO Iteration 6/10: Testing epsilon=0.4579689267460814, min_points=29
2023-11-16 15:46:06,895 INFO Noise count: 49
2023-11-16 15:46:06,896 INFO Epsilon=0.4579689267460814, Min Points=29, SSE=0
2023-11-16 15:46:06,896 INFO Iteration 7/10: Testing epsilon=0.40623851656024235, min_points=29
2023-11-16 15:46:07,710 INFO Noise count: 49
2023-11-16 15:46:07,711 INFO Epsilon=0.40623851656024235, Min Points=29, SSE=0
2023-11-16 15:46:07,711 INFO Iteration 8/10: Testing epsilon=0.48034436917490875, min_points=29
2023-11-16 15:46:08,569 INFO Noise count: 49
2023-11-16 15:46:08,570 INFO Epsilon=0.48034436917490875, Min Points=29, SSE=0
2023-11-16 15:46:08,570 INFO Iteration 9/10: Testing epsilon=0.4699564468485188, min_points=29
2023-11-16 15:46:09,369 INFO Noise count: 49
2023-11-16 15:46:09,370 INFO Epsilon=0.4699564468485188, Min Points=29, SSE=0
2023-11-16 15:46:09,370 INFO Iteration 10/10: Testing epsilon=0.4409921246924374, min_points=29
2023-11-16 15:46:10,218 INFO Noise count: 49
2023-11-16 15:46:10,221 INFO Epsilon=0.4409921246924374, Min Points=29, SSE=0
2023-11-16 15:46:10,221 INFO Best DBSCAN Parameters:
2023-11-16 15:46:10,222 INFO Epsilon=0.41609798749645965, Min Points=30
2023-11-16 15:46:10,222 INFO Best Performance: 0
2023-11-16 15:46:11,010 INFO Final Clusters and Noise Points:
2023-11-16 15:46:11,011 INFO Noise: 49 points
2023-11-16 15:46:11,012 INFO Noise Point: 0    0.400000
1    0.125000
2    0.000000
3    0.285714
4    0.000000
5    0.000000
6    0.500000
Name: 0, dtype: float64
2023-11-16 15:46:11,013 INFO Noise Point: 0    0.200000
1    0.208333
2    0.000000
3    0.285714
4    0.000000
5    0.000000
6    0.000000
Name: 1, dtype: float64
2023-11-16 15:46:11,014 INFO Noise Point: 0    0.400000
1    0.125000
2    0.000000
3    0.285714
4    0.000000
5    0.500000
6    0.000000
Name: 2, dtype: float64
2023-11-16 15:46:11,014 INFO Noise Point: 0    0.000000
1    0.125000
2    0.000000
3    0.285714
4    0.000000
5    1.000000
6    0.500000
Name: 3, dtype: float64
2023-11-16 15:46:11,015 INFO Noise Point: 0    0.200000
1    0.125000
2    0.000000
3    0.285714
4    0.000000
5    0.000000
6    0.500000
Name: 4, dtype: float64
2023-11-16 15:46:11,016 INFO Noise Point: 0    0.000000
1    0.125000
2    0.000000
3    0.285714
4    0.000000
5    0.000000
6    0.000000
Name: 5, dtype: float64
2023-11-16 15:46:11,016 INFO Noise Point: 0    0.000000
1    0.166667
2    0.200000
3    0.142857
4    0.000000
5    0.000000
6    0.000000
Name: 6, dtype: float64
2023-11-16 15:46:11,017 INFO Noise Point: 0    0.000000
1    0.208333
2    1.000000
3    0.142857
4    0.000000
5    0.500000
6    0.000000
Name: 7, dtype: float64
2023-11-16 15:46:11,018 INFO Noise Point: 0    0.200000
1    0.208333
2    0.000000
3    0.142857
4    0.000000
5    0.000000
6    0.500000
Name: 8, dtype: float64
2023-11-16 15:46:11,019 INFO Noise Point: 0    0.000
1    0.125
2    0.000
3    0.000
4    0.000
5    0.000
6    0.000
Name: 9, dtype: float64
2023-11-16 15:46:11,020 INFO Noise Point: 0    0.200000
1    0.333333
2    0.000000
3    0.000000
4    0.000000
5    0.000000
6    0.500000
Name: 10, dtype: float64
2023-11-16 15:46:11,020 INFO Noise Point: 0    0.000000
1    0.083333
2    0.200000
3    0.285714
4    0.285714
5    0.000000
6    0.500000
Name: 11, dtype: float64
2023-11-16 15:46:11,021 INFO Noise Point: 0    0.000000
1    0.250000
2    0.000000
3    0.285714
4    0.285714
5    0.000000
6    0.000000
Name: 12, dtype: float64
2023-11-16 15:46:11,022 INFO Noise Point: 0    0.000000
1    0.041667
2    0.200000
3    0.285714
4    0.285714
5    0.000000
6    0.500000
Name: 13, dtype: float64
2023-11-16 15:46:11,022 INFO Noise Point: 0    0.000000
1    0.041667
2    0.200000
3    0.285714
4    0.285714
5    0.000000
6    0.000000
Name: 14, dtype: float64
2023-11-16 15:46:11,023 INFO Noise Point: 0    0.200000
1    0.041667
2    0.000000
3    0.285714
4    0.285714
5    0.000000
6    0.500000
Name: 15, dtype: float64
2023-11-16 15:46:11,023 INFO Noise Point: 0    0.000000
1    0.041667
2    0.200000
3    0.285714
4    0.285714
5    0.000000
6    0.500000
Name: 16, dtype: float64
2023-11-16 15:46:11,024 INFO Noise Point: 0    0.000000
1    0.041667
2    0.200000
3    0.285714
4    0.285714
5    0.000000
6    0.500000
Name: 17, dtype: float64
2023-11-16 15:46:11,024 INFO Noise Point: 0    0.000000
1    0.083333
2    0.400000
3    0.285714
4    0.285714
5    0.500000
6    0.000000
Name: 18, dtype: float64
2023-11-16 15:46:11,026 INFO Noise Point: 0    0.000000
1    0.041667
2    0.200000
3    0.285714
4    0.285714
5    0.000000
6    0.000000
Name: 19, dtype: float64
2023-11-16 15:46:11,028 INFO Noise Point: 0    0.000000
1    0.083333
2    0.200000
3    0.285714
4    0.285714
5    0.000000
6    0.000000
Name: 20, dtype: float64
2023-11-16 15:46:11,028 INFO Noise Point: 0    0.800000
1    0.208333
2    0.000000
3    0.285714
4    0.285714
5    0.500000
6    0.000000
Name: 21, dtype: float64
2023-11-16 15:46:11,029 INFO Noise Point: 0    0.000000
1    0.083333
2    0.400000
3    0.285714
4    0.285714
5    0.000000
6    0.000000
Name: 22, dtype: float64
2023-11-16 15:46:11,030 INFO Noise Point: 0    0.000000
1    0.041667
2    0.200000
3    1.000000
4    0.000000
5    0.000000
6    0.000000
Name: 23, dtype: float64
2023-11-16 15:46:11,030 INFO Noise Point: 0    0.000000
1    0.041667
2    0.200000
3    1.000000
4    0.000000
5    0.000000
6    0.000000
Name: 24, dtype: float64
2023-11-16 15:46:11,031 INFO Noise Point: 0    0.2
1    0.0
2    0.0
3    1.0
4    0.0
5    0.0
6    0.0
Name: 25, dtype: float64
2023-11-16 15:46:11,032 INFO Noise Point: 0    0.000000
1    0.041667
2    0.200000
3    1.000000
4    0.000000
5    0.000000
6    0.000000
Name: 26, dtype: float64
2023-11-16 15:46:11,034 INFO Noise Point: 0    0.0
1    0.0
2    0.0
3    1.0
4    0.0
5    0.0
6    0.0
Name: 27, dtype: float64
2023-11-16 15:46:11,034 INFO Noise Point: 0    0.000000
1    0.041667
2    0.200000
3    0.714286
4    0.000000
5    0.000000
6    0.000000
Name: 28, dtype: float64
2023-11-16 15:46:11,035 INFO Noise Point: 0    0.000000
1    0.000000
2    0.000000
3    0.571429
4    0.000000
5    0.000000
6    0.000000
Name: 29, dtype: float64
2023-11-16 15:46:11,036 INFO Noise Point: 0    0.200000
1    0.041667
2    0.000000
3    0.571429
4    0.000000
5    0.000000
6    0.000000
Name: 30, dtype: float64
2023-11-16 15:46:11,037 INFO Noise Point: 0    0.000000
1    0.083333
2    0.200000
3    0.571429
4    0.000000
5    0.000000
6    0.000000
Name: 31, dtype: float64
2023-11-16 15:46:11,037 INFO Noise Point: 0    0.400000
1    0.083333
2    0.000000
3    0.571429
4    0.000000
5    0.000000
6    0.000000
Name: 32, dtype: float64
2023-11-16 15:46:11,038 INFO Noise Point: 0    0.200000
1    0.083333
2    0.000000
3    0.571429
4    0.000000
5    0.000000
6    0.000000
Name: 33, dtype: float64
2023-11-16 15:46:11,039 INFO Noise Point: 0    0.0
1    0.0
2    0.0
3    0.0
4    1.0
5    0.0
6    0.0
Name: 34, dtype: float64
2023-11-16 15:46:11,040 INFO Noise Point: 0    0.200000
1    0.041667
2    0.000000
3    0.000000
4    1.000000
5    0.000000
6    0.000000
Name: 35, dtype: float64
2023-11-16 15:46:11,041 INFO Noise Point: 0    1.000000
1    0.333333
2    0.000000
3    0.000000
4    1.000000
5    0.500000
6    0.000000
Name: 36, dtype: float64
2023-11-16 15:46:11,042 INFO Noise Point: 0    0.0
1    0.0
2    0.0
3    0.0
4    1.0
5    0.0
6    0.0
Name: 37, dtype: float64
2023-11-16 15:46:11,043 INFO Noise Point: 0    0.6
1    1.0
2    0.0
3    0.0
4    1.0
5    0.5
6    0.0
Name: 38, dtype: float64
2023-11-16 15:46:11,044 INFO Noise Point: 0    0.0
1    0.0
2    0.0
3    0.0
4    1.0
5    0.0
6    0.0
Name: 39, dtype: float64
2023-11-16 15:46:11,045 INFO Noise Point: 0    0.0
1    0.0
2    0.0
3    0.0
4    1.0
5    0.0
6    0.0
Name: 40, dtype: float64
2023-11-16 15:46:11,047 INFO Noise Point: 0    0.000000
1    0.083333
2    0.000000
3    0.000000
4    1.000000
5    0.000000
6    0.000000
Name: 41, dtype: float64
2023-11-16 15:46:11,048 INFO Noise Point: 0    0.000000
1    0.208333
2    0.000000
3    0.000000
4    1.000000
5    1.000000
6    1.000000
Name: 42, dtype: float64
2023-11-16 15:46:11,048 INFO Noise Point: 0    0.0
1    0.0
2    0.0
3    0.0
4    1.0
5    0.0
6    0.0
Name: 43, dtype: float64
2023-11-16 15:46:11,049 INFO Noise Point: 0    0.000000
1    0.291667
2    0.000000
3    0.000000
4    1.000000
5    0.000000
6    0.000000
Name: 44, dtype: float64
2023-11-16 15:46:11,049 INFO Noise Point: 0    0.000000
1    0.041667
2    0.000000
3    0.000000
4    1.000000
5    0.000000
6    1.000000
Name: 45, dtype: float64
2023-11-16 15:46:11,050 INFO Noise Point: 0    0.400000
1    0.166667
2    0.000000
3    0.000000
4    1.000000
5    0.000000
6    0.000000
Name: 46, dtype: float64
2023-11-16 15:46:11,050 INFO Noise Point: 0    0.000000
1    0.041667
2    0.000000
3    0.000000
4    1.000000
5    0.000000
6    0.000000
Name: 47, dtype: float64
2023-11-16 15:46:11,051 INFO Noise Point: 0    0.0
1    0.0
2    0.0
3    0.0
4    1.0
5    0.0
6    0.5
Name: 48, dtype: float64
2023-11-16 15:46:21,098 INFO Iteration 1/10: Testing epsilon=0.3165382131731054, min_points=3
2023-11-16 15:46:22,016 INFO Noise count: 10
2023-11-16 15:46:22,031 INFO Epsilon=0.3165382131731054, Min Points=3, SSE=3.7526970742000505
2023-11-16 15:46:22,031 INFO New best performance: SSE=3.7526970742000505, Epsilon=0.3165382131731054, Min Points=3, Noise count: 10
2023-11-16 15:46:22,031 INFO Iteration 2/10: Testing epsilon=0.7465575983350001, min_points=6
2023-11-16 15:46:22,972 INFO Noise count: 4
2023-11-16 15:46:22,984 INFO Epsilon=0.7465575983350001, Min Points=6, SSE=9.733391225176938
2023-11-16 15:46:22,984 INFO Iteration 3/10: Testing epsilon=0.2719749288177599, min_points=2
2023-11-16 15:46:23,941 INFO Noise count: 11
2023-11-16 15:46:23,973 INFO Epsilon=0.2719749288177599, Min Points=2, SSE=0.8870074877173093
2023-11-16 15:46:23,973 INFO New best performance: SSE=0.8870074877173093, Epsilon=0.2719749288177599, Min Points=2, Noise count: 11
2023-11-16 15:46:23,973 INFO Iteration 4/10: Testing epsilon=0.3803853243164518, min_points=3
2023-11-16 15:46:24,831 INFO Noise count: 10
2023-11-16 15:46:24,845 INFO Epsilon=0.3803853243164518, Min Points=3, SSE=3.7526970742000505
2023-11-16 15:46:24,845 INFO Iteration 5/10: Testing epsilon=0.651319908945617, min_points=5
2023-11-16 15:46:25,671 INFO Noise count: 5
2023-11-16 15:46:25,681 INFO Epsilon=0.651319908945617, Min Points=5, SSE=8.625524214025889
2023-11-16 15:46:25,681 INFO Iteration 6/10: Testing epsilon=0.39734245727840845, min_points=3
2023-11-16 15:46:26,745 INFO Noise count: 10
2023-11-16 15:46:26,757 INFO Epsilon=0.39734245727840845, Min Points=3, SSE=3.7526970742000505
2023-11-16 15:46:26,757 INFO Iteration 7/10: Testing epsilon=0.7583352528536185, min_points=3
2023-11-16 15:46:27,999 INFO Noise count: 4
2023-11-16 15:46:28,016 INFO Epsilon=0.7583352528536185, Min Points=3, SSE=9.733391225176938
2023-11-16 15:46:28,016 INFO Iteration 8/10: Testing epsilon=0.6158726458712852, min_points=4
2023-11-16 15:46:30,503 INFO Noise count: 5
2023-11-16 15:46:30,517 INFO Epsilon=0.6158726458712852, Min Points=4, SSE=8.625524214025889
2023-11-16 15:46:30,517 INFO Iteration 9/10: Testing epsilon=0.5239227575971752, min_points=5
2023-11-16 15:46:31,487 INFO Noise count: 7
2023-11-16 15:46:31,496 INFO Epsilon=0.5239227575971752, Min Points=5, SSE=7.432744378306877
2023-11-16 15:46:31,496 INFO Iteration 10/10: Testing epsilon=0.3102102987475922, min_points=6
2023-11-16 15:46:32,384 INFO Noise count: 28
2023-11-16 15:46:32,397 INFO Epsilon=0.3102102987475922, Min Points=6, SSE=0.7033253968253969
2023-11-16 15:46:32,397 INFO New best performance: SSE=0.7033253968253969, Epsilon=0.3102102987475922, Min Points=6, Noise count: 28
2023-11-16 15:46:32,397 INFO Best DBSCAN Parameters:
2023-11-16 15:46:32,397 INFO Epsilon=0.3102102987475922, Min Points=6
2023-11-16 15:46:32,397 INFO Best Performance: 0.7033253968253969
2023-11-16 15:46:33,213 INFO Final Clusters and Noise Points:
2023-11-16 15:46:33,213 INFO Cluster 1: 3 points
2023-11-16 15:46:33,216 INFO Data Point: 0    0.200000
1    0.041667
2    0.000000
3    0.285714
4    0.285714
5    0.000000
6    0.500000
Name: 15, dtype: float64
2023-11-16 15:46:33,217 INFO Data Point: 0    0.000000
1    0.041667
2    0.200000
3    0.285714
4    0.285714
5    0.000000
6    0.500000
Name: 16, dtype: float64
2023-11-16 15:46:33,218 INFO Data Point: 0    0.000000
1    0.041667
2    0.200000
3    0.285714
4    0.285714
5    0.000000
6    0.500000
Name: 17, dtype: float64
2023-11-16 15:46:33,218 INFO Cluster 2: 8 points
2023-11-16 15:46:33,219 INFO Data Point: 0    0.000000
1    0.041667
2    0.200000
3    1.000000
4    0.000000
5    0.000000
6    0.000000
Name: 23, dtype: float64
2023-11-16 15:46:33,221 INFO Data Point: 0    0.000000
1    0.041667
2    0.200000
3    1.000000
4    0.000000
5    0.000000
6    0.000000
Name: 24, dtype: float64
2023-11-16 15:46:33,222 INFO Data Point: 0    0.2
1    0.0
2    0.0
3    1.0
4    0.0
5    0.0
6    0.0
Name: 25, dtype: float64
2023-11-16 15:46:33,224 INFO Data Point: 0    0.000000
1    0.041667
2    0.200000
3    1.000000
4    0.000000
5    0.000000
6    0.000000
Name: 26, dtype: float64
2023-11-16 15:46:33,225 INFO Data Point: 0    0.0
1    0.0
2    0.0
3    1.0
4    0.0
5    0.0
6    0.0
Name: 27, dtype: float64
2023-11-16 15:46:33,227 INFO Data Point: 0    0.000000
1    0.041667
2    0.200000
3    0.714286
4    0.000000
5    0.000000
6    0.000000
Name: 28, dtype: float64
2023-11-16 15:46:33,228 INFO Data Point: 0    0.000000
1    0.000000
2    0.000000
3    0.571429
4    0.000000
5    0.000000
6    0.000000
Name: 29, dtype: float64
2023-11-16 15:46:33,230 INFO Data Point: 0    0.000000
1    0.083333
2    0.200000
3    0.571429
4    0.000000
5    0.000000
6    0.000000
Name: 31, dtype: float64
2023-11-16 15:46:33,230 INFO Cluster 3: 10 points
2023-11-16 15:46:33,231 INFO Data Point: 0    0.0
1    0.0
2    0.0
3    0.0
4    1.0
5    0.0
6    0.0
Name: 34, dtype: float64
2023-11-16 15:46:33,231 INFO Data Point: 0    0.200000
1    0.041667
2    0.000000
3    0.000000
4    1.000000
5    0.000000
6    0.000000
Name: 35, dtype: float64
2023-11-16 15:46:33,232 INFO Data Point: 0    0.0
1    0.0
2    0.0
3    0.0
4    1.0
5    0.0
6    0.0
Name: 37, dtype: float64
2023-11-16 15:46:33,233 INFO Data Point: 0    0.0
1    0.0
2    0.0
3    0.0
4    1.0
5    0.0
6    0.0
Name: 39, dtype: float64
2023-11-16 15:46:33,236 INFO Data Point: 0    0.0
1    0.0
2    0.0
3    0.0
4    1.0
5    0.0
6    0.0
Name: 40, dtype: float64
2023-11-16 15:46:33,239 INFO Data Point: 0    0.000000
1    0.083333
2    0.000000
3    0.000000
4    1.000000
5    0.000000
6    0.000000
Name: 41, dtype: float64
2023-11-16 15:46:33,240 INFO Data Point: 0    0.0
1    0.0
2    0.0
3    0.0
4    1.0
5    0.0
6    0.0
Name: 43, dtype: float64
2023-11-16 15:46:33,244 INFO Data Point: 0    0.000000
1    0.291667
2    0.000000
3    0.000000
4    1.000000
5    0.000000
6    0.000000
Name: 44, dtype: float64
2023-11-16 15:46:33,246 INFO Data Point: 0    0.400000
1    0.166667
2    0.000000
3    0.000000
4    1.000000
5    0.000000
6    0.000000
Name: 46, dtype: float64
2023-11-16 15:46:33,248 INFO Data Point: 0    0.000000
1    0.041667
2    0.000000
3    0.000000
4    1.000000
5    0.000000
6    0.000000
Name: 47, dtype: float64
2023-11-16 15:46:33,249 INFO Noise: 28 points
2023-11-16 15:46:33,250 INFO Noise Point: 0    0.400000
1    0.125000
2    0.000000
3    0.285714
4    0.000000
5    0.000000
6    0.500000
Name: 0, dtype: float64
2023-11-16 15:46:33,251 INFO Noise Point: 0    0.200000
1    0.208333
2    0.000000
3    0.285714
4    0.000000
5    0.000000
6    0.000000
Name: 1, dtype: float64
2023-11-16 15:46:33,252 INFO Noise Point: 0    0.400000
1    0.125000
2    0.000000
3    0.285714
4    0.000000
5    0.500000
6    0.000000
Name: 2, dtype: float64
2023-11-16 15:46:33,252 INFO Noise Point: 0    0.000000
1    0.125000
2    0.000000
3    0.285714
4    0.000000
5    1.000000
6    0.500000
Name: 3, dtype: float64
2023-11-16 15:46:33,254 INFO Noise Point: 0    0.200000
1    0.125000
2    0.000000
3    0.285714
4    0.000000
5    0.000000
6    0.500000
Name: 4, dtype: float64
2023-11-16 15:46:33,255 INFO Noise Point: 0    0.000000
1    0.125000
2    0.000000
3    0.285714
4    0.000000
5    0.000000
6    0.000000
Name: 5, dtype: float64
2023-11-16 15:46:33,257 INFO Noise Point: 0    0.000000
1    0.166667
2    0.200000
3    0.142857
4    0.000000
5    0.000000
6    0.000000
Name: 6, dtype: float64
2023-11-16 15:46:33,258 INFO Noise Point: 0    0.000000
1    0.208333
2    1.000000
3    0.142857
4    0.000000
5    0.500000
6    0.000000
Name: 7, dtype: float64
2023-11-16 15:46:33,259 INFO Noise Point: 0    0.200000
1    0.208333
2    0.000000
3    0.142857
4    0.000000
5    0.000000
6    0.500000
Name: 8, dtype: float64
2023-11-16 15:46:33,259 INFO Noise Point: 0    0.000
1    0.125
2    0.000
3    0.000
4    0.000
5    0.000
6    0.000
Name: 9, dtype: float64
2023-11-16 15:46:33,260 INFO Noise Point: 0    0.200000
1    0.333333
2    0.000000
3    0.000000
4    0.000000
5    0.000000
6    0.500000
Name: 10, dtype: float64
2023-11-16 15:46:33,261 INFO Noise Point: 0    0.000000
1    0.083333
2    0.200000
3    0.285714
4    0.285714
5    0.000000
6    0.500000
Name: 11, dtype: float64
2023-11-16 15:46:33,262 INFO Noise Point: 0    0.000000
1    0.250000
2    0.000000
3    0.285714
4    0.285714
5    0.000000
6    0.000000
Name: 12, dtype: float64
2023-11-16 15:46:33,266 INFO Noise Point: 0    0.000000
1    0.041667
2    0.200000
3    0.285714
4    0.285714
5    0.000000
6    0.500000
Name: 13, dtype: float64
2023-11-16 15:46:33,267 INFO Noise Point: 0    0.000000
1    0.041667
2    0.200000
3    0.285714
4    0.285714
5    0.000000
6    0.000000
Name: 14, dtype: float64
2023-11-16 15:46:33,268 INFO Noise Point: 0    0.000000
1    0.083333
2    0.400000
3    0.285714
4    0.285714
5    0.500000
6    0.000000
Name: 18, dtype: float64
2023-11-16 15:46:33,270 INFO Noise Point: 0    0.000000
1    0.041667
2    0.200000
3    0.285714
4    0.285714
5    0.000000
6    0.000000
Name: 19, dtype: float64
2023-11-16 15:46:33,272 INFO Noise Point: 0    0.000000
1    0.083333
2    0.200000
3    0.285714
4    0.285714
5    0.000000
6    0.000000
Name: 20, dtype: float64
2023-11-16 15:46:33,272 INFO Noise Point: 0    0.800000
1    0.208333
2    0.000000
3    0.285714
4    0.285714
5    0.500000
6    0.000000
Name: 21, dtype: float64
2023-11-16 15:46:33,273 INFO Noise Point: 0    0.000000
1    0.083333
2    0.400000
3    0.285714
4    0.285714
5    0.000000
6    0.000000
Name: 22, dtype: float64
2023-11-16 15:46:33,274 INFO Noise Point: 0    0.200000
1    0.041667
2    0.000000
3    0.571429
4    0.000000
5    0.000000
6    0.000000
Name: 30, dtype: float64
2023-11-16 15:46:33,274 INFO Noise Point: 0    0.400000
1    0.083333
2    0.000000
3    0.571429
4    0.000000
5    0.000000
6    0.000000
Name: 32, dtype: float64
2023-11-16 15:46:33,276 INFO Noise Point: 0    0.200000
1    0.083333
2    0.000000
3    0.571429
4    0.000000
5    0.000000
6    0.000000
Name: 33, dtype: float64
2023-11-16 15:46:33,277 INFO Noise Point: 0    1.000000
1    0.333333
2    0.000000
3    0.000000
4    1.000000
5    0.500000
6    0.000000
Name: 36, dtype: float64
2023-11-16 15:46:33,279 INFO Noise Point: 0    0.6
1    1.0
2    0.0
3    0.0
4    1.0
5    0.5
6    0.0
Name: 38, dtype: float64
2023-11-16 15:46:33,280 INFO Noise Point: 0    0.000000
1    0.208333
2    0.000000
3    0.000000
4    1.000000
5    1.000000
6    1.000000
Name: 42, dtype: float64
2023-11-16 15:46:33,281 INFO Noise Point: 0    0.000000
1    0.041667
2    0.000000
3    0.000000
4    1.000000
5    0.000000
6    1.000000
Name: 45, dtype: float64
2023-11-16 15:46:33,283 INFO Noise Point: 0    0.0
1    0.0
2    0.0
3    0.0
4    1.0
5    0.0
6    0.5
Name: 48, dtype: float64
2023-11-16 15:46:53,890 INFO Iteration 1/10: Testing epsilon=0.6580348991655686, min_points=36
2023-11-16 15:46:54,773 INFO Noise count: 49
2023-11-16 15:46:54,776 INFO Epsilon=0.6580348991655686, Min Points=36, SSE=0
2023-11-16 15:46:54,776 INFO New best performance: SSE=0, Epsilon=0.6580348991655686, Min Points=36, Noise count: 49
2023-11-16 15:46:54,776 INFO Iteration 2/10: Testing epsilon=0.6847423442472712, min_points=35
2023-11-16 15:46:55,642 INFO Noise count: 49
2023-11-16 15:46:55,644 INFO Epsilon=0.6847423442472712, Min Points=35, SSE=0
2023-11-16 15:46:55,644 INFO Iteration 3/10: Testing epsilon=0.6904832208438447, min_points=35
2023-11-16 15:46:56,515 INFO Noise count: 49
2023-11-16 15:46:56,516 INFO Epsilon=0.6904832208438447, Min Points=35, SSE=0
2023-11-16 15:46:56,516 INFO Iteration 4/10: Testing epsilon=0.7222676612137822, min_points=35
2023-11-16 15:46:57,343 INFO Noise count: 49
2023-11-16 15:46:57,345 INFO Epsilon=0.7222676612137822, Min Points=35, SSE=0
2023-11-16 15:46:57,345 INFO Iteration 5/10: Testing epsilon=0.6937197296593547, min_points=35
2023-11-16 15:46:58,204 INFO Noise count: 49
2023-11-16 15:46:58,205 INFO Epsilon=0.6937197296593547, Min Points=35, SSE=0
2023-11-16 15:46:58,206 INFO Iteration 6/10: Testing epsilon=0.7094611205829677, min_points=35
2023-11-16 15:46:59,066 INFO Noise count: 49
2023-11-16 15:46:59,068 INFO Epsilon=0.7094611205829677, Min Points=35, SSE=0
2023-11-16 15:46:59,068 INFO Iteration 7/10: Testing epsilon=0.702416220594907, min_points=35
2023-11-16 15:46:59,897 INFO Noise count: 49
2023-11-16 15:46:59,898 INFO Epsilon=0.702416220594907, Min Points=35, SSE=0
2023-11-16 15:46:59,898 INFO Iteration 8/10: Testing epsilon=0.7294000119785773, min_points=35
2023-11-16 15:47:00,687 INFO Noise count: 49
2023-11-16 15:47:00,688 INFO Epsilon=0.7294000119785773, Min Points=35, SSE=0
2023-11-16 15:47:00,688 INFO Iteration 9/10: Testing epsilon=0.6315409692096596, min_points=35
2023-11-16 15:47:01,508 INFO Noise count: 49
2023-11-16 15:47:01,508 INFO Epsilon=0.6315409692096596, Min Points=35, SSE=0
2023-11-16 15:47:01,509 INFO Iteration 10/10: Testing epsilon=0.7076165101605323, min_points=35
2023-11-16 15:47:02,396 INFO Noise count: 49
2023-11-16 15:47:02,396 INFO Epsilon=0.7076165101605323, Min Points=35, SSE=0
2023-11-16 15:47:02,396 INFO Best DBSCAN Parameters:
2023-11-16 15:47:02,396 INFO Epsilon=0.6580348991655686, Min Points=36
2023-11-16 15:47:02,396 INFO Best Performance: 0
2023-11-16 15:47:03,370 INFO Final Clusters and Noise Points:
2023-11-16 15:47:03,370 INFO Noise: 49 points
2023-11-16 15:47:03,372 INFO Noise Point: 0    0.400000
1    0.125000
2    0.000000
3    0.285714
4    0.000000
5    0.000000
6    0.500000
Name: 0, dtype: float64
2023-11-16 15:47:03,373 INFO Noise Point: 0    0.200000
1    0.208333
2    0.000000
3    0.285714
4    0.000000
5    0.000000
6    0.000000
Name: 1, dtype: float64
2023-11-16 15:47:03,374 INFO Noise Point: 0    0.400000
1    0.125000
2    0.000000
3    0.285714
4    0.000000
5    0.500000
6    0.000000
Name: 2, dtype: float64
2023-11-16 15:47:03,376 INFO Noise Point: 0    0.000000
1    0.125000
2    0.000000
3    0.285714
4    0.000000
5    1.000000
6    0.500000
Name: 3, dtype: float64
2023-11-16 15:47:03,376 INFO Noise Point: 0    0.200000
1    0.125000
2    0.000000
3    0.285714
4    0.000000
5    0.000000
6    0.500000
Name: 4, dtype: float64
2023-11-16 15:47:03,377 INFO Noise Point: 0    0.000000
1    0.125000
2    0.000000
3    0.285714
4    0.000000
5    0.000000
6    0.000000
Name: 5, dtype: float64
2023-11-16 15:47:03,377 INFO Noise Point: 0    0.000000
1    0.166667
2    0.200000
3    0.142857
4    0.000000
5    0.000000
6    0.000000
Name: 6, dtype: float64
2023-11-16 15:47:03,378 INFO Noise Point: 0    0.000000
1    0.208333
2    1.000000
3    0.142857
4    0.000000
5    0.500000
6    0.000000
Name: 7, dtype: float64
2023-11-16 15:47:03,380 INFO Noise Point: 0    0.200000
1    0.208333
2    0.000000
3    0.142857
4    0.000000
5    0.000000
6    0.500000
Name: 8, dtype: float64
2023-11-16 15:47:03,381 INFO Noise Point: 0    0.000
1    0.125
2    0.000
3    0.000
4    0.000
5    0.000
6    0.000
Name: 9, dtype: float64
2023-11-16 15:47:03,382 INFO Noise Point: 0    0.200000
1    0.333333
2    0.000000
3    0.000000
4    0.000000
5    0.000000
6    0.500000
Name: 10, dtype: float64
2023-11-16 15:47:03,382 INFO Noise Point: 0    0.000000
1    0.083333
2    0.200000
3    0.285714
4    0.285714
5    0.000000
6    0.500000
Name: 11, dtype: float64
2023-11-16 15:47:03,383 INFO Noise Point: 0    0.000000
1    0.250000
2    0.000000
3    0.285714
4    0.285714
5    0.000000
6    0.000000
Name: 12, dtype: float64
2023-11-16 15:47:03,384 INFO Noise Point: 0    0.000000
1    0.041667
2    0.200000
3    0.285714
4    0.285714
5    0.000000
6    0.500000
Name: 13, dtype: float64
2023-11-16 15:47:03,384 INFO Noise Point: 0    0.000000
1    0.041667
2    0.200000
3    0.285714
4    0.285714
5    0.000000
6    0.000000
Name: 14, dtype: float64
2023-11-16 15:47:03,385 INFO Noise Point: 0    0.200000
1    0.041667
2    0.000000
3    0.285714
4    0.285714
5    0.000000
6    0.500000
Name: 15, dtype: float64
2023-11-16 15:47:03,385 INFO Noise Point: 0    0.000000
1    0.041667
2    0.200000
3    0.285714
4    0.285714
5    0.000000
6    0.500000
Name: 16, dtype: float64
2023-11-16 15:47:03,387 INFO Noise Point: 0    0.000000
1    0.041667
2    0.200000
3    0.285714
4    0.285714
5    0.000000
6    0.500000
Name: 17, dtype: float64
2023-11-16 15:47:03,388 INFO Noise Point: 0    0.000000
1    0.083333
2    0.400000
3    0.285714
4    0.285714
5    0.500000
6    0.000000
Name: 18, dtype: float64
2023-11-16 15:47:03,389 INFO Noise Point: 0    0.000000
1    0.041667
2    0.200000
3    0.285714
4    0.285714
5    0.000000
6    0.000000
Name: 19, dtype: float64
2023-11-16 15:47:03,389 INFO Noise Point: 0    0.000000
1    0.083333
2    0.200000
3    0.285714
4    0.285714
5    0.000000
6    0.000000
Name: 20, dtype: float64
2023-11-16 15:47:03,390 INFO Noise Point: 0    0.800000
1    0.208333
2    0.000000
3    0.285714
4    0.285714
5    0.500000
6    0.000000
Name: 21, dtype: float64
2023-11-16 15:47:03,390 INFO Noise Point: 0    0.000000
1    0.083333
2    0.400000
3    0.285714
4    0.285714
5    0.000000
6    0.000000
Name: 22, dtype: float64
2023-11-16 15:47:03,391 INFO Noise Point: 0    0.000000
1    0.041667
2    0.200000
3    1.000000
4    0.000000
5    0.000000
6    0.000000
Name: 23, dtype: float64
2023-11-16 15:47:03,391 INFO Noise Point: 0    0.000000
1    0.041667
2    0.200000
3    1.000000
4    0.000000
5    0.000000
6    0.000000
Name: 24, dtype: float64
2023-11-16 15:47:03,392 INFO Noise Point: 0    0.2
1    0.0
2    0.0
3    1.0
4    0.0
5    0.0
6    0.0
Name: 25, dtype: float64
2023-11-16 15:47:03,394 INFO Noise Point: 0    0.000000
1    0.041667
2    0.200000
3    1.000000
4    0.000000
5    0.000000
6    0.000000
Name: 26, dtype: float64
2023-11-16 15:47:03,395 INFO Noise Point: 0    0.0
1    0.0
2    0.0
3    1.0
4    0.0
5    0.0
6    0.0
Name: 27, dtype: float64
2023-11-16 15:47:03,396 INFO Noise Point: 0    0.000000
1    0.041667
2    0.200000
3    0.714286
4    0.000000
5    0.000000
6    0.000000
Name: 28, dtype: float64
2023-11-16 15:47:03,396 INFO Noise Point: 0    0.000000
1    0.000000
2    0.000000
3    0.571429
4    0.000000
5    0.000000
6    0.000000
Name: 29, dtype: float64
2023-11-16 15:47:03,397 INFO Noise Point: 0    0.200000
1    0.041667
2    0.000000
3    0.571429
4    0.000000
5    0.000000
6    0.000000
Name: 30, dtype: float64
2023-11-16 15:47:03,398 INFO Noise Point: 0    0.000000
1    0.083333
2    0.200000
3    0.571429
4    0.000000
5    0.000000
6    0.000000
Name: 31, dtype: float64
2023-11-16 15:47:03,398 INFO Noise Point: 0    0.400000
1    0.083333
2    0.000000
3    0.571429
4    0.000000
5    0.000000
6    0.000000
Name: 32, dtype: float64
2023-11-16 15:47:03,399 INFO Noise Point: 0    0.200000
1    0.083333
2    0.000000
3    0.571429
4    0.000000
5    0.000000
6    0.000000
Name: 33, dtype: float64
2023-11-16 15:47:03,399 INFO Noise Point: 0    0.0
1    0.0
2    0.0
3    0.0
4    1.0
5    0.0
6    0.0
Name: 34, dtype: float64
2023-11-16 15:47:03,401 INFO Noise Point: 0    0.200000
1    0.041667
2    0.000000
3    0.000000
4    1.000000
5    0.000000
6    0.000000
Name: 35, dtype: float64
2023-11-16 15:47:03,402 INFO Noise Point: 0    1.000000
1    0.333333
2    0.000000
3    0.000000
4    1.000000
5    0.500000
6    0.000000
Name: 36, dtype: float64
2023-11-16 15:47:03,403 INFO Noise Point: 0    0.0
1    0.0
2    0.0
3    0.0
4    1.0
5    0.0
6    0.0
Name: 37, dtype: float64
2023-11-16 15:47:03,404 INFO Noise Point: 0    0.6
1    1.0
2    0.0
3    0.0
4    1.0
5    0.5
6    0.0
Name: 38, dtype: float64
2023-11-16 15:47:03,405 INFO Noise Point: 0    0.0
1    0.0
2    0.0
3    0.0
4    1.0
5    0.0
6    0.0
Name: 39, dtype: float64
2023-11-16 15:47:03,406 INFO Noise Point: 0    0.0
1    0.0
2    0.0
3    0.0
4    1.0
5    0.0
6    0.0
Name: 40, dtype: float64
2023-11-16 15:47:03,407 INFO Noise Point: 0    0.000000
1    0.083333
2    0.000000
3    0.000000
4    1.000000
5    0.000000
6    0.000000
Name: 41, dtype: float64
2023-11-16 15:47:03,408 INFO Noise Point: 0    0.000000
1    0.208333
2    0.000000
3    0.000000
4    1.000000
5    1.000000
6    1.000000
Name: 42, dtype: float64
2023-11-16 15:47:03,410 INFO Noise Point: 0    0.0
1    0.0
2    0.0
3    0.0
4    1.0
5    0.0
6    0.0
Name: 43, dtype: float64
2023-11-16 15:47:03,411 INFO Noise Point: 0    0.000000
1    0.291667
2    0.000000
3    0.000000
4    1.000000
5    0.000000
6    0.000000
Name: 44, dtype: float64
2023-11-16 15:47:03,411 INFO Noise Point: 0    0.000000
1    0.041667
2    0.000000
3    0.000000
4    1.000000
5    0.000000
6    1.000000
Name: 45, dtype: float64
2023-11-16 15:47:03,412 INFO Noise Point: 0    0.400000
1    0.166667
2    0.000000
3    0.000000
4    1.000000
5    0.000000
6    0.000000
Name: 46, dtype: float64
2023-11-16 15:47:03,412 INFO Noise Point: 0    0.000000
1    0.041667
2    0.000000
3    0.000000
4    1.000000
5    0.000000
6    0.000000
Name: 47, dtype: float64
2023-11-16 15:47:03,413 INFO Noise Point: 0    0.0
1    0.0
2    0.0
3    0.0
4    1.0
5    0.0
6    0.5
Name: 48, dtype: float64
2023-11-16 15:47:06,806 INFO Iteration 1/10: Testing epsilon=0.7632925385776501, min_points=7
2023-11-16 15:47:07,667 INFO Noise count: 4
2023-11-16 15:47:07,676 INFO Epsilon=0.7632925385776501, Min Points=7, SSE=9.733391225176938
2023-11-16 15:47:07,676 INFO New best performance: SSE=9.733391225176938, Epsilon=0.7632925385776501, Min Points=7, Noise count: 4
2023-11-16 15:47:07,676 INFO Iteration 2/10: Testing epsilon=0.729056216360741, min_points=4
2023-11-16 15:47:08,486 INFO Noise count: 4
2023-11-16 15:47:08,495 INFO Epsilon=0.729056216360741, Min Points=4, SSE=9.733391225176938
2023-11-16 15:47:08,495 INFO Iteration 3/10: Testing epsilon=0.5495935516623851, min_points=3
2023-11-16 15:47:09,349 INFO Noise count: 5
2023-11-16 15:47:09,362 INFO Epsilon=0.5495935516623851, Min Points=3, SSE=8.625524214025889
2023-11-16 15:47:09,362 INFO New best performance: SSE=8.625524214025889, Epsilon=0.5495935516623851, Min Points=3, Noise count: 5
2023-11-16 15:47:09,362 INFO Iteration 4/10: Testing epsilon=0.7695063657631481, min_points=4
2023-11-16 15:47:10,244 INFO Noise count: 4
2023-11-16 15:47:10,251 INFO Epsilon=0.7695063657631481, Min Points=4, SSE=9.733391225176938
2023-11-16 15:47:10,252 INFO Iteration 5/10: Testing epsilon=0.8056547884805246, min_points=6
2023-11-16 15:47:11,083 INFO Noise count: 3
2023-11-16 15:47:11,087 INFO Epsilon=0.8056547884805246, Min Points=6, SSE=20.196832421374346
2023-11-16 15:47:11,087 INFO Iteration 6/10: Testing epsilon=0.7381771265300101, min_points=5
2023-11-16 15:47:11,903 INFO Noise count: 4
2023-11-16 15:47:11,911 INFO Epsilon=0.7381771265300101, Min Points=5, SSE=9.733391225176938
2023-11-16 15:47:11,911 INFO Iteration 7/10: Testing epsilon=0.7288396649010622, min_points=3
2023-11-16 15:47:12,725 INFO Noise count: 4
2023-11-16 15:47:12,733 INFO Epsilon=0.7288396649010622, Min Points=3, SSE=9.733391225176938
2023-11-16 15:47:12,733 INFO Iteration 8/10: Testing epsilon=0.6499197935946821, min_points=4
2023-11-16 15:47:13,611 INFO Noise count: 5
2023-11-16 15:47:13,620 INFO Epsilon=0.6499197935946821, Min Points=4, SSE=8.625524214025889
2023-11-16 15:47:13,620 INFO Iteration 9/10: Testing epsilon=0.5745871259086108, min_points=3
2023-11-16 15:47:14,456 INFO Noise count: 5
2023-11-16 15:47:14,466 INFO Epsilon=0.5745871259086108, Min Points=3, SSE=8.625524214025889
2023-11-16 15:47:14,467 INFO Iteration 10/10: Testing epsilon=0.7964873291730642, min_points=4
2023-11-16 15:47:15,293 INFO Noise count: 4
2023-11-16 15:47:15,298 INFO Epsilon=0.7964873291730642, Min Points=4, SSE=18.588339632149157
2023-11-16 15:47:15,298 INFO Best DBSCAN Parameters:
2023-11-16 15:47:15,298 INFO Epsilon=0.5495935516623851, Min Points=3
2023-11-16 15:47:15,298 INFO Best Performance: 8.625524214025889
2023-11-16 15:47:16,139 INFO Final Clusters and Noise Points:
2023-11-16 15:47:16,139 INFO Cluster 1: 32 points
2023-11-16 15:47:16,140 INFO Data Point: 0    0.400000
1    0.125000
2    0.000000
3    0.285714
4    0.000000
5    0.000000
6    0.500000
Name: 0, dtype: float64
2023-11-16 15:47:16,141 INFO Data Point: 0    0.200000
1    0.208333
2    0.000000
3    0.285714
4    0.000000
5    0.000000
6    0.000000
Name: 1, dtype: float64
2023-11-16 15:47:16,141 INFO Data Point: 0    0.400000
1    0.125000
2    0.000000
3    0.285714
4    0.000000
5    0.500000
6    0.000000
Name: 2, dtype: float64
2023-11-16 15:47:16,142 INFO Data Point: 0    0.200000
1    0.125000
2    0.000000
3    0.285714
4    0.000000
5    0.000000
6    0.500000
Name: 4, dtype: float64
2023-11-16 15:47:16,143 INFO Data Point: 0    0.000000
1    0.125000
2    0.000000
3    0.285714
4    0.000000
5    0.000000
6    0.000000
Name: 5, dtype: float64
2023-11-16 15:47:16,145 INFO Data Point: 0    0.000000
1    0.166667
2    0.200000
3    0.142857
4    0.000000
5    0.000000
6    0.000000
Name: 6, dtype: float64
2023-11-16 15:47:16,146 INFO Data Point: 0    0.200000
1    0.208333
2    0.000000
3    0.142857
4    0.000000
5    0.000000
6    0.500000
Name: 8, dtype: float64
2023-11-16 15:47:16,147 INFO Data Point: 0    0.000
1    0.125
2    0.000
3    0.000
4    0.000
5    0.000
6    0.000
Name: 9, dtype: float64
2023-11-16 15:47:16,147 INFO Data Point: 0    0.200000
1    0.333333
2    0.000000
3    0.000000
4    0.000000
5    0.000000
6    0.500000
Name: 10, dtype: float64
2023-11-16 15:47:16,148 INFO Data Point: 0    0.000000
1    0.083333
2    0.200000
3    0.285714
4    0.285714
5    0.000000
6    0.500000
Name: 11, dtype: float64
2023-11-16 15:47:16,149 INFO Data Point: 0    0.000000
1    0.250000
2    0.000000
3    0.285714
4    0.285714
5    0.000000
6    0.000000
Name: 12, dtype: float64
2023-11-16 15:47:16,149 INFO Data Point: 0    0.000000
1    0.041667
2    0.200000
3    0.285714
4    0.285714
5    0.000000
6    0.500000
Name: 13, dtype: float64
2023-11-16 15:47:16,150 INFO Data Point: 0    0.000000
1    0.041667
2    0.200000
3    0.285714
4    0.285714
5    0.000000
6    0.000000
Name: 14, dtype: float64
2023-11-16 15:47:16,151 INFO Data Point: 0    0.200000
1    0.041667
2    0.000000
3    0.285714
4    0.285714
5    0.000000
6    0.500000
Name: 15, dtype: float64
2023-11-16 15:47:16,152 INFO Data Point: 0    0.000000
1    0.041667
2    0.200000
3    0.285714
4    0.285714
5    0.000000
6    0.500000
Name: 16, dtype: float64
2023-11-16 15:47:16,153 INFO Data Point: 0    0.000000
1    0.041667
2    0.200000
3    0.285714
4    0.285714
5    0.000000
6    0.500000
Name: 17, dtype: float64
2023-11-16 15:47:16,154 INFO Data Point: 0    0.000000
1    0.083333
2    0.400000
3    0.285714
4    0.285714
5    0.500000
6    0.000000
Name: 18, dtype: float64
2023-11-16 15:47:16,154 INFO Data Point: 0    0.000000
1    0.041667
2    0.200000
3    0.285714
4    0.285714
5    0.000000
6    0.000000
Name: 19, dtype: float64
2023-11-16 15:47:16,155 INFO Data Point: 0    0.000000
1    0.083333
2    0.200000
3    0.285714
4    0.285714
5    0.000000
6    0.000000
Name: 20, dtype: float64
2023-11-16 15:47:16,155 INFO Data Point: 0    0.800000
1    0.208333
2    0.000000
3    0.285714
4    0.285714
5    0.500000
6    0.000000
Name: 21, dtype: float64
2023-11-16 15:47:16,156 INFO Data Point: 0    0.000000
1    0.083333
2    0.400000
3    0.285714
4    0.285714
5    0.000000
6    0.000000
Name: 22, dtype: float64
2023-11-16 15:47:16,156 INFO Data Point: 0    0.000000
1    0.041667
2    0.200000
3    1.000000
4    0.000000
5    0.000000
6    0.000000
Name: 23, dtype: float64
2023-11-16 15:47:16,158 INFO Data Point: 0    0.000000
1    0.041667
2    0.200000
3    1.000000
4    0.000000
5    0.000000
6    0.000000
Name: 24, dtype: float64
2023-11-16 15:47:16,159 INFO Data Point: 0    0.2
1    0.0
2    0.0
3    1.0
4    0.0
5    0.0
6    0.0
Name: 25, dtype: float64
2023-11-16 15:47:16,160 INFO Data Point: 0    0.000000
1    0.041667
2    0.200000
3    1.000000
4    0.000000
5    0.000000
6    0.000000
Name: 26, dtype: float64
2023-11-16 15:47:16,161 INFO Data Point: 0    0.0
1    0.0
2    0.0
3    1.0
4    0.0
5    0.0
6    0.0
Name: 27, dtype: float64
2023-11-16 15:47:16,161 INFO Data Point: 0    0.000000
1    0.041667
2    0.200000
3    0.714286
4    0.000000
5    0.000000
6    0.000000
Name: 28, dtype: float64
2023-11-16 15:47:16,162 INFO Data Point: 0    0.000000
1    0.000000
2    0.000000
3    0.571429
4    0.000000
5    0.000000
6    0.000000
Name: 29, dtype: float64
2023-11-16 15:47:16,162 INFO Data Point: 0    0.200000
1    0.041667
2    0.000000
3    0.571429
4    0.000000
5    0.000000
6    0.000000
Name: 30, dtype: float64
2023-11-16 15:47:16,163 INFO Data Point: 0    0.000000
1    0.083333
2    0.200000
3    0.571429
4    0.000000
5    0.000000
6    0.000000
Name: 31, dtype: float64
2023-11-16 15:47:16,164 INFO Data Point: 0    0.400000
1    0.083333
2    0.000000
3    0.571429
4    0.000000
5    0.000000
6    0.000000
Name: 32, dtype: float64
2023-11-16 15:47:16,165 INFO Data Point: 0    0.200000
1    0.083333
2    0.000000
3    0.571429
4    0.000000
5    0.000000
6    0.000000
Name: 33, dtype: float64
2023-11-16 15:47:16,166 INFO Cluster 2: 12 points
2023-11-16 15:47:16,167 INFO Data Point: 0    0.0
1    0.0
2    0.0
3    0.0
4    1.0
5    0.0
6    0.0
Name: 34, dtype: float64
2023-11-16 15:47:16,168 INFO Data Point: 0    0.200000
1    0.041667
2    0.000000
3    0.000000
4    1.000000
5    0.000000
6    0.000000
Name: 35, dtype: float64
2023-11-16 15:47:16,169 INFO Data Point: 0    0.0
1    0.0
2    0.0
3    0.0
4    1.0
5    0.0
6    0.0
Name: 37, dtype: float64
2023-11-16 15:47:16,170 INFO Data Point: 0    0.0
1    0.0
2    0.0
3    0.0
4    1.0
5    0.0
6    0.0
Name: 39, dtype: float64
2023-11-16 15:47:16,171 INFO Data Point: 0    0.0
1    0.0
2    0.0
3    0.0
4    1.0
5    0.0
6    0.0
Name: 40, dtype: float64
2023-11-16 15:47:16,173 INFO Data Point: 0    0.000000
1    0.083333
2    0.000000
3    0.000000
4    1.000000
5    0.000000
6    0.000000
Name: 41, dtype: float64
2023-11-16 15:47:16,175 INFO Data Point: 0    0.0
1    0.0
2    0.0
3    0.0
4    1.0
5    0.0
6    0.0
Name: 43, dtype: float64
2023-11-16 15:47:16,176 INFO Data Point: 0    0.000000
1    0.291667
2    0.000000
3    0.000000
4    1.000000
5    0.000000
6    0.000000
Name: 44, dtype: float64
2023-11-16 15:47:16,176 INFO Data Point: 0    0.000000
1    0.041667
2    0.000000
3    0.000000
4    1.000000
5    0.000000
6    1.000000
Name: 45, dtype: float64
2023-11-16 15:47:16,177 INFO Data Point: 0    0.400000
1    0.166667
2    0.000000
3    0.000000
4    1.000000
5    0.000000
6    0.000000
Name: 46, dtype: float64
2023-11-16 15:47:16,179 INFO Data Point: 0    0.000000
1    0.041667
2    0.000000
3    0.000000
4    1.000000
5    0.000000
6    0.000000
Name: 47, dtype: float64
2023-11-16 15:47:16,180 INFO Data Point: 0    0.0
1    0.0
2    0.0
3    0.0
4    1.0
5    0.0
6    0.5
Name: 48, dtype: float64
2023-11-16 15:47:16,181 INFO Noise: 5 points
2023-11-16 15:47:16,182 INFO Noise Point: 0    0.000000
1    0.125000
2    0.000000
3    0.285714
4    0.000000
5    1.000000
6    0.500000
Name: 3, dtype: float64
2023-11-16 15:47:16,183 INFO Noise Point: 0    0.000000
1    0.208333
2    1.000000
3    0.142857
4    0.000000
5    0.500000
6    0.000000
Name: 7, dtype: float64
2023-11-16 15:47:16,185 INFO Noise Point: 0    1.000000
1    0.333333
2    0.000000
3    0.000000
4    1.000000
5    0.500000
6    0.000000
Name: 36, dtype: float64
2023-11-16 15:47:16,190 INFO Noise Point: 0    0.6
1    1.0
2    0.0
3    0.0
4    1.0
5    0.5
6    0.0
Name: 38, dtype: float64
2023-11-16 15:47:16,191 INFO Noise Point: 0    0.000000
1    0.208333
2    0.000000
3    0.000000
4    1.000000
5    1.000000
6    1.000000
Name: 42, dtype: float64
