2023-11-16 15:54:44,105 INFO Iteration 1/10: Testing epsilon=0.5062437130591314, min_points=5
2023-11-16 15:54:45,632 INFO Noise count: 4
2023-11-16 15:54:45,653 INFO Epsilon=0.5062437130591314, Min Points=5, SSE=7.684056816673303
2023-11-16 15:54:45,654 INFO New best performance: SSE=7.684056816673303, Epsilon=0.5062437130591314, Min Points=5, Noise count: 4
2023-11-16 15:54:45,654 INFO Iteration 2/10: Testing epsilon=0.29077118853767814, min_points=6
2023-11-16 15:54:47,130 INFO Noise count: 28
2023-11-16 15:54:47,145 INFO Epsilon=0.29077118853767814, Min Points=6, SSE=0.13497942386831274
2023-11-16 15:54:47,145 INFO New best performance: SSE=0.13497942386831274, Epsilon=0.29077118853767814, Min Points=6, Noise count: 28
2023-11-16 15:54:47,145 INFO Iteration 3/10: Testing epsilon=0.29678242105736, min_points=5
2023-11-16 15:54:48,537 INFO Noise count: 23
2023-11-16 15:54:48,557 INFO Epsilon=0.29678242105736, Min Points=5, SSE=0.17448559670781894
2023-11-16 15:54:48,557 INFO Iteration 4/10: Testing epsilon=0.44476560384846575, min_points=4
2023-11-16 15:54:49,954 INFO Noise count: 7
2023-11-16 15:54:49,970 INFO Epsilon=0.44476560384846575, Min Points=4, SSE=2.758024691358025
2023-11-16 15:54:49,970 INFO Iteration 5/10: Testing epsilon=0.24002351553904452, min_points=6
2023-11-16 15:54:51,342 INFO Noise count: 28
2023-11-16 15:54:51,358 INFO Epsilon=0.24002351553904452, Min Points=6, SSE=0.13497942386831274
2023-11-16 15:54:51,358 INFO Iteration 6/10: Testing epsilon=0.1459703454304183, min_points=2
2023-11-16 15:54:52,749 INFO Noise count: 11
2023-11-16 15:54:52,794 INFO Epsilon=0.1459703454304183, Min Points=2, SSE=0.17016460905349792
2023-11-16 15:54:52,794 INFO Iteration 7/10: Testing epsilon=0.2442627000834323, min_points=5
2023-11-16 15:54:54,172 INFO Noise count: 23
2023-11-16 15:54:54,189 INFO Epsilon=0.2442627000834323, Min Points=5, SSE=0.17448559670781894
2023-11-16 15:54:54,189 INFO Iteration 8/10: Testing epsilon=0.6099483488536145, min_points=4
2023-11-16 15:54:55,551 INFO Noise count: 1
2023-11-16 15:54:55,558 INFO Epsilon=0.6099483488536145, Min Points=4, SSE=9.43669813604454
2023-11-16 15:54:55,558 INFO Iteration 9/10: Testing epsilon=0.3376507892350779, min_points=5
2023-11-16 15:54:56,907 INFO Noise count: 8
2023-11-16 15:54:56,923 INFO Epsilon=0.3376507892350779, Min Points=5, SSE=2.698628257887517
2023-11-16 15:54:56,923 INFO Iteration 10/10: Testing epsilon=0.5360634939944651, min_points=3
2023-11-16 15:54:58,235 INFO Noise count: 2
2023-11-16 15:54:58,243 INFO Epsilon=0.5360634939944651, Min Points=3, SSE=8.493640104751215
2023-11-16 15:54:58,243 INFO Best DBSCAN Parameters:
2023-11-16 15:54:58,243 INFO Epsilon=0.29077118853767814, Min Points=6
2023-11-16 15:54:58,243 INFO Best Performance: 0.13497942386831274
2023-11-16 15:54:59,612 INFO Final Clusters and Noise Points:
2023-11-16 15:54:59,612 INFO Cluster 1: 6 points
2023-11-16 15:54:59,613 INFO Data Point: 0    0.222222
1    0.000000
2    0.000000
3    0.000000
4    0.000000
Name: 0, dtype: float64
2023-11-16 15:54:59,614 INFO Data Point: 0    0.111111
1    0.000000
2    0.000000
3    0.000000
4    0.000000
Name: 3, dtype: float64
2023-11-16 15:54:59,615 INFO Data Point: 0    0.333333
1    0.000000
2    0.000000
3    0.000000
4    0.000000
Name: 7, dtype: float64
2023-11-16 15:54:59,616 INFO Data Point: 0    0.111111
1    0.000000
2    0.000000
3    0.000000
4    0.000000
Name: 8, dtype: float64
2023-11-16 15:54:59,617 INFO Data Point: 0    0.333333
1    0.000000
2    0.000000
3    0.000000
4    0.000000
Name: 11, dtype: float64
2023-11-16 15:54:59,618 INFO Data Point: 0    0.0
1    0.0
2    0.0
3    0.0
4    0.0
Name: 15, dtype: float64
2023-11-16 15:54:59,618 INFO Cluster 2: 10 points
2023-11-16 15:54:59,619 INFO Data Point: 0    0.222222
1    0.000000
2    0.000000
3    0.000000
4    0.333333
Name: 4, dtype: float64
2023-11-16 15:54:59,620 INFO Data Point: 0    0.000000
1    0.000000
2    0.000000
3    0.000000
4    0.333333
Name: 24, dtype: float64
2023-11-16 15:54:59,620 INFO Data Point: 0    0.000000
1    0.000000
2    0.000000
3    0.000000
4    0.333333
Name: 25, dtype: float64
2023-11-16 15:54:59,621 INFO Data Point: 0    0.000000
1    0.000000
2    0.000000
3    0.000000
4    0.333333
Name: 26, dtype: float64
2023-11-16 15:54:59,622 INFO Data Point: 0    0.000000
1    0.000000
2    0.000000
3    0.000000
4    0.333333
Name: 27, dtype: float64
2023-11-16 15:54:59,624 INFO Data Point: 0    0.000000
1    0.000000
2    0.000000
3    0.000000
4    0.333333
Name: 28, dtype: float64
2023-11-16 15:54:59,626 INFO Data Point: 0    0.000000
1    0.000000
2    0.000000
3    0.000000
4    0.333333
Name: 31, dtype: float64
2023-11-16 15:54:59,627 INFO Data Point: 0    0.000000
1    0.000000
2    0.000000
3    0.000000
4    0.333333
Name: 32, dtype: float64
2023-11-16 15:54:59,627 INFO Data Point: 0    0.000000
1    0.000000
2    0.000000
3    0.000000
4    0.333333
Name: 36, dtype: float64
2023-11-16 15:54:59,629 INFO Data Point: 0    0.000000
1    0.000000
2    0.000000
3    0.000000
4    0.333333
Name: 37, dtype: float64
2023-11-16 15:54:59,630 INFO Cluster 3: 9 points
2023-11-16 15:54:59,632 INFO Data Point: 0    0.0
1    0.5
2    1.0
3    0.0
4    0.0
Name: 41, dtype: float64
2023-11-16 15:54:59,633 INFO Data Point: 0    0.0
1    0.5
2    1.0
3    0.0
4    0.0
Name: 45, dtype: float64
2023-11-16 15:54:59,634 INFO Data Point: 0    0.0
1    0.5
2    1.0
3    0.0
4    0.0
Name: 48, dtype: float64
2023-11-16 15:54:59,637 INFO Data Point: 0    0.0
1    0.5
2    1.0
3    0.0
4    0.0
Name: 51, dtype: float64
2023-11-16 15:54:59,639 INFO Data Point: 0    0.0
1    0.5
2    1.0
3    0.0
4    0.0
Name: 53, dtype: float64
2023-11-16 15:54:59,641 INFO Data Point: 0    0.0
1    0.5
2    1.0
3    0.0
4    0.0
Name: 56, dtype: float64
2023-11-16 15:54:59,644 INFO Data Point: 0    0.0
1    0.5
2    1.0
3    0.0
4    0.0
Name: 57, dtype: float64
2023-11-16 15:54:59,646 INFO Data Point: 0    0.0
1    0.5
2    1.0
3    0.0
4    0.0
Name: 58, dtype: float64
2023-11-16 15:54:59,648 INFO Data Point: 0    0.0
1    0.5
2    1.0
3    0.0
4    0.0
Name: 60, dtype: float64
2023-11-16 15:54:59,648 INFO Cluster 4: 9 points
2023-11-16 15:54:59,653 INFO Data Point: 0    0.000000
1    0.500000
2    1.000000
3    0.000000
4    0.333333
Name: 42, dtype: float64
2023-11-16 15:54:59,654 INFO Data Point: 0    0.000000
1    0.500000
2    1.000000
3    0.000000
4    0.333333
Name: 46, dtype: float64
2023-11-16 15:54:59,657 INFO Data Point: 0    0.000000
1    0.500000
2    1.000000
3    0.000000
4    0.333333
Name: 47, dtype: float64
2023-11-16 15:54:59,659 INFO Data Point: 0    0.000000
1    0.500000
2    1.000000
3    0.000000
4    0.333333
Name: 50, dtype: float64
2023-11-16 15:54:59,660 INFO Data Point: 0    0.000000
1    0.500000
2    1.000000
3    0.000000
4    0.333333
Name: 52, dtype: float64
2023-11-16 15:54:59,661 INFO Data Point: 0    0.000000
1    0.500000
2    1.000000
3    0.000000
4    0.333333
Name: 54, dtype: float64
2023-11-16 15:54:59,662 INFO Data Point: 0    0.000000
1    0.500000
2    1.000000
3    0.000000
4    0.333333
Name: 55, dtype: float64
2023-11-16 15:54:59,663 INFO Data Point: 0    0.000000
1    0.500000
2    1.000000
3    0.000000
4    0.333333
Name: 59, dtype: float64
2023-11-16 15:54:59,668 INFO Data Point: 0    0.000000
1    0.500000
2    1.000000
3    0.000000
4    0.333333
Name: 61, dtype: float64
2023-11-16 15:54:59,669 INFO Noise: 28 points
2023-11-16 15:54:59,670 INFO Noise Point: 0    0.444444
1    0.000000
2    1.000000
3    0.000000
4    0.333333
Name: 1, dtype: float64
2023-11-16 15:54:59,673 INFO Noise Point: 0    0.444444
1    0.000000
2    1.000000
3    0.000000
4    0.000000
Name: 2, dtype: float64
2023-11-16 15:54:59,674 INFO Noise Point: 0    0.333333
1    0.000000
2    1.000000
3    0.000000
4    0.000000
Name: 5, dtype: float64
2023-11-16 15:54:59,675 INFO Noise Point: 0    1.000000
1    0.000000
2    1.000000
3    0.000000
4    0.333333
Name: 6, dtype: float64
2023-11-16 15:54:59,676 INFO Noise Point: 0    0.222222
1    0.500000
2    0.000000
3    0.000000
4    0.000000
Name: 9, dtype: float64
2023-11-16 15:54:59,676 INFO Noise Point: 0    0.222222
1    0.500000
2    0.000000
3    0.000000
4    0.333333
Name: 10, dtype: float64
2023-11-16 15:54:59,680 INFO Noise Point: 0    0.0
1    0.0
2    1.0
3    0.5
4    0.0
Name: 12, dtype: float64
2023-11-16 15:54:59,681 INFO Noise Point: 0    0.222222
1    0.000000
2    1.000000
3    0.000000
4    0.333333
Name: 13, dtype: float64
2023-11-16 15:54:59,682 INFO Noise Point: 0    0.222222
1    0.000000
2    1.000000
3    0.000000
4    0.000000
Name: 14, dtype: float64
2023-11-16 15:54:59,683 INFO Noise Point: 0    0.111111
1    0.000000
2    1.000000
3    0.500000
4    0.000000
Name: 16, dtype: float64
2023-11-16 15:54:59,688 INFO Noise Point: 0    0.222222
1    0.000000
2    1.000000
3    0.000000
4    0.000000
Name: 17, dtype: float64
2023-11-16 15:54:59,690 INFO Noise Point: 0    0.222222
1    0.000000
2    1.000000
3    0.000000
4    0.333333
Name: 18, dtype: float64
2023-11-16 15:54:59,691 INFO Noise Point: 0    0.000000
1    0.000000
2    1.000000
3    0.000000
4    0.333333
Name: 19, dtype: float64
2023-11-16 15:54:59,694 INFO Noise Point: 0    0.222222
1    0.000000
2    1.000000
3    0.000000
4    0.000000
Name: 20, dtype: float64
2023-11-16 15:54:59,695 INFO Noise Point: 0    0.222222
1    0.000000
2    1.000000
3    0.000000
4    0.666667
Name: 21, dtype: float64
2023-11-16 15:54:59,697 INFO Noise Point: 0    0.0
1    0.0
2    1.0
3    1.0
4    1.0
Name: 22, dtype: float64
2023-11-16 15:54:59,697 INFO Noise Point: 0    0.000000
1    0.500000
2    0.000000
3    0.000000
4    0.333333
Name: 23, dtype: float64
2023-11-16 15:54:59,699 INFO Noise Point: 0    0.000000
1    0.000000
2    0.000000
3    0.500000
4    0.666667
Name: 29, dtype: float64
2023-11-16 15:54:59,701 INFO Noise Point: 0    0.111111
1    0.500000
2    0.000000
3    0.000000
4    0.666667
Name: 30, dtype: float64
2023-11-16 15:54:59,702 INFO Noise Point: 0    0.111111
1    0.500000
2    0.000000
3    0.000000
4    0.333333
Name: 33, dtype: float64
2023-11-16 15:54:59,703 INFO Noise Point: 0    0.000000
1    0.000000
2    0.000000
3    0.500000
4    0.333333
Name: 34, dtype: float64
2023-11-16 15:54:59,703 INFO Noise Point: 0    0.000000
1    0.500000
2    0.000000
3    0.000000
4    0.333333
Name: 35, dtype: float64
2023-11-16 15:54:59,711 INFO Noise Point: 0    0.0
1    0.5
2    0.0
3    0.0
4    0.0
Name: 38, dtype: float64
2023-11-16 15:54:59,714 INFO Noise Point: 0    0.0
1    0.5
2    0.0
3    0.0
4    0.0
Name: 39, dtype: float64
2023-11-16 15:54:59,716 INFO Noise Point: 0    0.0
1    0.5
2    0.0
3    0.0
4    0.0
Name: 40, dtype: float64
2023-11-16 15:54:59,717 INFO Noise Point: 0    0.000000
1    0.500000
2    1.000000
3    0.000000
4    0.666667
Name: 43, dtype: float64
2023-11-16 15:54:59,723 INFO Noise Point: 0    0.000000
1    0.500000
2    1.000000
3    0.000000
4    0.666667
Name: 44, dtype: float64
2023-11-16 15:54:59,725 INFO Noise Point: 0    0.000000
1    1.000000
2    1.000000
3    0.000000
4    0.666667
Name: 49, dtype: float64
