2023-11-17 12:12:01,827 INFO Iteration 1/20: Testing epsilon=0.5505149723123722, min_points=4
2023-11-17 12:12:01,962 INFO Noise count: 2
2023-11-17 12:12:01,963 INFO Epsilon=0.5505149723123722, Min Points=4, Purity=0.08
2023-11-17 12:12:01,963 INFO New best performance: Purity=0.08, Epsilon=0.5505149723123722, Min Points=4, Noise count: 2
2023-11-17 12:12:01,963 INFO Iteration 2/20: Testing epsilon=0.3839729420344937, min_points=4
2023-11-17 12:12:02,103 INFO Noise count: 4
2023-11-17 12:12:02,104 INFO Epsilon=0.3839729420344937, Min Points=4, Purity=0.08
2023-11-17 12:12:02,104 INFO Iteration 3/20: Testing epsilon=0.35143301134562843, min_points=4
2023-11-17 12:12:02,239 INFO Noise count: 4
2023-11-17 12:12:02,240 INFO Epsilon=0.35143301134562843, Min Points=4, Purity=0.08
2023-11-17 12:12:02,240 INFO Iteration 4/20: Testing epsilon=0.29933163127217866, min_points=8
2023-11-17 12:12:02,432 INFO Noise count: 18
2023-11-17 12:12:02,433 INFO Epsilon=0.29933163127217866, Min Points=8, Purity=0.08
2023-11-17 12:12:02,433 INFO Iteration 5/20: Testing epsilon=0.3908215553892954, min_points=6
2023-11-17 12:12:02,571 INFO Noise count: 6
2023-11-17 12:12:02,572 INFO Epsilon=0.3908215553892954, Min Points=6, Purity=0.08
2023-11-17 12:12:02,572 INFO Iteration 6/20: Testing epsilon=0.4735183427155094, min_points=6
2023-11-17 12:12:02,707 INFO Noise count: 3
2023-11-17 12:12:02,708 INFO Epsilon=0.4735183427155094, Min Points=6, Purity=0.08
2023-11-17 12:12:02,708 INFO Iteration 7/20: Testing epsilon=0.39618035448024325, min_points=6
2023-11-17 12:12:02,848 INFO Noise count: 5
2023-11-17 12:12:02,849 INFO Epsilon=0.39618035448024325, Min Points=6, Purity=0.08
2023-11-17 12:12:02,849 INFO Iteration 8/20: Testing epsilon=0.3083822736871251, min_points=7
2023-11-17 12:12:02,991 INFO Noise count: 12
2023-11-17 12:12:02,992 INFO Epsilon=0.3083822736871251, Min Points=7, Purity=0.08
2023-11-17 12:12:02,992 INFO Iteration 9/20: Testing epsilon=0.5051983117435633, min_points=5
2023-11-17 12:12:03,131 INFO Noise count: 2
2023-11-17 12:12:03,132 INFO Epsilon=0.5051983117435633, Min Points=5, Purity=0.08
2023-11-17 12:12:03,133 INFO Iteration 10/20: Testing epsilon=0.3196836907000338, min_points=4
2023-11-17 12:12:03,271 INFO Noise count: 4
2023-11-17 12:12:03,273 INFO Epsilon=0.3196836907000338, Min Points=4, Purity=0.08
2023-11-17 12:12:03,273 INFO Iteration 11/20: Testing epsilon=0.5969753960207368, min_points=8
2023-11-17 12:12:03,409 INFO Noise count: 2
2023-11-17 12:12:03,410 INFO Epsilon=0.5969753960207368, Min Points=8, Purity=0.08
2023-11-17 12:12:03,410 INFO Iteration 12/20: Testing epsilon=0.31424928360752213, min_points=5
2023-11-17 12:12:03,550 INFO Noise count: 9
2023-11-17 12:12:03,550 INFO Epsilon=0.31424928360752213, Min Points=5, Purity=0.08
2023-11-17 12:12:03,551 INFO Iteration 13/20: Testing epsilon=0.5699063006616322, min_points=5
2023-11-17 12:12:03,687 INFO Noise count: 2
2023-11-17 12:12:03,688 INFO Epsilon=0.5699063006616322, Min Points=5, Purity=0.08
2023-11-17 12:12:03,688 INFO Iteration 14/20: Testing epsilon=0.15909360497609418, min_points=6
2023-11-17 12:12:03,824 INFO Noise count: 25
2023-11-17 12:12:03,825 INFO Epsilon=0.15909360497609418, Min Points=6, Purity=0.04
2023-11-17 12:12:03,825 INFO Iteration 15/20: Testing epsilon=0.5566457240721814, min_points=6
2023-11-17 12:12:03,958 INFO Noise count: 2
2023-11-17 12:12:03,959 INFO Epsilon=0.5566457240721814, Min Points=6, Purity=0.08
2023-11-17 12:12:03,959 INFO Iteration 16/20: Testing epsilon=0.10269680940829375, min_points=6
2023-11-17 12:12:04,096 INFO Noise count: 25
2023-11-17 12:12:04,097 INFO Epsilon=0.10269680940829375, Min Points=6, Purity=0.04
2023-11-17 12:12:04,097 INFO Iteration 17/20: Testing epsilon=0.23548316218737073, min_points=6
2023-11-17 12:12:04,233 INFO Noise count: 23
2023-11-17 12:12:04,234 INFO Epsilon=0.23548316218737073, Min Points=6, Purity=0.08
2023-11-17 12:12:04,234 INFO Iteration 18/20: Testing epsilon=0.20243219932423398, min_points=4
2023-11-17 12:12:04,373 INFO Noise count: 13
2023-11-17 12:12:04,374 INFO Epsilon=0.20243219932423398, Min Points=4, Purity=0.12
2023-11-17 12:12:04,375 INFO New best performance: Purity=0.12, Epsilon=0.20243219932423398, Min Points=4, Noise count: 13
2023-11-17 12:12:04,375 INFO Iteration 19/20: Testing epsilon=0.28778430344764083, min_points=4
2023-11-17 12:12:04,512 INFO Noise count: 8
2023-11-17 12:12:04,513 INFO Epsilon=0.28778430344764083, Min Points=4, Purity=0.08
2023-11-17 12:12:04,514 INFO Iteration 20/20: Testing epsilon=0.2651100765528073, min_points=4
2023-11-17 12:12:04,655 INFO Noise count: 10
2023-11-17 12:12:04,656 INFO Epsilon=0.2651100765528073, Min Points=4, Purity=0.08
2023-11-17 12:12:04,656 INFO Best DBSCAN Parameters:
2023-11-17 12:12:04,656 INFO Epsilon=0.20243219932423398, Min Points=4
2023-11-17 12:12:04,657 INFO Best Performance: 0.12
2023-11-17 12:12:04,801 INFO Final Clusters and Noise Points:
2023-11-17 12:12:04,801 INFO Cluster 1: 9 points
2023-11-17 12:12:04,802 INFO Data Point: 1    0.993407
2    0.170940
3    0.000000
4    1.000000
5    0.113636
Name: 0, dtype: float64
2023-11-17 12:12:04,803 INFO Data Point: 1    0.958242
2    0.068376
3    0.060976
4    0.869565
5    0.063636
Name: 1, dtype: float64
2023-11-17 12:12:04,804 INFO Data Point: 1    0.956044
2    0.136752
3    0.041463
4    0.927536
5    0.036364
Name: 2, dtype: float64
2023-11-17 12:12:04,804 INFO Data Point: 1    0.997802
2    0.094017
3    0.009756
4    0.898551
5    0.136364
Name: 3, dtype: float64
2023-11-17 12:12:04,805 INFO Data Point: 1    0.940659
2    0.247863
3    0.058537
4    0.695652
5    0.277273
Name: 5, dtype: float64
2023-11-17 12:12:04,805 INFO Data Point: 1    0.923077
2    0.358974
3    0.017073
4    0.826087
5    0.363636
Name: 6, dtype: float64
2023-11-17 12:12:04,806 INFO Data Point: 1    0.914286
2    0.282051
3    0.053659
4    0.811594
5    0.318182
Name: 11, dtype: float64
2023-11-17 12:12:04,806 INFO Data Point: 1    0.991209
2    0.119658
3    0.019512
4    0.797101
5    0.168182
Name: 12, dtype: float64
2023-11-17 12:12:04,807 INFO Data Point: 1    0.907692
2    0.205128
3    0.092683
4    0.768116
5    0.272727
Name: 14, dtype: float64
2023-11-17 12:12:04,807 INFO Cluster 2: 3 points
2023-11-17 12:12:04,808 INFO Data Point: 1    0.806593
2    0.512821
3    0.119512
4    0.710145
5    0.377273
Name: 10, dtype: float64
2023-11-17 12:12:04,808 INFO Data Point: 1    0.832967
2    0.555556
3    0.100000
4    0.536232
5    0.454545
Name: 13, dtype: float64
2023-11-17 12:12:04,809 INFO Data Point: 1    0.815385
2    0.427350
3    0.131707
4    0.681159
5    0.368182
Name: 15, dtype: float64
2023-11-17 12:12:04,809 INFO Noise: 13 points
2023-11-17 12:12:04,810 INFO Noise Point: 1    1.000000
2    0.000000
3    0.085366
4    0.637681
5    0.000000
Name: 4, dtype: float64
2023-11-17 12:12:04,810 INFO Noise Point: 1    0.817582
2    0.452991
3    0.168293
4    0.681159
5    0.309091
Name: 7, dtype: float64
2023-11-17 12:12:04,811 INFO Noise Point: 1    0.813187
2    0.581197
3    0.151220
4    0.391304
5    0.340909
Name: 8, dtype: float64
2023-11-17 12:12:04,811 INFO Noise Point: 1    0.806593
2    0.811966
3    0.129268
4    0.637681
5    0.295455
Name: 9, dtype: float64
2023-11-17 12:12:04,812 INFO Noise Point: 1    0.690110
2    0.743590
3    0.207317
4    0.434783
5    0.500000
Name: 16, dtype: float64
2023-11-17 12:12:04,813 INFO Noise Point: 1    0.567033
2    0.256410
3    0.404878
4    0.811594
5    0.240909
Name: 17, dtype: float64
2023-11-17 12:12:04,813 INFO Noise Point: 1    0.580220
2    1.000000
3    0.295122
4    0.275362
5    1.000000
Name: 18, dtype: float64
2023-11-17 12:12:04,814 INFO Noise Point: 1    0.606593
2    0.735043
3    0.282927
4    0.478261
5    0.590909
Name: 19, dtype: float64
2023-11-17 12:12:04,814 INFO Noise Point: 1    0.461538
2    0.837607
3    0.456098
4    0.376812
5    0.590909
Name: 20, dtype: float64
2023-11-17 12:12:04,815 INFO Noise Point: 1    0.437363
2    0.863248
3    0.470732
4    0.362319
5    0.590909
Name: 21, dtype: float64
2023-11-17 12:12:04,815 INFO Noise Point: 1    0.437363
2    0.897436
3    0.492683
4    0.231884
5    0.340909
Name: 22, dtype: float64
2023-11-17 12:12:04,816 INFO Noise Point: 1    0.032967
2    0.777778
3    1.000000
4    0.000000
5    0.340909
Name: 23, dtype: float64
2023-11-17 12:12:04,817 INFO Noise Point: 1    0.000000
2    0.854701
3    0.826829
4    0.130435
5    0.195455
Name: 24, dtype: float64
