2023-11-17 12:15:33,235 INFO Iteration 1/20: Testing epsilon=0.24241229795905478, min_points=5
2023-11-17 12:15:33,377 INFO Noise count: 11
2023-11-17 12:15:33,380 INFO Epsilon=0.24241229795905478, Min Points=5, SSE=1.0763431143650042
2023-11-17 12:15:33,381 INFO New best performance: SSE=1.0763431143650042, Epsilon=0.24241229795905478, Min Points=5, Noise count: 11
2023-11-17 12:15:33,381 INFO Iteration 2/20: Testing epsilon=0.40760003721071825, min_points=4
2023-11-17 12:15:33,527 INFO Noise count: 4
2023-11-17 12:15:33,530 INFO Epsilon=0.40760003721071825, Min Points=4, SSE=4.4189242587725825
2023-11-17 12:15:33,530 INFO Iteration 3/20: Testing epsilon=0.4702811865453954, min_points=3
2023-11-17 12:15:33,665 INFO Noise count: 3
2023-11-17 12:15:33,668 INFO Epsilon=0.4702811865453954, Min Points=3, SSE=4.597388433650213
2023-11-17 12:15:33,668 INFO Iteration 4/20: Testing epsilon=0.29854586037306063, min_points=5
2023-11-17 12:15:33,806 INFO Noise count: 9
2023-11-17 12:15:33,809 INFO Epsilon=0.29854586037306063, Min Points=5, SSE=1.6634207184076062
2023-11-17 12:15:33,810 INFO Iteration 5/20: Testing epsilon=0.4609947930397905, min_points=2
2023-11-17 12:15:33,950 INFO Noise count: 1
2023-11-17 12:15:33,956 INFO Epsilon=0.4609947930397905, Min Points=2, SSE=4.634969605977002
2023-11-17 12:15:33,956 INFO Iteration 6/20: Testing epsilon=0.6516936284684273, min_points=2
2023-11-17 12:15:34,103 INFO Noise count: 0
2023-11-17 12:15:34,107 INFO Epsilon=0.6516936284684273, Min Points=2, SSE=8.627793102439387
2023-11-17 12:15:34,107 INFO Iteration 7/20: Testing epsilon=0.18662932955066872, min_points=3
2023-11-17 12:15:34,273 INFO Noise count: 13
2023-11-17 12:15:34,278 INFO Epsilon=0.18662932955066872, Min Points=3, SSE=0.27401719384907397
2023-11-17 12:15:34,278 INFO New best performance: SSE=0.27401719384907397, Epsilon=0.18662932955066872, Min Points=3, Noise count: 13
2023-11-17 12:15:34,279 INFO Iteration 8/20: Testing epsilon=0.2220188314668331, min_points=2
2023-11-17 12:15:34,421 INFO Noise count: 7
2023-11-17 12:15:34,432 INFO Epsilon=0.2220188314668331, Min Points=2, SSE=0.38286787094677727
2023-11-17 12:15:34,432 INFO Iteration 9/20: Testing epsilon=0.6603883847529, min_points=3
2023-11-17 12:15:34,571 INFO Noise count: 0
2023-11-17 12:15:34,575 INFO Epsilon=0.6603883847529, Min Points=3, SSE=8.627793102439387
2023-11-17 12:15:34,575 INFO Iteration 10/20: Testing epsilon=0.5917541432795194, min_points=2
2023-11-17 12:15:34,722 INFO Noise count: 0
2023-11-17 12:15:34,725 INFO Epsilon=0.5917541432795194, Min Points=2, SSE=8.627793102439387
2023-11-17 12:15:34,725 INFO Iteration 11/20: Testing epsilon=0.40387693804622327, min_points=3
2023-11-17 12:15:34,876 INFO Noise count: 4
2023-11-17 12:15:34,879 INFO Epsilon=0.40387693804622327, Min Points=3, SSE=4.4189242587725825
2023-11-17 12:15:34,879 INFO Iteration 12/20: Testing epsilon=0.3275783725489361, min_points=2
2023-11-17 12:15:35,031 INFO Noise count: 2
2023-11-17 12:15:35,036 INFO Epsilon=0.3275783725489361, Min Points=2, SSE=4.456505431099371
2023-11-17 12:15:35,036 INFO Iteration 13/20: Testing epsilon=0.17310474048854088, min_points=3
2023-11-17 12:15:35,184 INFO Noise count: 13
2023-11-17 12:15:35,191 INFO Epsilon=0.17310474048854088, Min Points=3, SSE=0.0844124099478388
2023-11-17 12:15:35,191 INFO New best performance: SSE=0.0844124099478388, Epsilon=0.17310474048854088, Min Points=3, Noise count: 13
2023-11-17 12:15:35,191 INFO Iteration 14/20: Testing epsilon=0.41373788904922776, min_points=2
2023-11-17 12:15:35,327 INFO Noise count: 2
2023-11-17 12:15:35,333 INFO Epsilon=0.41373788904922776, Min Points=2, SSE=4.456505431099371
2023-11-17 12:15:35,333 INFO Iteration 15/20: Testing epsilon=0.5008637124955543, min_points=5
2023-11-17 12:15:35,481 INFO Noise count: 2
2023-11-17 12:15:35,484 INFO Epsilon=0.5008637124955543, Min Points=5, SSE=5.580542891022717
2023-11-17 12:15:35,484 INFO Iteration 16/20: Testing epsilon=0.4784611185976803, min_points=5
2023-11-17 12:15:35,629 INFO Noise count: 3
2023-11-17 12:15:35,631 INFO Epsilon=0.4784611185976803, Min Points=5, SSE=4.597388433650213
2023-11-17 12:15:35,632 INFO Iteration 17/20: Testing epsilon=0.270316815599088, min_points=3
2023-11-17 12:15:35,776 INFO Noise count: 6
2023-11-17 12:15:35,778 INFO Epsilon=0.270316815599088, Min Points=3, SSE=3.558777654668648
2023-11-17 12:15:35,779 INFO Iteration 18/20: Testing epsilon=0.4588710086942634, min_points=2
2023-11-17 12:15:35,916 INFO Noise count: 1
2023-11-17 12:15:35,921 INFO Epsilon=0.4588710086942634, Min Points=2, SSE=4.634969605977002
2023-11-17 12:15:35,921 INFO Iteration 19/20: Testing epsilon=0.49786650306280383, min_points=5
2023-11-17 12:15:36,062 INFO Noise count: 2
2023-11-17 12:15:36,065 INFO Epsilon=0.49786650306280383, Min Points=5, SSE=5.580542891022717
2023-11-17 12:15:36,065 INFO Iteration 20/20: Testing epsilon=0.33818307180205154, min_points=2
2023-11-17 12:15:36,207 INFO Noise count: 2
2023-11-17 12:15:36,213 INFO Epsilon=0.33818307180205154, Min Points=2, SSE=4.456505431099371
2023-11-17 12:15:36,213 INFO Best DBSCAN Parameters:
2023-11-17 12:15:36,213 INFO Epsilon=0.17310474048854088, Min Points=3
2023-11-17 12:15:36,213 INFO Best Performance: 0.0844124099478388
2023-11-17 12:15:36,359 INFO Final Clusters and Noise Points:
2023-11-17 12:15:36,359 INFO Cluster 1: 5 points
2023-11-17 12:15:36,360 INFO Data Point: 1    0.993407
2    0.170940
3    0.000000
4    1.000000
5    0.113636
Name: 0, dtype: float64
2023-11-17 12:15:36,361 INFO Data Point: 1    0.958242
2    0.068376
3    0.060976
4    0.869565
5    0.063636
Name: 1, dtype: float64
2023-11-17 12:15:36,361 INFO Data Point: 1    0.956044
2    0.136752
3    0.041463
4    0.927536
5    0.036364
Name: 2, dtype: float64
2023-11-17 12:15:36,362 INFO Data Point: 1    0.997802
2    0.094017
3    0.009756
4    0.898551
5    0.136364
Name: 3, dtype: float64
2023-11-17 12:15:36,362 INFO Data Point: 1    0.991209
2    0.119658
3    0.019512
4    0.797101
5    0.168182
Name: 12, dtype: float64
2023-11-17 12:15:36,363 INFO Cluster 2: 4 points
2023-11-17 12:15:36,363 INFO Data Point: 1    0.940659
2    0.247863
3    0.058537
4    0.695652
5    0.277273
Name: 5, dtype: float64
2023-11-17 12:15:36,364 INFO Data Point: 1    0.923077
2    0.358974
3    0.017073
4    0.826087
5    0.363636
Name: 6, dtype: float64
2023-11-17 12:15:36,365 INFO Data Point: 1    0.914286
2    0.282051
3    0.053659
4    0.811594
5    0.318182
Name: 11, dtype: float64
2023-11-17 12:15:36,365 INFO Data Point: 1    0.907692
2    0.205128
3    0.092683
4    0.768116
5    0.272727
Name: 14, dtype: float64
2023-11-17 12:15:36,365 INFO Cluster 3: 3 points
2023-11-17 12:15:36,366 INFO Data Point: 1    0.817582
2    0.452991
3    0.168293
4    0.681159
5    0.309091
Name: 7, dtype: float64
2023-11-17 12:15:36,366 INFO Data Point: 1    0.806593
2    0.512821
3    0.119512
4    0.710145
5    0.377273
Name: 10, dtype: float64
2023-11-17 12:15:36,367 INFO Data Point: 1    0.815385
2    0.427350
3    0.131707
4    0.681159
5    0.368182
Name: 15, dtype: float64
2023-11-17 12:15:36,367 INFO Noise: 13 points
2023-11-17 12:15:36,368 INFO Noise Point: 1    1.000000
2    0.000000
3    0.085366
4    0.637681
5    0.000000
Name: 4, dtype: float64
2023-11-17 12:15:36,368 INFO Noise Point: 1    0.813187
2    0.581197
3    0.151220
4    0.391304
5    0.340909
Name: 8, dtype: float64
2023-11-17 12:15:36,369 INFO Noise Point: 1    0.806593
2    0.811966
3    0.129268
4    0.637681
5    0.295455
Name: 9, dtype: float64
2023-11-17 12:15:36,370 INFO Noise Point: 1    0.832967
2    0.555556
3    0.100000
4    0.536232
5    0.454545
Name: 13, dtype: float64
2023-11-17 12:15:36,371 INFO Noise Point: 1    0.690110
2    0.743590
3    0.207317
4    0.434783
5    0.500000
Name: 16, dtype: float64
2023-11-17 12:15:36,371 INFO Noise Point: 1    0.567033
2    0.256410
3    0.404878
4    0.811594
5    0.240909
Name: 17, dtype: float64
2023-11-17 12:15:36,372 INFO Noise Point: 1    0.580220
2    1.000000
3    0.295122
4    0.275362
5    1.000000
Name: 18, dtype: float64
2023-11-17 12:15:36,372 INFO Noise Point: 1    0.606593
2    0.735043
3    0.282927
4    0.478261
5    0.590909
Name: 19, dtype: float64
2023-11-17 12:15:36,373 INFO Noise Point: 1    0.461538
2    0.837607
3    0.456098
4    0.376812
5    0.590909
Name: 20, dtype: float64
2023-11-17 12:15:36,373 INFO Noise Point: 1    0.437363
2    0.863248
3    0.470732
4    0.362319
5    0.590909
Name: 21, dtype: float64
2023-11-17 12:15:36,374 INFO Noise Point: 1    0.437363
2    0.897436
3    0.492683
4    0.231884
5    0.340909
Name: 22, dtype: float64
2023-11-17 12:15:36,374 INFO Noise Point: 1    0.032967
2    0.777778
3    1.000000
4    0.000000
5    0.340909
Name: 23, dtype: float64
2023-11-17 12:15:36,375 INFO Noise Point: 1    0.000000
2    0.854701
3    0.826829
4    0.130435
5    0.195455
Name: 24, dtype: float64
