2023-11-17 12:48:32,038 INFO Iteration 1/20: Testing epsilon=0.3343114938851797, min_points=2
2023-11-17 12:48:32,128 INFO Noise count: 3
2023-11-17 12:48:32,139 INFO Epsilon=0.3343114938851797, Min Points=2, SSE=0.46739531146556257
2023-11-17 12:48:32,139 INFO New best performance: SSE=0.46739531146556257, Epsilon=0.3343114938851797, Min Points=2, Noise count: 3
2023-11-17 12:48:32,139 INFO Iteration 2/20: Testing epsilon=0.26754542871445536, min_points=2
2023-11-17 12:48:32,229 INFO Noise count: 4
2023-11-17 12:48:32,238 INFO Epsilon=0.26754542871445536, Min Points=2, SSE=0.3318068887629584
2023-11-17 12:48:32,239 INFO New best performance: SSE=0.3318068887629584, Epsilon=0.26754542871445536, Min Points=2, Noise count: 4
2023-11-17 12:48:32,239 INFO Iteration 3/20: Testing epsilon=0.322876992469847, min_points=2
2023-11-17 12:48:32,334 INFO Noise count: 3
2023-11-17 12:48:32,341 INFO Epsilon=0.322876992469847, Min Points=2, SSE=0.46739531146556257
2023-11-17 12:48:32,341 INFO Iteration 4/20: Testing epsilon=0.23594266024486793, min_points=2
2023-11-17 12:48:32,441 INFO Noise count: 4
2023-11-17 12:48:32,453 INFO Epsilon=0.23594266024486793, Min Points=2, SSE=0.14155673681149664
2023-11-17 12:48:32,453 INFO New best performance: SSE=0.14155673681149664, Epsilon=0.23594266024486793, Min Points=2, Noise count: 4
2023-11-17 12:48:32,453 INFO Iteration 5/20: Testing epsilon=0.3249009815944314, min_points=2
2023-11-17 12:48:32,557 INFO Noise count: 3
2023-11-17 12:48:32,565 INFO Epsilon=0.3249009815944314, Min Points=2, SSE=0.46739531146556257
2023-11-17 12:48:32,565 INFO Iteration 6/20: Testing epsilon=0.3293378231109526, min_points=2
2023-11-17 12:48:32,684 INFO Noise count: 3
2023-11-17 12:48:32,694 INFO Epsilon=0.3293378231109526, Min Points=2, SSE=0.46739531146556257
2023-11-17 12:48:32,694 INFO Iteration 7/20: Testing epsilon=0.24329307525701033, min_points=2
2023-11-17 12:48:32,801 INFO Noise count: 4
2023-11-17 12:48:32,816 INFO Epsilon=0.24329307525701033, Min Points=2, SSE=0.14155673681149664
2023-11-17 12:48:32,816 INFO Iteration 8/20: Testing epsilon=0.2866976702095695, min_points=2
2023-11-17 12:48:32,910 INFO Noise count: 3
2023-11-17 12:48:32,920 INFO Epsilon=0.2866976702095695, Min Points=2, SSE=0.46739531146556257
2023-11-17 12:48:32,920 INFO Iteration 9/20: Testing epsilon=0.24126924246651618, min_points=2
2023-11-17 12:48:33,009 INFO Noise count: 4
2023-11-17 12:48:33,019 INFO Epsilon=0.24126924246651618, Min Points=2, SSE=0.14155673681149664
2023-11-17 12:48:33,019 INFO Iteration 10/20: Testing epsilon=0.32073029713142404, min_points=2
2023-11-17 12:48:33,099 INFO Noise count: 3
2023-11-17 12:48:33,106 INFO Epsilon=0.32073029713142404, Min Points=2, SSE=0.46739531146556257
2023-11-17 12:48:33,106 INFO Iteration 11/20: Testing epsilon=0.2621680647102139, min_points=2
2023-11-17 12:48:33,225 INFO Noise count: 4
2023-11-17 12:48:33,237 INFO Epsilon=0.2621680647102139, Min Points=2, SSE=0.3318068887629584
2023-11-17 12:48:33,237 INFO Iteration 12/20: Testing epsilon=0.3232505515598458, min_points=2
2023-11-17 12:48:33,339 INFO Noise count: 3
2023-11-17 12:48:33,346 INFO Epsilon=0.3232505515598458, Min Points=2, SSE=0.46739531146556257
2023-11-17 12:48:33,347 INFO Iteration 13/20: Testing epsilon=0.32002841495840517, min_points=2
2023-11-17 12:48:33,448 INFO Noise count: 3
2023-11-17 12:48:33,456 INFO Epsilon=0.32002841495840517, Min Points=2, SSE=0.46739531146556257
2023-11-17 12:48:33,456 INFO Iteration 14/20: Testing epsilon=0.31746182976023296, min_points=2
2023-11-17 12:48:33,551 INFO Noise count: 3
2023-11-17 12:48:33,560 INFO Epsilon=0.31746182976023296, Min Points=2, SSE=0.46739531146556257
2023-11-17 12:48:33,560 INFO Iteration 15/20: Testing epsilon=0.23626654190105936, min_points=2
2023-11-17 12:48:33,660 INFO Noise count: 4
2023-11-17 12:48:33,685 INFO Epsilon=0.23626654190105936, Min Points=2, SSE=0.14155673681149664
2023-11-17 12:48:33,686 INFO Iteration 16/20: Testing epsilon=0.2421526791106522, min_points=2
2023-11-17 12:48:33,787 INFO Noise count: 4
2023-11-17 12:48:33,798 INFO Epsilon=0.2421526791106522, Min Points=2, SSE=0.14155673681149664
2023-11-17 12:48:33,799 INFO Iteration 17/20: Testing epsilon=0.24398466493790316, min_points=2
2023-11-17 12:48:33,897 INFO Noise count: 4
2023-11-17 12:48:33,908 INFO Epsilon=0.24398466493790316, Min Points=2, SSE=0.14155673681149664
2023-11-17 12:48:33,908 INFO Iteration 18/20: Testing epsilon=0.33527544033109047, min_points=2
2023-11-17 12:48:34,007 INFO Noise count: 3
2023-11-17 12:48:34,015 INFO Epsilon=0.33527544033109047, Min Points=2, SSE=0.46739531146556257
2023-11-17 12:48:34,015 INFO Iteration 19/20: Testing epsilon=0.26499003805359966, min_points=2
2023-11-17 12:48:34,099 INFO Noise count: 4
2023-11-17 12:48:34,106 INFO Epsilon=0.26499003805359966, Min Points=2, SSE=0.3318068887629584
2023-11-17 12:48:34,106 INFO Iteration 20/20: Testing epsilon=0.3301504942376511, min_points=2
2023-11-17 12:48:34,198 INFO Noise count: 3
2023-11-17 12:48:34,207 INFO Epsilon=0.3301504942376511, Min Points=2, SSE=0.46739531146556257
2023-11-17 12:48:34,207 INFO Best DBSCAN Parameters:
2023-11-17 12:48:34,207 INFO Epsilon=0.23594266024486793, Min Points=2
2023-11-17 12:48:34,208 INFO Best Performance: 0.14155673681149664
2023-11-17 12:48:34,306 INFO Final Clusters and Noise Points:
2023-11-17 12:48:34,306 INFO Cluster 1: 6 points
2023-11-17 12:48:34,307 INFO Data Point: 1    0.316660
2    0.231979
3    0.229718
Name: 0, dtype: float64
2023-11-17 12:48:34,307 INFO Data Point: 1    0.320864
2    0.234578
3    0.140845
Name: 1, dtype: float64
2023-11-17 12:48:34,308 INFO Data Point: 1    0.313890
2    0.240284
3    0.182606
Name: 2, dtype: float64
2023-11-17 12:48:34,309 INFO Data Point: 1    0.152587
2    0.229633
3    0.182394
Name: 5, dtype: float64
2023-11-17 12:48:34,309 INFO Data Point: 1    0.152587
2    0.229633
3    0.183521
Name: 6, dtype: float64
2023-11-17 12:48:34,310 INFO Data Point: 1    0.389294
2    0.348697
3    0.366197
Name: 11, dtype: float64
2023-11-17 12:48:34,310 INFO Cluster 2: 2 points
2023-11-17 12:48:34,311 INFO Data Point: 1    0.99577
2    1.00000
3    0.57500
Name: 3, dtype: float64
2023-11-17 12:48:34,311 INFO Data Point: 1    1.000000
2    0.955240
3    0.565845
Name: 4, dtype: float64
2023-11-17 12:48:34,312 INFO Cluster 3: 3 points
2023-11-17 12:48:34,312 INFO Data Point: 1    0.264785
2    0.105624
3    0.871549
Name: 7, dtype: float64
2023-11-17 12:48:34,313 INFO Data Point: 1    0.182369
2    0.069739
3    1.000000
Name: 8, dtype: float64
2023-11-17 12:48:34,313 INFO Data Point: 1    0.264785
2    0.105624
3    0.871549
Name: 9, dtype: float64
2023-11-17 12:48:34,314 INFO Cluster 4: 4 points
2023-11-17 12:48:34,314 INFO Data Point: 1    0.084145
2    0.297978
3    0.605634
Name: 12, dtype: float64
2023-11-17 12:48:34,315 INFO Data Point: 1    0.115904
2    0.234578
3    0.619718
Name: 13, dtype: float64
2023-11-17 12:48:34,316 INFO Data Point: 1    0.143734
2    0.355037
3    0.683099
Name: 14, dtype: float64
2023-11-17 12:48:34,316 INFO Data Point: 1    0.068573
2    0.224561
3    0.777676
Name: 15, dtype: float64
2023-11-17 12:48:34,317 INFO Noise: 4 points
2023-11-17 12:48:34,317 INFO Noise Point: 1    0.331996
2    0.000000
3    0.471831
Name: 10, dtype: float64
2023-11-17 12:48:34,318 INFO Noise Point: 1    0.525170
2    0.050720
3    0.767606
Name: 16, dtype: float64
2023-11-17 12:48:34,318 INFO Noise Point: 1    0.425309
2    0.570595
3    0.000000
Name: 17, dtype: float64
2023-11-17 12:48:34,319 INFO Noise Point: 1    0.000000
2    0.729094
3    0.626761
Name: 18, dtype: float64
